#
# A fatal error has been detected by the Java Runtime Environment:
#
#  SIGSEGV (0xb) at pc=0x00007f7da121821e, pid=5760, tid=0x00007f7d858ba700
#
# JRE version: Java(TM) SE Runtime Environment (8.0_152-b16) (build 1.8.0_152-b16)
# Java VM: Java HotSpot(TM) 64-Bit Server VM (25.152-b16 mixed mode linux-amd64 compressed oops)
# Problematic frame:
# V  [libjvm.so+0x64121e]  IndexSetIterator::advance_and_next()+0x8e
#
# Failed to write core dump. Core dumps have been disabled. To enable core dumping, try "ulimit -c unlimited" before starting Java again
#
# If you would like to submit a bug report, please visit:
#   http://bugreport.java.com/bugreport/crash.jsp
#

---------------  T H R E A D  ---------------

Current thread (0x00007f7d9c0bb800):  JavaThread "C2 CompilerThread1" daemon [_thread_in_native, id=5784, stack(0x00007f7d857ba000,0x00007f7d858bb000)]

siginfo: si_signo: 11 (SIGSEGV), si_code: 128 (SI_KERNEL), si_addr: 0x0000000000000000

Registers:
RAX=0x00807f7da1b987a0, RBX=0x00007f7d59252170, RCX=0x00007f7da1b987a0, RDX=0x000000000000003b
RSP=0x00007f7d858b65e0, RBP=0x00007f7d858b6610, RSI=0x000000000000001c, RDI=0x00007f7d858b6630
R8 =0x000000000000000c, R9 =0x0000000000000000, R10=0x0000000000000000, R11=0x0000000000000000
R12=0x0000000000000019, R13=0x00007f7d858b6630, R14=0x0000000000000006, R15=0x0000000000000019
RIP=0x00007f7da121821e, EFLAGS=0x0000000000010206, CSGSFS=0x0000000000000033, ERR=0x0000000000000000
  TRAPNO=0x000000000000000d

Top of Stack: (sp=0x00007f7d858b65e0)
0x00007f7d858b65e0:   00007f7d5939e790 00007f7d59252170
0x00007f7d858b65f0:   00000000000039dd 00007f7d858b6810
0x00007f7d858b6600:   0000000000000006 0000000020000000
0x00007f7d858b6610:   00007f7d858b66a0 00007f7da12126f9
0x00007f7d858b6620:   00007f7d858b6630 00000000000001c8
0x00007f7d858b6630:   00000b8500000000 00007f7d00000005
0x00007f7d858b6640:   00807f7da1b987a0 000000000000000c
0x00007f7d858b6650:   00007f7d4c0ffcb8 000000000000003b
0x00007f7d858b6660:   00007f7d594219b0 00007f7d5451a0a8
0x00007f7d858b6670:   00007f7d591f79f0 00007f7da1b987a0
0x00007f7d858b6680:   0000000000003319 00000000000000a0
0x00007f7d858b6690:   00007f7d858b8038 00007f7d858b8040
0x00007f7d858b66a0:   00007f7d858b6910 00007f7da0fe98fd
0x00007f7d858b66b0:   0000000000000000 00007f7d858b6850
0x00007f7d858b66c0:   00007f7d858b6810 00007f7d858b66f0
0x00007f7d858b66d0:   00007f7d858b67b0 00007f7d858b6880
0x00007f7d858b66e0:   00007f7d858b7f50 0000000a000007b0
0x00007f7d858b66f0:   00007f7da1b36370 00007f7d0000000d
0x00007f7d858b6700:   00007f7d858b8de0 00007f7d858b7f50
0x00007f7d858b6710:   00007f7d00000001 00007f7d4c134be0
0x00007f7d858b6720:   00007f7da1b6a164 00007f7d858b6770
0x00007f7d858b6730:   000000000000d3b0 00007f7da14fb035
0x00007f7d858b6740:   0000000c00000008 00007f7da1655ef6
0x00007f7d858b6750:   000000000000d3b0 00007f7da1655e47
0x00007f7d858b6760:   00007f7d858b67d0 00007f7da0ebb8c5
0x00007f7d858b6770:   00007f7d858b67d0 00007f7da0eb9c04
0x00007f7d858b6780:   0000000000000000 0000000000000000
0x00007f7d858b6790:   0000000000000000 0000000000000000
0x00007f7d858b67a0:   00007f7d00000034 00007f7d9c01b9b0
0x00007f7d858b67b0:   000000000000000a 00007f7d858b8de0
0x00007f7d858b67c0:   00007f7d58919ab0 00007f7d595a9230
0x00007f7d858b67d0:   00007f7d582a99c0 00007f7d582ad9c8 

Instructions: (pc=0x00007f7da121821e)
0x00007f7da12181fe:   00 49 8b 45 20 45 89 fc 48 8d 0d 93 05 98 00 4a
0x00007f7da121820e:   8b 04 e0 48 39 c8 0f 84 d5 00 00 00 49 89 45 10
0x00007f7da121821e:   44 8b 08 45 85 c9 0f 85 67 01 00 00 44 8b 40 04
0x00007f7da121822e:   45 85 c0 0f 85 b9 01 00 00 8b 78 08 85 ff 0f 85 

Register to memory mapping:

RAX=0x00807f7da1b987a0 is an unknown value
RBX=0x00007f7d59252170 is an unknown value
RCX=0x00007f7da1b987a0: <offset 0xfc17a0> in /usr/local/jdk1.8.0_152/jre/lib/amd64/server/libjvm.so at 0x00007f7da0bd7000
RDX=0x000000000000003b is an unknown value
RSP=0x00007f7d858b65e0 is pointing into the stack for thread: 0x00007f7d9c0bb800
RBP=0x00007f7d858b6610 is pointing into the stack for thread: 0x00007f7d9c0bb800
RSI=0x000000000000001c is an unknown value
RDI=0x00007f7d858b6630 is pointing into the stack for thread: 0x00007f7d9c0bb800
R8 =0x000000000000000c is an unknown value
R9 =0x0000000000000000 is an unknown value
R10=0x0000000000000000 is an unknown value
R11=0x0000000000000000 is an unknown value
R12=0x0000000000000019 is an unknown value
R13=0x00007f7d858b6630 is pointing into the stack for thread: 0x00007f7d9c0bb800
R14=0x0000000000000006 is an unknown value
R15=0x0000000000000019 is an unknown value


Stack: [0x00007f7d857ba000,0x00007f7d858bb000],  sp=0x00007f7d858b65e0,  free space=1009k
Native frames: (J=compiled Java code, j=interpreted, Vv=VM code, C=native code)
V  [libjvm.so+0x64121e]  IndexSetIterator::advance_and_next()+0x8e
V  [libjvm.so+0x63b6f9]  PhaseIFG::SquareUp()+0x119
V  [libjvm.so+0x4128fd]  PhaseChaitin::Register_Allocate()+0xe7d
V  [libjvm.so+0x4a7200]  Compile::Code_Gen()+0x260
V  [libjvm.so+0x4a9a81]  Compile::Compile(ciEnv*, C2Compiler*, ciMethod*, int, bool, bool, bool)+0x14b1
V  [libjvm.so+0x3f5bb5]  C2Compiler::compile_method(ciEnv*, ciMethod*, int)+0x1f5
V  [libjvm.so+0x4b3fda]  CompileBroker::invoke_compiler_on_method(CompileTask*)+0xc9a
V  [libjvm.so+0x4b4f86]  CompileBroker::compiler_thread_loop()+0x5d6
V  [libjvm.so+0xa7da43]  JavaThread::thread_main_inner()+0x103
V  [libjvm.so+0xa7db8c]  JavaThread::run()+0x11c
V  [libjvm.so+0x92d8d8]  java_start(Thread*)+0x108
C  [libpthread.so.0+0x79d1]


Current CompileTask:
C2:   6432 2456   !   4       java.net.URLClassLoader$1::run (63 bytes)


---------------  P R O C E S S  ---------------

Java Threads: ( => current thread )
  0x00007f7d9c0da800 JavaThread "Service Thread" daemon [_thread_blocked, id=5786, stack(0x00007f7d855b8000,0x00007f7d856b9000)]
  0x00007f7d9c0bd800 JavaThread "C1 CompilerThread2" daemon [_thread_blocked, id=5785, stack(0x00007f7d856b9000,0x00007f7d857ba000)]
=>0x00007f7d9c0bb800 JavaThread "C2 CompilerThread1" daemon [_thread_in_native, id=5784, stack(0x00007f7d857ba000,0x00007f7d858bb000)]
  0x00007f7d9c0b8800 JavaThread "C2 CompilerThread0" daemon [_thread_in_native, id=5783, stack(0x00007f7d858bb000,0x00007f7d859bc000)]
  0x00007f7d9c0b7000 JavaThread "Signal Dispatcher" daemon [_thread_blocked, id=5782, stack(0x00007f7d859bc000,0x00007f7d85abd000)]
  0x00007f7d9c083800 JavaThread "Finalizer" daemon [_thread_blocked, id=5781, stack(0x00007f7d85abd000,0x00007f7d85bbe000)]
  0x00007f7d9c07f000 JavaThread "Reference Handler" daemon [_thread_blocked, id=5780, stack(0x00007f7d85bbe000,0x00007f7d85cbf000)]
  0x00007f7d9c009800 JavaThread "main" [_thread_blocked, id=5774, stack(0x00007f7da0ad6000,0x00007f7da0bd7000)]

Other Threads:
  0x00007f7d9c077800 VMThread [stack: 0x00007f7d85cbf000,0x00007f7d85dc0000] [id=5779]
  0x00007f7d9c0e7800 WatcherThread [stack: 0x00007f7d854b7000,0x00007f7d855b8000] [id=5787]

VM state:at safepoint (normal execution)

VM Mutex/Monitor currently owned by a thread:  ([mutex/lock_event])
[0x00007f7d9c007100] Threads_lock - owner thread: 0x00007f7d9c077800
[0x00007f7d9c007600] Heap_lock - owner thread: 0x00007f7d9c009800

Heap:
 PSYoungGen      total 71680K, used 6120K [0x00000000f6500000, 0x00000000ff800000, 0x0000000100000000)
  eden space 65536K, 0% used [0x00000000f6500000,0x00000000f6500000,0x00000000fa500000)
  from space 6144K, 99% used [0x00000000fa500000,0x00000000faafa360,0x00000000fab00000)
  to   space 9728K, 0% used [0x00000000fee80000,0x00000000fee80000,0x00000000ff800000)
 ParOldGen       total 20480K, used 17537K [0x00000000e2e00000, 0x00000000e4200000, 0x00000000f6500000)
  object space 20480K, 85% used [0x00000000e2e00000,0x00000000e3f207d8,0x00000000e4200000)
 Metaspace       used 20777K, capacity 21174K, committed 21296K, reserved 1069056K
  class space    used 2542K, capacity 2675K, committed 2688K, reserved 1048576K

Card table byte_map: [0x00007f7da017a000,0x00007f7da0264000] byte_map_base: 0x00007f7d9fa63000

Marking Bits: (ParMarkBitMap*) 0x00007f7da1ba61a0
 Begin Bits: [0x00007f7d87170000, 0x00007f7d878b8000)
 End Bits:   [0x00007f7d878b8000, 0x00007f7d88000000)

Polling page: 0x00007f7da1dfa000

CodeCache: size=245760Kb used=8365Kb max_used=8365Kb free=237394Kb
 bounds [0x00007f7d8d000000, 0x00007f7d8d840000, 0x00007f7d9c000000]
 total_blobs=3076 nmethods=2694 adapters=295
 compilation: enabled

Compilation events (10 events):
Event: 6.266 Thread 0x00007f7d9c0bd800 2685       2       com.sun.tools.javac.util.Names::fromUtf (11 bytes)
Event: 6.266 Thread 0x00007f7d9c0bd800 nmethod 2685 0x00007f7d8d82f750 code [0x00007f7d8d82f8c0, 0x00007f7d8d82fa48]
Event: 6.266 Thread 0x00007f7d9c0bd800 2679       1       com.sun.tools.javac.code.Type::isPrimitive (2 bytes)
Event: 6.266 Thread 0x00007f7d9c0bd800 nmethod 2679 0x00007f7d8d82fb10 code [0x00007f7d8d82fc60, 0x00007f7d8d82fd70]
Event: 6.268 Thread 0x00007f7d9c0bd800 2732       2       com.sun.tools.javac.util.ListBuffer::prepend (39 bytes)
Event: 6.269 Thread 0x00007f7d9c0bd800 nmethod 2732 0x00007f7d8d82fdd0 code [0x00007f7d8d82ff40, 0x00007f7d8d830170]
Event: 6.269 Thread 0x00007f7d9c0bd800 2733       2       com.sun.tools.javac.tree.TreeScanner::scan (10 bytes)
Event: 6.270 Thread 0x00007f7d9c0bd800 nmethod 2733 0x00007f7d8d830250 code [0x00007f7d8d8303c0, 0x00007f7d8d830548]
Event: 6.270 Thread 0x00007f7d9c0bd800 2734       2       com.sun.tools.javac.tree.JCTree$JCIdent::getTag (4 bytes)
Event: 6.271 Thread 0x00007f7d9c0bd800 nmethod 2734 0x00007f7d8d8305d0 code [0x00007f7d8d830720, 0x00007f7d8d830870]

GC Heap History (10 events):
Event: 1.367 GC heap after
Heap after GC invocations=3 (full 0):
 PSYoungGen      total 17408K, used 1008K [0x00000000f6500000, 0x00000000f8700000, 0x0000000100000000)
  eden space 16384K, 0% used [0x00000000f6500000,0x00000000f6500000,0x00000000f7500000)
  from space 1024K, 98% used [0x00000000f7500000,0x00000000f75fc010,0x00000000f7600000)
  to   space 1024K, 0% used [0x00000000f8600000,0x00000000f8600000,0x00000000f8700000)
 ParOldGen       total 20480K, used 4138K [0x00000000e2e00000, 0x00000000e4200000, 0x00000000f6500000)
  object space 20480K, 20% used [0x00000000e2e00000,0x00000000e320a920,0x00000000e4200000)
 Metaspace       used 8262K, capacity 8412K, committed 8576K, reserved 1056768K
  class space    used 1011K, capacity 1080K, committed 1152K, reserved 1048576K
}
Event: 1.794 GC heap before
{Heap before GC invocations=4 (full 0):
 PSYoungGen      total 17408K, used 17392K [0x00000000f6500000, 0x00000000f8700000, 0x0000000100000000)
  eden space 16384K, 100% used [0x00000000f6500000,0x00000000f7500000,0x00000000f7500000)
  from space 1024K, 98% used [0x00000000f7500000,0x00000000f75fc010,0x00000000f7600000)
  to   space 1024K, 0% used [0x00000000f8600000,0x00000000f8600000,0x00000000f8700000)
 ParOldGen       total 20480K, used 4138K [0x00000000e2e00000, 0x00000000e4200000, 0x00000000f6500000)
  object space 20480K, 20% used [0x00000000e2e00000,0x00000000e320a920,0x00000000e4200000)
 Metaspace       used 10082K, capacity 10228K, committed 10240K, reserved 1058816K
  class space    used 1234K, capacity 1277K, committed 1280K, reserved 1048576K
Event: 1.803 GC heap after
Heap after GC invocations=4 (full 0):
 PSYoungGen      total 33792K, used 1008K [0x00000000f6500000, 0x00000000f8700000, 0x0000000100000000)
  eden space 32768K, 0% used [0x00000000f6500000,0x00000000f6500000,0x00000000f8500000)
  from space 1024K, 98% used [0x00000000f8600000,0x00000000f86fc010,0x00000000f8700000)
  to   space 1024K, 0% used [0x00000000f8500000,0x00000000f8500000,0x00000000f8600000)
 ParOldGen       total 20480K, used 6729K [0x00000000e2e00000, 0x00000000e4200000, 0x00000000f6500000)
  object space 20480K, 32% used [0x00000000e2e00000,0x00000000e3492500,0x00000000e4200000)
 Metaspace       used 10082K, capacity 10228K, committed 10240K, reserved 1058816K
  class space    used 1234K, capacity 1277K, committed 1280K, reserved 1048576K
}
Event: 3.141 GC heap before
{Heap before GC invocations=5 (full 0):
 PSYoungGen      total 33792K, used 33776K [0x00000000f6500000, 0x00000000f8700000, 0x0000000100000000)
  eden space 32768K, 100% used [0x00000000f6500000,0x00000000f8500000,0x00000000f8500000)
  from space 1024K, 98% used [0x00000000f8600000,0x00000000f86fc010,0x00000000f8700000)
  to   space 1024K, 0% used [0x00000000f8500000,0x00000000f8500000,0x00000000f8600000)
 ParOldGen       total 20480K, used 6729K [0x00000000e2e00000, 0x00000000e4200000, 0x00000000f6500000)
  object space 20480K, 32% used [0x00000000e2e00000,0x00000000e3492500,0x00000000e4200000)
 Metaspace       used 14267K, capacity 14474K, committed 14720K, reserved 1062912K
  class space    used 1775K, capacity 1871K, committed 1920K, reserved 1048576K
Event: 3.175 GC heap after
Heap after GC invocations=5 (full 0):
 PSYoungGen      total 33792K, used 1008K [0x00000000f6500000, 0x00000000fb100000, 0x0000000100000000)
  eden space 32768K, 0% used [0x00000000f6500000,0x00000000f6500000,0x00000000f8500000)
  from space 1024K, 98% used [0x00000000f8500000,0x00000000f85fc010,0x00000000f8600000)
  to   space 6144K, 0% used [0x00000000fab00000,0x00000000fab00000,0x00000000fb100000)
 ParOldGen       total 20480K, used 11888K [0x00000000e2e00000, 0x00000000e4200000, 0x00000000f6500000)
  object space 20480K, 58% used [0x00000000e2e00000,0x00000000e399c3b0,0x00000000e4200000)
 Metaspace       used 14267K, capacity 14474K, committed 14720K, reserved 1062912K
  class space    used 1775K, capacity 1871K, committed 1920K, reserved 1048576K
}
Event: 4.444 GC heap before
{Heap before GC invocations=6 (full 0):
 PSYoungGen      total 33792K, used 33776K [0x00000000f6500000, 0x00000000fb100000, 0x0000000100000000)
  eden space 32768K, 100% used [0x00000000f6500000,0x00000000f8500000,0x00000000f8500000)
  from space 1024K, 98% used [0x00000000f8500000,0x00000000f85fc010,0x00000000f8600000)
  to   space 6144K, 0% used [0x00000000fab00000,0x00000000fab00000,0x00000000fb100000)
 ParOldGen       total 20480K, used 11888K [0x00000000e2e00000, 0x00000000e4200000, 0x00000000f6500000)
  object space 20480K, 58% used [0x00000000e2e00000,0x00000000e399c3b0,0x00000000e4200000)
 Metaspace       used 15948K, capacity 16306K, committed 16512K, reserved 1062912K
  class space    used 1958K, capacity 2051K, committed 2176K, reserved 1048576K
Event: 4.471 GC heap after
Heap after GC invocations=6 (full 0):
 PSYoungGen      total 71680K, used 4262K [0x00000000f6500000, 0x00000000fb100000, 0x0000000100000000)
  eden space 65536K, 0% used [0x00000000f6500000,0x00000000f6500000,0x00000000fa500000)
  from space 6144K, 69% used [0x00000000fab00000,0x00000000faf29948,0x00000000fb100000)
  to   space 6144K, 0% used [0x00000000fa500000,0x00000000fa500000,0x00000000fab00000)
 ParOldGen       total 20480K, used 11888K [0x00000000e2e00000, 0x00000000e4200000, 0x00000000f6500000)
  object space 20480K, 58% used [0x00000000e2e00000,0x00000000e399c3b0,0x00000000e4200000)
 Metaspace       used 15948K, capacity 16306K, committed 16512K, reserved 1062912K
  class space    used 1958K, capacity 2051K, committed 2176K, reserved 1048576K
}
Event: 6.292 GC heap before
{Heap before GC invocations=7 (full 0):
 PSYoungGen      total 71680K, used 62925K [0x00000000f6500000, 0x00000000fb100000, 0x0000000100000000)
  eden space 65536K, 89% used [0x00000000f6500000,0x00000000f9e49b78,0x00000000fa500000)
  from space 6144K, 69% used [0x00000000fab00000,0x00000000faf29948,0x00000000fb100000)
  to   space 6144K, 0% used [0x00000000fa500000,0x00000000fa500000,0x00000000fab00000)
 ParOldGen       total 20480K, used 11888K [0x00000000e2e00000, 0x00000000e4200000, 0x00000000f6500000)
  object space 20480K, 58% used [0x00000000e2e00000,0x00000000e399c3b0,0x00000000e4200000)
 Metaspace       used 20777K, capacity 21174K, committed 21296K, reserved 1069056K
  class space    used 2542K, capacity 2675K, committed 2688K, reserved 1048576K
Event: 6.360 GC heap after
Heap after GC invocations=7 (full 0):
 PSYoungGen      total 71680K, used 6120K [0x00000000f6500000, 0x00000000ff800000, 0x0000000100000000)
  eden space 65536K, 0% used [0x00000000f6500000,0x00000000f6500000,0x00000000fa500000)
  from space 6144K, 99% used [0x00000000fa500000,0x00000000faafa360,0x00000000fab00000)
  to   space 9728K, 0% used [0x00000000fee80000,0x00000000fee80000,0x00000000ff800000)
 ParOldGen       total 20480K, used 17537K [0x00000000e2e00000, 0x00000000e4200000, 0x00000000f6500000)
  object space 20480K, 85% used [0x00000000e2e00000,0x00000000e3f207d8,0x00000000e4200000)
 Metaspace       used 20777K, capacity 21174K, committed 21296K, reserved 1069056K
  class space    used 2542K, capacity 2675K, committed 2688K, reserved 1048576K
}
Event: 6.360 GC heap before
{Heap before GC invocations=8 (full 1):
 PSYoungGen      total 71680K, used 6120K [0x00000000f6500000, 0x00000000ff800000, 0x0000000100000000)
  eden space 65536K, 0% used [0x00000000f6500000,0x00000000f6500000,0x00000000fa500000)
  from space 6144K, 99% used [0x00000000fa500000,0x00000000faafa360,0x00000000fab00000)
  to   space 9728K, 0% used [0x00000000fee80000,0x00000000fee80000,0x00000000ff800000)
 ParOldGen       total 20480K, used 17537K [0x00000000e2e00000, 0x00000000e4200000, 0x00000000f6500000)
  object space 20480K, 85% used [0x00000000e2e00000,0x00000000e3f207d8,0x00000000e4200000)
 Metaspace       used 20777K, capacity 21174K, committed 21296K, reserved 1069056K
  class space    used 2542K, capacity 2675K, committed 2688K, reserved 1048576K

Deoptimization events (10 events):
Event: 3.802 Thread 0x00007f7d9c009800 Uncommon trap: reason=unstable_if action=reinterpret pc=0x00007f7d8d545af0 method=sun.net.www.protocol.jar.Handler.parseURL(Ljava/net/URL;Ljava/lang/String;II)V @ 94
Event: 3.922 Thread 0x00007f7d9c009800 Uncommon trap: reason=null_check action=make_not_entrant pc=0x00007f7d8d6095ac method=org.apache.maven.model.io.xpp3.MavenXpp3Reader.checkFieldWithDuplicate(Lorg/codehaus/plexus/util/xml/pull/XmlPullParser;Ljava/lang/String;Ljava/lang/String;Ljava/util/Se
Event: 4.253 Thread 0x00007f7d9c009800 Uncommon trap: reason=unstable_if action=reinterpret pc=0x00007f7d8d2f5134 method=java.io.Reader.read()I @ 12
Event: 4.266 Thread 0x00007f7d9c009800 Uncommon trap: reason=unstable_if action=reinterpret pc=0x00007f7d8d2efe8c method=java.io.Reader.read()I @ 12
Event: 4.864 Thread 0x00007f7d9c009800 Uncommon trap: reason=unstable_if action=reinterpret pc=0x00007f7d8d5f9640 method=java.lang.String.trim()Ljava/lang/String; @ 63
Event: 5.271 Thread 0x00007f7d9c009800 Uncommon trap: reason=predicate action=maybe_recompile pc=0x00007f7d8d74ae04 method=sun.misc.Resource.getBytes()[B @ 53
Event: 5.762 Thread 0x00007f7d9c009800 Uncommon trap: reason=class_check action=maybe_recompile pc=0x00007f7d8d20508c method=sun.misc.URLClassPath.getLoader(I)Lsun/misc/URLClassPath$Loader; @ 94
Event: 5.763 Thread 0x00007f7d9c009800 Uncommon trap: reason=class_check action=maybe_recompile pc=0x00007f7d8d20508c method=sun.misc.URLClassPath.getLoader(I)Lsun/misc/URLClassPath$Loader; @ 94
Event: 5.765 Thread 0x00007f7d9c009800 Uncommon trap: reason=unstable_if action=reinterpret pc=0x00007f7d8d2b4ab0 method=java.nio.charset.CharsetDecoder.decode(Ljava/nio/ByteBuffer;Ljava/nio/CharBuffer;Z)Ljava/nio/charset/CoderResult; @ 1
Event: 5.815 Thread 0x00007f7d9c009800 Uncommon trap: reason=unstable_if action=reinterpret pc=0x00007f7d8d1329a0 method=java.lang.CharacterData.of(I)Ljava/lang/CharacterData; @ 4

Classes redefined (0 events):
No events

Internal exceptions (10 events):
Event: 2.972 Thread 0x00007f7d9c009800 Exception <a 'java/lang/NullPointerException'> (0x00000000f8097fc0) thrown at [/HUDSON/workspace/8-2-build-linux-amd64/jdk8u152/9742/hotspot/src/share/vm/interpreter/linkResolver.cpp, line 1185]
Event: 2.974 Thread 0x00007f7d9c009800 Exception <a 'java/lang/NullPointerException'> (0x00000000f80ac860) thrown at [/HUDSON/workspace/8-2-build-linux-amd64/jdk8u152/9742/hotspot/src/share/vm/interpreter/linkResolver.cpp, line 1185]
Event: 2.974 Thread 0x00007f7d9c009800 Exception <a 'java/lang/NullPointerException'> (0x00000000f80aca78) thrown at [/HUDSON/workspace/8-2-build-linux-amd64/jdk8u152/9742/hotspot/src/share/vm/interpreter/linkResolver.cpp, line 1185]
Event: 2.974 Thread 0x00007f7d9c009800 Exception <a 'java/lang/NullPointerException'> (0x00000000f80acc90) thrown at [/HUDSON/workspace/8-2-build-linux-amd64/jdk8u152/9742/hotspot/src/share/vm/interpreter/linkResolver.cpp, line 1185]
Event: 3.384 Thread 0x00007f7d9c009800 Implicit null exception at 0x00007f7d8d3a2875 to 0x00007f7d8d3a2a59
Event: 3.384 Thread 0x00007f7d9c009800 Implicit null exception at 0x00007f7d8d35586f to 0x00007f7d8d3558d9
Event: 3.922 Thread 0x00007f7d9c009800 Implicit null exception at 0x00007f7d8d608c53 to 0x00007f7d8d60959d
Event: 5.229 Thread 0x00007f7d9c009800 Exception <a 'java/lang/ClassNotFoundException': com/sun/tools/javac/api/JavacTool> (0x00000000f8127cb8) thrown at [/HUDSON/workspace/8-2-build-linux-amd64/jdk8u152/9742/hotspot/src/share/vm/classfile/systemDictionary.cpp, line 210]
Event: 6.073 Thread 0x00007f7d9c009800 Exception <a 'java/io/FileNotFoundException'> (0x00000000f94193a0) thrown at [/HUDSON/workspace/8-2-build-linux-amd64/jdk8u152/9742/hotspot/src/share/vm/prims/jni.cpp, line 709]
Event: 6.077 Thread 0x00007f7d9c009800 Exception <a 'java/io/FileNotFoundException'> (0x00000000f944e588) thrown at [/HUDSON/workspace/8-2-build-linux-amd64/jdk8u152/9742/hotspot/src/share/vm/prims/jni.cpp, line 709]

Events (10 events):
Event: 6.276 loading class com/sun/tools/javac/code/Scope$CompoundScope$CompoundScopeIterator done
Event: 6.277 loading class com/sun/tools/javac/code/Scope$3
Event: 6.277 loading class com/sun/tools/javac/code/Scope$3 done
Event: 6.277 loading class com/sun/tools/javac/code/Scope$3$1
Event: 6.277 loading class com/sun/tools/javac/code/Scope$3$1 done
Event: 6.278 loading class com/sun/tools/javac/code/Types$27
Event: 6.278 loading class com/sun/tools/javac/code/Types$27 done
Event: 6.279 loading class com/sun/tools/javac/comp/Check$ClashFilter
Event: 6.279 loading class com/sun/tools/javac/comp/Check$ClashFilter done
Event: 6.280 Executing VM operation: CollectForMetadataAllocation


Dynamic libraries:
00400000-00401000 r-xp 00000000 08:02 941553                             /usr/local/jdk1.8.0_152/bin/java
00600000-00601000 rw-p 00000000 08:02 941553                             /usr/local/jdk1.8.0_152/bin/java
020c7000-020e8000 rw-p 00000000 00:00 0                                  [heap]
e2e00000-e4200000 rw-p 00000000 00:00 0 
e4200000-f6500000 ---p 00000000 00:00 0 
f6500000-ff800000 rw-p 00000000 00:00 0 
ff800000-100000000 ---p 00000000 00:00 0 
100000000-1002a0000 rw-p 00000000 00:00 0 
1002a0000-140000000 ---p 00000000 00:00 0 
3cfb200000-3cfb207000 r-xp 00000000 08:02 2228679                        /lib64/librt-2.12.so
3cfb207000-3cfb406000 ---p 00007000 08:02 2228679                        /lib64/librt-2.12.so
3cfb406000-3cfb407000 r--p 00006000 08:02 2228679                        /lib64/librt-2.12.so
3cfb407000-3cfb408000 rw-p 00007000 08:02 2228679                        /lib64/librt-2.12.so
3cfd600000-3cfd602000 r-xp 00000000 08:02 2248198                        /lib64/libutil-2.12.so
3cfd602000-3cfd801000 ---p 00002000 08:02 2248198                        /lib64/libutil-2.12.so
3cfd801000-3cfd802000 r--p 00001000 08:02 2248198                        /lib64/libutil-2.12.so
3cfd802000-3cfd803000 rw-p 00002000 08:02 2248198                        /lib64/libutil-2.12.so
3f50e00000-3f50e20000 r-xp 00000000 08:02 2228637                        /lib64/ld-2.12.so
3f5101f000-3f51020000 r--p 0001f000 08:02 2228637                        /lib64/ld-2.12.so
3f51020000-3f51021000 rw-p 00020000 08:02 2228637                        /lib64/ld-2.12.so
3f51021000-3f51022000 rw-p 00000000 00:00 0 
3f51200000-3f51202000 r-xp 00000000 08:02 2228640                        /lib64/libdl-2.12.so
3f51202000-3f51402000 ---p 00002000 08:02 2228640                        /lib64/libdl-2.12.so
3f51402000-3f51403000 r--p 00002000 08:02 2228640                        /lib64/libdl-2.12.so
3f51403000-3f51404000 rw-p 00003000 08:02 2228640                        /lib64/libdl-2.12.so
3f51600000-3f5178b000 r-xp 00000000 08:02 2228638                        /lib64/libc-2.12.so
3f5178b000-3f5198a000 ---p 0018b000 08:02 2228638                        /lib64/libc-2.12.so
3f5198a000-3f5198e000 r--p 0018a000 08:02 2228638                        /lib64/libc-2.12.so
3f5198e000-3f5198f000 rw-p 0018e000 08:02 2228638                        /lib64/libc-2.12.so
3f5198f000-3f51994000 rw-p 00000000 00:00 0 
3f51a00000-3f51a17000 r-xp 00000000 08:02 2228639                        /lib64/libpthread-2.12.so
3f51a17000-3f51c17000 ---p 00017000 08:02 2228639                        /lib64/libpthread-2.12.so
3f51c17000-3f51c18000 r--p 00017000 08:02 2228639                        /lib64/libpthread-2.12.so
3f51c18000-3f51c19000 rw-p 00018000 08:02 2228639                        /lib64/libpthread-2.12.so
3f51c19000-3f51c1d000 rw-p 00000000 00:00 0 
3f52600000-3f52683000 r-xp 00000000 08:02 2228641                        /lib64/libm-2.12.so
3f52683000-3f52882000 ---p 00083000 08:02 2228641                        /lib64/libm-2.12.so
3f52882000-3f52883000 r--p 00082000 08:02 2228641                        /lib64/libm-2.12.so
3f52883000-3f52884000 rw-p 00083000 08:02 2228641                        /lib64/libm-2.12.so
7f7d44000000-7f7d44021000 rw-p 00000000 00:00 0 
7f7d44021000-7f7d48000000 ---p 00000000 00:00 0 
7f7d4c000000-7f7d4ca9b000 rw-p 00000000 00:00 0 
7f7d4ca9b000-7f7d50000000 ---p 00000000 00:00 0 
7f7d50000000-7f7d50021000 rw-p 00000000 00:00 0 
7f7d50021000-7f7d54000000 ---p 00000000 00:00 0 
7f7d54000000-7f7d5523a000 rw-p 00000000 00:00 0 
7f7d5523a000-7f7d58000000 ---p 00000000 00:00 0 
7f7d58000000-7f7d59831000 rw-p 00000000 00:00 0 
7f7d59831000-7f7d5c000000 ---p 00000000 00:00 0 
7f7d5c000000-7f7d5c021000 rw-p 00000000 00:00 0 
7f7d5c021000-7f7d60000000 ---p 00000000 00:00 0 
7f7d6216f000-7f7d68000000 r--p 00000000 08:02 395394                     /usr/lib/locale/locale-archive
7f7d68000000-7f7d68021000 rw-p 00000000 00:00 0 
7f7d68021000-7f7d6c000000 ---p 00000000 00:00 0 
7f7d6c000000-7f7d6c021000 rw-p 00000000 00:00 0 
7f7d6c021000-7f7d70000000 ---p 00000000 00:00 0 
7f7d70000000-7f7d70021000 rw-p 00000000 00:00 0 
7f7d70021000-7f7d74000000 ---p 00000000 00:00 0 
7f7d74000000-7f7d74051000 rw-p 00000000 00:00 0 
7f7d74051000-7f7d78000000 ---p 00000000 00:00 0 
7f7d78000000-7f7d78021000 rw-p 00000000 00:00 0 
7f7d78021000-7f7d7c000000 ---p 00000000 00:00 0 
7f7d80000000-7f7d80021000 rw-p 00000000 00:00 0 
7f7d80021000-7f7d84000000 ---p 00000000 00:00 0 
7f7d8415c000-7f7d8418a000 rw-p 00000000 00:00 0 
7f7d8418a000-7f7d8435e000 ---p 00000000 00:00 0 
7f7d8435e000-7f7d84362000 r--s 00038000 08:02 2362830                    /root/.m2/repository/ch/ethz/ssh2/ganymed-ssh2/1.0/ganymed-ssh2-1.0.jar
7f7d84362000-7f7d84562000 rw-p 00000000 00:00 0 
7f7d84562000-7f7d845dc000 r--s 010f8000 08:02 941681                     /usr/local/jdk1.8.0_152/lib/tools.jar
7f7d845dc000-7f7d845df000 r--s 0001b000 08:02 2361650                    /root/.m2/repository/junit/junit/3.8.2/junit-3.8.2.jar
7f7d845df000-7f7d845ed000 r--s 0008f000 08:02 2249050                    /root/.m2/repository/com/google/collections/google-collections/1.0/google-collections-1.0.jar
7f7d845ed000-7f7d845ee000 r--s 0000a000 08:02 2361647                    /root/.m2/repository/commons-logging/commons-logging-api/1.1/commons-logging-api-1.1.jar
7f7d845ee000-7f7d845f5000 r--s 00051000 08:02 2361636                    /root/.m2/repository/log4j/log4j/1.2.12/log4j-1.2.12.jar
7f7d845f5000-7f7d845f9000 r--s 0001d000 08:02 1860375                    /root/.m2/repository/org/apache/xbean/xbean-reflect/3.4/xbean-reflect-3.4.jar
7f7d845f9000-7f7d845fa000 r--s 00004000 08:02 2361642                    /root/.m2/repository/org/codehaus/plexus/plexus-compiler-javac/2.2/plexus-compiler-javac-2.2.jar
7f7d845fa000-7f7d845fc000 r--s 00000000 08:02 2361641                    /root/.m2/repository/org/codehaus/plexus/plexus-compiler-manager/2.2/plexus-compiler-manager-2.2.jar
7f7d845fc000-7f7d845fe000 r--s 00005000 08:02 2361633                    /root/.m2/repository/org/codehaus/plexus/plexus-compiler-api/2.2/plexus-compiler-api-2.2.jar
7f7d845fe000-7f7d84600000 r--s 00000000 08:02 2361637                    /root/.m2/repository/org/codehaus/plexus/plexus-component-annotations/1.5.5/plexus-component-annotations-1.5.5.jar
7f7d84600000-7f7d84602000 r--s 00002000 08:02 2361635                    /root/.m2/repository/org/apache/maven/shared/maven-shared-incremental/1.1/maven-shared-incremental-1.1.jar
7f7d84602000-7f7d84604000 r--s 00006000 08:02 2099684                    /root/.m2/repository/com/google/code/findbugs/jsr305/2.0.1/jsr305-2.0.1.jar
7f7d84604000-7f7d84607000 r--s 00023000 08:02 2249048                    /root/.m2/repository/org/apache/maven/shared/maven-shared-utils/0.1/maven-shared-utils-0.1.jar
7f7d84607000-7f7d8460b000 r--s 00030000 08:02 2005510                    /root/.m2/repository/org/codehaus/plexus/plexus-utils/1.5.1/plexus-utils-1.5.1.jar
7f7d8460b000-7f7d8460d000 r--s 00009000 08:02 2249029                    /root/.m2/repository/org/apache/maven/plugins/maven-compiler-plugin/3.1/maven-compiler-plugin-3.1.jar
7f7d8460d000-7f7d8480d000 rw-p 00000000 00:00 0 
7f7d8480d000-7f7d8480f000 r--s 0000d000 08:02 2249002                    /root/.m2/repository/org/codehaus/plexus/plexus-interpolation/1.13/plexus-interpolation-1.13.jar
7f7d8480f000-7f7d84810000 r--s 00001000 08:02 2361143                    /root/.m2/repository/org/sonatype/plexus/plexus-build-api/0.0.4/plexus-build-api-0.0.4.jar
7f7d84810000-7f7d84812000 r--s 00009000 08:02 2249000                    /root/.m2/repository/org/apache/maven/shared/maven-filtering/1.1/maven-filtering-1.1.jar
7f7d84812000-7f7d84816000 r--s 00033000 08:02 2005474                    /root/.m2/repository/org/codehaus/plexus/plexus-utils/2.0.5/plexus-utils-2.0.5.jar
7f7d84816000-7f7d84819000 r--s 0001b000 08:02 2361150                    /root/.m2/repository/junit/junit/3.8.1/junit-3.8.1.jar
7f7d84819000-7f7d8481b000 r--s 00002000 08:02 2099840                    /root/.m2/repository/org/codehaus/plexus/plexus-interactivity-api/1.0-alpha-4/plexus-interactivity-api-1.0-alpha-4.jar
7f7d8481b000-7f7d8481d000 r--s 00006000 08:02 2361136                    /root/.m2/repository/commons-cli/commons-cli/1.0/commons-cli-1.0.jar
7f7d8481d000-7f7d8481e000 r--s 00001000 08:02 2361133                    /root/.m2/repository/org/apache/maven/doxia/doxia-sink-api/1.0-alpha-7/doxia-sink-api-1.0-alpha-7.jar
7f7d8481e000-7f7d8481f000 r--s 00002000 08:02 2361130                    /root/.m2/repository/org/apache/maven/reporting/maven-reporting-api/2.0.6/maven-reporting-api-2.0.6.jar
7f7d8481f000-7f7d84821000 r--s 00006000 08:02 2099754                    /root/.m2/repository/org/apache/maven/plugins/maven-resources-plugin/2.6/maven-resources-plugin-2.6.jar
7f7d84821000-7f7d84825000 r--s 00034000 08:02 2004410                    /root/.m2/repository/org/codehaus/plexus/plexus-utils/3.0/plexus-utils-3.0.jar
7f7d84825000-7f7d84827000 r--s 00005000 08:02 1719665                    /root/.m2/repository/org/apache/maven/plugins/maven-clean-plugin/2.5/maven-clean-plugin-2.5.jar
7f7d84827000-7f7d84838000 r-xp 00000000 08:02 1861618                    /usr/local/jdk1.8.0_152/jre/lib/amd64/libnio.so
7f7d84838000-7f7d84a37000 ---p 00011000 08:02 1861618                    /usr/local/jdk1.8.0_152/jre/lib/amd64/libnio.so
7f7d84a37000-7f7d84a38000 rw-p 00010000 08:02 1861618                    /usr/local/jdk1.8.0_152/jre/lib/amd64/libnio.so
7f7d84a38000-7f7d84a4e000 r-xp 00000000 08:02 1861615                    /usr/local/jdk1.8.0_152/jre/lib/amd64/libnet.so
7f7d84a4e000-7f7d84c4e000 ---p 00016000 08:02 1861615                    /usr/local/jdk1.8.0_152/jre/lib/amd64/libnet.so
7f7d84c4e000-7f7d84c4f000 rw-p 00016000 08:02 1861615                    /usr/local/jdk1.8.0_152/jre/lib/amd64/libnet.so
7f7d84c4f000-7f7d84e4f000 rw-p 00000000 00:00 0 
7f7d84e4f000-7f7d84e54000 r--s 0009a000 08:02 1219390                    /usr/local/jdk1.8.0_152/jre/lib/jsse.jar
7f7d84e54000-7f7d85054000 rw-p 00000000 00:00 0 
7f7d85054000-7f7d85254000 rw-p 00000000 00:00 0 
7f7d85254000-7f7d85256000 r--s 0000c000 08:02 1581100                    /root/.jenkins/tools/hudson.tasks.Maven_MavenInstallation/M3/lib/wagon-provider-api-2.12.jar
7f7d85256000-7f7d8525a000 r--s 00028000 08:02 1581012                    /root/.jenkins/tools/hudson.tasks.Maven_MavenInstallation/M3/lib/maven-model-builder-3.5.2.jar
7f7d8525a000-7f7d8525c000 r--s 00009000 08:02 1581076                    /root/.jenkins/tools/hudson.tasks.Maven_MavenInstallation/M3/lib/maven-resolver-connector-basic-1.1.0.jar
7f7d8525c000-7f7d8525f000 r-xp 00000000 08:02 1581095                    /root/.jenkins/tools/hudson.tasks.Maven_MavenInstallation/M3/lib/jansi-native/linux64/libjansi.so
7f7d8525f000-7f7d8545e000 ---p 00003000 08:02 1581095                    /root/.jenkins/tools/hudson.tasks.Maven_MavenInstallation/M3/lib/jansi-native/linux64/libjansi.so
7f7d8545e000-7f7d8545f000 rw-p 00002000 08:02 1581095                    /root/.jenkins/tools/hudson.tasks.Maven_MavenInstallation/M3/lib/jansi-native/linux64/libjansi.so
7f7d8545f000-7f7d85461000 r--s 0000c000 08:02 1581030                    /root/.jenkins/tools/hudson.tasks.Maven_MavenInstallation/M3/lib/commons-cli-1.4.jar
7f7d85461000-7f7d85462000 r--s 00002000 08:02 1581069                    /root/.jenkins/tools/hudson.tasks.Maven_MavenInstallation/M3/lib/wagon-file-2.12.jar
7f7d85462000-7f7d85464000 r--s 0000f000 08:02 1581061                    /root/.jenkins/tools/hudson.tasks.Maven_MavenInstallation/M3/lib/maven-resolver-provider-3.5.2.jar
7f7d85464000-7f7d85465000 r--s 00003000 08:02 1581023                    /root/.jenkins/tools/hudson.tasks.Maven_MavenInstallation/M3/lib/maven-builder-support-3.5.2.jar
7f7d85465000-7f7d85469000 r--s 00020000 08:02 1581047                    /root/.jenkins/tools/hudson.tasks.Maven_MavenInstallation/M3/lib/maven-resolver-api-1.1.0.jar
7f7d85469000-7f7d8546c000 r--s 00011000 08:02 1581094                    /root/.jenkins/tools/hudson.tasks.Maven_MavenInstallation/M3/lib/plexus-interpolation-1.24.jar
7f7d8546c000-7f7d8546d000 r--s 00001000 08:02 1581046                    /root/.jenkins/tools/hudson.tasks.Maven_MavenInstallation/M3/lib/jsr250-api-1.0.jar
7f7d8546d000-7f7d85471000 r--s 00023000 08:02 1581035                    /root/.jenkins/tools/hudson.tasks.Maven_MavenInstallation/M3/lib/maven-resolver-util-1.1.0.jar
7f7d85471000-7f7d8549d000 r--s 001e6000 08:02 1581052                    /root/.jenkins/tools/hudson.tasks.Maven_MavenInstallation/M3/lib/wagon-http-2.12-shaded.jar
7f7d8549d000-7f7d8549f000 r--s 00000000 08:02 1581040                    /root/.jenkins/tools/hudson.tasks.Maven_MavenInstallation/M3/lib/aopalliance-1.0.jar
7f7d8549f000-7f7d854a1000 r--s 00002000 08:02 1581018                    /root/.jenkins/tools/hudson.tasks.Maven_MavenInstallation/M3/lib/plexus-cipher-1.7.jar
7f7d854a1000-7f7d854a3000 r--s 0000c000 08:02 1581064                    /root/.jenkins/tools/hudson.tasks.Maven_MavenInstallation/M3/lib/maven-artifact-3.5.2.jar
7f7d854a3000-7f7d854a6000 r--s 00025000 08:02 1581019                    /root/.jenkins/tools/hudson.tasks.Maven_MavenInstallation/M3/lib/maven-shared-utils-3.1.0.jar
7f7d854a6000-7f7d854a9000 r--s 00008000 08:02 1581057                    /root/.jenkins/tools/hudson.tasks.Maven_MavenInstallation/M3/lib/cdi-api-1.0.jar
7f7d854a9000-7f7d854af000 r--s 00041000 08:02 1581070                    /root/.jenkins/tools/hudson.tasks.Maven_MavenInstallation/M3/lib/maven-compat-3.5.2.jar
7f7d854af000-7f7d854b7000 r--s 0006e000 08:02 1581045                    /root/.jenkins/tools/hudson.tasks.Maven_MavenInstallation/M3/lib/commons-lang3-3.5.jar
7f7d854b7000-7f7d854b8000 ---p 00000000 00:00 0 
7f7d854b8000-7f7d855b8000 rw-p 00000000 00:00 0 
7f7d855b8000-7f7d855bb000 ---p 00000000 00:00 0 
7f7d855bb000-7f7d856b9000 rw-p 00000000 00:00 0 
7f7d856b9000-7f7d856bc000 ---p 00000000 00:00 0 
7f7d856bc000-7f7d857ba000 rw-p 00000000 00:00 0 
7f7d857ba000-7f7d857bd000 ---p 00000000 00:00 0 
7f7d857bd000-7f7d858bb000 rw-p 00000000 00:00 0 
7f7d858bb000-7f7d858be000 ---p 00000000 00:00 0 
7f7d858be000-7f7d859bc000 rw-p 00000000 00:00 0 
7f7d859bc000-7f7d859bf000 ---p 00000000 00:00 0 
7f7d859bf000-7f7d85abd000 rw-p 00000000 00:00 0 
7f7d85abd000-7f7d85ac0000 ---p 00000000 00:00 0 
7f7d85ac0000-7f7d85bbe000 rw-p 00000000 00:00 0 
7f7d85bbe000-7f7d85bc1000 ---p 00000000 00:00 0 
7f7d85bc1000-7f7d85cbf000 rw-p 00000000 00:00 0 
7f7d85cbf000-7f7d85cc0000 ---p 00000000 00:00 0 
7f7d85cc0000-7f7d88000000 rw-p 00000000 00:00 0 
7f7d88000000-7f7d88021000 rw-p 00000000 00:00 0 
7f7d88021000-7f7d8c000000 ---p 00000000 00:00 0 
7f7d8c000000-7f7d8c003000 r--s 0003c000 08:02 1580995                    /root/.jenkins/tools/hudson.tasks.Maven_MavenInstallation/M3/lib/jansi-1.16.jar
7f7d8c003000-7f7d8c004000 r--s 00006000 08:02 1581101                    /root/.jenkins/tools/hudson.tasks.Maven_MavenInstallation/M3/lib/plexus-sec-dispatcher-1.4.jar
7f7d8c004000-7f7d8c007000 r--s 00026000 08:02 1580994                    /root/.jenkins/tools/hudson.tasks.Maven_MavenInstallation/M3/lib/maven-model-3.5.2.jar
7f7d8c007000-7f7d8c009000 r--s 0000a000 08:02 1581044                    /root/.jenkins/tools/hudson.tasks.Maven_MavenInstallation/M3/lib/maven-plugin-api-3.5.2.jar
7f7d8c009000-7f7d8c016000 r--s 0008d000 08:02 1581087                    /root/.jenkins/tools/hudson.tasks.Maven_MavenInstallation/M3/lib/maven-core-3.5.2.jar
7f7d8c016000-7f7d8c01a000 r--s 0002a000 08:02 1581014                    /root/.jenkins/tools/hudson.tasks.Maven_MavenInstallation/M3/lib/maven-resolver-impl-1.1.0.jar
7f7d8c01a000-7f7d8c021000 r--s 00056000 08:02 1580996                    /root/.jenkins/tools/hudson.tasks.Maven_MavenInstallation/M3/lib/org.eclipse.sisu.inject-0.3.3.jar
7f7d8c021000-7f7d8c02a000 r--s 0005f000 08:02 1581099                    /root/.jenkins/tools/hudson.tasks.Maven_MavenInstallation/M3/lib/guice-4.0-no_aop.jar
7f7d8c02a000-7f7d8c02b000 r--s 00006000 08:02 1581029                    /root/.jenkins/tools/hudson.tasks.Maven_MavenInstallation/M3/lib/maven-repository-metadata-3.5.2.jar
7f7d8c02b000-7f7d8c02d000 r--s 00000000 08:02 1581075                    /root/.jenkins/tools/hudson.tasks.Maven_MavenInstallation/M3/lib/plexus-component-annotations-1.7.1.jar
7f7d8c02d000-7f7d8c02e000 r--s 00000000 08:02 1581041                    /root/.jenkins/tools/hudson.tasks.Maven_MavenInstallation/M3/lib/javax.inject-1.jar
7f7d8c02e000-7f7d8c032000 r--s 0002f000 08:02 1581083                    /root/.jenkins/tools/hudson.tasks.Maven_MavenInstallation/M3/lib/commons-io-2.5.jar
7f7d8c032000-7f7d8c061000 r--s 00226000 08:02 1581009                    /root/.jenkins/tools/hudson.tasks.Maven_MavenInstallation/M3/lib/guava-20.0.jar
7f7d8c061000-7f7d8c062000 r--s 0000a000 08:02 1581049                    /root/.jenkins/tools/hudson.tasks.Maven_MavenInstallation/M3/lib/maven-settings-3.5.2.jar
7f7d8c062000-7f7d8c064000 r--s 00007000 08:02 1581056                    /root/.jenkins/tools/hudson.tasks.Maven_MavenInstallation/M3/lib/maven-resolver-spi-1.1.0.jar
7f7d8c064000-7f7d8c066000 r--s 00009000 08:02 1581032                    /root/.jenkins/tools/hudson.tasks.Maven_MavenInstallation/M3/lib/slf4j-api-1.7.25.jar
7f7d8c066000-7f7d8c068000 r--s 00003000 08:02 1581068                    /root/.jenkins/tools/hudson.tasks.Maven_MavenInstallation/M3/lib/jcl-over-slf4j-1.7.25.jar
7f7d8c068000-7f7d8c06a000 r--s 0000b000 08:02 1581084                    /root/.jenkins/tools/hudson.tasks.Maven_MavenInstallation/M3/boot/plexus-classworlds-2.5.2.jar
7f7d8c06a000-7f7d8c0ff000 r--s 01113000 08:02 1347970                    /usr/local/jdk1.8.0_152/jre/lib/ext/jfxrt.jar
7f7d8c0ff000-7f7d8c503000 rw-p 00000000 00:00 0 
7f7d8c503000-7f7d8c6dd000 r--s 03d5f000 08:02 1219351                    /usr/local/jdk1.8.0_152/jre/lib/rt.jar
7f7d8c6dd000-7f7d8c83c000 rw-p 00000000 00:00 0 
7f7d8c83c000-7f7d8c83d000 ---p 00000000 00:00 0 
7f7d8c83d000-7f7d8c93d000 rw-p 00000000 00:00 0 
7f7d8c93d000-7f7d8c93e000 ---p 00000000 00:00 0 
7f7d8c93e000-7f7d8ca3e000 rw-p 00000000 00:00 0 
7f7d8ca3e000-7f7d8ca3f000 ---p 00000000 00:00 0 
7f7d8ca3f000-7f7d8cb3f000 rw-p 00000000 00:00 0 
7f7d8cb3f000-7f7d8cb40000 ---p 00000000 00:00 0 
7f7d8cb40000-7f7d8cc61000 rw-p 00000000 00:00 0 
7f7d8cc61000-7f7d8d000000 ---p 00000000 00:00 0 
7f7d8d000000-7f7d8d840000 rwxp 00000000 00:00 0 
7f7d8d840000-7f7d9c000000 ---p 00000000 00:00 0 
7f7d9c000000-7f7d9ceb2000 rw-p 00000000 00:00 0 
7f7d9ceb2000-7f7da0000000 ---p 00000000 00:00 0 
7f7da0000000-7f7da0002000 r--s 00009000 08:02 1581097                    /root/.jenkins/tools/hudson.tasks.Maven_MavenInstallation/M3/lib/maven-settings-builder-3.5.2.jar
7f7da0002000-7f7da0006000 r--s 0003c000 08:02 1580991                    /root/.jenkins/tools/hudson.tasks.Maven_MavenInstallation/M3/lib/plexus-utils-3.1.0.jar
7f7da0006000-7f7da000c000 r--s 0002d000 08:02 1581080                    /root/.jenkins/tools/hudson.tasks.Maven_MavenInstallation/M3/lib/org.eclipse.sisu.plexus-0.3.3.jar
7f7da000c000-7f7da00e8000 rw-p 00000000 00:00 0 
7f7da00e8000-7f7da017a000 ---p 00000000 00:00 0 
7f7da017a000-7f7da0184000 rw-p 00000000 00:00 0 
7f7da0184000-7f7da0215000 ---p 00000000 00:00 0 
7f7da0215000-7f7da025f000 rw-p 00000000 00:00 0 
7f7da025f000-7f7da0263000 ---p 00000000 00:00 0 
7f7da0263000-7f7da0264000 rw-p 00000000 00:00 0 
7f7da0264000-7f7da027f000 r-xp 00000000 08:02 1861611                    /usr/local/jdk1.8.0_152/jre/lib/amd64/libzip.so
7f7da027f000-7f7da047f000 ---p 0001b000 08:02 1861611                    /usr/local/jdk1.8.0_152/jre/lib/amd64/libzip.so
7f7da047f000-7f7da0480000 rw-p 0001b000 08:02 1861611                    /usr/local/jdk1.8.0_152/jre/lib/amd64/libzip.so
7f7da0480000-7f7da048c000 r-xp 00000000 08:02 2228254                    /lib64/libnss_files-2.12.so
7f7da048c000-7f7da068c000 ---p 0000c000 08:02 2228254                    /lib64/libnss_files-2.12.so
7f7da068c000-7f7da068d000 r--p 0000c000 08:02 2228254                    /lib64/libnss_files-2.12.so
7f7da068d000-7f7da068e000 rw-p 0000d000 08:02 2228254                    /lib64/libnss_files-2.12.so
7f7da068e000-7f7da0691000 r--s 00015000 08:02 1581092                    /root/.jenkins/tools/hudson.tasks.Maven_MavenInstallation/M3/lib/maven-embedder-3.5.2.jar
7f7da0691000-7f7da069b000 rw-p 00000000 00:00 0 
7f7da069b000-7f7da06c6000 r-xp 00000000 08:02 1861605                    /usr/local/jdk1.8.0_152/jre/lib/amd64/libjava.so
7f7da06c6000-7f7da08c5000 ---p 0002b000 08:02 1861605                    /usr/local/jdk1.8.0_152/jre/lib/amd64/libjava.so
7f7da08c5000-7f7da08c7000 rw-p 0002a000 08:02 1861605                    /usr/local/jdk1.8.0_152/jre/lib/amd64/libjava.so
7f7da08c7000-7f7da08d4000 r-xp 00000000 08:02 1861610                    /usr/local/jdk1.8.0_152/jre/lib/amd64/libverify.so
7f7da08d4000-7f7da0ad4000 ---p 0000d000 08:02 1861610                    /usr/local/jdk1.8.0_152/jre/lib/amd64/libverify.so
7f7da0ad4000-7f7da0ad6000 rw-p 0000d000 08:02 1861610                    /usr/local/jdk1.8.0_152/jre/lib/amd64/libverify.so
7f7da0ad6000-7f7da0ad9000 ---p 00000000 00:00 0 
7f7da0ad9000-7f7da0bd7000 rw-p 00000000 00:00 0 
7f7da0bd7000-7f7da18af000 r-xp 00000000 08:02 2006142                    /usr/local/jdk1.8.0_152/jre/lib/amd64/server/libjvm.so
7f7da18af000-7f7da1aae000 ---p 00cd8000 08:02 2006142                    /usr/local/jdk1.8.0_152/jre/lib/amd64/server/libjvm.so
7f7da1aae000-7f7da1b88000 rw-p 00cd7000 08:02 2006142                    /usr/local/jdk1.8.0_152/jre/lib/amd64/server/libjvm.so
7f7da1b88000-7f7da1bd7000 rw-p 00000000 00:00 0 
7f7da1bd7000-7f7da1bed000 r-xp 00000000 08:02 942792                     /usr/local/jdk1.8.0_152/lib/amd64/jli/libjli.so
7f7da1bed000-7f7da1dec000 ---p 00016000 08:02 942792                     /usr/local/jdk1.8.0_152/lib/amd64/jli/libjli.so
7f7da1dec000-7f7da1ded000 rw-p 00015000 08:02 942792                     /usr/local/jdk1.8.0_152/lib/amd64/jli/libjli.so
7f7da1ded000-7f7da1dee000 rw-p 00000000 00:00 0 
7f7da1dee000-7f7da1def000 r--s 00005000 08:02 1581106                    /root/.jenkins/tools/hudson.tasks.Maven_MavenInstallation/M3/lib/maven-slf4j-provider-3.5.2.jar
7f7da1def000-7f7da1df1000 r--s 00006000 08:02 1581105                    /root/.jenkins/tools/hudson.tasks.Maven_MavenInstallation/M3/lib/maven-resolver-transport-wagon-1.1.0.jar
7f7da1df1000-7f7da1df9000 rw-s 00000000 08:02 693154                     /tmp/hsperfdata_root/5760
7f7da1df9000-7f7da1dfa000 rw-p 00000000 00:00 0 
7f7da1dfa000-7f7da1dfb000 ---p 00000000 00:00 0 
7f7da1dfb000-7f7da1dfc000 rw-p 00000000 00:00 0 
7fffff359000-7fffff36f000 rw-p 00000000 00:00 0                          [stack]
7fffff3ff000-7fffff400000 r-xp 00000000 00:00 0                          [vdso]
ffffffffff600000-ffffffffff601000 r-xp 00000000 00:00 0                  [vsyscall]

VM Arguments:
jvm_args: -Dclassworlds.conf=/root/.jenkins/tools/hudson.tasks.Maven_MavenInstallation/M3/bin/m2.conf -Dmaven.home=/root/.jenkins/tools/hudson.tasks.Maven_MavenInstallation/M3 -Dlibrary.jansi.path=/root/.jenkins/tools/hudson.tasks.Maven_MavenInstallation/M3/lib/jansi-native -Dmaven.multiModuleProjectDirectory=/root/autocheck 
java_command: org.codehaus.plexus.classworlds.launcher.Launcher -Dmaven.test.failure.ignore clean package
java_class_path (initial): /root/.jenkins/tools/hudson.tasks.Maven_MavenInstallation/M3/boot/plexus-classworlds-2.5.2.jar
Launcher Type: SUN_STANDARD

Environment Variables:
JAVA_HOME=/usr/local/jdk1.8.0_152
PATH=/usr/lib64/qt-3.3/bin:/usr/local/sbin:/usr/local/bin:/sbin:/bin:/usr/sbin:/usr/bin:/usr/local/jdk1.8.0_152/bin:/root/.jenkins/tools/hudson.tasks.Maven_MavenInstallation/M3/bin:/usr/local/mysql-5.7.20/bin:/usr/local/libxml2-2.9.5/bin:/usr/local/httpd-2.4.29/bin
LD_LIBRARY_PATH=/usr/local/libxml2-2.9.5/lib:/usr/local/gmp-4.3.2/lib:/usr/local/mpc-0.8.1/lib:/usr/local/mpfr-2.4.2/lib:/usr/local/isl-0.18/lib:/usr/local/boost_1_65_1/lib:/usr/local/gcc-5.5.0/lib64:/usr/local/mysql-5.7.20/lib:/usr/local/apr-1.6.3/lib:/usr/local/apr-util-1.6.1/lib:/usr/local/pcre-8.40/lib
SHELL=/bin/bash

Signal Handlers:
SIGSEGV: [libjvm.so+0xacfec0], sa_mask[0]=11111111011111111101111111111110, sa_flags=SA_RESTART|SA_SIGINFO
SIGBUS: [libjvm.so+0xacfec0], sa_mask[0]=11111111011111111101111111111110, sa_flags=SA_RESTART|SA_SIGINFO
SIGFPE: [libjvm.so+0x927e60], sa_mask[0]=11111111011111111101111111111110, sa_flags=SA_RESTART|SA_SIGINFO
SIGPIPE: [libjvm.so+0x927e60], sa_mask[0]=11111111011111111101111111111110, sa_flags=SA_RESTART|SA_SIGINFO
SIGXFSZ: [libjvm.so+0x927e60], sa_mask[0]=11111111011111111101111111111110, sa_flags=SA_RESTART|SA_SIGINFO
SIGILL: [libjvm.so+0x927e60], sa_mask[0]=11111111011111111101111111111110, sa_flags=SA_RESTART|SA_SIGINFO
SIGUSR1: SIG_DFL, sa_mask[0]=00000000000000000000000000000000, sa_flags=none
SIGUSR2: [libjvm.so+0x9296a0], sa_mask[0]=00100000000000000000000000000000, sa_flags=SA_RESTART|SA_SIGINFO
SIGHUP: SIG_IGN, sa_mask[0]=00000000000000000000000000000000, sa_flags=none
SIGINT: SIG_IGN, sa_mask[0]=00000000000000000000000000000000, sa_flags=none
SIGTERM: [libjvm.so+0x92aaa0], sa_mask[0]=11111111011111111101111111111110, sa_flags=SA_RESTART|SA_SIGINFO
SIGQUIT: [libjvm.so+0x92aaa0], sa_mask[0]=11111111011111111101111111111110, sa_flags=SA_RESTART|SA_SIGINFO


---------------  S Y S T E M  ---------------

OS:Red Hat Enterprise Linux Server release 6.5 (Santiago)

uname:Linux 2.6.32-431.el6.x86_64 #1 SMP Sun Nov 10 22:19:54 EST 2013 x86_64
libc:glibc 2.12 NPTL 2.12 
rlimit: STACK 10240k, CORE 0k, NPROC 14735, NOFILE 4096, AS infinity
load average:0.48 0.23 0.18

/proc/meminfo:
MemTotal:        1906552 kB
MemFree:          715272 kB
Buffers:           41412 kB
Cached:           259680 kB
SwapCached:            0 kB
Active:           939576 kB
Inactive:         148848 kB
Active(anon):     787552 kB
Inactive(anon):      272 kB
Active(file):     152024 kB
Inactive(file):   148576 kB
Unevictable:           0 kB
Mlocked:               0 kB
SwapTotal:       4194296 kB
SwapFree:        4194296 kB
Dirty:               328 kB
Writeback:            16 kB
AnonPages:        746644 kB
Mapped:            46788 kB
Shmem:               496 kB
Slab:              53996 kB
SReclaimable:      25060 kB
SUnreclaim:        28936 kB
KernelStack:        2928 kB
PageTables:         8588 kB
NFS_Unstable:          0 kB
Bounce:                0 kB
WritebackTmp:          0 kB
CommitLimit:     5147572 kB
Committed_AS:    1773656 kB
VmallocTotal:   34359738367 kB
VmallocUsed:      157988 kB
VmallocChunk:   34359574000 kB
HardwareCorrupted:     0 kB
AnonHugePages:    505856 kB
HugePages_Total:       0
HugePages_Free:        0
HugePages_Rsvd:        0
HugePages_Surp:        0
Hugepagesize:       2048 kB
DirectMap4k:       10240 kB
DirectMap2M:     2086912 kB


CPU:total 4 (initial active 4) (4 cores per cpu, 1 threads per core) family 6 model 58 stepping 9, cmov, cx8, fxsr, mmx, sse, sse2, sse3, ssse3, sse4.1, sse4.2, popcnt, avx, aes, clmul, erms, tsc, tscinvbit, tscinv

/proc/cpuinfo:
processor	: 0
vendor_id	: GenuineIntel
cpu family	: 6
model		: 58
model name	: Intel(R) Core(TM) i5-3210M CPU @ 2.50GHz
stepping	: 9
cpu MHz		: 2494.370
cache size	: 3072 KB
physical id	: 0
siblings	: 4
core id		: 0
cpu cores	: 4
apicid		: 0
initial apicid	: 0
fpu		: yes
fpu_exception	: yes
cpuid level	: 13
wp		: yes
flags		: fpu vme de pse tsc msr pae mce cx8 apic sep mtrr pge mca cmov pat pse36 clflush dts mmx fxsr sse sse2 ss ht syscall nx rdtscp lm constant_tsc arch_perfmon pebs bts xtopology tsc_reliable nonstop_tsc aperfmperf unfair_spinlock pni pclmulqdq ssse3 cx16 pcid sse4_1 sse4_2 x2apic popcnt tsc_deadline_timer aes xsave avx f16c rdrand hypervisor lahf_lm ida arat epb pln pts dts fsgsbase smep
bogomips	: 4988.74
clflush size	: 64
cache_alignment	: 64
address sizes	: 42 bits physical, 48 bits virtual
power management:

processor	: 1
vendor_id	: GenuineIntel
cpu family	: 6
model		: 58
model name	: Intel(R) Core(TM) i5-3210M CPU @ 2.50GHz
stepping	: 9
cpu MHz		: 2494.370
cache size	: 3072 KB
physical id	: 0
siblings	: 4
core id		: 1
cpu cores	: 4
apicid		: 1
initial apicid	: 1
fpu		: yes
fpu_exception	: yes
cpuid level	: 13
wp		: yes
flags		: fpu vme de pse tsc msr pae mce cx8 apic sep mtrr pge mca cmov pat pse36 clflush dts mmx fxsr sse sse2 ss ht syscall nx rdtscp lm constant_tsc arch_perfmon pebs bts xtopology tsc_reliable nonstop_tsc aperfmperf unfair_spinlock pni pclmulqdq ssse3 cx16 pcid sse4_1 sse4_2 x2apic popcnt tsc_deadline_timer aes xsave avx f16c rdrand hypervisor lahf_lm ida arat epb pln pts dts fsgsbase smep
bogomips	: 4988.74
clflush size	: 64
cache_alignment	: 64
address sizes	: 42 bits physical, 48 bits virtual
power management:

processor	: 2
vendor_id	: GenuineIntel
cpu family	: 6
model		: 58
model name	: Intel(R) Core(TM) i5-3210M CPU @ 2.50GHz
stepping	: 9
cpu MHz		: 2494.370
cache size	: 3072 KB
physical id	: 0
siblings	: 4
core id		: 2
cpu cores	: 4
apicid		: 2
initial apicid	: 2
fpu		: yes
fpu_exception	: yes
cpuid level	: 13
wp		: yes
flags		: fpu vme de pse tsc msr pae mce cx8 apic sep mtrr pge mca cmov pat pse36 clflush dts mmx fxsr sse sse2 ss ht syscall nx rdtscp lm constant_tsc arch_perfmon pebs bts xtopology tsc_reliable nonstop_tsc aperfmperf unfair_spinlock pni pclmulqdq ssse3 cx16 pcid sse4_1 sse4_2 x2apic popcnt tsc_deadline_timer aes xsave avx f16c rdrand hypervisor lahf_lm ida arat epb pln pts dts fsgsbase smep
bogomips	: 4988.74
clflush size	: 64
cache_alignment	: 64
address sizes	: 42 bits physical, 48 bits virtual
power management:

processor	: 3
vendor_id	: GenuineIntel
cpu family	: 6
model		: 58
model name	: Intel(R) Core(TM) i5-3210M CPU @ 2.50GHz
stepping	: 9
cpu MHz		: 2494.370
cache size	: 3072 KB
physical id	: 0
siblings	: 4
core id		: 3
cpu cores	: 4
apicid		: 3
initial apicid	: 3
fpu		: yes
fpu_exception	: yes
cpuid level	: 13
wp		: yes
flags		: fpu vme de pse tsc msr pae mce cx8 apic sep mtrr pge mca cmov pat pse36 clflush dts mmx fxsr sse sse2 ss ht syscall nx rdtscp lm constant_tsc arch_perfmon pebs bts xtopology tsc_reliable nonstop_tsc aperfmperf unfair_spinlock pni pclmulqdq ssse3 cx16 pcid sse4_1 sse4_2 x2apic popcnt tsc_deadline_timer aes xsave avx f16c rdrand hypervisor lahf_lm ida arat epb pln pts dts fsgsbase smep
bogomips	: 4988.74
clflush size	: 64
cache_alignment	: 64
address sizes	: 42 bits physical, 48 bits virtual
power management:



Memory: 4k page, physical 1906552k(715272k free), swap 4194296k(4194296k free)

vm_info: Java HotSpot(TM) 64-Bit Server VM (25.152-b16) for linux-amd64 JRE (1.8.0_152-b16), built on Sep 14 2017 02:16:14 by "java_re" with gcc 4.3.0 20080428 (Red Hat 4.3.0-8)

time: Wed Jan 17 18:29:52 2018
elapsed time: 6 seconds (0d 0h 0m 6s)

