#
# A fatal error has been detected by the Java Runtime Environment:
#
#  SIGSEGV (0xb) at pc=0x00007f735391ffd5, pid=6853, tid=0x00007f733c550700
#
# JRE version: Java(TM) SE Runtime Environment (8.0_152-b16) (build 1.8.0_152-b16)
# Java VM: Java HotSpot(TM) 64-Bit Server VM (25.152-b16 mixed mode linux-amd64 compressed oops)
# Problematic frame:
# V  [libjvm.so+0x648fd5]  InstanceKlass::clean_weak_instanceklass_links(BoolObjectClosure*)+0x45
#
# Failed to write core dump. Core dumps have been disabled. To enable core dumping, try "ulimit -c unlimited" before starting Java again
#
# If you would like to submit a bug report, please visit:
#   http://bugreport.java.com/bugreport/crash.jsp
#

---------------  T H R E A D  ---------------

Current thread (0x00007f734c077800):  VMThread [stack: 0x00007f733c450000,0x00007f733c551000] [id=6874]

siginfo: si_signo: 11 (SIGSEGV), si_code: 128 (SI_KERNEL), si_addr: 0x0000000000000000

Registers:
RAX=0x00807f7350c343a8, RBX=0x0000000000000014, RCX=0x0000000000000029, RDX=0x00007f7350c32cd8
RSP=0x00007f733c54f450, RBP=0x00007f733c54f470, RSI=0x00007f73542a6260, RDI=0x0000000000000000
R8 =0x0000000000000002, R9 =0x0000000000000001, R10=0x0000000000007fe8, R11=0x000000000000001d
R12=0x00007f73542a6260, R13=0x000000010008db28, R14=0x0000000000000001, R15=0x00007f733c54f480
RIP=0x00007f735391ffd5, EFLAGS=0x0000000000010293, CSGSFS=0x0000000000000033, ERR=0x0000000000000000
  TRAPNO=0x000000000000000d

Top of Stack: (sp=0x00007f733c54f450)
0x00007f733c54f450:   00007f7300000000 000000010008d5f0
0x00007f733c54f460:   000000010008db28 00007f73542a6260
0x00007f733c54f470:   00007f733c54f500 00007f7353aa7d6e
0x00007f733c54f480:   00007f7354243670 00000000000001fe
0x00007f733c54f490:   ffffffffffffff00 0000000000000004
0x00007f733c54f4a0:   00000000000000ae 0000000000000000
0x00007f733c54f4b0:   0000000000000000 00007f7324011e40
0x00007f733c54f4c0:   0000000000000000 00007f733c54f620
0x00007f733c54f4d0:   00007f733c54f500 00007f733c54f678
0x00007f733c54f4e0:   00007f733c54f67c 00007f733c54f560
0x00007f733c54f4f0:   0000000000000004 00007f733c54f620
0x00007f733c54f500:   00007f733c54f6b0 00007f7353c64a41
0x00007f733c54f510:   00007f73542a6080 00007fff00000009
0x00007f733c54f520:   00007f733c54f670 00007f733c54f5c0
0x00007f733c54f530:   00007f733c54f5f0 00007f73542a6100
0x00007f733c54f540:   0000000000000000 000000000000015f
0x00007f733c54f550:   00000000000000fa 0000000000000000
0x00007f733c54f560:   00007f7353df9a79 00007f733c540100
0x00007f733c54f570:   00007f73542a6080 00000001481cec80
0x00007f733c54f580:   0000000331db3237 0000000000000001
0x00007f733c54f590:   00007f7353e322be 00007f734c070100
0x00007f733c54f5a0:   00007f73542a6080 00000001481b83da
0x00007f733c54f5b0:   0000000331d7aead 0000003cfb203e46
0x00007f733c54f5c0:   0000000000000000 000000000000015f
0x00007f733c54f5d0:   00000000000000fa 0000000000000000
0x00007f733c54f5e0:   000000032d565ee7 00000000105c0235
0x00007f733c54f5f0:   00007f7353e322a7 00007ffff0d30100
0x00007f733c54f600:   00007f73542a6080 00000001464d0d3b
0x00007f733c54f610:   000000032d562159 00007ffff0d3a952
0x00007f733c54f620:   00007f735424bdb0 00007f7300000004
0x00007f733c54f630:   00007f734c074140 00007f7300000004
0x00007f733c54f640:   00007f7354249810 00007ffff0d3aa00 

Instructions: (pc=0x00007f735391ffd5)
0x00007f735391ffb5:   00 0f 85 ac 00 00 00 49 8b 95 80 01 00 00 44 8b
0x00007f735391ffc5:   1a 45 85 db 7e 29 31 db 48 63 c3 48 8b 44 c2 08
0x00007f735391ffd5:   48 8b 78 10 48 85 ff 74 0f 4c 89 e6 e8 ea fe 27
0x00007f735391ffe5:   00 49 8b 95 80 01 00 00 83 c3 01 3b 1a 7c d9 41 

Register to memory mapping:

RAX=0x00807f7350c343a8 is an unknown value
RBX=0x0000000000000014 is an unknown value
RCX=0x0000000000000029 is an unknown value
RDX=0x00007f7350c32cd8 is pointing into metadata
RSP=0x00007f733c54f450 is an unknown value
RBP=0x00007f733c54f470 is an unknown value
RSI=0x00007f73542a6260: <offset 0xfcf260> in /usr/local/jdk1.8.0_152/jre/lib/amd64/server/libjvm.so at 0x00007f73532d7000
RDI=0x0000000000000000 is an unknown value
R8 =0x0000000000000002 is an unknown value
R9 =0x0000000000000001 is an unknown value
R10=0x0000000000007fe8 is an unknown value
R11=0x000000000000001d is an unknown value
R12=0x00007f73542a6260: <offset 0xfcf260> in /usr/local/jdk1.8.0_152/jre/lib/amd64/server/libjvm.so at 0x00007f73532d7000
R13=0x000000010008db28 is pointing into metadata
R14=0x0000000000000001 is an unknown value
R15=0x00007f733c54f480 is an unknown value


Stack: [0x00007f733c450000,0x00007f733c551000],  sp=0x00007f733c54f450,  free space=1021k
Native frames: (J=compiled Java code, j=interpreted, Vv=VM code, C=native code)
V  [libjvm.so+0x648fd5]  InstanceKlass::clean_weak_instanceklass_links(BoolObjectClosure*)+0x45
V  [libjvm.so+0x7d0d6e]  Klass::clean_weak_klass_links(BoolObjectClosure*, bool)+0x18e
V  [libjvm.so+0x98da41]  PSParallelCompact::marking_phase(ParCompactionManager*, bool, ParallelOldTracer*)+0x4e1
V  [libjvm.so+0x992bde]  PSParallelCompact::invoke_no_policy(bool)+0x40e
V  [libjvm.so+0x993453]  PSParallelCompact::invoke(bool)+0x63
V  [libjvm.so+0x4873c4]  CollectedHeap::collect_as_vm_thread(GCCause::Cause)+0x114
V  [libjvm.so+0xad0ab1]  VM_CollectForMetadataAllocation::doit()+0x161
V  [libjvm.so+0xad8bb5]  VM_Operation::evaluate()+0x55
V  [libjvm.so+0xad6f7a]  VMThread::evaluate_operation(VM_Operation*)+0xba
V  [libjvm.so+0xad72fe]  VMThread::loop()+0x1ce
V  [libjvm.so+0xad7770]  VMThread::run()+0x70
V  [libjvm.so+0x92d8d8]  java_start(Thread*)+0x108

VM_Operation (0x00007f7337efce50): CollectForMetadataAllocation, mode: safepoint, requested by thread 0x00007f734c0bd800


---------------  P R O C E S S  ---------------

Java Threads: ( => current thread )
  0x00007f734c0d2800 JavaThread "Service Thread" daemon [_thread_blocked, id=6881, stack(0x00007f7337cfd000,0x00007f7337dfe000)]
  0x00007f734c0bd800 JavaThread "C1 CompilerThread2" daemon [_thread_blocked, id=6880, stack(0x00007f7337dfe000,0x00007f7337eff000)]
  0x00007f734c0bb800 JavaThread "C2 CompilerThread1" daemon [_thread_in_native, id=6879, stack(0x00007f7337eff000,0x00007f7338000000)]
  0x00007f734c0b8800 JavaThread "C2 CompilerThread0" daemon [_thread_in_native, id=6878, stack(0x00007f733c04c000,0x00007f733c14d000)]
  0x00007f734c0b7000 JavaThread "Signal Dispatcher" daemon [_thread_blocked, id=6877, stack(0x00007f733c14d000,0x00007f733c24e000)]
  0x00007f734c083800 JavaThread "Finalizer" daemon [_thread_blocked, id=6876, stack(0x00007f733c24e000,0x00007f733c34f000)]
  0x00007f734c07f000 JavaThread "Reference Handler" daemon [_thread_blocked, id=6875, stack(0x00007f733c34f000,0x00007f733c450000)]
  0x00007f734c009800 JavaThread "main" [_thread_blocked, id=6869, stack(0x00007f73531d6000,0x00007f73532d7000)]

Other Threads:
=>0x00007f734c077800 VMThread [stack: 0x00007f733c450000,0x00007f733c551000] [id=6874]
  0x00007f734c0df800 WatcherThread [stack: 0x00007f7337bfc000,0x00007f7337cfd000] [id=6883]

VM state:at safepoint (normal execution)

VM Mutex/Monitor currently owned by a thread:  ([mutex/lock_event])
[0x00007f734c007100] Threads_lock - owner thread: 0x00007f734c077800
[0x00007f734c007600] Heap_lock - owner thread: 0x00007f734c0bd800
[0x00007f734c007b80] MethodData_lock - owner thread: 0x00007f734c0bd800

Heap:
 PSYoungGen      total 70656K, used 6642K [0x00000000f6500000, 0x00000000fdd00000, 0x0000000100000000)
  eden space 64000K, 0% used [0x00000000f6500000,0x00000000f6500000,0x00000000fa380000)
  from space 6656K, 99% used [0x00000000fa380000,0x00000000fa9fc818,0x00000000faa00000)
  to   space 10240K, 0% used [0x00000000fd300000,0x00000000fd300000,0x00000000fdd00000)
 ParOldGen       total 20480K, used 14981K [0x00000000e2e00000, 0x00000000e4200000, 0x00000000f6500000)
  object space 20480K, 73% used [0x00000000e2e00000,0x00000000e3ca14e0,0x00000000e4200000)
 Metaspace       used 20785K, capacity 21174K, committed 21296K, reserved 1069056K
  class space    used 2534K, capacity 2675K, committed 2688K, reserved 1048576K

Card table byte_map: [0x00007f73524ba000,0x00007f73525a4000] byte_map_base: 0x00007f7351da3000

Marking Bits: (ParMarkBitMap*) 0x00007f73542a61a0
 Begin Bits: [0x00007f735118a000, 0x00007f73518d2000)
 End Bits:   [0x00007f73518d2000, 0x00007f735201a000)

Polling page: 0x00007f73544fa000

CodeCache: size=245760Kb used=9372Kb max_used=9372Kb free=236388Kb
 bounds [0x00007f733d000000, 0x00007f733d930000, 0x00007f734c000000]
 total_blobs=3237 nmethods=2855 adapters=295
 compilation: enabled

Compilation events (10 events):
Event: 5.439 Thread 0x00007f734c0bd800 nmethod 2882 0x00007f733d92b650 code [0x00007f733d92b7a0, 0x00007f733d92b910]
Event: 5.439 Thread 0x00007f734c0bd800 2886  s!   2       com.sun.tools.javac.file.ZipFileIndex::getZipIndexEntry (43 bytes)
Event: 5.440 Thread 0x00007f734c0bd800 nmethod 2886 0x00007f733d92b990 code [0x00007f733d92bb40, 0x00007f733d92bfa8]
Event: 5.440 Thread 0x00007f734c0bd800 2890       2       com.sun.tools.javac.code.Symbol$ClassSymbol::<init> (29 bytes)
Event: 5.440 Thread 0x00007f734c0bd800 nmethod 2890 0x00007f733d92c250 code [0x00007f733d92c3e0, 0x00007f733d92c638]
Event: 5.440 Thread 0x00007f734c0bd800 2887       2       com.sun.tools.javac.file.RelativePath$RelativeFile::dirname (29 bytes)
Event: 5.441 Thread 0x00007f734c0bd800 nmethod 2887 0x00007f733d92c790 code [0x00007f733d92c920, 0x00007f733d92cb68]
Event: 5.441 Thread 0x00007f734c0bd800 2888       2       com.sun.tools.javac.file.RelativePath$RelativeFile::basename (21 bytes)
Event: 5.441 Thread 0x00007f734c0bd800 nmethod 2888 0x00007f733d92cd10 code [0x00007f733d92ce80, 0x00007f733d92d038]
Event: 5.441 Thread 0x00007f734c0bd800 2891       2       com.sun.tools.javac.jvm.ClassReader::defineClass (46 bytes)

GC Heap History (10 events):
Event: 2.150 GC heap after
Heap after GC invocations=5 (full 0):
 PSYoungGen      total 17408K, used 992K [0x00000000f6500000, 0x00000000f8d00000, 0x0000000100000000)
  eden space 16384K, 0% used [0x00000000f6500000,0x00000000f6500000,0x00000000f7500000)
  from space 1024K, 96% used [0x00000000f7500000,0x00000000f75f8020,0x00000000f7600000)
  to   space 4096K, 0% used [0x00000000f8900000,0x00000000f8900000,0x00000000f8d00000)
 ParOldGen       total 20480K, used 6839K [0x00000000e2e00000, 0x00000000e4200000, 0x00000000f6500000)
  object space 20480K, 33% used [0x00000000e2e00000,0x00000000e34adf00,0x00000000e4200000)
 Metaspace       used 10076K, capacity 10228K, committed 10240K, reserved 1058816K
  class space    used 1234K, capacity 1277K, committed 1280K, reserved 1048576K
}
Event: 2.550 GC heap before
{Heap before GC invocations=6 (full 0):
 PSYoungGen      total 17408K, used 17376K [0x00000000f6500000, 0x00000000f8d00000, 0x0000000100000000)
  eden space 16384K, 100% used [0x00000000f6500000,0x00000000f7500000,0x00000000f7500000)
  from space 1024K, 96% used [0x00000000f7500000,0x00000000f75f8020,0x00000000f7600000)
  to   space 4096K, 0% used [0x00000000f8900000,0x00000000f8900000,0x00000000f8d00000)
 ParOldGen       total 20480K, used 6839K [0x00000000e2e00000, 0x00000000e4200000, 0x00000000f6500000)
  object space 20480K, 33% used [0x00000000e2e00000,0x00000000e34adf00,0x00000000e4200000)
 Metaspace       used 11948K, capacity 12136K, committed 12416K, reserved 1060864K
  class space    used 1495K, capacity 1572K, committed 1664K, reserved 1048576K
Event: 2.556 GC heap after
Heap after GC invocations=6 (full 0):
 PSYoungGen      total 36352K, used 3750K [0x00000000f6500000, 0x00000000f8e00000, 0x0000000100000000)
  eden space 32256K, 0% used [0x00000000f6500000,0x00000000f6500000,0x00000000f8480000)
  from space 4096K, 91% used [0x00000000f8900000,0x00000000f8ca9bb0,0x00000000f8d00000)
  to   space 4608K, 0% used [0x00000000f8480000,0x00000000f8480000,0x00000000f8900000)
 ParOldGen       total 20480K, used 6839K [0x00000000e2e00000, 0x00000000e4200000, 0x00000000f6500000)
  object space 20480K, 33% used [0x00000000e2e00000,0x00000000e34adf00,0x00000000e4200000)
 Metaspace       used 11948K, capacity 12136K, committed 12416K, reserved 1060864K
  class space    used 1495K, capacity 1572K, committed 1664K, reserved 1048576K
}
Event: 3.654 GC heap before
{Heap before GC invocations=7 (full 0):
 PSYoungGen      total 36352K, used 36006K [0x00000000f6500000, 0x00000000f8e00000, 0x0000000100000000)
  eden space 32256K, 100% used [0x00000000f6500000,0x00000000f8480000,0x00000000f8480000)
  from space 4096K, 91% used [0x00000000f8900000,0x00000000f8ca9bb0,0x00000000f8d00000)
  to   space 4608K, 0% used [0x00000000f8480000,0x00000000f8480000,0x00000000f8900000)
 ParOldGen       total 20480K, used 6839K [0x00000000e2e00000, 0x00000000e4200000, 0x00000000f6500000)
  object space 20480K, 33% used [0x00000000e2e00000,0x00000000e34adf00,0x00000000e4200000)
 Metaspace       used 15429K, capacity 15638K, committed 15872K, reserved 1062912K
  class space    used 1896K, capacity 1975K, committed 2048K, reserved 1048576K
Event: 3.664 GC heap after
Heap after GC invocations=7 (full 0):
 PSYoungGen      total 36864K, used 4604K [0x00000000f6500000, 0x00000000fb000000, 0x0000000100000000)
  eden space 32256K, 0% used [0x00000000f6500000,0x00000000f6500000,0x00000000f8480000)
  from space 4608K, 99% used [0x00000000f8480000,0x00000000f88ff148,0x00000000f8900000)
  to   space 6144K, 0% used [0x00000000faa00000,0x00000000faa00000,0x00000000fb000000)
 ParOldGen       total 20480K, used 8567K [0x00000000e2e00000, 0x00000000e4200000, 0x00000000f6500000)
  object space 20480K, 41% used [0x00000000e2e00000,0x00000000e365de28,0x00000000e4200000)
 Metaspace       used 15429K, capacity 15638K, committed 15872K, reserved 1062912K
  class space    used 1896K, capacity 1975K, committed 2048K, reserved 1048576K
}
Event: 4.312 GC heap before
{Heap before GC invocations=8 (full 0):
 PSYoungGen      total 36864K, used 36860K [0x00000000f6500000, 0x00000000fb000000, 0x0000000100000000)
  eden space 32256K, 100% used [0x00000000f6500000,0x00000000f8480000,0x00000000f8480000)
  from space 4608K, 99% used [0x00000000f8480000,0x00000000f88ff148,0x00000000f8900000)
  to   space 6144K, 0% used [0x00000000faa00000,0x00000000faa00000,0x00000000fb000000)
 ParOldGen       total 20480K, used 8567K [0x00000000e2e00000, 0x00000000e4200000, 0x00000000f6500000)
  object space 20480K, 41% used [0x00000000e2e00000,0x00000000e365de28,0x00000000e4200000)
 Metaspace       used 16116K, capacity 16434K, committed 16768K, reserved 1064960K
  class space    used 1959K, capacity 2051K, committed 2176K, reserved 1048576K
Event: 4.327 GC heap after
Heap after GC invocations=8 (full 0):
 PSYoungGen      total 70144K, used 5492K [0x00000000f6500000, 0x00000000fb100000, 0x0000000100000000)
  eden space 64000K, 0% used [0x00000000f6500000,0x00000000f6500000,0x00000000fa380000)
  from space 6144K, 89% used [0x00000000faa00000,0x00000000faf5d000,0x00000000fb000000)
  to   space 6656K, 0% used [0x00000000fa380000,0x00000000fa380000,0x00000000faa00000)
 ParOldGen       total 20480K, used 8711K [0x00000000e2e00000, 0x00000000e4200000, 0x00000000f6500000)
  object space 20480K, 42% used [0x00000000e2e00000,0x00000000e3681e28,0x00000000e4200000)
 Metaspace       used 16116K, capacity 16434K, committed 16768K, reserved 1064960K
  class space    used 1959K, capacity 2051K, committed 2176K, reserved 1048576K
}
Event: 5.442 GC heap before
{Heap before GC invocations=9 (full 0):
 PSYoungGen      total 70144K, used 47649K [0x00000000f6500000, 0x00000000fb100000, 0x0000000100000000)
  eden space 64000K, 65% used [0x00000000f6500000,0x00000000f8e2b688,0x00000000fa380000)
  from space 6144K, 89% used [0x00000000faa00000,0x00000000faf5d000,0x00000000fb000000)
  to   space 6656K, 0% used [0x00000000fa380000,0x00000000fa380000,0x00000000faa00000)
 ParOldGen       total 20480K, used 8711K [0x00000000e2e00000, 0x00000000e4200000, 0x00000000f6500000)
  object space 20480K, 42% used [0x00000000e2e00000,0x00000000e3681e28,0x00000000e4200000)
 Metaspace       used 20785K, capacity 21174K, committed 21296K, reserved 1069056K
  class space    used 2534K, capacity 2675K, committed 2688K, reserved 1048576K
Event: 5.474 GC heap after
Heap after GC invocations=9 (full 0):
 PSYoungGen      total 70656K, used 6642K [0x00000000f6500000, 0x00000000fdd00000, 0x0000000100000000)
  eden space 64000K, 0% used [0x00000000f6500000,0x00000000f6500000,0x00000000fa380000)
  from space 6656K, 99% used [0x00000000fa380000,0x00000000fa9fc818,0x00000000faa00000)
  to   space 10240K, 0% used [0x00000000fd300000,0x00000000fd300000,0x00000000fdd00000)
 ParOldGen       total 20480K, used 14981K [0x00000000e2e00000, 0x00000000e4200000, 0x00000000f6500000)
  object space 20480K, 73% used [0x00000000e2e00000,0x00000000e3ca14e0,0x00000000e4200000)
 Metaspace       used 20785K, capacity 21174K, committed 21296K, reserved 1069056K
  class space    used 2534K, capacity 2675K, committed 2688K, reserved 1048576K
}
Event: 5.474 GC heap before
{Heap before GC invocations=10 (full 1):
 PSYoungGen      total 70656K, used 6642K [0x00000000f6500000, 0x00000000fdd00000, 0x0000000100000000)
  eden space 64000K, 0% used [0x00000000f6500000,0x00000000f6500000,0x00000000fa380000)
  from space 6656K, 99% used [0x00000000fa380000,0x00000000fa9fc818,0x00000000faa00000)
  to   space 10240K, 0% used [0x00000000fd300000,0x00000000fd300000,0x00000000fdd00000)
 ParOldGen       total 20480K, used 14981K [0x00000000e2e00000, 0x00000000e4200000, 0x00000000f6500000)
  object space 20480K, 73% used [0x00000000e2e00000,0x00000000e3ca14e0,0x00000000e4200000)
 Metaspace       used 20785K, capacity 21174K, committed 21296K, reserved 1069056K
  class space    used 2534K, capacity 2675K, committed 2688K, reserved 1048576K

Deoptimization events (10 events):
Event: 3.961 Thread 0x00007f734c009800 Uncommon trap: reason=unstable_if action=reinterpret pc=0x00007f733d2c74ec method=java.io.Reader.read()I @ 12
Event: 3.966 Thread 0x00007f734c009800 Uncommon trap: reason=unstable_if action=reinterpret pc=0x00007f733d3014a0 method=java.io.Reader.read()I @ 12
Event: 4.013 Thread 0x00007f734c009800 Uncommon trap: reason=bimorphic action=maybe_recompile pc=0x00007f733d6083a0 method=java.util.regex.Pattern$CharProperty.match(Ljava/util/regex/Matcher;ILjava/lang/CharSequence;)Z @ 37
Event: 4.255 Thread 0x00007f734c009800 Uncommon trap: reason=unstable_if action=reinterpret pc=0x00007f733d7491e0 method=org.apache.maven.model.io.xpp3.MavenXpp3Reader.nextTag(Lorg/codehaus/plexus/util/xml/pull/XmlPullParser;)I @ 9
Event: 4.345 Thread 0x00007f734c009800 Uncommon trap: reason=unstable_if action=reinterpret pc=0x00007f733d5e0584 method=java.lang.String.trim()Ljava/lang/String; @ 63
Event: 4.547 Thread 0x00007f734c009800 Uncommon trap: reason=bimorphic action=maybe_recompile pc=0x00007f733d6083a0 method=java.util.regex.Pattern$CharProperty.match(Ljava/util/regex/Matcher;ILjava/lang/CharSequence;)Z @ 37
Event: 5.049 Thread 0x00007f734c009800 Uncommon trap: reason=class_check action=maybe_recompile pc=0x00007f733d202550 method=sun.misc.URLClassPath.getLoader(I)Lsun/misc/URLClassPath$Loader; @ 94
Event: 5.050 Thread 0x00007f734c009800 Uncommon trap: reason=class_check action=maybe_recompile pc=0x00007f733d202550 method=sun.misc.URLClassPath.getLoader(I)Lsun/misc/URLClassPath$Loader; @ 94
Event: 5.055 Thread 0x00007f734c009800 Uncommon trap: reason=unstable_if action=reinterpret pc=0x00007f733d2c36e8 method=java.nio.charset.CharsetDecoder.decode(Ljava/nio/ByteBuffer;Ljava/nio/CharBuffer;Z)Ljava/nio/charset/CoderResult; @ 1
Event: 5.101 Thread 0x00007f734c009800 Uncommon trap: reason=unstable_if action=reinterpret pc=0x00007f733d720a14 method=java.lang.CharacterData.of(I)Ljava/lang/CharacterData; @ 4

Classes redefined (0 events):
No events

Internal exceptions (10 events):
Event: 3.068 Thread 0x00007f734c009800 Exception <a 'java/lang/NullPointerException'> (0x00000000f70847b0) thrown at [/HUDSON/workspace/8-2-build-linux-amd64/jdk8u152/9742/hotspot/src/share/vm/interpreter/linkResolver.cpp, line 1185]
Event: 3.070 Thread 0x00007f734c009800 Exception <a 'java/lang/NullPointerException'> (0x00000000f7098ff8) thrown at [/HUDSON/workspace/8-2-build-linux-amd64/jdk8u152/9742/hotspot/src/share/vm/interpreter/linkResolver.cpp, line 1185]
Event: 3.070 Thread 0x00007f734c009800 Exception <a 'java/lang/NullPointerException'> (0x00000000f7099210) thrown at [/HUDSON/workspace/8-2-build-linux-amd64/jdk8u152/9742/hotspot/src/share/vm/interpreter/linkResolver.cpp, line 1185]
Event: 3.070 Thread 0x00007f734c009800 Exception <a 'java/lang/NullPointerException'> (0x00000000f7099428) thrown at [/HUDSON/workspace/8-2-build-linux-amd64/jdk8u152/9742/hotspot/src/share/vm/interpreter/linkResolver.cpp, line 1185]
Event: 3.348 Thread 0x00007f734c009800 Implicit null exception at 0x00007f733d396775 to 0x00007f733d396959
Event: 3.348 Thread 0x00007f734c009800 Implicit null exception at 0x00007f733d33a1ef to 0x00007f733d33a259
Event: 3.410 Thread 0x00007f734c009800 Implicit null exception at 0x00007f733d5b56d5 to 0x00007f733d5b5ecd
Event: 4.620 Thread 0x00007f734c009800 Exception <a 'java/lang/ClassNotFoundException': com/sun/tools/javac/api/JavacTool> (0x00000000f7183768) thrown at [/HUDSON/workspace/8-2-build-linux-amd64/jdk8u152/9742/hotspot/src/share/vm/classfile/systemDictionary.cpp, line 210]
Event: 5.306 Thread 0x00007f734c009800 Exception <a 'java/io/FileNotFoundException'> (0x00000000f847ef58) thrown at [/HUDSON/workspace/8-2-build-linux-amd64/jdk8u152/9742/hotspot/src/share/vm/prims/jni.cpp, line 709]
Event: 5.309 Thread 0x00007f734c009800 Exception <a 'java/io/FileNotFoundException'> (0x00000000f84b4140) thrown at [/HUDSON/workspace/8-2-build-linux-amd64/jdk8u152/9742/hotspot/src/share/vm/prims/jni.cpp, line 709]

Events (10 events):
Event: 5.400 Thread 0x00007f734c009800 DEOPT UNPACKING pc=0x00007f733d047633 sp=0x00007f73532d2f28 mode 0
Event: 5.400 Thread 0x00007f734c009800 DEOPT PACKING pc=0x00007f733d905b62 sp=0x00007f73532d3180
Event: 5.400 Thread 0x00007f734c009800 DEOPT UNPACKING pc=0x00007f733d047633 sp=0x00007f73532d2f28 mode 0
Event: 5.401 Thread 0x00007f734c009800 DEOPT PACKING pc=0x00007f733d905b62 sp=0x00007f73532d3180
Event: 5.401 Thread 0x00007f734c009800 DEOPT UNPACKING pc=0x00007f733d047633 sp=0x00007f73532d2f28 mode 0
Event: 5.402 Thread 0x00007f734c009800 DEOPT PACKING pc=0x00007f733d905b62 sp=0x00007f73532d3180
Event: 5.402 Thread 0x00007f734c009800 DEOPT UNPACKING pc=0x00007f733d047633 sp=0x00007f73532d2f28 mode 0
Event: 5.420 loading class com/sun/tools/javac/code/Scope$1
Event: 5.420 loading class com/sun/tools/javac/code/Scope$1 done
Event: 5.441 Executing VM operation: CollectForMetadataAllocation


Dynamic libraries:
00400000-00401000 r-xp 00000000 08:02 941553                             /usr/local/jdk1.8.0_152/bin/java
00600000-00601000 rw-p 00000000 08:02 941553                             /usr/local/jdk1.8.0_152/bin/java
00793000-007b4000 rw-p 00000000 00:00 0                                  [heap]
e2e00000-e4200000 rw-p 00000000 00:00 0 
e4200000-f6500000 ---p 00000000 00:00 0 
f6500000-fdd00000 rw-p 00000000 00:00 0 
fdd00000-100000000 ---p 00000000 00:00 0 
100000000-1002a0000 rw-p 00000000 00:00 0 
1002a0000-140000000 ---p 00000000 00:00 0 
3cfb200000-3cfb207000 r-xp 00000000 08:02 2228679                        /lib64/librt-2.12.so
3cfb207000-3cfb406000 ---p 00007000 08:02 2228679                        /lib64/librt-2.12.so
3cfb406000-3cfb407000 r--p 00006000 08:02 2228679                        /lib64/librt-2.12.so
3cfb407000-3cfb408000 rw-p 00007000 08:02 2228679                        /lib64/librt-2.12.so
3cfd600000-3cfd602000 r-xp 00000000 08:02 2248198                        /lib64/libutil-2.12.so
3cfd602000-3cfd801000 ---p 00002000 08:02 2248198                        /lib64/libutil-2.12.so
3cfd801000-3cfd802000 r--p 00001000 08:02 2248198                        /lib64/libutil-2.12.so
3cfd802000-3cfd803000 rw-p 00002000 08:02 2248198                        /lib64/libutil-2.12.so
3f50e00000-3f50e20000 r-xp 00000000 08:02 2228637                        /lib64/ld-2.12.so
3f5101f000-3f51020000 r--p 0001f000 08:02 2228637                        /lib64/ld-2.12.so
3f51020000-3f51021000 rw-p 00020000 08:02 2228637                        /lib64/ld-2.12.so
3f51021000-3f51022000 rw-p 00000000 00:00 0 
3f51200000-3f51202000 r-xp 00000000 08:02 2228640                        /lib64/libdl-2.12.so
3f51202000-3f51402000 ---p 00002000 08:02 2228640                        /lib64/libdl-2.12.so
3f51402000-3f51403000 r--p 00002000 08:02 2228640                        /lib64/libdl-2.12.so
3f51403000-3f51404000 rw-p 00003000 08:02 2228640                        /lib64/libdl-2.12.so
3f51600000-3f5178b000 r-xp 00000000 08:02 2228638                        /lib64/libc-2.12.so
3f5178b000-3f5198a000 ---p 0018b000 08:02 2228638                        /lib64/libc-2.12.so
3f5198a000-3f5198e000 r--p 0018a000 08:02 2228638                        /lib64/libc-2.12.so
3f5198e000-3f5198f000 rw-p 0018e000 08:02 2228638                        /lib64/libc-2.12.so
3f5198f000-3f51994000 rw-p 00000000 00:00 0 
3f51a00000-3f51a17000 r-xp 00000000 08:02 2228639                        /lib64/libpthread-2.12.so
3f51a17000-3f51c17000 ---p 00017000 08:02 2228639                        /lib64/libpthread-2.12.so
3f51c17000-3f51c18000 r--p 00017000 08:02 2228639                        /lib64/libpthread-2.12.so
3f51c18000-3f51c19000 rw-p 00018000 08:02 2228639                        /lib64/libpthread-2.12.so
3f51c19000-3f51c1d000 rw-p 00000000 00:00 0 
3f52600000-3f52683000 r-xp 00000000 08:02 2228641                        /lib64/libm-2.12.so
3f52683000-3f52882000 ---p 00083000 08:02 2228641                        /lib64/libm-2.12.so
3f52882000-3f52883000 r--p 00082000 08:02 2228641                        /lib64/libm-2.12.so
3f52883000-3f52884000 rw-p 00083000 08:02 2228641                        /lib64/libm-2.12.so
7f72f4000000-7f72f4021000 rw-p 00000000 00:00 0 
7f72f4021000-7f72f8000000 ---p 00000000 00:00 0 
7f72fc000000-7f72fc83f000 rw-p 00000000 00:00 0 
7f72fc83f000-7f7300000000 ---p 00000000 00:00 0 
7f7300000000-7f7300021000 rw-p 00000000 00:00 0 
7f7300021000-7f7304000000 ---p 00000000 00:00 0 
7f7304000000-7f73053bd000 rw-p 00000000 00:00 0 
7f73053bd000-7f7308000000 ---p 00000000 00:00 0 
7f7308000000-7f7309441000 rw-p 00000000 00:00 0 
7f7309441000-7f730c000000 ---p 00000000 00:00 0 
7f730c000000-7f730c021000 rw-p 00000000 00:00 0 
7f730c021000-7f7310000000 ---p 00000000 00:00 0 
7f731216f000-7f7318000000 r--p 00000000 08:02 395394                     /usr/lib/locale/locale-archive
7f7318000000-7f7318021000 rw-p 00000000 00:00 0 
7f7318021000-7f731c000000 ---p 00000000 00:00 0 
7f731c000000-7f731c021000 rw-p 00000000 00:00 0 
7f731c021000-7f7320000000 ---p 00000000 00:00 0 
7f7320000000-7f7320021000 rw-p 00000000 00:00 0 
7f7320021000-7f7324000000 ---p 00000000 00:00 0 
7f7324000000-7f73242d0000 rw-p 00000000 00:00 0 
7f73242d0000-7f7328000000 ---p 00000000 00:00 0 
7f7328000000-7f7328021000 rw-p 00000000 00:00 0 
7f7328021000-7f732c000000 ---p 00000000 00:00 0 
7f7330000000-7f7330021000 rw-p 00000000 00:00 0 
7f7330021000-7f7334000000 ---p 00000000 00:00 0 
7f7336241000-7f7336698000 rw-p 00000000 00:00 0 
7f7336698000-7f733686c000 ---p 00000000 00:00 0 
7f7336a5d000-7f7336a61000 r--s 00038000 08:02 2362830                    /root/.m2/repository/ch/ethz/ssh2/ganymed-ssh2/1.0/ganymed-ssh2-1.0.jar
7f7336a61000-7f7336c61000 rw-p 00000000 00:00 0 
7f7336c61000-7f7336cdb000 r--s 010f8000 08:02 941681                     /usr/local/jdk1.8.0_152/lib/tools.jar
7f7336cdb000-7f7336cde000 r--s 0001b000 08:02 2361650                    /root/.m2/repository/junit/junit/3.8.2/junit-3.8.2.jar
7f7336cde000-7f7336cec000 r--s 0008f000 08:02 2249050                    /root/.m2/repository/com/google/collections/google-collections/1.0/google-collections-1.0.jar
7f7336cec000-7f7336ced000 r--s 0000a000 08:02 2361647                    /root/.m2/repository/commons-logging/commons-logging-api/1.1/commons-logging-api-1.1.jar
7f7336ced000-7f7336cf4000 r--s 00051000 08:02 2361636                    /root/.m2/repository/log4j/log4j/1.2.12/log4j-1.2.12.jar
7f7336cf4000-7f7336cf8000 r--s 0001d000 08:02 1860375                    /root/.m2/repository/org/apache/xbean/xbean-reflect/3.4/xbean-reflect-3.4.jar
7f7336cf8000-7f7336cf9000 r--s 00004000 08:02 2361642                    /root/.m2/repository/org/codehaus/plexus/plexus-compiler-javac/2.2/plexus-compiler-javac-2.2.jar
7f7336cf9000-7f7336cfb000 r--s 00000000 08:02 2361641                    /root/.m2/repository/org/codehaus/plexus/plexus-compiler-manager/2.2/plexus-compiler-manager-2.2.jar
7f7336cfb000-7f7336cfd000 r--s 00005000 08:02 2361633                    /root/.m2/repository/org/codehaus/plexus/plexus-compiler-api/2.2/plexus-compiler-api-2.2.jar
7f7336cfd000-7f7336cff000 r--s 00000000 08:02 2361637                    /root/.m2/repository/org/codehaus/plexus/plexus-component-annotations/1.5.5/plexus-component-annotations-1.5.5.jar
7f7336cff000-7f7336d01000 r--s 00002000 08:02 2361635                    /root/.m2/repository/org/apache/maven/shared/maven-shared-incremental/1.1/maven-shared-incremental-1.1.jar
7f7336d01000-7f7336d03000 r--s 00006000 08:02 2099684                    /root/.m2/repository/com/google/code/findbugs/jsr305/2.0.1/jsr305-2.0.1.jar
7f7336d03000-7f7336d06000 r--s 00023000 08:02 2249048                    /root/.m2/repository/org/apache/maven/shared/maven-shared-utils/0.1/maven-shared-utils-0.1.jar
7f7336d06000-7f7336d0a000 r--s 00030000 08:02 2005510                    /root/.m2/repository/org/codehaus/plexus/plexus-utils/1.5.1/plexus-utils-1.5.1.jar
7f7336d0a000-7f7336d0c000 r--s 00009000 08:02 2249029                    /root/.m2/repository/org/apache/maven/plugins/maven-compiler-plugin/3.1/maven-compiler-plugin-3.1.jar
7f7336d0c000-7f7336f0c000 rw-p 00000000 00:00 0 
7f7336f0c000-7f7336f0e000 r--s 0000d000 08:02 2249002                    /root/.m2/repository/org/codehaus/plexus/plexus-interpolation/1.13/plexus-interpolation-1.13.jar
7f7336f0e000-7f7336f10000 r--s 00009000 08:02 2249000                    /root/.m2/repository/org/apache/maven/shared/maven-filtering/1.1/maven-filtering-1.1.jar
7f7336f10000-7f7336f14000 r--s 00033000 08:02 2005474                    /root/.m2/repository/org/codehaus/plexus/plexus-utils/2.0.5/plexus-utils-2.0.5.jar
7f7336f14000-7f7336f17000 r--s 0001b000 08:02 2361150                    /root/.m2/repository/junit/junit/3.8.1/junit-3.8.1.jar
7f7336f17000-7f7336f19000 r--s 00002000 08:02 2099840                    /root/.m2/repository/org/codehaus/plexus/plexus-interactivity-api/1.0-alpha-4/plexus-interactivity-api-1.0-alpha-4.jar
7f7336f19000-7f7336f1b000 r--s 00006000 08:02 2361136                    /root/.m2/repository/commons-cli/commons-cli/1.0/commons-cli-1.0.jar
7f7336f1b000-7f7336f1c000 r--s 00001000 08:02 2361133                    /root/.m2/repository/org/apache/maven/doxia/doxia-sink-api/1.0-alpha-7/doxia-sink-api-1.0-alpha-7.jar
7f7336f1c000-7f7336f1d000 r--s 00002000 08:02 2361130                    /root/.m2/repository/org/apache/maven/reporting/maven-reporting-api/2.0.6/maven-reporting-api-2.0.6.jar
7f7336f1d000-7f7336f1f000 r--s 00006000 08:02 2099754                    /root/.m2/repository/org/apache/maven/plugins/maven-resources-plugin/2.6/maven-resources-plugin-2.6.jar
7f7336f1f000-7f7336f23000 r--s 00034000 08:02 2004410                    /root/.m2/repository/org/codehaus/plexus/plexus-utils/3.0/plexus-utils-3.0.jar
7f7336f23000-7f7336f25000 r--s 00005000 08:02 1719665                    /root/.m2/repository/org/apache/maven/plugins/maven-clean-plugin/2.5/maven-clean-plugin-2.5.jar
7f7336f25000-7f7336f36000 r-xp 00000000 08:02 1861618                    /usr/local/jdk1.8.0_152/jre/lib/amd64/libnio.so
7f7336f36000-7f7337135000 ---p 00011000 08:02 1861618                    /usr/local/jdk1.8.0_152/jre/lib/amd64/libnio.so
7f7337135000-7f7337136000 rw-p 00010000 08:02 1861618                    /usr/local/jdk1.8.0_152/jre/lib/amd64/libnio.so
7f7337136000-7f733714c000 r-xp 00000000 08:02 1861615                    /usr/local/jdk1.8.0_152/jre/lib/amd64/libnet.so
7f733714c000-7f733734c000 ---p 00016000 08:02 1861615                    /usr/local/jdk1.8.0_152/jre/lib/amd64/libnet.so
7f733734c000-7f733734d000 rw-p 00016000 08:02 1861615                    /usr/local/jdk1.8.0_152/jre/lib/amd64/libnet.so
7f733734d000-7f733754d000 rw-p 00000000 00:00 0 
7f733754d000-7f7337552000 r--s 0009a000 08:02 1219390                    /usr/local/jdk1.8.0_152/jre/lib/jsse.jar
7f7337552000-7f7337752000 rw-p 00000000 00:00 0 
7f7337752000-7f7337952000 rw-p 00000000 00:00 0 
7f7337952000-7f7337954000 r--s 0000c000 08:02 1581100                    /root/.jenkins/tools/hudson.tasks.Maven_MavenInstallation/M3/lib/wagon-provider-api-2.12.jar
7f7337954000-7f7337958000 r--s 00028000 08:02 1581012                    /root/.jenkins/tools/hudson.tasks.Maven_MavenInstallation/M3/lib/maven-model-builder-3.5.2.jar
7f7337958000-7f733795a000 r--s 00009000 08:02 1581076                    /root/.jenkins/tools/hudson.tasks.Maven_MavenInstallation/M3/lib/maven-resolver-connector-basic-1.1.0.jar
7f733795a000-7f733795d000 r-xp 00000000 08:02 1581095                    /root/.jenkins/tools/hudson.tasks.Maven_MavenInstallation/M3/lib/jansi-native/linux64/libjansi.so
7f733795d000-7f7337b5c000 ---p 00003000 08:02 1581095                    /root/.jenkins/tools/hudson.tasks.Maven_MavenInstallation/M3/lib/jansi-native/linux64/libjansi.so
7f7337b5c000-7f7337b5d000 rw-p 00002000 08:02 1581095                    /root/.jenkins/tools/hudson.tasks.Maven_MavenInstallation/M3/lib/jansi-native/linux64/libjansi.so
7f7337b5d000-7f7337b5f000 r--s 0000c000 08:02 1581030                    /root/.jenkins/tools/hudson.tasks.Maven_MavenInstallation/M3/lib/commons-cli-1.4.jar
7f7337b5f000-7f7337b60000 r--s 00002000 08:02 1581069                    /root/.jenkins/tools/hudson.tasks.Maven_MavenInstallation/M3/lib/wagon-file-2.12.jar
7f7337b60000-7f7337b62000 r--s 0000f000 08:02 1581061                    /root/.jenkins/tools/hudson.tasks.Maven_MavenInstallation/M3/lib/maven-resolver-provider-3.5.2.jar
7f7337b62000-7f7337b63000 r--s 00003000 08:02 1581023                    /root/.jenkins/tools/hudson.tasks.Maven_MavenInstallation/M3/lib/maven-builder-support-3.5.2.jar
7f7337b63000-7f7337b67000 r--s 00020000 08:02 1581047                    /root/.jenkins/tools/hudson.tasks.Maven_MavenInstallation/M3/lib/maven-resolver-api-1.1.0.jar
7f7337b67000-7f7337bfc000 r--s 01113000 08:02 1347970                    /usr/local/jdk1.8.0_152/jre/lib/ext/jfxrt.jar
7f7337bfc000-7f7337bfd000 ---p 00000000 00:00 0 
7f7337bfd000-7f7337cfd000 rw-p 00000000 00:00 0 
7f7337cfd000-7f7337d00000 ---p 00000000 00:00 0 
7f7337d00000-7f7337dfe000 rw-p 00000000 00:00 0 
7f7337dfe000-7f7337e01000 ---p 00000000 00:00 0 
7f7337e01000-7f7337eff000 rw-p 00000000 00:00 0 
7f7337eff000-7f7337f02000 ---p 00000000 00:00 0 
7f7337f02000-7f7338000000 rw-p 00000000 00:00 0 
7f7338000000-7f7338021000 rw-p 00000000 00:00 0 
7f7338021000-7f733c000000 ---p 00000000 00:00 0 
7f733c000000-7f733c001000 rw-p 00000000 00:00 0 
7f733c001000-7f733c004000 r--s 00011000 08:02 1581094                    /root/.jenkins/tools/hudson.tasks.Maven_MavenInstallation/M3/lib/plexus-interpolation-1.24.jar
7f733c004000-7f733c005000 r--s 00001000 08:02 1581046                    /root/.jenkins/tools/hudson.tasks.Maven_MavenInstallation/M3/lib/jsr250-api-1.0.jar
7f733c005000-7f733c009000 r--s 00023000 08:02 1581035                    /root/.jenkins/tools/hudson.tasks.Maven_MavenInstallation/M3/lib/maven-resolver-util-1.1.0.jar
7f733c009000-7f733c035000 r--s 001e6000 08:02 1581052                    /root/.jenkins/tools/hudson.tasks.Maven_MavenInstallation/M3/lib/wagon-http-2.12-shaded.jar
7f733c035000-7f733c037000 r--s 00000000 08:02 1581040                    /root/.jenkins/tools/hudson.tasks.Maven_MavenInstallation/M3/lib/aopalliance-1.0.jar
7f733c037000-7f733c039000 r--s 00002000 08:02 1581018                    /root/.jenkins/tools/hudson.tasks.Maven_MavenInstallation/M3/lib/plexus-cipher-1.7.jar
7f733c039000-7f733c03b000 r--s 0000c000 08:02 1581064                    /root/.jenkins/tools/hudson.tasks.Maven_MavenInstallation/M3/lib/maven-artifact-3.5.2.jar
7f733c03b000-7f733c03e000 r--s 00025000 08:02 1581019                    /root/.jenkins/tools/hudson.tasks.Maven_MavenInstallation/M3/lib/maven-shared-utils-3.1.0.jar
7f733c03e000-7f733c041000 r--s 00008000 08:02 1581057                    /root/.jenkins/tools/hudson.tasks.Maven_MavenInstallation/M3/lib/cdi-api-1.0.jar
7f733c041000-7f733c043000 r--s 00009000 08:02 1581097                    /root/.jenkins/tools/hudson.tasks.Maven_MavenInstallation/M3/lib/maven-settings-builder-3.5.2.jar
7f733c043000-7f733c046000 r--s 0003c000 08:02 1580995                    /root/.jenkins/tools/hudson.tasks.Maven_MavenInstallation/M3/lib/jansi-1.16.jar
7f733c046000-7f733c04c000 r--s 00041000 08:02 1581070                    /root/.jenkins/tools/hudson.tasks.Maven_MavenInstallation/M3/lib/maven-compat-3.5.2.jar
7f733c04c000-7f733c04f000 ---p 00000000 00:00 0 
7f733c04f000-7f733c14d000 rw-p 00000000 00:00 0 
7f733c14d000-7f733c150000 ---p 00000000 00:00 0 
7f733c150000-7f733c24e000 rw-p 00000000 00:00 0 
7f733c24e000-7f733c251000 ---p 00000000 00:00 0 
7f733c251000-7f733c34f000 rw-p 00000000 00:00 0 
7f733c34f000-7f733c352000 ---p 00000000 00:00 0 
7f733c352000-7f733c450000 rw-p 00000000 00:00 0 
7f733c450000-7f733c451000 ---p 00000000 00:00 0 
7f733c451000-7f733d000000 rw-p 00000000 00:00 0 
7f733d000000-7f733d930000 rwxp 00000000 00:00 0 
7f733d930000-7f734c000000 ---p 00000000 00:00 0 
7f734c000000-7f734d16a000 rw-p 00000000 00:00 0 
7f734d16a000-7f7350000000 ---p 00000000 00:00 0 
7f7350000000-7f7350003000 r--s 00015000 08:02 1581092                    /root/.jenkins/tools/hudson.tasks.Maven_MavenInstallation/M3/lib/maven-embedder-3.5.2.jar
7f7350003000-7f7350005000 r--s 00006000 08:02 1581105                    /root/.jenkins/tools/hudson.tasks.Maven_MavenInstallation/M3/lib/maven-resolver-transport-wagon-1.1.0.jar
7f7350005000-7f735000d000 r--s 0006e000 08:02 1581045                    /root/.jenkins/tools/hudson.tasks.Maven_MavenInstallation/M3/lib/commons-lang3-3.5.jar
7f735000d000-7f7350011000 r--s 0003c000 08:02 1580991                    /root/.jenkins/tools/hudson.tasks.Maven_MavenInstallation/M3/lib/plexus-utils-3.1.0.jar
7f7350011000-7f7350017000 r--s 0002d000 08:02 1581080                    /root/.jenkins/tools/hudson.tasks.Maven_MavenInstallation/M3/lib/org.eclipse.sisu.plexus-0.3.3.jar
7f7350017000-7f7350018000 r--s 00006000 08:02 1581101                    /root/.jenkins/tools/hudson.tasks.Maven_MavenInstallation/M3/lib/plexus-sec-dispatcher-1.4.jar
7f7350018000-7f735001b000 r--s 00026000 08:02 1580994                    /root/.jenkins/tools/hudson.tasks.Maven_MavenInstallation/M3/lib/maven-model-3.5.2.jar
7f735001b000-7f735001d000 r--s 0000a000 08:02 1581044                    /root/.jenkins/tools/hudson.tasks.Maven_MavenInstallation/M3/lib/maven-plugin-api-3.5.2.jar
7f735001d000-7f735002a000 r--s 0008d000 08:02 1581087                    /root/.jenkins/tools/hudson.tasks.Maven_MavenInstallation/M3/lib/maven-core-3.5.2.jar
7f735002a000-7f735002e000 r--s 0002a000 08:02 1581014                    /root/.jenkins/tools/hudson.tasks.Maven_MavenInstallation/M3/lib/maven-resolver-impl-1.1.0.jar
7f735002e000-7f7350035000 r--s 00056000 08:02 1580996                    /root/.jenkins/tools/hudson.tasks.Maven_MavenInstallation/M3/lib/org.eclipse.sisu.inject-0.3.3.jar
7f7350035000-7f735003e000 r--s 0005f000 08:02 1581099                    /root/.jenkins/tools/hudson.tasks.Maven_MavenInstallation/M3/lib/guice-4.0-no_aop.jar
7f735003e000-7f735003f000 r--s 00006000 08:02 1581029                    /root/.jenkins/tools/hudson.tasks.Maven_MavenInstallation/M3/lib/maven-repository-metadata-3.5.2.jar
7f735003f000-7f7350041000 r--s 00000000 08:02 1581075                    /root/.jenkins/tools/hudson.tasks.Maven_MavenInstallation/M3/lib/plexus-component-annotations-1.7.1.jar
7f7350041000-7f7350042000 r--s 00000000 08:02 1581041                    /root/.jenkins/tools/hudson.tasks.Maven_MavenInstallation/M3/lib/javax.inject-1.jar
7f7350042000-7f7350046000 r--s 0002f000 08:02 1581083                    /root/.jenkins/tools/hudson.tasks.Maven_MavenInstallation/M3/lib/commons-io-2.5.jar
7f7350046000-7f7350075000 r--s 00226000 08:02 1581009                    /root/.jenkins/tools/hudson.tasks.Maven_MavenInstallation/M3/lib/guava-20.0.jar
7f7350075000-7f7350076000 r--s 0000a000 08:02 1581049                    /root/.jenkins/tools/hudson.tasks.Maven_MavenInstallation/M3/lib/maven-settings-3.5.2.jar
7f7350076000-7f7350078000 r--s 00007000 08:02 1581056                    /root/.jenkins/tools/hudson.tasks.Maven_MavenInstallation/M3/lib/maven-resolver-spi-1.1.0.jar
7f7350078000-7f735007a000 r--s 00009000 08:02 1581032                    /root/.jenkins/tools/hudson.tasks.Maven_MavenInstallation/M3/lib/slf4j-api-1.7.25.jar
7f735007a000-7f73505ce000 rw-p 00000000 00:00 0 
7f73505ce000-7f73507a8000 r--s 03d5f000 08:02 1219351                    /usr/local/jdk1.8.0_152/jre/lib/rt.jar
7f73507a8000-7f735201a000 rw-p 00000000 00:00 0 
7f735201a000-7f735201b000 ---p 00000000 00:00 0 
7f735201b000-7f735211b000 rw-p 00000000 00:00 0 
7f735211b000-7f735211c000 ---p 00000000 00:00 0 
7f735211c000-7f735221c000 rw-p 00000000 00:00 0 
7f735221c000-7f735221d000 ---p 00000000 00:00 0 
7f735221d000-7f735231d000 rw-p 00000000 00:00 0 
7f735231d000-7f735231e000 ---p 00000000 00:00 0 
7f735231e000-7f7352428000 rw-p 00000000 00:00 0 
7f7352428000-7f73524ba000 ---p 00000000 00:00 0 
7f73524ba000-7f73524c4000 rw-p 00000000 00:00 0 
7f73524c4000-7f7352555000 ---p 00000000 00:00 0 
7f7352555000-7f7352592000 rw-p 00000000 00:00 0 
7f7352592000-7f73525a3000 ---p 00000000 00:00 0 
7f73525a3000-7f73525c9000 rw-p 00000000 00:00 0 
7f73525c9000-7f7352964000 ---p 00000000 00:00 0 
7f7352964000-7f735297f000 r-xp 00000000 08:02 1861611                    /usr/local/jdk1.8.0_152/jre/lib/amd64/libzip.so
7f735297f000-7f7352b7f000 ---p 0001b000 08:02 1861611                    /usr/local/jdk1.8.0_152/jre/lib/amd64/libzip.so
7f7352b7f000-7f7352b80000 rw-p 0001b000 08:02 1861611                    /usr/local/jdk1.8.0_152/jre/lib/amd64/libzip.so
7f7352b80000-7f7352b8c000 r-xp 00000000 08:02 2228254                    /lib64/libnss_files-2.12.so
7f7352b8c000-7f7352d8c000 ---p 0000c000 08:02 2228254                    /lib64/libnss_files-2.12.so
7f7352d8c000-7f7352d8d000 r--p 0000c000 08:02 2228254                    /lib64/libnss_files-2.12.so
7f7352d8d000-7f7352d8e000 rw-p 0000d000 08:02 2228254                    /lib64/libnss_files-2.12.so
7f7352d8e000-7f7352d8f000 r--s 00001000 08:02 2361143                    /root/.m2/repository/org/sonatype/plexus/plexus-build-api/0.0.4/plexus-build-api-0.0.4.jar
7f7352d8f000-7f7352d91000 r--s 00003000 08:02 1581068                    /root/.jenkins/tools/hudson.tasks.Maven_MavenInstallation/M3/lib/jcl-over-slf4j-1.7.25.jar
7f7352d91000-7f7352d9b000 rw-p 00000000 00:00 0 
7f7352d9b000-7f7352dc6000 r-xp 00000000 08:02 1861605                    /usr/local/jdk1.8.0_152/jre/lib/amd64/libjava.so
7f7352dc6000-7f7352fc5000 ---p 0002b000 08:02 1861605                    /usr/local/jdk1.8.0_152/jre/lib/amd64/libjava.so
7f7352fc5000-7f7352fc7000 rw-p 0002a000 08:02 1861605                    /usr/local/jdk1.8.0_152/jre/lib/amd64/libjava.so
7f7352fc7000-7f7352fd4000 r-xp 00000000 08:02 1861610                    /usr/local/jdk1.8.0_152/jre/lib/amd64/libverify.so
7f7352fd4000-7f73531d4000 ---p 0000d000 08:02 1861610                    /usr/local/jdk1.8.0_152/jre/lib/amd64/libverify.so
7f73531d4000-7f73531d6000 rw-p 0000d000 08:02 1861610                    /usr/local/jdk1.8.0_152/jre/lib/amd64/libverify.so
7f73531d6000-7f73531d9000 ---p 00000000 00:00 0 
7f73531d9000-7f73532d7000 rw-p 00000000 00:00 0 
7f73532d7000-7f7353faf000 r-xp 00000000 08:02 2006142                    /usr/local/jdk1.8.0_152/jre/lib/amd64/server/libjvm.so
7f7353faf000-7f73541ae000 ---p 00cd8000 08:02 2006142                    /usr/local/jdk1.8.0_152/jre/lib/amd64/server/libjvm.so
7f73541ae000-7f7354288000 rw-p 00cd7000 08:02 2006142                    /usr/local/jdk1.8.0_152/jre/lib/amd64/server/libjvm.so
7f7354288000-7f73542d7000 rw-p 00000000 00:00 0 
7f73542d7000-7f73542ed000 r-xp 00000000 08:02 942792                     /usr/local/jdk1.8.0_152/lib/amd64/jli/libjli.so
7f73542ed000-7f73544ec000 ---p 00016000 08:02 942792                     /usr/local/jdk1.8.0_152/lib/amd64/jli/libjli.so
7f73544ec000-7f73544ed000 rw-p 00015000 08:02 942792                     /usr/local/jdk1.8.0_152/lib/amd64/jli/libjli.so
7f73544ed000-7f73544ee000 rw-p 00000000 00:00 0 
7f73544ee000-7f73544ef000 r--s 00005000 08:02 1581106                    /root/.jenkins/tools/hudson.tasks.Maven_MavenInstallation/M3/lib/maven-slf4j-provider-3.5.2.jar
7f73544ef000-7f73544f1000 r--s 0000b000 08:02 1581084                    /root/.jenkins/tools/hudson.tasks.Maven_MavenInstallation/M3/boot/plexus-classworlds-2.5.2.jar
7f73544f1000-7f73544f9000 rw-s 00000000 08:02 693154                     /tmp/hsperfdata_root/6853
7f73544f9000-7f73544fa000 rw-p 00000000 00:00 0 
7f73544fa000-7f73544fb000 ---p 00000000 00:00 0 
7f73544fb000-7f73544fc000 rw-p 00000000 00:00 0 
7ffff0c8d000-7ffff0ca3000 rw-p 00000000 00:00 0                          [stack]
7ffff0d3a000-7ffff0d3b000 r-xp 00000000 00:00 0                          [vdso]
ffffffffff600000-ffffffffff601000 r-xp 00000000 00:00 0                  [vsyscall]

VM Arguments:
jvm_args: -Dclassworlds.conf=/root/.jenkins/tools/hudson.tasks.Maven_MavenInstallation/M3/bin/m2.conf -Dmaven.home=/root/.jenkins/tools/hudson.tasks.Maven_MavenInstallation/M3 -Dlibrary.jansi.path=/root/.jenkins/tools/hudson.tasks.Maven_MavenInstallation/M3/lib/jansi-native -Dmaven.multiModuleProjectDirectory=/root/autocheck 
java_command: org.codehaus.plexus.classworlds.launcher.Launcher -Dmaven.test.failure.ignore clean package
java_class_path (initial): /root/.jenkins/tools/hudson.tasks.Maven_MavenInstallation/M3/boot/plexus-classworlds-2.5.2.jar
Launcher Type: SUN_STANDARD

Environment Variables:
JAVA_HOME=/usr/local/jdk1.8.0_152
PATH=/usr/lib64/qt-3.3/bin:/usr/local/sbin:/usr/local/bin:/sbin:/bin:/usr/sbin:/usr/bin:/usr/local/jdk1.8.0_152/bin:/root/.jenkins/tools/hudson.tasks.Maven_MavenInstallation/M3/bin:/usr/local/mysql-5.7.20/bin:/usr/local/libxml2-2.9.5/bin:/usr/local/httpd-2.4.29/bin
LD_LIBRARY_PATH=/usr/local/libxml2-2.9.5/lib:/usr/local/gmp-4.3.2/lib:/usr/local/mpc-0.8.1/lib:/usr/local/mpfr-2.4.2/lib:/usr/local/isl-0.18/lib:/usr/local/boost_1_65_1/lib:/usr/local/gcc-5.5.0/lib64:/usr/local/mysql-5.7.20/lib:/usr/local/apr-1.6.3/lib:/usr/local/apr-util-1.6.1/lib:/usr/local/pcre-8.40/lib
SHELL=/bin/bash

Signal Handlers:
SIGSEGV: [libjvm.so+0xacfec0], sa_mask[0]=11111111011111111101111111111110, sa_flags=SA_RESTART|SA_SIGINFO
SIGBUS: [libjvm.so+0xacfec0], sa_mask[0]=11111111011111111101111111111110, sa_flags=SA_RESTART|SA_SIGINFO
SIGFPE: [libjvm.so+0x927e60], sa_mask[0]=11111111011111111101111111111110, sa_flags=SA_RESTART|SA_SIGINFO
SIGPIPE: [libjvm.so+0x927e60], sa_mask[0]=11111111011111111101111111111110, sa_flags=SA_RESTART|SA_SIGINFO
SIGXFSZ: [libjvm.so+0x927e60], sa_mask[0]=11111111011111111101111111111110, sa_flags=SA_RESTART|SA_SIGINFO
SIGILL: [libjvm.so+0x927e60], sa_mask[0]=11111111011111111101111111111110, sa_flags=SA_RESTART|SA_SIGINFO
SIGUSR1: SIG_DFL, sa_mask[0]=00000000000000000000000000000000, sa_flags=none
SIGUSR2: [libjvm.so+0x9296a0], sa_mask[0]=00100000000000000000000000000000, sa_flags=SA_RESTART|SA_SIGINFO
SIGHUP: SIG_IGN, sa_mask[0]=00000000000000000000000000000000, sa_flags=none
SIGINT: SIG_IGN, sa_mask[0]=00000000000000000000000000000000, sa_flags=none
SIGTERM: [libjvm.so+0x92aaa0], sa_mask[0]=11111111011111111101111111111110, sa_flags=SA_RESTART|SA_SIGINFO
SIGQUIT: [libjvm.so+0x92aaa0], sa_mask[0]=11111111011111111101111111111110, sa_flags=SA_RESTART|SA_SIGINFO


---------------  S Y S T E M  ---------------

OS:Red Hat Enterprise Linux Server release 6.5 (Santiago)

uname:Linux 2.6.32-431.el6.x86_64 #1 SMP Sun Nov 10 22:19:54 EST 2013 x86_64
libc:glibc 2.12 NPTL 2.12 
rlimit: STACK 10240k, CORE 0k, NPROC 14735, NOFILE 4096, AS infinity
load average:0.49 0.24 0.20

/proc/meminfo:
MemTotal:        1906552 kB
MemFree:          726836 kB
Buffers:           43196 kB
Cached:           261332 kB
SwapCached:            0 kB
Active:           923660 kB
Inactive:         152008 kB
Active(anon):     771360 kB
Inactive(anon):      272 kB
Active(file):     152300 kB
Inactive(file):   151736 kB
Unevictable:           0 kB
Mlocked:               0 kB
SwapTotal:       4194296 kB
SwapFree:        4194296 kB
Dirty:               492 kB
Writeback:             0 kB
AnonPages:        750768 kB
Mapped:            43428 kB
Shmem:               496 kB
Slab:              55008 kB
SReclaimable:      25724 kB
SUnreclaim:        29284 kB
KernelStack:        3144 kB
PageTables:         9244 kB
NFS_Unstable:          0 kB
Bounce:                0 kB
WritebackTmp:          0 kB
CommitLimit:     5147572 kB
Committed_AS:    2024800 kB
VmallocTotal:   34359738367 kB
VmallocUsed:      157988 kB
VmallocChunk:   34359574000 kB
HardwareCorrupted:     0 kB
AnonHugePages:    489472 kB
HugePages_Total:       0
HugePages_Free:        0
HugePages_Rsvd:        0
HugePages_Surp:        0
Hugepagesize:       2048 kB
DirectMap4k:       10240 kB
DirectMap2M:     2086912 kB


CPU:total 4 (initial active 4) (4 cores per cpu, 1 threads per core) family 6 model 58 stepping 9, cmov, cx8, fxsr, mmx, sse, sse2, sse3, ssse3, sse4.1, sse4.2, popcnt, avx, aes, clmul, erms, tsc, tscinvbit, tscinv

/proc/cpuinfo:
processor	: 0
vendor_id	: GenuineIntel
cpu family	: 6
model		: 58
model name	: Intel(R) Core(TM) i5-3210M CPU @ 2.50GHz
stepping	: 9
cpu MHz		: 2494.370
cache size	: 3072 KB
physical id	: 0
siblings	: 4
core id		: 0
cpu cores	: 4
apicid		: 0
initial apicid	: 0
fpu		: yes
fpu_exception	: yes
cpuid level	: 13
wp		: yes
flags		: fpu vme de pse tsc msr pae mce cx8 apic sep mtrr pge mca cmov pat pse36 clflush dts mmx fxsr sse sse2 ss ht syscall nx rdtscp lm constant_tsc arch_perfmon pebs bts xtopology tsc_reliable nonstop_tsc aperfmperf unfair_spinlock pni pclmulqdq ssse3 cx16 pcid sse4_1 sse4_2 x2apic popcnt tsc_deadline_timer aes xsave avx f16c rdrand hypervisor lahf_lm ida arat epb pln pts dts fsgsbase smep
bogomips	: 4988.74
clflush size	: 64
cache_alignment	: 64
address sizes	: 42 bits physical, 48 bits virtual
power management:

processor	: 1
vendor_id	: GenuineIntel
cpu family	: 6
model		: 58
model name	: Intel(R) Core(TM) i5-3210M CPU @ 2.50GHz
stepping	: 9
cpu MHz		: 2494.370
cache size	: 3072 KB
physical id	: 0
siblings	: 4
core id		: 1
cpu cores	: 4
apicid		: 1
initial apicid	: 1
fpu		: yes
fpu_exception	: yes
cpuid level	: 13
wp		: yes
flags		: fpu vme de pse tsc msr pae mce cx8 apic sep mtrr pge mca cmov pat pse36 clflush dts mmx fxsr sse sse2 ss ht syscall nx rdtscp lm constant_tsc arch_perfmon pebs bts xtopology tsc_reliable nonstop_tsc aperfmperf unfair_spinlock pni pclmulqdq ssse3 cx16 pcid sse4_1 sse4_2 x2apic popcnt tsc_deadline_timer aes xsave avx f16c rdrand hypervisor lahf_lm ida arat epb pln pts dts fsgsbase smep
bogomips	: 4988.74
clflush size	: 64
cache_alignment	: 64
address sizes	: 42 bits physical, 48 bits virtual
power management:

processor	: 2
vendor_id	: GenuineIntel
cpu family	: 6
model		: 58
model name	: Intel(R) Core(TM) i5-3210M CPU @ 2.50GHz
stepping	: 9
cpu MHz		: 2494.370
cache size	: 3072 KB
physical id	: 0
siblings	: 4
core id		: 2
cpu cores	: 4
apicid		: 2
initial apicid	: 2
fpu		: yes
fpu_exception	: yes
cpuid level	: 13
wp		: yes
flags		: fpu vme de pse tsc msr pae mce cx8 apic sep mtrr pge mca cmov pat pse36 clflush dts mmx fxsr sse sse2 ss ht syscall nx rdtscp lm constant_tsc arch_perfmon pebs bts xtopology tsc_reliable nonstop_tsc aperfmperf unfair_spinlock pni pclmulqdq ssse3 cx16 pcid sse4_1 sse4_2 x2apic popcnt tsc_deadline_timer aes xsave avx f16c rdrand hypervisor lahf_lm ida arat epb pln pts dts fsgsbase smep
bogomips	: 4988.74
clflush size	: 64
cache_alignment	: 64
address sizes	: 42 bits physical, 48 bits virtual
power management:

processor	: 3
vendor_id	: GenuineIntel
cpu family	: 6
model		: 58
model name	: Intel(R) Core(TM) i5-3210M CPU @ 2.50GHz
stepping	: 9
cpu MHz		: 2494.370
cache size	: 3072 KB
physical id	: 0
siblings	: 4
core id		: 3
cpu cores	: 4
apicid		: 3
initial apicid	: 3
fpu		: yes
fpu_exception	: yes
cpuid level	: 13
wp		: yes
flags		: fpu vme de pse tsc msr pae mce cx8 apic sep mtrr pge mca cmov pat pse36 clflush dts mmx fxsr sse sse2 ss ht syscall nx rdtscp lm constant_tsc arch_perfmon pebs bts xtopology tsc_reliable nonstop_tsc aperfmperf unfair_spinlock pni pclmulqdq ssse3 cx16 pcid sse4_1 sse4_2 x2apic popcnt tsc_deadline_timer aes xsave avx f16c rdrand hypervisor lahf_lm ida arat epb pln pts dts fsgsbase smep
bogomips	: 4988.74
clflush size	: 64
cache_alignment	: 64
address sizes	: 42 bits physical, 48 bits virtual
power management:



Memory: 4k page, physical 1906552k(726836k free), swap 4194296k(4194296k free)

vm_info: Java HotSpot(TM) 64-Bit Server VM (25.152-b16) for linux-amd64 JRE (1.8.0_152-b16), built on Sep 14 2017 02:16:14 by "java_re" with gcc 4.3.0 20080428 (Red Hat 4.3.0-8)

time: Wed Jan 17 18:54:28 2018
elapsed time: 5 seconds (0d 0h 0m 5s)

