#
# A fatal error has been detected by the Java Runtime Environment:
#
#  Internal Error (output.cpp:432), pid=4134, tid=0x00007f3a4e1a8700
#  Error: Unimplemented()
#
# JRE version: Java(TM) SE Runtime Environment (8.0_152-b16) (build 1.8.0_152-b16)
# Java VM: Java HotSpot(TM) 64-Bit Server VM (25.152-b16 mixed mode linux-amd64 compressed oops)
# Failed to write core dump. Core dumps have been disabled. To enable core dumping, try "ulimit -c unlimited" before starting Java again
#
# If you would like to submit a bug report, please visit:
#   http://bugreport.java.com/bugreport/crash.jsp
#

---------------  T H R E A D  ---------------

Current thread (0x00007f3a640b8800):  JavaThread "C2 CompilerThread0" daemon [_thread_in_native, id=4157, stack(0x00007f3a4e0a8000,0x00007f3a4e1a9000)]

Stack: [0x00007f3a4e0a8000,0x00007f3a4e1a9000],  sp=0x00007f3a4e1a42c0,  free space=1008k
Native frames: (J=compiled Java code, j=interpreted, Vv=VM code, C=native code)
V  [libjvm.so+0xacf62a]  VMError::report_and_die()+0x2ba
V  [libjvm.so+0x5004e2]  report_unimplemented(char const*, int)+0x52
V  [libjvm.so+0x93d00a]  Compile::shorten_branches(unsigned int*, int&, int&, int&)+0x3ca
V  [libjvm.so+0x93d6dd]  Compile::init_buffer(unsigned int*)+0x1cd
V  [libjvm.so+0x943531]  Compile::Output()+0x381
V  [libjvm.so+0x4a72bb]  Compile::Code_Gen()+0x31b
V  [libjvm.so+0x4a9a81]  Compile::Compile(ciEnv*, C2Compiler*, ciMethod*, int, bool, bool, bool)+0x14b1
V  [libjvm.so+0x3f5bb5]  C2Compiler::compile_method(ciEnv*, ciMethod*, int)+0x1f5
V  [libjvm.so+0x4b3fda]  CompileBroker::invoke_compiler_on_method(CompileTask*)+0xc9a
V  [libjvm.so+0x4b4f86]  CompileBroker::compiler_thread_loop()+0x5d6
V  [libjvm.so+0xa7da43]  JavaThread::thread_main_inner()+0x103
V  [libjvm.so+0xa7db8c]  JavaThread::run()+0x11c
V  [libjvm.so+0x92d8d8]  java_start(Thread*)+0x108
C  [libpthread.so.0+0x79d1]


Current CompileTask:
C2:   5359 1553       4       java.net.URLClassLoader$1::run (5 bytes)


---------------  P R O C E S S  ---------------

Java Threads: ( => current thread )
  0x00007f3a640da800 JavaThread "Service Thread" daemon [_thread_blocked, id=4160, stack(0x00007f3a4dda5000,0x00007f3a4dea6000)]
  0x00007f3a640bd800 JavaThread "C1 CompilerThread2" daemon [_thread_blocked, id=4159, stack(0x00007f3a4dea6000,0x00007f3a4dfa7000)]
  0x00007f3a640bb800 JavaThread "C2 CompilerThread1" daemon [_thread_in_native, id=4158, stack(0x00007f3a4dfa7000,0x00007f3a4e0a8000)]
=>0x00007f3a640b8800 JavaThread "C2 CompilerThread0" daemon [_thread_in_native, id=4157, stack(0x00007f3a4e0a8000,0x00007f3a4e1a9000)]
  0x00007f3a640b7000 JavaThread "Signal Dispatcher" daemon [_thread_blocked, id=4156, stack(0x00007f3a4e1a9000,0x00007f3a4e2aa000)]
  0x00007f3a64083800 JavaThread "Finalizer" daemon [_thread_blocked, id=4155, stack(0x00007f3a4e2aa000,0x00007f3a4e3ab000)]
  0x00007f3a6407f000 JavaThread "Reference Handler" daemon [_thread_blocked, id=4154, stack(0x00007f3a4e3ab000,0x00007f3a4e4ac000)]
  0x00007f3a64009800 JavaThread "main" [_thread_in_vm, id=4148, stack(0x00007f3a691ea000,0x00007f3a692eb000)]

Other Threads:
  0x00007f3a64077800 VMThread [stack: 0x00007f3a4e4ac000,0x00007f3a4e5ad000] [id=4153]
  0x00007f3a640e7800 WatcherThread [stack: 0x00007f3a4dca4000,0x00007f3a4dda5000] [id=4161]

VM state:not at safepoint (normal execution)

VM Mutex/Monitor currently owned by a thread: None

Heap:
 PSYoungGen      total 69120K, used 23245K [0x00000000f6500000, 0x00000000fb000000, 0x0000000100000000)
  eden space 62976K, 28% used [0x00000000f6500000,0x00000000f765e730,0x00000000fa280000)
  from space 6144K, 88% used [0x00000000fa900000,0x00000000fae55000,0x00000000faf00000)
  to   space 6656K, 0% used [0x00000000fa280000,0x00000000fa280000,0x00000000fa900000)
 ParOldGen       total 20480K, used 8716K [0x00000000e2e00000, 0x00000000e4200000, 0x00000000f6500000)
  object space 20480K, 42% used [0x00000000e2e00000,0x00000000e3683008,0x00000000e4200000)
 Metaspace       used 17416K, capacity 17814K, committed 17920K, reserved 1064960K
  class space    used 2129K, capacity 2259K, committed 2304K, reserved 1048576K

Card table byte_map: [0x00007f3a684ce000,0x00007f3a685b8000] byte_map_base: 0x00007f3a67db7000

Marking Bits: (ParMarkBitMap*) 0x00007f3a6a2ba1a0
 Begin Bits: [0x00007f3a54170000, 0x00007f3a548b8000)
 End Bits:   [0x00007f3a548b8000, 0x00007f3a55000000)

Polling page: 0x00007f3a6a50e000

CodeCache: size=245760Kb used=7641Kb max_used=7654Kb free=238118Kb
 bounds [0x00007f3a55000000, 0x00007f3a55790000, 0x00007f3a64000000]
 total_blobs=2811 nmethods=2447 adapters=276
 compilation: enabled

Compilation events (10 events):
Event: 5.230 Thread 0x00007f3a640bb800 nmethod 2273 0x00007f3a5576ae50 code [0x00007f3a5576afe0, 0x00007f3a5576b638]
Event: 5.230 Thread 0x00007f3a640bb800 2182       4       org.apache.maven.model.interpolation.StringSearchModelInterpolator$InterpolateObjectAction::getCacheEntry (39 bytes)
Event: 5.287 Thread 0x00007f3a640bd800 2471       2       java.lang.ClassLoader::loadClass (7 bytes)
Event: 5.287 Thread 0x00007f3a640bd800 nmethod 2471 0x00007f3a55778f90 code [0x00007f3a55779100, 0x00007f3a55779288]
Event: 5.288 Thread 0x00007f3a640bd800 2470       2       java.lang.Package::<init> (56 bytes)
Event: 5.288 Thread 0x00007f3a640bd800 nmethod 2470 0x00007f3a55778b90 code [0x00007f3a55778ce0, 0x00007f3a55778ef0]
Event: 5.334 Thread 0x00007f3a640bb800 nmethod 2182 0x00007f3a5577cb90 code [0x00007f3a5577cee0, 0x00007f3a5577eaf0]
Event: 5.334 Thread 0x00007f3a640bb800 2469       4       java.util.HashMap::get (23 bytes)
Event: 5.339 Thread 0x00007f3a640bb800 nmethod 2469 0x00007f3a557782d0 code [0x00007f3a55778440, 0x00007f3a55778718]
Event: 5.339 Thread 0x00007f3a640bb800 2473       4       java.lang.String::regionMatches (149 bytes)

GC Heap History (10 events):
Event: 1.487 GC heap before
{Heap before GC invocations=4 (full 0):
 PSYoungGen      total 9216K, used 9196K [0x00000000f6500000, 0x00000000f7700000, 0x0000000100000000)
  eden space 8192K, 100% used [0x00000000f6500000,0x00000000f6d00000,0x00000000f6d00000)
  from space 1024K, 98% used [0x00000000f6d00000,0x00000000f6dfb248,0x00000000f6e00000)
  to   space 1024K, 0% used [0x00000000f7600000,0x00000000f7600000,0x00000000f7700000)
 ParOldGen       total 20480K, used 3611K [0x00000000e2e00000, 0x00000000e4200000, 0x00000000f6500000)
  object space 20480K, 17% used [0x00000000e2e00000,0x00000000e3186d80,0x00000000e4200000)
 Metaspace       used 8272K, capacity 8412K, committed 8576K, reserved 1056768K
  class space    used 1012K, capacity 1080K, committed 1152K, reserved 1048576K
Event: 1.493 GC heap after
Heap after GC invocations=4 (full 0):
 PSYoungGen      total 17408K, used 1003K [0x00000000f6500000, 0x00000000f7700000, 0x0000000100000000)
  eden space 16384K, 0% used [0x00000000f6500000,0x00000000f6500000,0x00000000f7500000)
  from space 1024K, 98% used [0x00000000f7600000,0x00000000f76faed0,0x00000000f7700000)
  to   space 1024K, 0% used [0x00000000f7500000,0x00000000f7500000,0x00000000f7600000)
 ParOldGen       total 20480K, used 4270K [0x00000000e2e00000, 0x00000000e4200000, 0x00000000f6500000)
  object space 20480K, 20% used [0x00000000e2e00000,0x00000000e322ba98,0x00000000e4200000)
 Metaspace       used 8272K, capacity 8412K, committed 8576K, reserved 1056768K
  class space    used 1012K, capacity 1080K, committed 1152K, reserved 1048576K
}
Event: 1.931 GC heap before
{Heap before GC invocations=5 (full 0):
 PSYoungGen      total 17408K, used 17387K [0x00000000f6500000, 0x00000000f7700000, 0x0000000100000000)
  eden space 16384K, 100% used [0x00000000f6500000,0x00000000f7500000,0x00000000f7500000)
  from space 1024K, 98% used [0x00000000f7600000,0x00000000f76faed0,0x00000000f7700000)
  to   space 1024K, 0% used [0x00000000f7500000,0x00000000f7500000,0x00000000f7600000)
 ParOldGen       total 20480K, used 4270K [0x00000000e2e00000, 0x00000000e4200000, 0x00000000f6500000)
  object space 20480K, 20% used [0x00000000e2e00000,0x00000000e322ba98,0x00000000e4200000)
 Metaspace       used 10076K, capacity 10164K, committed 10240K, reserved 1058816K
  class space    used 1234K, capacity 1277K, committed 1280K, reserved 1048576K
Event: 1.935 GC heap after
Heap after GC invocations=5 (full 0):
 PSYoungGen      total 17408K, used 992K [0x00000000f6500000, 0x00000000f8c00000, 0x0000000100000000)
  eden space 16384K, 0% used [0x00000000f6500000,0x00000000f6500000,0x00000000f7500000)
  from space 1024K, 96% used [0x00000000f7500000,0x00000000f75f8020,0x00000000f7600000)
  to   space 3584K, 0% used [0x00000000f8880000,0x00000000f8880000,0x00000000f8c00000)
 ParOldGen       total 20480K, used 6874K [0x00000000e2e00000, 0x00000000e4200000, 0x00000000f6500000)
  object space 20480K, 33% used [0x00000000e2e00000,0x00000000e34b6830,0x00000000e4200000)
 Metaspace       used 10076K, capacity 10164K, committed 10240K, reserved 1058816K
  class space    used 1234K, capacity 1277K, committed 1280K, reserved 1048576K
}
Event: 2.414 GC heap before
{Heap before GC invocations=6 (full 0):
 PSYoungGen      total 17408K, used 17376K [0x00000000f6500000, 0x00000000f8c00000, 0x0000000100000000)
  eden space 16384K, 100% used [0x00000000f6500000,0x00000000f7500000,0x00000000f7500000)
  from space 1024K, 96% used [0x00000000f7500000,0x00000000f75f8020,0x00000000f7600000)
  to   space 3584K, 0% used [0x00000000f8880000,0x00000000f8880000,0x00000000f8c00000)
 ParOldGen       total 20480K, used 6874K [0x00000000e2e00000, 0x00000000e4200000, 0x00000000f6500000)
  object space 20480K, 33% used [0x00000000e2e00000,0x00000000e34b6830,0x00000000e4200000)
 Metaspace       used 11936K, capacity 12136K, committed 12416K, reserved 1060864K
  class space    used 1493K, capacity 1572K, committed 1664K, reserved 1048576K
Event: 2.421 GC heap after
Heap after GC invocations=6 (full 0):
 PSYoungGen      total 35328K, used 3565K [0x00000000f6500000, 0x00000000f8e00000, 0x0000000100000000)
  eden space 31744K, 0% used [0x00000000f6500000,0x00000000f6500000,0x00000000f8400000)
  from space 3584K, 99% used [0x00000000f8880000,0x00000000f8bfb6a0,0x00000000f8c00000)
  to   space 4608K, 0% used [0x00000000f8400000,0x00000000f8400000,0x00000000f8880000)
 ParOldGen       total 20480K, used 6983K [0x00000000e2e00000, 0x00000000e4200000, 0x00000000f6500000)
  object space 20480K, 34% used [0x00000000e2e00000,0x00000000e34d1da0,0x00000000e4200000)
 Metaspace       used 11936K, capacity 12136K, committed 12416K, reserved 1060864K
  class space    used 1493K, capacity 1572K, committed 1664K, reserved 1048576K
}
Event: 3.928 GC heap before
{Heap before GC invocations=7 (full 0):
 PSYoungGen      total 35328K, used 35309K [0x00000000f6500000, 0x00000000f8e00000, 0x0000000100000000)
  eden space 31744K, 100% used [0x00000000f6500000,0x00000000f8400000,0x00000000f8400000)
  from space 3584K, 99% used [0x00000000f8880000,0x00000000f8bfb6a0,0x00000000f8c00000)
  to   space 4608K, 0% used [0x00000000f8400000,0x00000000f8400000,0x00000000f8880000)
 ParOldGen       total 20480K, used 6983K [0x00000000e2e00000, 0x00000000e4200000, 0x00000000f6500000)
  object space 20480K, 34% used [0x00000000e2e00000,0x00000000e34d1da0,0x00000000e4200000)
 Metaspace       used 15316K, capacity 15510K, committed 15872K, reserved 1062912K
  class space    used 1885K, capacity 1975K, committed 2048K, reserved 1048576K
Event: 3.944 GC heap after
Heap after GC invocations=7 (full 0):
 PSYoungGen      total 36352K, used 4588K [0x00000000f6500000, 0x00000000faf00000, 0x0000000100000000)
  eden space 31744K, 0% used [0x00000000f6500000,0x00000000f6500000,0x00000000f8400000)
  from space 4608K, 99% used [0x00000000f8400000,0x00000000f887b138,0x00000000f8880000)
  to   space 6144K, 0% used [0x00000000fa900000,0x00000000fa900000,0x00000000faf00000)
 ParOldGen       total 20480K, used 8564K [0x00000000e2e00000, 0x00000000e4200000, 0x00000000f6500000)
  object space 20480K, 41% used [0x00000000e2e00000,0x00000000e365d008,0x00000000e4200000)
 Metaspace       used 15316K, capacity 15510K, committed 15872K, reserved 1062912K
  class space    used 1885K, capacity 1975K, committed 2048K, reserved 1048576K
}
Event: 4.801 GC heap before
{Heap before GC invocations=8 (full 0):
 PSYoungGen      total 36352K, used 36332K [0x00000000f6500000, 0x00000000faf00000, 0x0000000100000000)
  eden space 31744K, 100% used [0x00000000f6500000,0x00000000f8400000,0x00000000f8400000)
  from space 4608K, 99% used [0x00000000f8400000,0x00000000f887b138,0x00000000f8880000)
  to   space 6144K, 0% used [0x00000000fa900000,0x00000000fa900000,0x00000000faf00000)
 ParOldGen       total 20480K, used 8564K [0x00000000e2e00000, 0x00000000e4200000, 0x00000000f6500000)
  object space 20480K, 41% used [0x00000000e2e00000,0x00000000e365d008,0x00000000e4200000)
 Metaspace       used 16029K, capacity 16370K, committed 16768K, reserved 1064960K
  class space    used 1958K, capacity 2051K, committed 2176K, reserved 1048576K
Event: 4.816 GC heap after
Heap after GC invocations=8 (full 0):
 PSYoungGen      total 69120K, used 5460K [0x00000000f6500000, 0x00000000fb000000, 0x0000000100000000)
  eden space 62976K, 0% used [0x00000000f6500000,0x00000000f6500000,0x00000000fa280000)
  from space 6144K, 88% used [0x00000000fa900000,0x00000000fae55000,0x00000000faf00000)
  to   space 6656K, 0% used [0x00000000fa280000,0x00000000fa280000,0x00000000fa900000)
 ParOldGen       total 20480K, used 8716K [0x00000000e2e00000, 0x00000000e4200000, 0x00000000f6500000)
  object space 20480K, 42% used [0x00000000e2e00000,0x00000000e3683008,0x00000000e4200000)
 Metaspace       used 16029K, capacity 16370K, committed 16768K, reserved 1064960K
  class space    used 1958K, capacity 2051K, committed 2176K, reserved 1048576K
}

Deoptimization events (10 events):
Event: 3.517 Thread 0x00007f3a64009800 Uncommon trap: reason=unstable_if action=reinterpret pc=0x00007f3a5539a4e8 method=java.util.HashMap.hash(Ljava/lang/Object;)I @ 1
Event: 3.607 Thread 0x00007f3a64009800 Uncommon trap: reason=unstable_if action=reinterpret pc=0x00007f3a555a0d7c method=org.codehaus.plexus.util.xml.pull.MXParser.nextImpl()I @ 310
Event: 3.765 Thread 0x00007f3a64009800 Uncommon trap: reason=null_check action=make_not_entrant pc=0x00007f3a555e7948 method=org.apache.maven.model.io.xpp3.MavenXpp3Reader.checkFieldWithDuplicate(Lorg/codehaus/plexus/util/xml/pull/XmlPullParser;Ljava/lang/String;Ljava/lang/String;Ljava/util/Se
Event: 3.790 Thread 0x00007f3a64009800 Uncommon trap: reason=unstable_if action=reinterpret pc=0x00007f3a55381fe0 method=java.util.HashMap.getNode(ILjava/lang/Object;)Ljava/util/HashMap$Node; @ 53
Event: 3.846 Thread 0x00007f3a64009800 Uncommon trap: reason=unstable_if action=reinterpret pc=0x00007f3a555de314 method=org.codehaus.plexus.util.xml.pull.MXParser.nextImpl()I @ 972
Event: 3.908 Thread 0x00007f3a64009800 Uncommon trap: reason=unstable_if action=reinterpret pc=0x00007f3a55546430 method=sun.net.www.protocol.jar.Handler.parseURL(Ljava/net/URL;Ljava/lang/String;II)V @ 94
Event: 4.071 Thread 0x00007f3a64009800 Uncommon trap: reason=unstable_if action=reinterpret pc=0x00007f3a5561c9e0 method=sun.nio.cs.StreamDecoder.implRead([CII)I @ 36
Event: 4.369 Thread 0x00007f3a64009800 Uncommon trap: reason=unstable_if action=reinterpret pc=0x00007f3a552d0c54 method=java.io.Reader.read()I @ 12
Event: 4.379 Thread 0x00007f3a64009800 Uncommon trap: reason=unstable_if action=reinterpret pc=0x00007f3a552dd2a0 method=java.io.Reader.read()I @ 12
Event: 4.868 Thread 0x00007f3a64009800 Uncommon trap: reason=unstable_if action=reinterpret pc=0x00007f3a555e6000 method=java.lang.String.trim()Ljava/lang/String; @ 63

Classes redefined (0 events):
No events

Internal exceptions (10 events):
Event: 3.118 Thread 0x00007f3a64009800 Exception <a 'java/lang/NullPointerException'> (0x00000000f708d048) thrown at [/HUDSON/workspace/8-2-build-linux-amd64/jdk8u152/9742/hotspot/src/share/vm/interpreter/linkResolver.cpp, line 1185]
Event: 3.118 Thread 0x00007f3a64009800 Exception <a 'java/lang/NullPointerException'> (0x00000000f708d260) thrown at [/HUDSON/workspace/8-2-build-linux-amd64/jdk8u152/9742/hotspot/src/share/vm/interpreter/linkResolver.cpp, line 1185]
Event: 3.118 Thread 0x00007f3a64009800 Exception <a 'java/lang/NullPointerException'> (0x00000000f708d478) thrown at [/HUDSON/workspace/8-2-build-linux-amd64/jdk8u152/9742/hotspot/src/share/vm/interpreter/linkResolver.cpp, line 1185]
Event: 3.121 Thread 0x00007f3a64009800 Exception <a 'java/lang/NullPointerException'> (0x00000000f70a1cc0) thrown at [/HUDSON/workspace/8-2-build-linux-amd64/jdk8u152/9742/hotspot/src/share/vm/interpreter/linkResolver.cpp, line 1185]
Event: 3.121 Thread 0x00007f3a64009800 Exception <a 'java/lang/NullPointerException'> (0x00000000f70a1ed8) thrown at [/HUDSON/workspace/8-2-build-linux-amd64/jdk8u152/9742/hotspot/src/share/vm/interpreter/linkResolver.cpp, line 1185]
Event: 3.121 Thread 0x00007f3a64009800 Exception <a 'java/lang/NullPointerException'> (0x00000000f70a20f0) thrown at [/HUDSON/workspace/8-2-build-linux-amd64/jdk8u152/9742/hotspot/src/share/vm/interpreter/linkResolver.cpp, line 1185]
Event: 3.516 Thread 0x00007f3a64009800 Implicit null exception at 0x00007f3a553a0f35 to 0x00007f3a553a113d
Event: 3.517 Thread 0x00007f3a64009800 Implicit null exception at 0x00007f3a5539a46f to 0x00007f3a5539a4d9
Event: 3.765 Thread 0x00007f3a64009800 Implicit null exception at 0x00007f3a555e7677 to 0x00007f3a555e792d
Event: 5.240 Thread 0x00007f3a64009800 Exception <a 'java/lang/ClassNotFoundException': com/sun/tools/javac/api/JavacTool> (0x00000000f728cce8) thrown at [/HUDSON/workspace/8-2-build-linux-amd64/jdk8u152/9742/hotspot/src/share/vm/classfile/systemDictionary.cpp, line 210]

Events (10 events):
Event: 5.353 loading class javax/lang/model/util/Elements
Event: 5.353 loading class javax/lang/model/util/Elements done
Event: 5.353 loading class javax/lang/model/util/Types
Event: 5.354 loading class javax/lang/model/util/Types done
Event: 5.354 loading class com/sun/tools/javac/api/JavacTaskImpl$Filter
Event: 5.354 loading class com/sun/tools/javac/api/JavacTaskImpl$Filter done
Event: 5.354 loading class com/sun/tools/javac/api/JavacTaskImpl$2
Event: 5.354 loading class com/sun/tools/javac/api/JavacTaskImpl$2 done
Event: 5.355 loading class com/sun/tools/javac/parser/Parser
Event: 5.355 loading class com/sun/tools/javac/parser/Parser done


Dynamic libraries:
00400000-00401000 r-xp 00000000 08:02 941553                             /usr/local/jdk1.8.0_152/bin/java
00600000-00601000 rw-p 00000000 08:02 941553                             /usr/local/jdk1.8.0_152/bin/java
01834000-01855000 rw-p 00000000 00:00 0                                  [heap]
e2e00000-e4200000 rw-p 00000000 00:00 0 
e4200000-f6500000 ---p 00000000 00:00 0 
f6500000-fb000000 rw-p 00000000 00:00 0 
fb000000-100000000 ---p 00000000 00:00 0 
100000000-100240000 rw-p 00000000 00:00 0 
100240000-140000000 ---p 00000000 00:00 0 
3cfb200000-3cfb207000 r-xp 00000000 08:02 2228679                        /lib64/librt-2.12.so
3cfb207000-3cfb406000 ---p 00007000 08:02 2228679                        /lib64/librt-2.12.so
3cfb406000-3cfb407000 r--p 00006000 08:02 2228679                        /lib64/librt-2.12.so
3cfb407000-3cfb408000 rw-p 00007000 08:02 2228679                        /lib64/librt-2.12.so
3cfd600000-3cfd602000 r-xp 00000000 08:02 2248198                        /lib64/libutil-2.12.so
3cfd602000-3cfd801000 ---p 00002000 08:02 2248198                        /lib64/libutil-2.12.so
3cfd801000-3cfd802000 r--p 00001000 08:02 2248198                        /lib64/libutil-2.12.so
3cfd802000-3cfd803000 rw-p 00002000 08:02 2248198                        /lib64/libutil-2.12.so
3f50e00000-3f50e20000 r-xp 00000000 08:02 2228637                        /lib64/ld-2.12.so
3f5101f000-3f51020000 r--p 0001f000 08:02 2228637                        /lib64/ld-2.12.so
3f51020000-3f51021000 rw-p 00020000 08:02 2228637                        /lib64/ld-2.12.so
3f51021000-3f51022000 rw-p 00000000 00:00 0 
3f51200000-3f51202000 r-xp 00000000 08:02 2228640                        /lib64/libdl-2.12.so
3f51202000-3f51402000 ---p 00002000 08:02 2228640                        /lib64/libdl-2.12.so
3f51402000-3f51403000 r--p 00002000 08:02 2228640                        /lib64/libdl-2.12.so
3f51403000-3f51404000 rw-p 00003000 08:02 2228640                        /lib64/libdl-2.12.so
3f51600000-3f5178b000 r-xp 00000000 08:02 2228638                        /lib64/libc-2.12.so
3f5178b000-3f5198a000 ---p 0018b000 08:02 2228638                        /lib64/libc-2.12.so
3f5198a000-3f5198e000 r--p 0018a000 08:02 2228638                        /lib64/libc-2.12.so
3f5198e000-3f5198f000 rw-p 0018e000 08:02 2228638                        /lib64/libc-2.12.so
3f5198f000-3f51994000 rw-p 00000000 00:00 0 
3f51a00000-3f51a17000 r-xp 00000000 08:02 2228639                        /lib64/libpthread-2.12.so
3f51a17000-3f51c17000 ---p 00017000 08:02 2228639                        /lib64/libpthread-2.12.so
3f51c17000-3f51c18000 r--p 00017000 08:02 2228639                        /lib64/libpthread-2.12.so
3f51c18000-3f51c19000 rw-p 00018000 08:02 2228639                        /lib64/libpthread-2.12.so
3f51c19000-3f51c1d000 rw-p 00000000 00:00 0 
3f52600000-3f52683000 r-xp 00000000 08:02 2228641                        /lib64/libm-2.12.so
3f52683000-3f52882000 ---p 00083000 08:02 2228641                        /lib64/libm-2.12.so
3f52882000-3f52883000 r--p 00082000 08:02 2228641                        /lib64/libm-2.12.so
3f52883000-3f52884000 rw-p 00083000 08:02 2228641                        /lib64/libm-2.12.so
7f3a0c000000-7f3a0c021000 rw-p 00000000 00:00 0 
7f3a0c021000-7f3a10000000 ---p 00000000 00:00 0 
7f3a10000000-7f3a10021000 rw-p 00000000 00:00 0 
7f3a10021000-7f3a14000000 ---p 00000000 00:00 0 
7f3a14000000-7f3a14e62000 rw-p 00000000 00:00 0 
7f3a14e62000-7f3a18000000 ---p 00000000 00:00 0 
7f3a18000000-7f3a188c1000 rw-p 00000000 00:00 0 
7f3a188c1000-7f3a1c000000 ---p 00000000 00:00 0 
7f3a1c000000-7f3a1d756000 rw-p 00000000 00:00 0 
7f3a1d756000-7f3a20000000 ---p 00000000 00:00 0 
7f3a2216f000-7f3a28000000 r--p 00000000 08:02 395394                     /usr/lib/locale/locale-archive
7f3a28000000-7f3a28021000 rw-p 00000000 00:00 0 
7f3a28021000-7f3a2c000000 ---p 00000000 00:00 0 
7f3a2c000000-7f3a2c021000 rw-p 00000000 00:00 0 
7f3a2c021000-7f3a30000000 ---p 00000000 00:00 0 
7f3a30000000-7f3a30119000 rw-p 00000000 00:00 0 
7f3a30119000-7f3a34000000 ---p 00000000 00:00 0 
7f3a34000000-7f3a34021000 rw-p 00000000 00:00 0 
7f3a34021000-7f3a38000000 ---p 00000000 00:00 0 
7f3a38000000-7f3a38021000 rw-p 00000000 00:00 0 
7f3a38021000-7f3a3c000000 ---p 00000000 00:00 0 
7f3a40000000-7f3a40021000 rw-p 00000000 00:00 0 
7f3a40021000-7f3a44000000 ---p 00000000 00:00 0 
7f3a48000000-7f3a48021000 rw-p 00000000 00:00 0 
7f3a48021000-7f3a4c000000 ---p 00000000 00:00 0 
7f3a4caf8000-7f3a4cc38000 rw-p 00000000 00:00 0 
7f3a4cc38000-7f3a4ccf8000 ---p 00000000 00:00 0 
7f3a4ce74000-7f3a4ce76000 rw-p 00000000 00:00 0 
7f3a4ce76000-7f3a4cef0000 r--s 010f8000 08:02 941681                     /usr/local/jdk1.8.0_152/lib/tools.jar
7f3a4cef0000-7f3a4cef3000 r--s 0001b000 08:02 2361650                    /root/.m2/repository/junit/junit/3.8.2/junit-3.8.2.jar
7f3a4cef3000-7f3a4cf01000 r--s 0008f000 08:02 2249050                    /root/.m2/repository/com/google/collections/google-collections/1.0/google-collections-1.0.jar
7f3a4cf01000-7f3a4cf02000 r--s 0000a000 08:02 2361647                    /root/.m2/repository/commons-logging/commons-logging-api/1.1/commons-logging-api-1.1.jar
7f3a4cf02000-7f3a4cf09000 r--s 00051000 08:02 2361636                    /root/.m2/repository/log4j/log4j/1.2.12/log4j-1.2.12.jar
7f3a4cf09000-7f3a4cf0d000 r--s 0001d000 08:02 1860375                    /root/.m2/repository/org/apache/xbean/xbean-reflect/3.4/xbean-reflect-3.4.jar
7f3a4cf0d000-7f3a4cf0e000 r--s 00004000 08:02 2361642                    /root/.m2/repository/org/codehaus/plexus/plexus-compiler-javac/2.2/plexus-compiler-javac-2.2.jar
7f3a4cf0e000-7f3a4cf10000 r--s 00000000 08:02 2361641                    /root/.m2/repository/org/codehaus/plexus/plexus-compiler-manager/2.2/plexus-compiler-manager-2.2.jar
7f3a4cf10000-7f3a4cf12000 r--s 00005000 08:02 2361633                    /root/.m2/repository/org/codehaus/plexus/plexus-compiler-api/2.2/plexus-compiler-api-2.2.jar
7f3a4cf12000-7f3a4cf14000 r--s 00000000 08:02 2361637                    /root/.m2/repository/org/codehaus/plexus/plexus-component-annotations/1.5.5/plexus-component-annotations-1.5.5.jar
7f3a4cf14000-7f3a4cf16000 r--s 00002000 08:02 2361635                    /root/.m2/repository/org/apache/maven/shared/maven-shared-incremental/1.1/maven-shared-incremental-1.1.jar
7f3a4cf16000-7f3a4cf18000 r--s 00006000 08:02 2099684                    /root/.m2/repository/com/google/code/findbugs/jsr305/2.0.1/jsr305-2.0.1.jar
7f3a4cf18000-7f3a4cf1b000 r--s 00023000 08:02 2249048                    /root/.m2/repository/org/apache/maven/shared/maven-shared-utils/0.1/maven-shared-utils-0.1.jar
7f3a4cf1b000-7f3a4cf1f000 r--s 00030000 08:02 2005510                    /root/.m2/repository/org/codehaus/plexus/plexus-utils/1.5.1/plexus-utils-1.5.1.jar
7f3a4cf1f000-7f3a4cf21000 r--s 00009000 08:02 2249029                    /root/.m2/repository/org/apache/maven/plugins/maven-compiler-plugin/3.1/maven-compiler-plugin-3.1.jar
7f3a4cf21000-7f3a4cf23000 r--s 0000d000 08:02 2249002                    /root/.m2/repository/org/codehaus/plexus/plexus-interpolation/1.13/plexus-interpolation-1.13.jar
7f3a4cf23000-7f3a4cf24000 r--s 00001000 08:02 2361143                    /root/.m2/repository/org/sonatype/plexus/plexus-build-api/0.0.4/plexus-build-api-0.0.4.jar
7f3a4cf24000-7f3a4cf26000 r--s 00009000 08:02 2249000                    /root/.m2/repository/org/apache/maven/shared/maven-filtering/1.1/maven-filtering-1.1.jar
7f3a4cf26000-7f3a4cf2a000 r--s 00033000 08:02 2005474                    /root/.m2/repository/org/codehaus/plexus/plexus-utils/2.0.5/plexus-utils-2.0.5.jar
7f3a4cf2a000-7f3a4cf2d000 r--s 0001b000 08:02 2361150                    /root/.m2/repository/junit/junit/3.8.1/junit-3.8.1.jar
7f3a4cf2d000-7f3a4cf2f000 r--s 00002000 08:02 2099840                    /root/.m2/repository/org/codehaus/plexus/plexus-interactivity-api/1.0-alpha-4/plexus-interactivity-api-1.0-alpha-4.jar
7f3a4cf2f000-7f3a4cf31000 r--s 00006000 08:02 2361136                    /root/.m2/repository/commons-cli/commons-cli/1.0/commons-cli-1.0.jar
7f3a4cf31000-7f3a4cf32000 r--s 00001000 08:02 2361133                    /root/.m2/repository/org/apache/maven/doxia/doxia-sink-api/1.0-alpha-7/doxia-sink-api-1.0-alpha-7.jar
7f3a4cf32000-7f3a4cf34000 r--s 00006000 08:02 2099754                    /root/.m2/repository/org/apache/maven/plugins/maven-resources-plugin/2.6/maven-resources-plugin-2.6.jar
7f3a4cf34000-7f3a4cf38000 r--s 00034000 08:02 2004410                    /root/.m2/repository/org/codehaus/plexus/plexus-utils/3.0/plexus-utils-3.0.jar
7f3a4cf38000-7f3a4cf3a000 r--s 00005000 08:02 1719665                    /root/.m2/repository/org/apache/maven/plugins/maven-clean-plugin/2.5/maven-clean-plugin-2.5.jar
7f3a4cf3a000-7f3a4cf4b000 r-xp 00000000 08:02 1861618                    /usr/local/jdk1.8.0_152/jre/lib/amd64/libnio.so
7f3a4cf4b000-7f3a4d14a000 ---p 00011000 08:02 1861618                    /usr/local/jdk1.8.0_152/jre/lib/amd64/libnio.so
7f3a4d14a000-7f3a4d14b000 rw-p 00010000 08:02 1861618                    /usr/local/jdk1.8.0_152/jre/lib/amd64/libnio.so
7f3a4d14b000-7f3a4d161000 r-xp 00000000 08:02 1861615                    /usr/local/jdk1.8.0_152/jre/lib/amd64/libnet.so
7f3a4d161000-7f3a4d361000 ---p 00016000 08:02 1861615                    /usr/local/jdk1.8.0_152/jre/lib/amd64/libnet.so
7f3a4d361000-7f3a4d362000 rw-p 00016000 08:02 1861615                    /usr/local/jdk1.8.0_152/jre/lib/amd64/libnet.so
7f3a4d362000-7f3a4d562000 rw-p 00000000 00:00 0 
7f3a4d562000-7f3a4d567000 r--s 0009a000 08:02 1219390                    /usr/local/jdk1.8.0_152/jre/lib/jsse.jar
7f3a4d567000-7f3a4d767000 rw-p 00000000 00:00 0 
7f3a4d767000-7f3a4d967000 rw-p 00000000 00:00 0 
7f3a4d967000-7f3a4d969000 r--s 0000c000 08:02 1581100                    /root/.jenkins/tools/hudson.tasks.Maven_MavenInstallation/M3/lib/wagon-provider-api-2.12.jar
7f3a4d969000-7f3a4d96d000 r--s 00028000 08:02 1581012                    /root/.jenkins/tools/hudson.tasks.Maven_MavenInstallation/M3/lib/maven-model-builder-3.5.2.jar
7f3a4d96d000-7f3a4d96f000 r--s 00009000 08:02 1581076                    /root/.jenkins/tools/hudson.tasks.Maven_MavenInstallation/M3/lib/maven-resolver-connector-basic-1.1.0.jar
7f3a4d96f000-7f3a4d972000 r-xp 00000000 08:02 1581095                    /root/.jenkins/tools/hudson.tasks.Maven_MavenInstallation/M3/lib/jansi-native/linux64/libjansi.so
7f3a4d972000-7f3a4db71000 ---p 00003000 08:02 1581095                    /root/.jenkins/tools/hudson.tasks.Maven_MavenInstallation/M3/lib/jansi-native/linux64/libjansi.so
7f3a4db71000-7f3a4db72000 rw-p 00002000 08:02 1581095                    /root/.jenkins/tools/hudson.tasks.Maven_MavenInstallation/M3/lib/jansi-native/linux64/libjansi.so
7f3a4db72000-7f3a4db74000 r--s 0000c000 08:02 1581030                    /root/.jenkins/tools/hudson.tasks.Maven_MavenInstallation/M3/lib/commons-cli-1.4.jar
7f3a4db74000-7f3a4db75000 r--s 00002000 08:02 1581069                    /root/.jenkins/tools/hudson.tasks.Maven_MavenInstallation/M3/lib/wagon-file-2.12.jar
7f3a4db75000-7f3a4db77000 r--s 0000f000 08:02 1581061                    /root/.jenkins/tools/hudson.tasks.Maven_MavenInstallation/M3/lib/maven-resolver-provider-3.5.2.jar
7f3a4db77000-7f3a4db78000 r--s 00003000 08:02 1581023                    /root/.jenkins/tools/hudson.tasks.Maven_MavenInstallation/M3/lib/maven-builder-support-3.5.2.jar
7f3a4db78000-7f3a4db7c000 r--s 00020000 08:02 1581047                    /root/.jenkins/tools/hudson.tasks.Maven_MavenInstallation/M3/lib/maven-resolver-api-1.1.0.jar
7f3a4db7c000-7f3a4db7f000 r--s 00011000 08:02 1581094                    /root/.jenkins/tools/hudson.tasks.Maven_MavenInstallation/M3/lib/plexus-interpolation-1.24.jar
7f3a4db7f000-7f3a4db80000 r--s 00001000 08:02 1581046                    /root/.jenkins/tools/hudson.tasks.Maven_MavenInstallation/M3/lib/jsr250-api-1.0.jar
7f3a4db80000-7f3a4db84000 r--s 00023000 08:02 1581035                    /root/.jenkins/tools/hudson.tasks.Maven_MavenInstallation/M3/lib/maven-resolver-util-1.1.0.jar
7f3a4db84000-7f3a4dbb0000 r--s 001e6000 08:02 1581052                    /root/.jenkins/tools/hudson.tasks.Maven_MavenInstallation/M3/lib/wagon-http-2.12-shaded.jar
7f3a4dbb0000-7f3a4dbb2000 r--s 00000000 08:02 1581040                    /root/.jenkins/tools/hudson.tasks.Maven_MavenInstallation/M3/lib/aopalliance-1.0.jar
7f3a4dbb2000-7f3a4dbb4000 r--s 00002000 08:02 1581018                    /root/.jenkins/tools/hudson.tasks.Maven_MavenInstallation/M3/lib/plexus-cipher-1.7.jar
7f3a4dbb4000-7f3a4dbb6000 r--s 0000c000 08:02 1581064                    /root/.jenkins/tools/hudson.tasks.Maven_MavenInstallation/M3/lib/maven-artifact-3.5.2.jar
7f3a4dbb6000-7f3a4dbb9000 r--s 00025000 08:02 1581019                    /root/.jenkins/tools/hudson.tasks.Maven_MavenInstallation/M3/lib/maven-shared-utils-3.1.0.jar
7f3a4dbb9000-7f3a4dbbc000 r--s 00008000 08:02 1581057                    /root/.jenkins/tools/hudson.tasks.Maven_MavenInstallation/M3/lib/cdi-api-1.0.jar
7f3a4dbbc000-7f3a4dbbe000 r--s 00009000 08:02 1581097                    /root/.jenkins/tools/hudson.tasks.Maven_MavenInstallation/M3/lib/maven-settings-builder-3.5.2.jar
7f3a4dbbe000-7f3a4dbc1000 r--s 0003c000 08:02 1580995                    /root/.jenkins/tools/hudson.tasks.Maven_MavenInstallation/M3/lib/jansi-1.16.jar
7f3a4dbc1000-7f3a4dbc4000 r--s 00015000 08:02 1581092                    /root/.jenkins/tools/hudson.tasks.Maven_MavenInstallation/M3/lib/maven-embedder-3.5.2.jar
7f3a4dbc4000-7f3a4dbc6000 r--s 00006000 08:02 1581105                    /root/.jenkins/tools/hudson.tasks.Maven_MavenInstallation/M3/lib/maven-resolver-transport-wagon-1.1.0.jar
7f3a4dbc6000-7f3a4dbcc000 r--s 00041000 08:02 1581070                    /root/.jenkins/tools/hudson.tasks.Maven_MavenInstallation/M3/lib/maven-compat-3.5.2.jar
7f3a4dbcc000-7f3a4dbd4000 r--s 0006e000 08:02 1581045                    /root/.jenkins/tools/hudson.tasks.Maven_MavenInstallation/M3/lib/commons-lang3-3.5.jar
7f3a4dbd4000-7f3a4dbd8000 r--s 0003c000 08:02 1580991                    /root/.jenkins/tools/hudson.tasks.Maven_MavenInstallation/M3/lib/plexus-utils-3.1.0.jar
7f3a4dbd8000-7f3a4dbde000 r--s 0002d000 08:02 1581080                    /root/.jenkins/tools/hudson.tasks.Maven_MavenInstallation/M3/lib/org.eclipse.sisu.plexus-0.3.3.jar
7f3a4dbde000-7f3a4dc0d000 r--s 00226000 08:02 1581009                    /root/.jenkins/tools/hudson.tasks.Maven_MavenInstallation/M3/lib/guava-20.0.jar
7f3a4dc0d000-7f3a4dc0f000 r--s 0000b000 08:02 1581084                    /root/.jenkins/tools/hudson.tasks.Maven_MavenInstallation/M3/boot/plexus-classworlds-2.5.2.jar
7f3a4dc0f000-7f3a4dca4000 r--s 01113000 08:02 1347970                    /usr/local/jdk1.8.0_152/jre/lib/ext/jfxrt.jar
7f3a4dca4000-7f3a4dca5000 ---p 00000000 00:00 0 
7f3a4dca5000-7f3a4dda5000 rw-p 00000000 00:00 0 
7f3a4dda5000-7f3a4dda8000 ---p 00000000 00:00 0 
7f3a4dda8000-7f3a4dea6000 rw-p 00000000 00:00 0 
7f3a4dea6000-7f3a4dea9000 ---p 00000000 00:00 0 
7f3a4dea9000-7f3a4dfa7000 rw-p 00000000 00:00 0 
7f3a4dfa7000-7f3a4dfaa000 ---p 00000000 00:00 0 
7f3a4dfaa000-7f3a4e0a8000 rw-p 00000000 00:00 0 
7f3a4e0a8000-7f3a4e0ab000 ---p 00000000 00:00 0 
7f3a4e0ab000-7f3a4e1a9000 rw-p 00000000 00:00 0 
7f3a4e1a9000-7f3a4e1ac000 ---p 00000000 00:00 0 
7f3a4e1ac000-7f3a4e2aa000 rw-p 00000000 00:00 0 
7f3a4e2aa000-7f3a4e2ad000 ---p 00000000 00:00 0 
7f3a4e2ad000-7f3a4e3ab000 rw-p 00000000 00:00 0 
7f3a4e3ab000-7f3a4e3ae000 ---p 00000000 00:00 0 
7f3a4e3ae000-7f3a4e4ac000 rw-p 00000000 00:00 0 
7f3a4e4ac000-7f3a4e4ad000 ---p 00000000 00:00 0 
7f3a4e4ad000-7f3a4f5b0000 rw-p 00000000 00:00 0 
7f3a4f5b0000-7f3a4f78a000 r--s 03d5f000 08:02 1219351                    /usr/local/jdk1.8.0_152/jre/lib/rt.jar
7f3a4f78a000-7f3a50000000 rw-p 00000000 00:00 0 
7f3a50000000-7f3a50021000 rw-p 00000000 00:00 0 
7f3a50021000-7f3a54000000 ---p 00000000 00:00 0 
7f3a54000000-7f3a54001000 r--s 00002000 08:02 2361130                    /root/.m2/repository/org/apache/maven/reporting/maven-reporting-api/2.0.6/maven-reporting-api-2.0.6.jar
7f3a54001000-7f3a54002000 r--s 00006000 08:02 1581101                    /root/.jenkins/tools/hudson.tasks.Maven_MavenInstallation/M3/lib/plexus-sec-dispatcher-1.4.jar
7f3a54002000-7f3a54005000 r--s 00026000 08:02 1580994                    /root/.jenkins/tools/hudson.tasks.Maven_MavenInstallation/M3/lib/maven-model-3.5.2.jar
7f3a54005000-7f3a54007000 r--s 0000a000 08:02 1581044                    /root/.jenkins/tools/hudson.tasks.Maven_MavenInstallation/M3/lib/maven-plugin-api-3.5.2.jar
7f3a54007000-7f3a54014000 r--s 0008d000 08:02 1581087                    /root/.jenkins/tools/hudson.tasks.Maven_MavenInstallation/M3/lib/maven-core-3.5.2.jar
7f3a54014000-7f3a54018000 r--s 0002a000 08:02 1581014                    /root/.jenkins/tools/hudson.tasks.Maven_MavenInstallation/M3/lib/maven-resolver-impl-1.1.0.jar
7f3a54018000-7f3a5401f000 r--s 00056000 08:02 1580996                    /root/.jenkins/tools/hudson.tasks.Maven_MavenInstallation/M3/lib/org.eclipse.sisu.inject-0.3.3.jar
7f3a5401f000-7f3a54028000 r--s 0005f000 08:02 1581099                    /root/.jenkins/tools/hudson.tasks.Maven_MavenInstallation/M3/lib/guice-4.0-no_aop.jar
7f3a54028000-7f3a5402c000 r--s 0002f000 08:02 1581083                    /root/.jenkins/tools/hudson.tasks.Maven_MavenInstallation/M3/lib/commons-io-2.5.jar
7f3a5402c000-7f3a55000000 rw-p 00000000 00:00 0 
7f3a55000000-7f3a55790000 rwxp 00000000 00:00 0 
7f3a55790000-7f3a64000000 ---p 00000000 00:00 0 
7f3a64000000-7f3a64d39000 rw-p 00000000 00:00 0 
7f3a64d39000-7f3a68000000 ---p 00000000 00:00 0 
7f3a68000000-7f3a68001000 r--s 00005000 08:02 1581106                    /root/.jenkins/tools/hudson.tasks.Maven_MavenInstallation/M3/lib/maven-slf4j-provider-3.5.2.jar
7f3a68001000-7f3a68003000 r--s 00000000 08:02 1581075                    /root/.jenkins/tools/hudson.tasks.Maven_MavenInstallation/M3/lib/plexus-component-annotations-1.7.1.jar
7f3a68003000-7f3a68004000 r--s 0000a000 08:02 1581049                    /root/.jenkins/tools/hudson.tasks.Maven_MavenInstallation/M3/lib/maven-settings-3.5.2.jar
7f3a68004000-7f3a68006000 r--s 00007000 08:02 1581056                    /root/.jenkins/tools/hudson.tasks.Maven_MavenInstallation/M3/lib/maven-resolver-spi-1.1.0.jar
7f3a68006000-7f3a6802e000 rw-p 00000000 00:00 0 
7f3a6802e000-7f3a6802f000 ---p 00000000 00:00 0 
7f3a6802f000-7f3a6812f000 rw-p 00000000 00:00 0 
7f3a6812f000-7f3a68130000 ---p 00000000 00:00 0 
7f3a68130000-7f3a68230000 rw-p 00000000 00:00 0 
7f3a68230000-7f3a68231000 ---p 00000000 00:00 0 
7f3a68231000-7f3a68331000 rw-p 00000000 00:00 0 
7f3a68331000-7f3a68332000 ---p 00000000 00:00 0 
7f3a68332000-7f3a6843c000 rw-p 00000000 00:00 0 
7f3a6843c000-7f3a684ce000 ---p 00000000 00:00 0 
7f3a684ce000-7f3a684d8000 rw-p 00000000 00:00 0 
7f3a684d8000-7f3a68569000 ---p 00000000 00:00 0 
7f3a68569000-7f3a6858f000 rw-p 00000000 00:00 0 
7f3a6858f000-7f3a685b7000 ---p 00000000 00:00 0 
7f3a685b7000-7f3a685d7000 rw-p 00000000 00:00 0 
7f3a685d7000-7f3a68978000 ---p 00000000 00:00 0 
7f3a68978000-7f3a68993000 r-xp 00000000 08:02 1861611                    /usr/local/jdk1.8.0_152/jre/lib/amd64/libzip.so
7f3a68993000-7f3a68b93000 ---p 0001b000 08:02 1861611                    /usr/local/jdk1.8.0_152/jre/lib/amd64/libzip.so
7f3a68b93000-7f3a68b94000 rw-p 0001b000 08:02 1861611                    /usr/local/jdk1.8.0_152/jre/lib/amd64/libzip.so
7f3a68b94000-7f3a68ba0000 r-xp 00000000 08:02 2228254                    /lib64/libnss_files-2.12.so
7f3a68ba0000-7f3a68da0000 ---p 0000c000 08:02 2228254                    /lib64/libnss_files-2.12.so
7f3a68da0000-7f3a68da1000 r--p 0000c000 08:02 2228254                    /lib64/libnss_files-2.12.so
7f3a68da1000-7f3a68da2000 rw-p 0000d000 08:02 2228254                    /lib64/libnss_files-2.12.so
7f3a68da2000-7f3a68da3000 r--s 00006000 08:02 1581029                    /root/.jenkins/tools/hudson.tasks.Maven_MavenInstallation/M3/lib/maven-repository-metadata-3.5.2.jar
7f3a68da3000-7f3a68da5000 r--s 00009000 08:02 1581032                    /root/.jenkins/tools/hudson.tasks.Maven_MavenInstallation/M3/lib/slf4j-api-1.7.25.jar
7f3a68da5000-7f3a68daf000 rw-p 00000000 00:00 0 
7f3a68daf000-7f3a68dda000 r-xp 00000000 08:02 1861605                    /usr/local/jdk1.8.0_152/jre/lib/amd64/libjava.so
7f3a68dda000-7f3a68fd9000 ---p 0002b000 08:02 1861605                    /usr/local/jdk1.8.0_152/jre/lib/amd64/libjava.so
7f3a68fd9000-7f3a68fdb000 rw-p 0002a000 08:02 1861605                    /usr/local/jdk1.8.0_152/jre/lib/amd64/libjava.so
7f3a68fdb000-7f3a68fe8000 r-xp 00000000 08:02 1861610                    /usr/local/jdk1.8.0_152/jre/lib/amd64/libverify.so
7f3a68fe8000-7f3a691e8000 ---p 0000d000 08:02 1861610                    /usr/local/jdk1.8.0_152/jre/lib/amd64/libverify.so
7f3a691e8000-7f3a691ea000 rw-p 0000d000 08:02 1861610                    /usr/local/jdk1.8.0_152/jre/lib/amd64/libverify.so
7f3a691ea000-7f3a691ed000 ---p 00000000 00:00 0 
7f3a691ed000-7f3a692eb000 rw-p 00000000 00:00 0 
7f3a692eb000-7f3a69fc3000 r-xp 00000000 08:02 2006142                    /usr/local/jdk1.8.0_152/jre/lib/amd64/server/libjvm.so
7f3a69fc3000-7f3a6a1c2000 ---p 00cd8000 08:02 2006142                    /usr/local/jdk1.8.0_152/jre/lib/amd64/server/libjvm.so
7f3a6a1c2000-7f3a6a29c000 rw-p 00cd7000 08:02 2006142                    /usr/local/jdk1.8.0_152/jre/lib/amd64/server/libjvm.so
7f3a6a29c000-7f3a6a2eb000 rw-p 00000000 00:00 0 
7f3a6a2eb000-7f3a6a301000 r-xp 00000000 08:02 942792                     /usr/local/jdk1.8.0_152/lib/amd64/jli/libjli.so
7f3a6a301000-7f3a6a500000 ---p 00016000 08:02 942792                     /usr/local/jdk1.8.0_152/lib/amd64/jli/libjli.so
7f3a6a500000-7f3a6a501000 rw-p 00015000 08:02 942792                     /usr/local/jdk1.8.0_152/lib/amd64/jli/libjli.so
7f3a6a501000-7f3a6a502000 rw-p 00000000 00:00 0 
7f3a6a502000-7f3a6a503000 r--s 00000000 08:02 1581041                    /root/.jenkins/tools/hudson.tasks.Maven_MavenInstallation/M3/lib/javax.inject-1.jar
7f3a6a503000-7f3a6a505000 r--s 00003000 08:02 1581068                    /root/.jenkins/tools/hudson.tasks.Maven_MavenInstallation/M3/lib/jcl-over-slf4j-1.7.25.jar
7f3a6a505000-7f3a6a50d000 rw-s 00000000 08:02 693157                     /tmp/hsperfdata_root/4134
7f3a6a50d000-7f3a6a50e000 rw-p 00000000 00:00 0 
7f3a6a50e000-7f3a6a50f000 r--p 00000000 00:00 0 
7f3a6a50f000-7f3a6a510000 rw-p 00000000 00:00 0 
7fff4a943000-7fff4a959000 rw-p 00000000 00:00 0                          [stack]
7fff4a9f7000-7fff4a9f8000 r-xp 00000000 00:00 0                          [vdso]
ffffffffff600000-ffffffffff601000 r-xp 00000000 00:00 0                  [vsyscall]

VM Arguments:
jvm_args: -Dclassworlds.conf=/root/.jenkins/tools/hudson.tasks.Maven_MavenInstallation/M3/bin/m2.conf -Dmaven.home=/root/.jenkins/tools/hudson.tasks.Maven_MavenInstallation/M3 -Dlibrary.jansi.path=/root/.jenkins/tools/hudson.tasks.Maven_MavenInstallation/M3/lib/jansi-native -Dmaven.multiModuleProjectDirectory=/root/autocheck 
java_command: org.codehaus.plexus.classworlds.launcher.Launcher -Dmaven.test.failure.ignore clean package
java_class_path (initial): /root/.jenkins/tools/hudson.tasks.Maven_MavenInstallation/M3/boot/plexus-classworlds-2.5.2.jar
Launcher Type: SUN_STANDARD

Environment Variables:
JAVA_HOME=/usr/local/jdk1.8.0_152
PATH=/usr/lib64/qt-3.3/bin:/usr/local/sbin:/usr/local/bin:/sbin:/bin:/usr/sbin:/usr/bin:/usr/local/jdk1.8.0_152/bin:/root/.jenkins/tools/hudson.tasks.Maven_MavenInstallation/M3/bin:/usr/local/mysql-5.7.20/bin:/usr/local/libxml2-2.9.5/bin:/usr/local/httpd-2.4.29/bin
LD_LIBRARY_PATH=/usr/local/libxml2-2.9.5/lib:/usr/local/gmp-4.3.2/lib:/usr/local/mpc-0.8.1/lib:/usr/local/mpfr-2.4.2/lib:/usr/local/isl-0.18/lib:/usr/local/boost_1_65_1/lib:/usr/local/gcc-5.5.0/lib64:/usr/local/mysql-5.7.20/lib:/usr/local/apr-1.6.3/lib:/usr/local/apr-util-1.6.1/lib:/usr/local/pcre-8.40/lib
SHELL=/bin/bash

Signal Handlers:
SIGSEGV: [libjvm.so+0xacfec0], sa_mask[0]=11111111011111111101111111111110, sa_flags=SA_RESTART|SA_SIGINFO
SIGBUS: [libjvm.so+0xacfec0], sa_mask[0]=11111111011111111101111111111110, sa_flags=SA_RESTART|SA_SIGINFO
SIGFPE: [libjvm.so+0x927e60], sa_mask[0]=11111111011111111101111111111110, sa_flags=SA_RESTART|SA_SIGINFO
SIGPIPE: [libjvm.so+0x927e60], sa_mask[0]=11111111011111111101111111111110, sa_flags=SA_RESTART|SA_SIGINFO
SIGXFSZ: [libjvm.so+0x927e60], sa_mask[0]=11111111011111111101111111111110, sa_flags=SA_RESTART|SA_SIGINFO
SIGILL: [libjvm.so+0x927e60], sa_mask[0]=11111111011111111101111111111110, sa_flags=SA_RESTART|SA_SIGINFO
SIGUSR1: SIG_DFL, sa_mask[0]=00000000000000000000000000000000, sa_flags=none
SIGUSR2: [libjvm.so+0x9296a0], sa_mask[0]=00100000000000000000000000000000, sa_flags=SA_RESTART|SA_SIGINFO
SIGHUP: SIG_IGN, sa_mask[0]=00000000000000000000000000000000, sa_flags=none
SIGINT: SIG_IGN, sa_mask[0]=00000000000000000000000000000000, sa_flags=none
SIGTERM: [libjvm.so+0x92aaa0], sa_mask[0]=11111111011111111101111111111110, sa_flags=SA_RESTART|SA_SIGINFO
SIGQUIT: [libjvm.so+0x92aaa0], sa_mask[0]=11111111011111111101111111111110, sa_flags=SA_RESTART|SA_SIGINFO


---------------  S Y S T E M  ---------------

OS:Red Hat Enterprise Linux Server release 6.5 (Santiago)

uname:Linux 2.6.32-431.el6.x86_64 #1 SMP Sun Nov 10 22:19:54 EST 2013 x86_64
libc:glibc 2.12 NPTL 2.12 
rlimit: STACK 10240k, CORE 0k, NPROC 14735, NOFILE 4096, AS infinity
load average:0.37 0.25 0.26

/proc/meminfo:
MemTotal:        1906552 kB
MemFree:          749708 kB
Buffers:           37048 kB
Cached:           256088 kB
SwapCached:            0 kB
Active:           913836 kB
Inactive:         141952 kB
Active(anon):     762872 kB
Inactive(anon):      272 kB
Active(file):     150964 kB
Inactive(file):   141680 kB
Unevictable:           0 kB
Mlocked:               0 kB
SwapTotal:       4194296 kB
SwapFree:        4194296 kB
Dirty:               336 kB
Writeback:             0 kB
AnonPages:        756584 kB
Mapped:            43496 kB
Shmem:               496 kB
Slab:              52836 kB
SReclaimable:      23820 kB
SUnreclaim:        29016 kB
KernelStack:        2904 kB
PageTables:         8580 kB
NFS_Unstable:          0 kB
Bounce:                0 kB
WritebackTmp:          0 kB
CommitLimit:     5147572 kB
Committed_AS:    1726284 kB
VmallocTotal:   34359738367 kB
VmallocUsed:      157988 kB
VmallocChunk:   34359574000 kB
HardwareCorrupted:     0 kB
AnonHugePages:    516096 kB
HugePages_Total:       0
HugePages_Free:        0
HugePages_Rsvd:        0
HugePages_Surp:        0
Hugepagesize:       2048 kB
DirectMap4k:       10240 kB
DirectMap2M:     2086912 kB


CPU:total 4 (initial active 4) (4 cores per cpu, 1 threads per core) family 6 model 58 stepping 9, cmov, cx8, fxsr, mmx, sse, sse2, sse3, ssse3, sse4.1, sse4.2, popcnt, avx, aes, clmul, erms, tsc, tscinvbit, tscinv

/proc/cpuinfo:
processor	: 0
vendor_id	: GenuineIntel
cpu family	: 6
model		: 58
model name	: Intel(R) Core(TM) i5-3210M CPU @ 2.50GHz
stepping	: 9
cpu MHz		: 2494.370
cache size	: 3072 KB
physical id	: 0
siblings	: 4
core id		: 0
cpu cores	: 4
apicid		: 0
initial apicid	: 0
fpu		: yes
fpu_exception	: yes
cpuid level	: 13
wp		: yes
flags		: fpu vme de pse tsc msr pae mce cx8 apic sep mtrr pge mca cmov pat pse36 clflush dts mmx fxsr sse sse2 ss ht syscall nx rdtscp lm constant_tsc arch_perfmon pebs bts xtopology tsc_reliable nonstop_tsc aperfmperf unfair_spinlock pni pclmulqdq ssse3 cx16 pcid sse4_1 sse4_2 x2apic popcnt tsc_deadline_timer aes xsave avx f16c rdrand hypervisor lahf_lm ida arat epb pln pts dts fsgsbase smep
bogomips	: 4988.74
clflush size	: 64
cache_alignment	: 64
address sizes	: 42 bits physical, 48 bits virtual
power management:

processor	: 1
vendor_id	: GenuineIntel
cpu family	: 6
model		: 58
model name	: Intel(R) Core(TM) i5-3210M CPU @ 2.50GHz
stepping	: 9
cpu MHz		: 2494.370
cache size	: 3072 KB
physical id	: 0
siblings	: 4
core id		: 1
cpu cores	: 4
apicid		: 1
initial apicid	: 1
fpu		: yes
fpu_exception	: yes
cpuid level	: 13
wp		: yes
flags		: fpu vme de pse tsc msr pae mce cx8 apic sep mtrr pge mca cmov pat pse36 clflush dts mmx fxsr sse sse2 ss ht syscall nx rdtscp lm constant_tsc arch_perfmon pebs bts xtopology tsc_reliable nonstop_tsc aperfmperf unfair_spinlock pni pclmulqdq ssse3 cx16 pcid sse4_1 sse4_2 x2apic popcnt tsc_deadline_timer aes xsave avx f16c rdrand hypervisor lahf_lm ida arat epb pln pts dts fsgsbase smep
bogomips	: 4988.74
clflush size	: 64
cache_alignment	: 64
address sizes	: 42 bits physical, 48 bits virtual
power management:

processor	: 2
vendor_id	: GenuineIntel
cpu family	: 6
model		: 58
model name	: Intel(R) Core(TM) i5-3210M CPU @ 2.50GHz
stepping	: 9
cpu MHz		: 2494.370
cache size	: 3072 KB
physical id	: 0
siblings	: 4
core id		: 2
cpu cores	: 4
apicid		: 2
initial apicid	: 2
fpu		: yes
fpu_exception	: yes
cpuid level	: 13
wp		: yes
flags		: fpu vme de pse tsc msr pae mce cx8 apic sep mtrr pge mca cmov pat pse36 clflush dts mmx fxsr sse sse2 ss ht syscall nx rdtscp lm constant_tsc arch_perfmon pebs bts xtopology tsc_reliable nonstop_tsc aperfmperf unfair_spinlock pni pclmulqdq ssse3 cx16 pcid sse4_1 sse4_2 x2apic popcnt tsc_deadline_timer aes xsave avx f16c rdrand hypervisor lahf_lm ida arat epb pln pts dts fsgsbase smep
bogomips	: 4988.74
clflush size	: 64
cache_alignment	: 64
address sizes	: 42 bits physical, 48 bits virtual
power management:

processor	: 3
vendor_id	: GenuineIntel
cpu family	: 6
model		: 58
model name	: Intel(R) Core(TM) i5-3210M CPU @ 2.50GHz
stepping	: 9
cpu MHz		: 2494.370
cache size	: 3072 KB
physical id	: 0
siblings	: 4
core id		: 3
cpu cores	: 4
apicid		: 3
initial apicid	: 3
fpu		: yes
fpu_exception	: yes
cpuid level	: 13
wp		: yes
flags		: fpu vme de pse tsc msr pae mce cx8 apic sep mtrr pge mca cmov pat pse36 clflush dts mmx fxsr sse sse2 ss ht syscall nx rdtscp lm constant_tsc arch_perfmon pebs bts xtopology tsc_reliable nonstop_tsc aperfmperf unfair_spinlock pni pclmulqdq ssse3 cx16 pcid sse4_1 sse4_2 x2apic popcnt tsc_deadline_timer aes xsave avx f16c rdrand hypervisor lahf_lm ida arat epb pln pts dts fsgsbase smep
bogomips	: 4988.74
clflush size	: 64
cache_alignment	: 64
address sizes	: 42 bits physical, 48 bits virtual
power management:



Memory: 4k page, physical 1906552k(749708k free), swap 4194296k(4194296k free)

vm_info: Java HotSpot(TM) 64-Bit Server VM (25.152-b16) for linux-amd64 JRE (1.8.0_152-b16), built on Sep 14 2017 02:16:14 by "java_re" with gcc 4.3.0 20080428 (Red Hat 4.3.0-8)

time: Wed Jan 17 17:23:05 2018
elapsed time: 5 seconds (0d 0h 0m 5s)

