#
# A fatal error has been detected by the Java Runtime Environment:
#
#  SIGSEGV (0xb) at pc=0x00007fe5841732b1, pid=5024, tid=0x00007fe583739700
#
# JRE version: Java(TM) SE Runtime Environment (8.0_152-b16) (build 1.8.0_152-b16)
# Java VM: Java HotSpot(TM) 64-Bit Server VM (25.152-b16 mixed mode linux-amd64 compressed oops)
# Problematic frame:
# V  [libjvm.so+0xa392b1]  SymbolTable::lookup_only(char const*, int, unsigned int&)+0xa1
#
# Failed to write core dump. Core dumps have been disabled. To enable core dumping, try "ulimit -c unlimited" before starting Java again
#
# If you would like to submit a bug report, please visit:
#   http://bugreport.java.com/bugreport/crash.jsp
#

---------------  T H R E A D  ---------------

Current thread (0x00007fe57c009800):  JavaThread "main" [_thread_in_vm, id=5038, stack(0x00007fe583639000,0x00007fe58373a000)]

siginfo: si_signo: 11 (SIGSEGV), si_code: 128 (SI_KERNEL), si_addr: 0x0000000000000000

Registers:
RAX=0x00807fe57c1322f8, RBX=0x00807fe57c1322f8, RCX=0x00007fe57c6f3b3c, RDX=0x00007fe580cf3118
RSP=0x00007fe5837349c0, RBP=0x00007fe583734a00, RSI=0x00007fe57c6f3b3c, RDI=0x0000000000000000
R8 =0x00007fe57c6f3b3c, R9 =0x0000000000000064, R10=0x000000000000000a, R11=0x0000003f5175a5a0
R12=0x0000000000000001, R13=0x00000000e71833e8, R14=0x00007fe583735140, R15=0x00007fe57c0263c0
RIP=0x00007fe5841732b1, EFLAGS=0x0000000000010202, CSGSFS=0x0000000000000033, ERR=0x0000000000000000
  TRAPNO=0x000000000000000d

Top of Stack: (sp=0x00007fe5837349c0)
0x00007fe5837349c0:   00007fe583734ce0 000000647c6f3ad8
0x00007fe5837349d0:   00007fe57c6f3ad8 00007fe57c6f3ad8
0x00007fe5837349e0:   0000000000000044 0000000000000064
0x00007fe5837349f0:   00007fe583735140 00007fe57c009800
0x00007fe583734a00:   00007fe583734bc0 00007fe583b9c50e
0x00007fe583734a10:   0000000000000008 0000000000000002
0x00007fe583734a20:   0000000000000000 00007fe583734b80
0x00007fe583734a30:   00007fe583734ad0 00007fe583734b00
0x00007fe583734a40:   00007fe583734a90 00007fe583734b40
0x00007fe583734a50:   00007fe583734b20 00007fe583734b70
0x00007fe583734a60:   00007fe583734b88 000000ba846cd164
0x00007fe583734a70:   00007fe5837353b0 000000037c000020
0x00007fe583734a80:   00007fe567d9ff80 0000000000000000
0x00007fe583734a90:   00007fe57c6f38f2 00007fe57c6f39ab
0x00007fe583734aa0:   00007fe57c6f3a87 00007fe583734af0
0x00007fe583734ab0:   0000000000000078 00007fe58405e035
0x00007fe583734ac0:   000000077c22a390 00007fe583734b20
0x00007fe583734ad0:   00007fe57c6f3810 00007fe57c6f4daa
0x00007fe583734ae0:   00007fe57c6f3b3c 00007fe583735500
0x00007fe583734af0:   00007fe583734b01 00007fe583a1e9c0
0x00007fe583734b00:   8536f83ca341d885 000000000483e977
0x00007fe583734b10:   00007fe583734b60 00007fe583a1ea64
0x00007fe583734b20:   0000003b00000030 0000000000000043
0x00007fe583734b30:   0000000000000000 0000000000000000
0x00007fe583734b40:   000000350000000a 00007fe50000004e
0x00007fe583734b50:   00007fe567da0048 00007fe57c6f3080
0x00007fe583734b60:   00007fe583734b90 00007fe583c2f9f8
0x00007fe583734b70:   00007fe567d9ff80 00007fe567da0048
0x00007fe583734b80:   00007fe567d9ff80 00007fe5e71833e8
0x00007fe583734b90:   00007fe583734bc0 00007fe5846fa52a
0x00007fe583734ba0:   00007fe57c009800 00007fe583735060
0x00007fe583734bb0:   00007fe5837353b0 00007fe583735140 

Instructions: (pc=0x00007fe5841732b1)
0x00007fe584173291:   48 85 db 0f 84 76 00 00 00 45 31 e4 eb 12 90 48
0x00007fe5841732a1:   8b 43 08 41 83 c4 01 48 89 c3 48 83 e3 fe 74 2f
0x00007fe5841732b1:   44 3b 2b 75 ea 4c 8b 73 10 8b 55 cc 48 8b 75 d0
0x00007fe5841732c1:   4c 89 f7 e8 87 cb ff ff 84 c0 74 d3 4c 89 f7 e8 

Register to memory mapping:

RAX=0x00807fe57c1322f8 is an unknown value
RBX=0x00807fe57c1322f8 is an unknown value
RCX=0x00007fe57c6f3b3c is an unknown value
RDX=0x00007fe580cf3118 is an unknown value
RSP=0x00007fe5837349c0 is pointing into the stack for thread: 0x00007fe57c009800
RBP=0x00007fe583734a00 is pointing into the stack for thread: 0x00007fe57c009800
RSI=0x00007fe57c6f3b3c is an unknown value
RDI=0x0000000000000000 is an unknown value
R8 =0x00007fe57c6f3b3c is an unknown value
R9 =0x0000000000000064 is an unknown value
R10=0x000000000000000a is an unknown value
R11=0x0000003f5175a5a0: <offset 0x15a5a0> in /lib64/libc.so.6 at 0x0000003f51600000
R12=0x0000000000000001 is an unknown value
R13=0x00000000e71833e8 is an unallocated location in the heap
R14=0x00007fe583735140 is pointing into the stack for thread: 0x00007fe57c009800
R15=0x00007fe57c0263c0 is an unknown value


Stack: [0x00007fe583639000,0x00007fe58373a000],  sp=0x00007fe5837349c0,  free space=1006k
Native frames: (J=compiled Java code, j=interpreted, Vv=VM code, C=native code)
V  [libjvm.so+0xa392b1]  SymbolTable::lookup_only(char const*, int, unsigned int&)+0xa1
V  [libjvm.so+0x46250e]  ClassFileParser::parse_constant_pool_entries(int, Thread*)+0xa8e
V  [libjvm.so+0x462e1e]  ClassFileParser::parse_constant_pool(Thread*)+0x3de
V  [libjvm.so+0x46420b]  ClassFileParser::parseClassFile(Symbol*, ClassLoaderData*, Handle, KlassHandle, GrowableArray<Handle>*, TempNewSymbol&, bool, Thread*)+0x6bb
V  [libjvm.so+0xa3f85f]  SystemDictionary::resolve_from_stream(Symbol*, Handle, Handle, ClassFileStream*, bool, Thread*)+0x14f
V  [libjvm.so+0x7160ae]  jvm_define_class_common(JNIEnv_*, char const*, _jobject*, signed char const*, int, _jobject*, char const*, unsigned char, Thread*)+0x2ae
V  [libjvm.so+0x71ab81]  JVM_DefineClassWithSource+0xe1
C  [libjava.so+0xebcf]  Java_java_lang_ClassLoader_defineClass1+0x14f
J 445  java.lang.ClassLoader.defineClass1(Ljava/lang/String;[BIILjava/security/ProtectionDomain;Ljava/lang/String;)Ljava/lang/Class; (0 bytes) @ 0x00007fe56d23d40b [0x00007fe56d23d300+0x10b]
J 484 C1 java.lang.ClassLoader.defineClass(Ljava/lang/String;[BIILjava/security/ProtectionDomain;)Ljava/lang/Class; (43 bytes) @ 0x00007fe56d258cd4 [0x00007fe56d258700+0x5d4]
J 357 C1 java.net.URLClassLoader.defineClass(Ljava/lang/String;Lsun/misc/Resource;)Ljava/lang/Class; (142 bytes) @ 0x00007fe56d20164c [0x00007fe56d1ffb00+0x1b4c]
J 303 C1 java.net.URLClassLoader$1.run()Ljava/lang/Class; (63 bytes) @ 0x00007fe56d1bd29c [0x00007fe56d1bcfe0+0x2bc]
J 302 C1 java.net.URLClassLoader$1.run()Ljava/lang/Object; (5 bytes) @ 0x00007fe56d1bd9cc [0x00007fe56d1bd940+0x8c]
v  ~StubRoutines::call_stub
V  [libjvm.so+0x695e06]  JavaCalls::call_helper(JavaValue*, methodHandle*, JavaCallArguments*, Thread*)+0x1056
V  [libjvm.so+0x72f4ac]  JVM_DoPrivileged+0x27c
J 166  java.security.AccessController.doPrivileged(Ljava/security/PrivilegedExceptionAction;Ljava/security/AccessControlContext;)Ljava/lang/Object; (0 bytes) @ 0x00007fe56d165e15 [0x00007fe56d165d40+0xd5]
J 207 C1 java.net.URLClassLoader.findClass(Ljava/lang/String;)Ljava/lang/Class; (47 bytes) @ 0x00007fe56d17aa44 [0x00007fe56d17a8c0+0x184]
J 485 C1 org.codehaus.plexus.classworlds.realm.ClassRealm.loadClassFromSelf(Ljava/lang/String;)Ljava/lang/Class; (40 bytes) @ 0x00007fe56d25aa3c [0x00007fe56d25a6c0+0x37c]
J 413 C1 org.codehaus.plexus.classworlds.strategy.SelfFirstStrategy.loadClass(Ljava/lang/String;)Ljava/lang/Class; (50 bytes) @ 0x00007fe56d22f3dc [0x00007fe56d22f140+0x29c]
J 319 C1 org.codehaus.plexus.classworlds.realm.ClassRealm.loadClass(Ljava/lang/String;)Ljava/lang/Class; (7 bytes) @ 0x00007fe56d1c89fc [0x00007fe56d1c87e0+0x21c]
v  ~StubRoutines::call_stub
V  [libjvm.so+0x695e06]  JavaCalls::call_helper(JavaValue*, methodHandle*, JavaCallArguments*, Thread*)+0x1056
V  [libjvm.so+0x696311]  JavaCalls::call_virtual(JavaValue*, KlassHandle, Symbol*, Symbol*, JavaCallArguments*, Thread*)+0x321
V  [libjvm.so+0x696766]  JavaCalls::call_virtual(JavaValue*, Handle, KlassHandle, Symbol*, Symbol*, Handle, Thread*)+0x56
V  [libjvm.so+0xa44cb0]  SystemDictionary::load_instance_class(Symbol*, Handle, Thread*)+0x3f0
V  [libjvm.so+0xa43bfc]  SystemDictionary::resolve_instance_class_or_null(Symbol*, Handle, Handle, Thread*)+0x78c
V  [libjvm.so+0xa450d3]  SystemDictionary::resolve_or_fail(Symbol*, Handle, Handle, bool, Thread*)+0x33
V  [libjvm.so+0x9a2ba6]  get_mirror_from_signature(methodHandle, SignatureStream*, Thread*)+0xc6
V  [libjvm.so+0x9a626e]  Reflection::get_parameter_types(methodHandle, int, oopDesc**, Thread*)+0x18e
V  [libjvm.so+0x9a6e0c]  Reflection::new_method(methodHandle, bool, bool, Thread*)+0xfc
V  [libjvm.so+0x72ec79]  get_class_declared_methods_helper(JNIEnv_*, _jclass*, unsigned char, bool, Klass*, Thread*)+0x479
V  [libjvm.so+0x72f10b]  JVM_GetClassDeclaredMethods+0xcb
J 1005  java.lang.Class.getDeclaredMethods0(Z)[Ljava/lang/reflect/Method; (0 bytes) @ 0x00007fe56d3ddf68 [0x00007fe56d3ddec0+0xa8]
J 827 C1 java.lang.Class.privateGetDeclaredMethods(Z)[Ljava/lang/reflect/Method; (67 bytes) @ 0x00007fe56d364c74 [0x00007fe56d364960+0x314]
J 860 C1 com.google.inject.spi.InjectionPoint.getInjectionPoints(Lcom/google/inject/TypeLiteral;ZLcom/google/inject/internal/Errors;)Ljava/util/Set; (495 bytes) @ 0x00007fe56d381e2c [0x00007fe56d380a60+0x13cc]
J 885 C1 com.google.inject.spi.InjectionPoint.forInstanceMethodsAndFields(Lcom/google/inject/TypeLiteral;)Ljava/util/Set; (40 bytes) @ 0x00007fe56d394acc [0x00007fe56d394940+0x18c]
j  org.eclipse.sisu.wire.DependencyAnalyzer.analyzeImplementation(Lcom/google/inject/TypeLiteral;Z)Ljava/lang/Boolean;+44
j  org.eclipse.sisu.wire.DependencyAnalyzer.visit(Lcom/google/inject/spi/UntargettedBinding;)Ljava/lang/Boolean;+11
j  org.eclipse.sisu.wire.DependencyAnalyzer.visit(Lcom/google/inject/spi/UntargettedBinding;)Ljava/lang/Object;+5
j  com.google.inject.internal.UntargettedBindingImpl.acceptTargetVisitor(Lcom/google/inject/spi/BindingTargetVisitor;)Ljava/lang/Object;+2
j  org.eclipse.sisu.wire.ElementAnalyzer.visit(Lcom/google/inject/Binding;)Ljava/lang/Void;+43
j  org.eclipse.sisu.wire.ElementAnalyzer.visit(Lcom/google/inject/Binding;)Ljava/lang/Object;+5
j  com.google.inject.internal.BindingImpl.acceptVisitor(Lcom/google/inject/spi/ElementVisitor;)Ljava/lang/Object;+2
j  org.eclipse.sisu.wire.WireModule.configure(Lcom/google/inject/Binder;)V+39
j  com.google.inject.spi.Elements$RecordingBinder.install(Lcom/google/inject/Module;)V+161
j  com.google.inject.spi.Elements.getElements(Lcom/google/inject/Stage;Ljava/lang/Iterable;)Ljava/util/List;+40
j  com.google.inject.internal.InjectorShell$Builder.build(Lcom/google/inject/internal/Initializer;Lcom/google/inject/internal/ProcessedBindingData;Lcom/google/inject/internal/util/Stopwatch;Lcom/google/inject/internal/Errors;)Ljava/util/List;+122
j  com.google.inject.internal.InternalInjectorCreator.build()Lcom/google/inject/Injector;+48
j  com.google.inject.Guice.createInjector(Lcom/google/inject/Stage;Ljava/lang/Iterable;)Lcom/google/inject/Injector;+15
j  com.google.inject.Guice.createInjector(Ljava/lang/Iterable;)Lcom/google/inject/Injector;+4
j  com.google.inject.Guice.createInjector([Lcom/google/inject/Module;)Lcom/google/inject/Injector;+4
j  org.codehaus.plexus.DefaultPlexusContainer.addPlexusInjector(Ljava/util/List;[Lcom/google/inject/Module;)Lcom/google/inject/Injector;+88
j  org.codehaus.plexus.DefaultPlexusContainer.<init>(Lorg/codehaus/plexus/ContainerConfiguration;[Lcom/google/inject/Module;)V+396
j  org.apache.maven.cli.MavenCli.container(Lorg/apache/maven/cli/CliRequest;)Lorg/codehaus/plexus/PlexusContainer;+275
j  org.apache.maven.cli.MavenCli.doMain(Lorg/apache/maven/cli/CliRequest;)I+29
j  org.apache.maven.cli.MavenCli.main([Ljava/lang/String;Lorg/codehaus/plexus/classworlds/ClassWorld;)I+21
v  ~StubRoutines::call_stub
V  [libjvm.so+0x695e06]  JavaCalls::call_helper(JavaValue*, methodHandle*, JavaCallArguments*, Thread*)+0x1056
V  [libjvm.so+0x9a3de7]  Reflection::invoke(instanceKlassHandle, methodHandle, Handle, bool, objArrayHandle, BasicType, objArrayHandle, bool, Thread*)+0x5d7
V  [libjvm.so+0x9a74f7]  Reflection::invoke_method(oopDesc*, Handle, objArrayHandle, Thread*)+0x147
V  [libjvm.so+0x72988b]  JVM_InvokeMethod+0x26b
j  sun.reflect.NativeMethodAccessorImpl.invoke0(Ljava/lang/reflect/Method;Ljava/lang/Object;[Ljava/lang/Object;)Ljava/lang/Object;+0
j  sun.reflect.NativeMethodAccessorImpl.invoke(Ljava/lang/Object;[Ljava/lang/Object;)Ljava/lang/Object;+100
j  sun.reflect.DelegatingMethodAccessorImpl.invoke(Ljava/lang/Object;[Ljava/lang/Object;)Ljava/lang/Object;+6
j  java.lang.reflect.Method.invoke(Ljava/lang/Object;[Ljava/lang/Object;)Ljava/lang/Object;+56
j  org.codehaus.plexus.classworlds.launcher.Launcher.launchEnhanced([Ljava/lang/String;)V+45
j  org.codehaus.plexus.classworlds.launcher.Launcher.launch([Ljava/lang/String;)V+2
j  org.codehaus.plexus.classworlds.launcher.Launcher.mainWithExitCode([Ljava/lang/String;)I+101
j  org.codehaus.plexus.classworlds.launcher.Launcher.main([Ljava/lang/String;)V+1
v  ~StubRoutines::call_stub
V  [libjvm.so+0x695e06]  JavaCalls::call_helper(JavaValue*, methodHandle*, JavaCallArguments*, Thread*)+0x1056
V  [libjvm.so+0x6d7312]  jni_invoke_static(JNIEnv_*, JavaValue*, _jobject*, JNICallType, _jmethodID*, JNI_ArgumentPusher*, Thread*)+0x362
V  [libjvm.so+0x6f3b7a]  jni_CallStaticVoidMethod+0x17a
C  [libjli.so+0x80ff]  JavaMain+0x81f
C  [libpthread.so.0+0x79d1]

Java frames: (J=compiled Java code, j=interpreted, Vv=VM code)
J 445  java.lang.ClassLoader.defineClass1(Ljava/lang/String;[BIILjava/security/ProtectionDomain;Ljava/lang/String;)Ljava/lang/Class; (0 bytes) @ 0x00007fe56d23d391 [0x00007fe56d23d300+0x91]
J 484 C1 java.lang.ClassLoader.defineClass(Ljava/lang/String;[BIILjava/security/ProtectionDomain;)Ljava/lang/Class; (43 bytes) @ 0x00007fe56d258cd4 [0x00007fe56d258700+0x5d4]
J 357 C1 java.net.URLClassLoader.defineClass(Ljava/lang/String;Lsun/misc/Resource;)Ljava/lang/Class; (142 bytes) @ 0x00007fe56d20164c [0x00007fe56d1ffb00+0x1b4c]
J 303 C1 java.net.URLClassLoader$1.run()Ljava/lang/Class; (63 bytes) @ 0x00007fe56d1bd29c [0x00007fe56d1bcfe0+0x2bc]
J 302 C1 java.net.URLClassLoader$1.run()Ljava/lang/Object; (5 bytes) @ 0x00007fe56d1bd9cc [0x00007fe56d1bd940+0x8c]
v  ~StubRoutines::call_stub
J 166  java.security.AccessController.doPrivileged(Ljava/security/PrivilegedExceptionAction;Ljava/security/AccessControlContext;)Ljava/lang/Object; (0 bytes) @ 0x00007fe56d165da3 [0x00007fe56d165d40+0x63]
J 207 C1 java.net.URLClassLoader.findClass(Ljava/lang/String;)Ljava/lang/Class; (47 bytes) @ 0x00007fe56d17aa44 [0x00007fe56d17a8c0+0x184]
J 485 C1 org.codehaus.plexus.classworlds.realm.ClassRealm.loadClassFromSelf(Ljava/lang/String;)Ljava/lang/Class; (40 bytes) @ 0x00007fe56d25aa3c [0x00007fe56d25a6c0+0x37c]
J 413 C1 org.codehaus.plexus.classworlds.strategy.SelfFirstStrategy.loadClass(Ljava/lang/String;)Ljava/lang/Class; (50 bytes) @ 0x00007fe56d22f3dc [0x00007fe56d22f140+0x29c]
J 319 C1 org.codehaus.plexus.classworlds.realm.ClassRealm.loadClass(Ljava/lang/String;)Ljava/lang/Class; (7 bytes) @ 0x00007fe56d1c89fc [0x00007fe56d1c87e0+0x21c]
v  ~StubRoutines::call_stub
J 1005  java.lang.Class.getDeclaredMethods0(Z)[Ljava/lang/reflect/Method; (0 bytes) @ 0x00007fe56d3ddef8 [0x00007fe56d3ddec0+0x38]
J 827 C1 java.lang.Class.privateGetDeclaredMethods(Z)[Ljava/lang/reflect/Method; (67 bytes) @ 0x00007fe56d364c74 [0x00007fe56d364960+0x314]
J 860 C1 com.google.inject.spi.InjectionPoint.getInjectionPoints(Lcom/google/inject/TypeLiteral;ZLcom/google/inject/internal/Errors;)Ljava/util/Set; (495 bytes) @ 0x00007fe56d381e2c [0x00007fe56d380a60+0x13cc]
J 885 C1 com.google.inject.spi.InjectionPoint.forInstanceMethodsAndFields(Lcom/google/inject/TypeLiteral;)Ljava/util/Set; (40 bytes) @ 0x00007fe56d394acc [0x00007fe56d394940+0x18c]
j  org.eclipse.sisu.wire.DependencyAnalyzer.analyzeImplementation(Lcom/google/inject/TypeLiteral;Z)Ljava/lang/Boolean;+44
j  org.eclipse.sisu.wire.DependencyAnalyzer.visit(Lcom/google/inject/spi/UntargettedBinding;)Ljava/lang/Boolean;+11
j  org.eclipse.sisu.wire.DependencyAnalyzer.visit(Lcom/google/inject/spi/UntargettedBinding;)Ljava/lang/Object;+5
j  com.google.inject.internal.UntargettedBindingImpl.acceptTargetVisitor(Lcom/google/inject/spi/BindingTargetVisitor;)Ljava/lang/Object;+2
j  org.eclipse.sisu.wire.ElementAnalyzer.visit(Lcom/google/inject/Binding;)Ljava/lang/Void;+43
j  org.eclipse.sisu.wire.ElementAnalyzer.visit(Lcom/google/inject/Binding;)Ljava/lang/Object;+5
j  com.google.inject.internal.BindingImpl.acceptVisitor(Lcom/google/inject/spi/ElementVisitor;)Ljava/lang/Object;+2
j  org.eclipse.sisu.wire.WireModule.configure(Lcom/google/inject/Binder;)V+39
j  com.google.inject.spi.Elements$RecordingBinder.install(Lcom/google/inject/Module;)V+161
j  com.google.inject.spi.Elements.getElements(Lcom/google/inject/Stage;Ljava/lang/Iterable;)Ljava/util/List;+40
j  com.google.inject.internal.InjectorShell$Builder.build(Lcom/google/inject/internal/Initializer;Lcom/google/inject/internal/ProcessedBindingData;Lcom/google/inject/internal/util/Stopwatch;Lcom/google/inject/internal/Errors;)Ljava/util/List;+122
j  com.google.inject.internal.InternalInjectorCreator.build()Lcom/google/inject/Injector;+48
j  com.google.inject.Guice.createInjector(Lcom/google/inject/Stage;Ljava/lang/Iterable;)Lcom/google/inject/Injector;+15
j  com.google.inject.Guice.createInjector(Ljava/lang/Iterable;)Lcom/google/inject/Injector;+4
j  com.google.inject.Guice.createInjector([Lcom/google/inject/Module;)Lcom/google/inject/Injector;+4
j  org.codehaus.plexus.DefaultPlexusContainer.addPlexusInjector(Ljava/util/List;[Lcom/google/inject/Module;)Lcom/google/inject/Injector;+88
j  org.codehaus.plexus.DefaultPlexusContainer.<init>(Lorg/codehaus/plexus/ContainerConfiguration;[Lcom/google/inject/Module;)V+396
j  org.apache.maven.cli.MavenCli.container(Lorg/apache/maven/cli/CliRequest;)Lorg/codehaus/plexus/PlexusContainer;+275
j  org.apache.maven.cli.MavenCli.doMain(Lorg/apache/maven/cli/CliRequest;)I+29
j  org.apache.maven.cli.MavenCli.main([Ljava/lang/String;Lorg/codehaus/plexus/classworlds/ClassWorld;)I+21
v  ~StubRoutines::call_stub
j  sun.reflect.NativeMethodAccessorImpl.invoke0(Ljava/lang/reflect/Method;Ljava/lang/Object;[Ljava/lang/Object;)Ljava/lang/Object;+0
j  sun.reflect.NativeMethodAccessorImpl.invoke(Ljava/lang/Object;[Ljava/lang/Object;)Ljava/lang/Object;+100
j  sun.reflect.DelegatingMethodAccessorImpl.invoke(Ljava/lang/Object;[Ljava/lang/Object;)Ljava/lang/Object;+6
j  java.lang.reflect.Method.invoke(Ljava/lang/Object;[Ljava/lang/Object;)Ljava/lang/Object;+56
j  org.codehaus.plexus.classworlds.launcher.Launcher.launchEnhanced([Ljava/lang/String;)V+45
j  org.codehaus.plexus.classworlds.launcher.Launcher.launch([Ljava/lang/String;)V+2
j  org.codehaus.plexus.classworlds.launcher.Launcher.mainWithExitCode([Ljava/lang/String;)I+101
j  org.codehaus.plexus.classworlds.launcher.Launcher.main([Ljava/lang/String;)V+1
v  ~StubRoutines::call_stub

---------------  P R O C E S S  ---------------

Java Threads: ( => current thread )
  0x00007fe57c0da800 JavaThread "Service Thread" daemon [_thread_blocked, id=5050, stack(0x00007fe56c1d1000,0x00007fe56c2d2000)]
  0x00007fe57c0bd800 JavaThread "C1 CompilerThread2" daemon [_thread_blocked, id=5049, stack(0x00007fe56c2d2000,0x00007fe56c3d3000)]
  0x00007fe57c0bb800 JavaThread "C2 CompilerThread1" daemon [_thread_blocked, id=5048, stack(0x00007fe56c3d3000,0x00007fe56c4d4000)]
  0x00007fe57c0b8800 JavaThread "C2 CompilerThread0" daemon [_thread_blocked, id=5047, stack(0x00007fe56c4d4000,0x00007fe56c5d5000)]
  0x00007fe57c0b7000 JavaThread "Signal Dispatcher" daemon [_thread_blocked, id=5046, stack(0x00007fe56c5d5000,0x00007fe56c6d6000)]
  0x00007fe57c083800 JavaThread "Finalizer" daemon [_thread_blocked, id=5045, stack(0x00007fe56c6d6000,0x00007fe56c7d7000)]
  0x00007fe57c07f000 JavaThread "Reference Handler" daemon [_thread_blocked, id=5044, stack(0x00007fe56c7d7000,0x00007fe56c8d8000)]
=>0x00007fe57c009800 JavaThread "main" [_thread_in_vm, id=5038, stack(0x00007fe583639000,0x00007fe58373a000)]

Other Threads:
  0x00007fe57c077800 VMThread [stack: 0x00007fe56c8d8000,0x00007fe56c9d9000] [id=5043]
  0x00007fe57c0df800 WatcherThread [stack: 0x00007fe56c0d0000,0x00007fe56c1d1000] [id=5051]

VM state:not at safepoint (normal execution)

VM Mutex/Monitor currently owned by a thread: None

Heap:
 PSYoungGen      total 33792K, used 14709K [0x00000000f6500000, 0x00000000f8700000, 0x0000000100000000)
  eden space 32768K, 41% used [0x00000000f6500000,0x00000000f7265590,0x00000000f8500000)
  from space 1024K, 96% used [0x00000000f8600000,0x00000000f86f8020,0x00000000f8700000)
  to   space 1024K, 0% used [0x00000000f8500000,0x00000000f8500000,0x00000000f8600000)
 ParOldGen       total 20480K, used 6796K [0x00000000e2e00000, 0x00000000e4200000, 0x00000000f6500000)
  object space 20480K, 33% used [0x00000000e2e00000,0x00000000e34a3120,0x00000000e4200000)
 Metaspace       used 11560K, capacity 11688K, committed 11776K, reserved 1058816K
  class space    used 1440K, capacity 1508K, committed 1536K, reserved 1048576K

Card table byte_map: [0x00007fe58291d000,0x00007fe582a07000] byte_map_base: 0x00007fe582206000

Marking Bits: (ParMarkBitMap*) 0x00007fe5847091a0
 Begin Bits: [0x00007fe5815ed000, 0x00007fe581d35000)
 End Bits:   [0x00007fe581d35000, 0x00007fe58247d000)

Polling page: 0x00007fe58495d000

CodeCache: size=245760Kb used=3982Kb max_used=3994Kb free=241777Kb
 bounds [0x00007fe56d000000, 0x00007fe56d3f0000, 0x00007fe57c000000]
 total_blobs=1320 nmethods=1011 adapters=223
 compilation: enabled

Compilation events (10 events):
Event: 2.675 Thread 0x00007fe57c0bd800 nmethod 1008 0x00007fe56d3df110 code [0x00007fe56d3df280, 0x00007fe56d3df4a8]
Event: 2.675 Thread 0x00007fe57c0bd800 1009       3       com.google.common.collect.RegularImmutableList::listIterator (15 bytes)
Event: 2.675 Thread 0x00007fe57c0bd800 nmethod 1009 0x00007fe56d3ded50 code [0x00007fe56d3deec0, 0x00007fe56d3df048]
Event: 2.676 Thread 0x00007fe57c0bd800 1010       3       com.google.common.collect.Iterators::forArray (51 bytes)
Event: 2.677 Thread 0x00007fe57c0bd800 nmethod 1010 0x00007fe56d3e7010 code [0x00007fe56d3e7260, 0x00007fe56d3e7d58]
Event: 2.677 Thread 0x00007fe57c0bd800 1012       3       com.google.common.collect.ImmutableList::<init> (5 bytes)
Event: 2.678 Thread 0x00007fe57c0bd800 nmethod 1012 0x00007fe56d3de850 code [0x00007fe56d3de9c0, 0x00007fe56d3dec30]
Event: 2.678 Thread 0x00007fe57c0bd800 1011       3       com.google.common.base.Preconditions::checkPositionIndexes (29 bytes)
Event: 2.678 Thread 0x00007fe57c0b8800 nmethod 1004 0x00007fe56d3e8450 code [0x00007fe56d3e85e0, 0x00007fe56d3e9308]
Event: 2.681 Thread 0x00007fe57c0bd800 nmethod 1011 0x00007fe56d3de2d0 code [0x00007fe56d3de460, 0x00007fe56d3de738]

GC Heap History (8 events):
Event: 0.553 GC heap before
{Heap before GC invocations=1 (full 0):
 PSYoungGen      total 9216K, used 8192K [0x00000000f6500000, 0x00000000f6f00000, 0x0000000100000000)
  eden space 8192K, 100% used [0x00000000f6500000,0x00000000f6d00000,0x00000000f6d00000)
  from space 1024K, 0% used [0x00000000f6e00000,0x00000000f6e00000,0x00000000f6f00000)
  to   space 1024K, 0% used [0x00000000f6d00000,0x00000000f6d00000,0x00000000f6e00000)
 ParOldGen       total 20480K, used 0K [0x00000000e2e00000, 0x00000000e4200000, 0x00000000f6500000)
  object space 20480K, 0% used [0x00000000e2e00000,0x00000000e2e00000,0x00000000e4200000)
 Metaspace       used 5464K, capacity 5804K, committed 6144K, reserved 1056768K
  class space    used 598K, capacity 664K, committed 768K, reserved 1048576K
Event: 0.560 GC heap after
Heap after GC invocations=1 (full 0):
 PSYoungGen      total 9216K, used 1008K [0x00000000f6500000, 0x00000000f7700000, 0x0000000100000000)
  eden space 8192K, 0% used [0x00000000f6500000,0x00000000f6500000,0x00000000f6d00000)
  from space 1024K, 98% used [0x00000000f6d00000,0x00000000f6dfc010,0x00000000f6e00000)
  to   space 1024K, 0% used [0x00000000f7600000,0x00000000f7600000,0x00000000f7700000)
 ParOldGen       total 20480K, used 1170K [0x00000000e2e00000, 0x00000000e4200000, 0x00000000f6500000)
  object space 20480K, 5% used [0x00000000e2e00000,0x00000000e2f249e8,0x00000000e4200000)
 Metaspace       used 5464K, capacity 5804K, committed 6144K, reserved 1056768K
  class space    used 598K, capacity 664K, committed 768K, reserved 1048576K
}
Event: 0.878 GC heap before
{Heap before GC invocations=2 (full 0):
 PSYoungGen      total 9216K, used 9200K [0x00000000f6500000, 0x00000000f7700000, 0x0000000100000000)
  eden space 8192K, 100% used [0x00000000f6500000,0x00000000f6d00000,0x00000000f6d00000)
  from space 1024K, 98% used [0x00000000f6d00000,0x00000000f6dfc010,0x00000000f6e00000)
  to   space 1024K, 0% used [0x00000000f7600000,0x00000000f7600000,0x00000000f7700000)
 ParOldGen       total 20480K, used 1170K [0x00000000e2e00000, 0x00000000e4200000, 0x00000000f6500000)
  object space 20480K, 5% used [0x00000000e2e00000,0x00000000e2f249e8,0x00000000e4200000)
 Metaspace       used 7024K, capacity 7196K, committed 7296K, reserved 1056768K
  class space    used 823K, capacity 888K, committed 896K, reserved 1048576K
Event: 0.882 GC heap after
Heap after GC invocations=2 (full 0):
 PSYoungGen      total 17408K, used 992K [0x00000000f6500000, 0x00000000f7700000, 0x0000000100000000)
  eden space 16384K, 0% used [0x00000000f6500000,0x00000000f6500000,0x00000000f7500000)
  from space 1024K, 96% used [0x00000000f7600000,0x00000000f76f8020,0x00000000f7700000)
  to   space 1024K, 0% used [0x00000000f7500000,0x00000000f7500000,0x00000000f7600000)
 ParOldGen       total 20480K, used 2643K [0x00000000e2e00000, 0x00000000e4200000, 0x00000000f6500000)
  object space 20480K, 12% used [0x00000000e2e00000,0x00000000e3094ea0,0x00000000e4200000)
 Metaspace       used 7024K, capacity 7196K, committed 7296K, reserved 1056768K
  class space    used 823K, capacity 888K, committed 896K, reserved 1048576K
}
Event: 1.466 GC heap before
{Heap before GC invocations=3 (full 0):
 PSYoungGen      total 17408K, used 17376K [0x00000000f6500000, 0x00000000f7700000, 0x0000000100000000)
  eden space 16384K, 100% used [0x00000000f6500000,0x00000000f7500000,0x00000000f7500000)
  from space 1024K, 96% used [0x00000000f7600000,0x00000000f76f8020,0x00000000f7700000)
  to   space 1024K, 0% used [0x00000000f7500000,0x00000000f7500000,0x00000000f7600000)
 ParOldGen       total 20480K, used 2643K [0x00000000e2e00000, 0x00000000e4200000, 0x00000000f6500000)
  object space 20480K, 12% used [0x00000000e2e00000,0x00000000e3094ea0,0x00000000e4200000)
 Metaspace       used 8227K, capacity 8348K, committed 8576K, reserved 1056768K
  class space    used 1012K, capacity 1080K, committed 1152K, reserved 1048576K
Event: 1.495 GC heap after
Heap after GC invocations=3 (full 0):
 PSYoungGen      total 17408K, used 1024K [0x00000000f6500000, 0x00000000f8700000, 0x0000000100000000)
  eden space 16384K, 0% used [0x00000000f6500000,0x00000000f6500000,0x00000000f7500000)
  from space 1024K, 100% used [0x00000000f7500000,0x00000000f7600000,0x00000000f7600000)
  to   space 1024K, 0% used [0x00000000f8600000,0x00000000f8600000,0x00000000f8700000)
 ParOldGen       total 20480K, used 4186K [0x00000000e2e00000, 0x00000000e4200000, 0x00000000f6500000)
  object space 20480K, 20% used [0x00000000e2e00000,0x00000000e3216950,0x00000000e4200000)
 Metaspace       used 8227K, capacity 8348K, committed 8576K, reserved 1056768K
  class space    used 1012K, capacity 1080K, committed 1152K, reserved 1048576K
}
Event: 2.074 GC heap before
{Heap before GC invocations=4 (full 0):
 PSYoungGen      total 17408K, used 17408K [0x00000000f6500000, 0x00000000f8700000, 0x0000000100000000)
  eden space 16384K, 100% used [0x00000000f6500000,0x00000000f7500000,0x00000000f7500000)
  from space 1024K, 100% used [0x00000000f7500000,0x00000000f7600000,0x00000000f7600000)
  to   space 1024K, 0% used [0x00000000f8600000,0x00000000f8600000,0x00000000f8700000)
 ParOldGen       total 20480K, used 4186K [0x00000000e2e00000, 0x00000000e4200000, 0x00000000f6500000)
  object space 20480K, 20% used [0x00000000e2e00000,0x00000000e3216950,0x00000000e4200000)
 Metaspace       used 10069K, capacity 10164K, committed 10240K, reserved 1058816K
  class space    used 1234K, capacity 1277K, committed 1280K, reserved 1048576K
Event: 2.094 GC heap after
Heap after GC invocations=4 (full 0):
 PSYoungGen      total 33792K, used 992K [0x00000000f6500000, 0x00000000f8700000, 0x0000000100000000)
  eden space 32768K, 0% used [0x00000000f6500000,0x00000000f6500000,0x00000000f8500000)
  from space 1024K, 96% used [0x00000000f8600000,0x00000000f86f8020,0x00000000f8700000)
  to   space 1024K, 0% used [0x00000000f8500000,0x00000000f8500000,0x00000000f8600000)
 ParOldGen       total 20480K, used 6796K [0x00000000e2e00000, 0x00000000e4200000, 0x00000000f6500000)
  object space 20480K, 33% used [0x00000000e2e00000,0x00000000e34a3120,0x00000000e4200000)
 Metaspace       used 10069K, capacity 10164K, committed 10240K, reserved 1058816K
  class space    used 1234K, capacity 1277K, committed 1280K, reserved 1048576K
}

Deoptimization events (10 events):
Event: 0.699 Thread 0x00007fe57c009800 Uncommon trap: reason=unstable_if action=reinterpret pc=0x00007fe56d1b24f0 method=java.lang.String.indexOf([CII[CIII)I @ 3
Event: 1.166 Thread 0x00007fe57c009800 Uncommon trap: reason=unstable_if action=reinterpret pc=0x00007fe56d29f98c method=java.nio.charset.CoderResult.isOverflow()Z @ 5
Event: 1.231 Thread 0x00007fe57c009800 Uncommon trap: reason=unstable_if action=reinterpret pc=0x00007fe56d2b2824 method=sun.nio.cs.StreamDecoder.implRead([CII)I @ 197
Event: 1.236 Thread 0x00007fe57c009800 Uncommon trap: reason=unstable_if action=reinterpret pc=0x00007fe56d2b91f4 method=sun.nio.cs.StreamDecoder.read([CII)I @ 136
Event: 1.295 Thread 0x00007fe57c009800 Uncommon trap: reason=unstable_if action=reinterpret pc=0x00007fe56d2c81d8 method=org.codehaus.plexus.util.xml.pull.MXParser.nextImpl()I @ 91
Event: 1.296 Thread 0x00007fe57c009800 Uncommon trap: reason=unstable_if action=reinterpret pc=0x00007fe56d2cee54 method=sun.nio.cs.StreamDecoder.implRead([CII)I @ 197
Event: 1.349 Thread 0x00007fe57c009800 Uncommon trap: reason=range_check action=make_not_entrant pc=0x00007fe56d267440 method=sun.reflect.generics.parser.SignatureParser.current()C @ 34
Event: 1.640 Thread 0x00007fe57c009800 Uncommon trap: reason=unstable_if action=reinterpret pc=0x00007fe56d251024 method=java.util.HashMap.getNode(ILjava/lang/Object;)Ljava/util/HashMap$Node; @ 129
Event: 1.693 Thread 0x00007fe57c009800 Uncommon trap: reason=unstable_if action=reinterpret pc=0x00007fe56d2508e8 method=java.util.HashMap.getNode(ILjava/lang/Object;)Ljava/util/HashMap$Node; @ 129
Event: 1.857 Thread 0x00007fe57c009800 Uncommon trap: reason=unstable_if action=reinterpret pc=0x00007fe56d329a1c method=java.lang.String.lastIndexOf([CII[CIII)I @ 118

Classes redefined (0 events):
No events

Internal exceptions (10 events):
Event: 1.008 Thread 0x00007fe57c009800 Exception <a 'java/lang/ArrayIndexOutOfBoundsException'> (0x00000000f67bdd48) thrown at [/HUDSON/workspace/8-2-build-linux-amd64/jdk8u152/9742/hotspot/src/share/vm/runtime/sharedRuntime.cpp, line 605]
Event: 1.008 Thread 0x00007fe57c009800 Exception <a 'java/lang/ArrayIndexOutOfBoundsException'> (0x00000000f67bf920) thrown at [/HUDSON/workspace/8-2-build-linux-amd64/jdk8u152/9742/hotspot/src/share/vm/runtime/sharedRuntime.cpp, line 605]
Event: 1.008 Thread 0x00007fe57c009800 Exception <a 'java/lang/ArrayIndexOutOfBoundsException'> (0x00000000f67c16f8) thrown at [/HUDSON/workspace/8-2-build-linux-amd64/jdk8u152/9742/hotspot/src/share/vm/runtime/sharedRuntime.cpp, line 605]
Event: 1.009 Thread 0x00007fe57c009800 Exception <a 'java/lang/ArrayIndexOutOfBoundsException'> (0x00000000f67c2eb8) thrown at [/HUDSON/workspace/8-2-build-linux-amd64/jdk8u152/9742/hotspot/src/share/vm/runtime/sharedRuntime.cpp, line 605]
Event: 1.009 Thread 0x00007fe57c009800 Exception <a 'java/lang/ArrayIndexOutOfBoundsException'> (0x00000000f67c4bf8) thrown at [/HUDSON/workspace/8-2-build-linux-amd64/jdk8u152/9742/hotspot/src/share/vm/runtime/sharedRuntime.cpp, line 605]
Event: 1.009 Thread 0x00007fe57c009800 Exception <a 'java/lang/ArrayIndexOutOfBoundsException'> (0x00000000f67c6150) thrown at [/HUDSON/workspace/8-2-build-linux-amd64/jdk8u152/9742/hotspot/src/share/vm/runtime/sharedRuntime.cpp, line 605]
Event: 1.349 Thread 0x00007fe57c009800 Exception <a 'java/lang/ArrayIndexOutOfBoundsException': 73> (0x00000000f7373e88) thrown at [/HUDSON/workspace/8-2-build-linux-amd64/jdk8u152/9742/hotspot/src/share/vm/interpreter/interpreterRuntime.cpp, line 366]
Event: 1.349 Thread 0x00007fe57c009800 Exception <a 'java/lang/ArrayIndexOutOfBoundsException': 131> (0x00000000f7375830) thrown at [/HUDSON/workspace/8-2-build-linux-amd64/jdk8u152/9742/hotspot/src/share/vm/interpreter/interpreterRuntime.cpp, line 366]
Event: 1.527 Thread 0x00007fe57c009800 Exception <a 'java/lang/ArrayIndexOutOfBoundsException'> (0x00000000f65fd578) thrown at [/HUDSON/workspace/8-2-build-linux-amd64/jdk8u152/9742/hotspot/src/share/vm/runtime/sharedRuntime.cpp, line 605]
Event: 1.527 Thread 0x00007fe57c009800 Exception <a 'java/lang/ArrayIndexOutOfBoundsException'> (0x00000000f65fe3f8) thrown at [/HUDSON/workspace/8-2-build-linux-amd64/jdk8u152/9742/hotspot/src/share/vm/runtime/sharedRuntime.cpp, line 605]

Events (10 events):
Event: 2.684 loading class org/eclipse/aether/internal/impl/DefaultDependencyCollector$Results
Event: 2.684 loading class org/eclipse/aether/internal/impl/DefaultDependencyCollector$Results done
Event: 2.685 loading class org/eclipse/aether/collection/DependencyManager
Event: 2.685 loading class org/eclipse/aether/collection/DependencyManager done
Event: 2.685 loading class org/eclipse/aether/collection/DependencyTraverser
Event: 2.685 loading class org/eclipse/aether/collection/DependencyTraverser done
Event: 2.686 loading class org/eclipse/aether/collection/VersionFilter
Event: 2.686 loading class org/eclipse/aether/collection/VersionFilter done
Event: 2.687 loading class org/eclipse/aether/graph/Dependency
Event: 2.687 loading class org/eclipse/aether/graph/Dependency done


Dynamic libraries:
00400000-00401000 r-xp 00000000 08:02 941553                             /usr/local/jdk1.8.0_152/bin/java
00600000-00601000 rw-p 00000000 08:02 941553                             /usr/local/jdk1.8.0_152/bin/java
01278000-01299000 rw-p 00000000 00:00 0                                  [heap]
e2e00000-e4200000 rw-p 00000000 00:00 0 
e4200000-f6500000 ---p 00000000 00:00 0 
f6500000-f8700000 rw-p 00000000 00:00 0 
f8700000-100000000 ---p 00000000 00:00 0 
100000000-100180000 rw-p 00000000 00:00 0 
100180000-140000000 ---p 00000000 00:00 0 
3cfb200000-3cfb207000 r-xp 00000000 08:02 2228679                        /lib64/librt-2.12.so
3cfb207000-3cfb406000 ---p 00007000 08:02 2228679                        /lib64/librt-2.12.so
3cfb406000-3cfb407000 r--p 00006000 08:02 2228679                        /lib64/librt-2.12.so
3cfb407000-3cfb408000 rw-p 00007000 08:02 2228679                        /lib64/librt-2.12.so
3cfd600000-3cfd602000 r-xp 00000000 08:02 2248198                        /lib64/libutil-2.12.so
3cfd602000-3cfd801000 ---p 00002000 08:02 2248198                        /lib64/libutil-2.12.so
3cfd801000-3cfd802000 r--p 00001000 08:02 2248198                        /lib64/libutil-2.12.so
3cfd802000-3cfd803000 rw-p 00002000 08:02 2248198                        /lib64/libutil-2.12.so
3f50e00000-3f50e20000 r-xp 00000000 08:02 2228637                        /lib64/ld-2.12.so
3f5101f000-3f51020000 r--p 0001f000 08:02 2228637                        /lib64/ld-2.12.so
3f51020000-3f51021000 rw-p 00020000 08:02 2228637                        /lib64/ld-2.12.so
3f51021000-3f51022000 rw-p 00000000 00:00 0 
3f51200000-3f51202000 r-xp 00000000 08:02 2228640                        /lib64/libdl-2.12.so
3f51202000-3f51402000 ---p 00002000 08:02 2228640                        /lib64/libdl-2.12.so
3f51402000-3f51403000 r--p 00002000 08:02 2228640                        /lib64/libdl-2.12.so
3f51403000-3f51404000 rw-p 00003000 08:02 2228640                        /lib64/libdl-2.12.so
3f51600000-3f5178b000 r-xp 00000000 08:02 2228638                        /lib64/libc-2.12.so
3f5178b000-3f5198a000 ---p 0018b000 08:02 2228638                        /lib64/libc-2.12.so
3f5198a000-3f5198e000 r--p 0018a000 08:02 2228638                        /lib64/libc-2.12.so
3f5198e000-3f5198f000 rw-p 0018e000 08:02 2228638                        /lib64/libc-2.12.so
3f5198f000-3f51994000 rw-p 00000000 00:00 0 
3f51a00000-3f51a17000 r-xp 00000000 08:02 2228639                        /lib64/libpthread-2.12.so
3f51a17000-3f51c17000 ---p 00017000 08:02 2228639                        /lib64/libpthread-2.12.so
3f51c17000-3f51c18000 r--p 00017000 08:02 2228639                        /lib64/libpthread-2.12.so
3f51c18000-3f51c19000 rw-p 00018000 08:02 2228639                        /lib64/libpthread-2.12.so
3f51c19000-3f51c1d000 rw-p 00000000 00:00 0 
3f52600000-3f52683000 r-xp 00000000 08:02 2228641                        /lib64/libm-2.12.so
3f52683000-3f52882000 ---p 00083000 08:02 2228641                        /lib64/libm-2.12.so
3f52882000-3f52883000 r--p 00082000 08:02 2228641                        /lib64/libm-2.12.so
3f52883000-3f52884000 rw-p 00083000 08:02 2228641                        /lib64/libm-2.12.so
7fe524000000-7fe524021000 rw-p 00000000 00:00 0 
7fe524021000-7fe528000000 ---p 00000000 00:00 0 
7fe528000000-7fe528021000 rw-p 00000000 00:00 0 
7fe528021000-7fe52c000000 ---p 00000000 00:00 0 
7fe52c000000-7fe52c3ae000 rw-p 00000000 00:00 0 
7fe52c3ae000-7fe530000000 ---p 00000000 00:00 0 
7fe530000000-7fe5302f1000 rw-p 00000000 00:00 0 
7fe5302f1000-7fe534000000 ---p 00000000 00:00 0 
7fe534000000-7fe534446000 rw-p 00000000 00:00 0 
7fe534446000-7fe538000000 ---p 00000000 00:00 0 
7fe53a16f000-7fe540000000 r--p 00000000 08:02 395394                     /usr/lib/locale/locale-archive
7fe540000000-7fe540021000 rw-p 00000000 00:00 0 
7fe540021000-7fe544000000 ---p 00000000 00:00 0 
7fe544000000-7fe544021000 rw-p 00000000 00:00 0 
7fe544021000-7fe548000000 ---p 00000000 00:00 0 
7fe548000000-7fe548021000 rw-p 00000000 00:00 0 
7fe548021000-7fe54c000000 ---p 00000000 00:00 0 
7fe54c000000-7fe54c021000 rw-p 00000000 00:00 0 
7fe54c021000-7fe550000000 ---p 00000000 00:00 0 
7fe550000000-7fe550021000 rw-p 00000000 00:00 0 
7fe550021000-7fe554000000 ---p 00000000 00:00 0 
7fe558000000-7fe558021000 rw-p 00000000 00:00 0 
7fe558021000-7fe55c000000 ---p 00000000 00:00 0 
7fe560000000-7fe560021000 rw-p 00000000 00:00 0 
7fe560021000-7fe564000000 ---p 00000000 00:00 0 
7fe567bb4000-7fe567db5000 rw-p 00000000 00:00 0 
7fe567db5000-7fe567db7000 r--s 0000c000 08:02 1581100                    /root/.jenkins/tools/hudson.tasks.Maven_MavenInstallation/M3/lib/wagon-provider-api-2.12.jar
7fe567db7000-7fe567dbb000 r--s 00028000 08:02 1581012                    /root/.jenkins/tools/hudson.tasks.Maven_MavenInstallation/M3/lib/maven-model-builder-3.5.2.jar
7fe567dbb000-7fe567dbd000 r--s 00009000 08:02 1581076                    /root/.jenkins/tools/hudson.tasks.Maven_MavenInstallation/M3/lib/maven-resolver-connector-basic-1.1.0.jar
7fe567dbd000-7fe567dc0000 r-xp 00000000 08:02 1581095                    /root/.jenkins/tools/hudson.tasks.Maven_MavenInstallation/M3/lib/jansi-native/linux64/libjansi.so
7fe567dc0000-7fe567fbf000 ---p 00003000 08:02 1581095                    /root/.jenkins/tools/hudson.tasks.Maven_MavenInstallation/M3/lib/jansi-native/linux64/libjansi.so
7fe567fbf000-7fe567fc0000 rw-p 00002000 08:02 1581095                    /root/.jenkins/tools/hudson.tasks.Maven_MavenInstallation/M3/lib/jansi-native/linux64/libjansi.so
7fe567fc0000-7fe567fc2000 r--s 0000c000 08:02 1581030                    /root/.jenkins/tools/hudson.tasks.Maven_MavenInstallation/M3/lib/commons-cli-1.4.jar
7fe567fc2000-7fe567fc3000 r--s 00002000 08:02 1581069                    /root/.jenkins/tools/hudson.tasks.Maven_MavenInstallation/M3/lib/wagon-file-2.12.jar
7fe567fc3000-7fe567fc5000 r--s 0000f000 08:02 1581061                    /root/.jenkins/tools/hudson.tasks.Maven_MavenInstallation/M3/lib/maven-resolver-provider-3.5.2.jar
7fe567fc5000-7fe567fc6000 r--s 00003000 08:02 1581023                    /root/.jenkins/tools/hudson.tasks.Maven_MavenInstallation/M3/lib/maven-builder-support-3.5.2.jar
7fe567fc6000-7fe567fca000 r--s 00020000 08:02 1581047                    /root/.jenkins/tools/hudson.tasks.Maven_MavenInstallation/M3/lib/maven-resolver-api-1.1.0.jar
7fe567fca000-7fe567fcd000 r--s 00011000 08:02 1581094                    /root/.jenkins/tools/hudson.tasks.Maven_MavenInstallation/M3/lib/plexus-interpolation-1.24.jar
7fe567fcd000-7fe567fce000 r--s 00001000 08:02 1581046                    /root/.jenkins/tools/hudson.tasks.Maven_MavenInstallation/M3/lib/jsr250-api-1.0.jar
7fe567fce000-7fe567fd2000 r--s 00023000 08:02 1581035                    /root/.jenkins/tools/hudson.tasks.Maven_MavenInstallation/M3/lib/maven-resolver-util-1.1.0.jar
7fe567fd2000-7fe567ffe000 r--s 001e6000 08:02 1581052                    /root/.jenkins/tools/hudson.tasks.Maven_MavenInstallation/M3/lib/wagon-http-2.12-shaded.jar
7fe567ffe000-7fe568000000 r--s 00000000 08:02 1581040                    /root/.jenkins/tools/hudson.tasks.Maven_MavenInstallation/M3/lib/aopalliance-1.0.jar
7fe568000000-7fe568021000 rw-p 00000000 00:00 0 
7fe568021000-7fe56c000000 ---p 00000000 00:00 0 
7fe56c000000-7fe56c002000 r--s 00002000 08:02 1581018                    /root/.jenkins/tools/hudson.tasks.Maven_MavenInstallation/M3/lib/plexus-cipher-1.7.jar
7fe56c002000-7fe56c004000 r--s 0000c000 08:02 1581064                    /root/.jenkins/tools/hudson.tasks.Maven_MavenInstallation/M3/lib/maven-artifact-3.5.2.jar
7fe56c004000-7fe56c007000 r--s 00025000 08:02 1581019                    /root/.jenkins/tools/hudson.tasks.Maven_MavenInstallation/M3/lib/maven-shared-utils-3.1.0.jar
7fe56c007000-7fe56c00a000 r--s 00008000 08:02 1581057                    /root/.jenkins/tools/hudson.tasks.Maven_MavenInstallation/M3/lib/cdi-api-1.0.jar
7fe56c00a000-7fe56c00c000 r--s 00009000 08:02 1581097                    /root/.jenkins/tools/hudson.tasks.Maven_MavenInstallation/M3/lib/maven-settings-builder-3.5.2.jar
7fe56c00c000-7fe56c00f000 r--s 0003c000 08:02 1580995                    /root/.jenkins/tools/hudson.tasks.Maven_MavenInstallation/M3/lib/jansi-1.16.jar
7fe56c00f000-7fe56c012000 r--s 00015000 08:02 1581092                    /root/.jenkins/tools/hudson.tasks.Maven_MavenInstallation/M3/lib/maven-embedder-3.5.2.jar
7fe56c012000-7fe56c014000 r--s 00006000 08:02 1581105                    /root/.jenkins/tools/hudson.tasks.Maven_MavenInstallation/M3/lib/maven-resolver-transport-wagon-1.1.0.jar
7fe56c014000-7fe56c01a000 r--s 00041000 08:02 1581070                    /root/.jenkins/tools/hudson.tasks.Maven_MavenInstallation/M3/lib/maven-compat-3.5.2.jar
7fe56c01a000-7fe56c022000 r--s 0006e000 08:02 1581045                    /root/.jenkins/tools/hudson.tasks.Maven_MavenInstallation/M3/lib/commons-lang3-3.5.jar
7fe56c022000-7fe56c026000 r--s 0003c000 08:02 1580991                    /root/.jenkins/tools/hudson.tasks.Maven_MavenInstallation/M3/lib/plexus-utils-3.1.0.jar
7fe56c026000-7fe56c02c000 r--s 0002d000 08:02 1581080                    /root/.jenkins/tools/hudson.tasks.Maven_MavenInstallation/M3/lib/org.eclipse.sisu.plexus-0.3.3.jar
7fe56c02c000-7fe56c039000 r--s 0008d000 08:02 1581087                    /root/.jenkins/tools/hudson.tasks.Maven_MavenInstallation/M3/lib/maven-core-3.5.2.jar
7fe56c039000-7fe56c03b000 r--s 0000b000 08:02 1581084                    /root/.jenkins/tools/hudson.tasks.Maven_MavenInstallation/M3/boot/plexus-classworlds-2.5.2.jar
7fe56c03b000-7fe56c0d0000 r--s 01113000 08:02 1347970                    /usr/local/jdk1.8.0_152/jre/lib/ext/jfxrt.jar
7fe56c0d0000-7fe56c0d1000 ---p 00000000 00:00 0 
7fe56c0d1000-7fe56c1d1000 rw-p 00000000 00:00 0 
7fe56c1d1000-7fe56c1d4000 ---p 00000000 00:00 0 
7fe56c1d4000-7fe56c2d2000 rw-p 00000000 00:00 0 
7fe56c2d2000-7fe56c2d5000 ---p 00000000 00:00 0 
7fe56c2d5000-7fe56c3d3000 rw-p 00000000 00:00 0 
7fe56c3d3000-7fe56c3d6000 ---p 00000000 00:00 0 
7fe56c3d6000-7fe56c4d4000 rw-p 00000000 00:00 0 
7fe56c4d4000-7fe56c4d7000 ---p 00000000 00:00 0 
7fe56c4d7000-7fe56c5d5000 rw-p 00000000 00:00 0 
7fe56c5d5000-7fe56c5d8000 ---p 00000000 00:00 0 
7fe56c5d8000-7fe56c6d6000 rw-p 00000000 00:00 0 
7fe56c6d6000-7fe56c6d9000 ---p 00000000 00:00 0 
7fe56c6d9000-7fe56c7d7000 rw-p 00000000 00:00 0 
7fe56c7d7000-7fe56c7da000 ---p 00000000 00:00 0 
7fe56c7da000-7fe56c8d8000 rw-p 00000000 00:00 0 
7fe56c8d8000-7fe56c8d9000 ---p 00000000 00:00 0 
7fe56c8d9000-7fe56d000000 rw-p 00000000 00:00 0 
7fe56d000000-7fe56d3f0000 rwxp 00000000 00:00 0 
7fe56d3f0000-7fe57c000000 ---p 00000000 00:00 0 
7fe57c000000-7fe57c994000 rw-p 00000000 00:00 0 
7fe57c994000-7fe580000000 ---p 00000000 00:00 0 
7fe580000000-7fe580001000 rw-p 00000000 00:00 0 
7fe580001000-7fe580002000 r--s 00006000 08:02 1581101                    /root/.jenkins/tools/hudson.tasks.Maven_MavenInstallation/M3/lib/plexus-sec-dispatcher-1.4.jar
7fe580002000-7fe580005000 r--s 00026000 08:02 1580994                    /root/.jenkins/tools/hudson.tasks.Maven_MavenInstallation/M3/lib/maven-model-3.5.2.jar
7fe580005000-7fe580007000 r--s 0000a000 08:02 1581044                    /root/.jenkins/tools/hudson.tasks.Maven_MavenInstallation/M3/lib/maven-plugin-api-3.5.2.jar
7fe580007000-7fe58000b000 r--s 0002a000 08:02 1581014                    /root/.jenkins/tools/hudson.tasks.Maven_MavenInstallation/M3/lib/maven-resolver-impl-1.1.0.jar
7fe58000b000-7fe580012000 r--s 00056000 08:02 1580996                    /root/.jenkins/tools/hudson.tasks.Maven_MavenInstallation/M3/lib/org.eclipse.sisu.inject-0.3.3.jar
7fe580012000-7fe58001b000 r--s 0005f000 08:02 1581099                    /root/.jenkins/tools/hudson.tasks.Maven_MavenInstallation/M3/lib/guice-4.0-no_aop.jar
7fe58001b000-7fe58001c000 r--s 00006000 08:02 1581029                    /root/.jenkins/tools/hudson.tasks.Maven_MavenInstallation/M3/lib/maven-repository-metadata-3.5.2.jar
7fe58001c000-7fe58001e000 r--s 00000000 08:02 1581075                    /root/.jenkins/tools/hudson.tasks.Maven_MavenInstallation/M3/lib/plexus-component-annotations-1.7.1.jar
7fe58001e000-7fe58001f000 r--s 00000000 08:02 1581041                    /root/.jenkins/tools/hudson.tasks.Maven_MavenInstallation/M3/lib/javax.inject-1.jar
7fe58001f000-7fe580023000 r--s 0002f000 08:02 1581083                    /root/.jenkins/tools/hudson.tasks.Maven_MavenInstallation/M3/lib/commons-io-2.5.jar
7fe580023000-7fe580052000 r--s 00226000 08:02 1581009                    /root/.jenkins/tools/hudson.tasks.Maven_MavenInstallation/M3/lib/guava-20.0.jar
7fe580052000-7fe580053000 r--s 0000a000 08:02 1581049                    /root/.jenkins/tools/hudson.tasks.Maven_MavenInstallation/M3/lib/maven-settings-3.5.2.jar
7fe580053000-7fe580055000 r--s 00007000 08:02 1581056                    /root/.jenkins/tools/hudson.tasks.Maven_MavenInstallation/M3/lib/maven-resolver-spi-1.1.0.jar
7fe580055000-7fe580a31000 rw-p 00000000 00:00 0 
7fe580a31000-7fe580c0b000 r--s 03d5f000 08:02 1219351                    /usr/local/jdk1.8.0_152/jre/lib/rt.jar
7fe580c0b000-7fe58247d000 rw-p 00000000 00:00 0 
7fe58247d000-7fe58247e000 ---p 00000000 00:00 0 
7fe58247e000-7fe58257e000 rw-p 00000000 00:00 0 
7fe58257e000-7fe58257f000 ---p 00000000 00:00 0 
7fe58257f000-7fe58267f000 rw-p 00000000 00:00 0 
7fe58267f000-7fe582680000 ---p 00000000 00:00 0 
7fe582680000-7fe582780000 rw-p 00000000 00:00 0 
7fe582780000-7fe582781000 ---p 00000000 00:00 0 
7fe582781000-7fe58288b000 rw-p 00000000 00:00 0 
7fe58288b000-7fe58291d000 ---p 00000000 00:00 0 
7fe58291d000-7fe582927000 rw-p 00000000 00:00 0 
7fe582927000-7fe5829b8000 ---p 00000000 00:00 0 
7fe5829b8000-7fe5829ca000 rw-p 00000000 00:00 0 
7fe5829ca000-7fe582a06000 ---p 00000000 00:00 0 
7fe582a06000-7fe582a17000 rw-p 00000000 00:00 0 
7fe582a17000-7fe582dc7000 ---p 00000000 00:00 0 
7fe582dc7000-7fe582de2000 r-xp 00000000 08:02 1861611                    /usr/local/jdk1.8.0_152/jre/lib/amd64/libzip.so
7fe582de2000-7fe582fe2000 ---p 0001b000 08:02 1861611                    /usr/local/jdk1.8.0_152/jre/lib/amd64/libzip.so
7fe582fe2000-7fe582fe3000 rw-p 0001b000 08:02 1861611                    /usr/local/jdk1.8.0_152/jre/lib/amd64/libzip.so
7fe582fe3000-7fe582fef000 r-xp 00000000 08:02 2228254                    /lib64/libnss_files-2.12.so
7fe582fef000-7fe5831ef000 ---p 0000c000 08:02 2228254                    /lib64/libnss_files-2.12.so
7fe5831ef000-7fe5831f0000 r--p 0000c000 08:02 2228254                    /lib64/libnss_files-2.12.so
7fe5831f0000-7fe5831f1000 rw-p 0000d000 08:02 2228254                    /lib64/libnss_files-2.12.so
7fe5831f1000-7fe5831f2000 rw-p 00000000 00:00 0 
7fe5831f2000-7fe5831f4000 r--s 00009000 08:02 1581032                    /root/.jenkins/tools/hudson.tasks.Maven_MavenInstallation/M3/lib/slf4j-api-1.7.25.jar
7fe5831f4000-7fe5831fe000 rw-p 00000000 00:00 0 
7fe5831fe000-7fe583229000 r-xp 00000000 08:02 1861605                    /usr/local/jdk1.8.0_152/jre/lib/amd64/libjava.so
7fe583229000-7fe583428000 ---p 0002b000 08:02 1861605                    /usr/local/jdk1.8.0_152/jre/lib/amd64/libjava.so
7fe583428000-7fe58342a000 rw-p 0002a000 08:02 1861605                    /usr/local/jdk1.8.0_152/jre/lib/amd64/libjava.so
7fe58342a000-7fe583437000 r-xp 00000000 08:02 1861610                    /usr/local/jdk1.8.0_152/jre/lib/amd64/libverify.so
7fe583437000-7fe583637000 ---p 0000d000 08:02 1861610                    /usr/local/jdk1.8.0_152/jre/lib/amd64/libverify.so
7fe583637000-7fe583639000 rw-p 0000d000 08:02 1861610                    /usr/local/jdk1.8.0_152/jre/lib/amd64/libverify.so
7fe583639000-7fe58363c000 ---p 00000000 00:00 0 
7fe58363c000-7fe58373a000 rw-p 00000000 00:00 0 
7fe58373a000-7fe584412000 r-xp 00000000 08:02 2006142                    /usr/local/jdk1.8.0_152/jre/lib/amd64/server/libjvm.so
7fe584412000-7fe584611000 ---p 00cd8000 08:02 2006142                    /usr/local/jdk1.8.0_152/jre/lib/amd64/server/libjvm.so
7fe584611000-7fe5846eb000 rw-p 00cd7000 08:02 2006142                    /usr/local/jdk1.8.0_152/jre/lib/amd64/server/libjvm.so
7fe5846eb000-7fe58473a000 rw-p 00000000 00:00 0 
7fe58473a000-7fe584750000 r-xp 00000000 08:02 942792                     /usr/local/jdk1.8.0_152/lib/amd64/jli/libjli.so
7fe584750000-7fe58494f000 ---p 00016000 08:02 942792                     /usr/local/jdk1.8.0_152/lib/amd64/jli/libjli.so
7fe58494f000-7fe584950000 rw-p 00015000 08:02 942792                     /usr/local/jdk1.8.0_152/lib/amd64/jli/libjli.so
7fe584950000-7fe584951000 rw-p 00000000 00:00 0 
7fe584951000-7fe584952000 r--s 00005000 08:02 1581106                    /root/.jenkins/tools/hudson.tasks.Maven_MavenInstallation/M3/lib/maven-slf4j-provider-3.5.2.jar
7fe584952000-7fe584954000 r--s 00003000 08:02 1581068                    /root/.jenkins/tools/hudson.tasks.Maven_MavenInstallation/M3/lib/jcl-over-slf4j-1.7.25.jar
7fe584954000-7fe58495c000 rw-s 00000000 08:02 693154                     /tmp/hsperfdata_root/5024
7fe58495c000-7fe58495d000 rw-p 00000000 00:00 0 
7fe58495d000-7fe58495e000 r--p 00000000 00:00 0 
7fe58495e000-7fe58495f000 rw-p 00000000 00:00 0 
7fff6d7ef000-7fff6d805000 rw-p 00000000 00:00 0                          [stack]
7fff6d904000-7fff6d905000 r-xp 00000000 00:00 0                          [vdso]
ffffffffff600000-ffffffffff601000 r-xp 00000000 00:00 0                  [vsyscall]

VM Arguments:
jvm_args: -Dclassworlds.conf=/root/.jenkins/tools/hudson.tasks.Maven_MavenInstallation/M3/bin/m2.conf -Dmaven.home=/root/.jenkins/tools/hudson.tasks.Maven_MavenInstallation/M3 -Dlibrary.jansi.path=/root/.jenkins/tools/hudson.tasks.Maven_MavenInstallation/M3/lib/jansi-native -Dmaven.multiModuleProjectDirectory=/root/autocheck 
java_command: org.codehaus.plexus.classworlds.launcher.Launcher -Dmaven.test.failure.ignore clean package
java_class_path (initial): /root/.jenkins/tools/hudson.tasks.Maven_MavenInstallation/M3/boot/plexus-classworlds-2.5.2.jar
Launcher Type: SUN_STANDARD

Environment Variables:
JAVA_HOME=/usr/local/jdk1.8.0_152
PATH=/usr/lib64/qt-3.3/bin:/usr/local/sbin:/usr/local/bin:/sbin:/bin:/usr/sbin:/usr/bin:/usr/local/jdk1.8.0_152/bin:/root/.jenkins/tools/hudson.tasks.Maven_MavenInstallation/M3/bin:/usr/local/mysql-5.7.20/bin:/usr/local/libxml2-2.9.5/bin:/usr/local/httpd-2.4.29/bin
LD_LIBRARY_PATH=/usr/local/libxml2-2.9.5/lib:/usr/local/gmp-4.3.2/lib:/usr/local/mpc-0.8.1/lib:/usr/local/mpfr-2.4.2/lib:/usr/local/isl-0.18/lib:/usr/local/boost_1_65_1/lib:/usr/local/gcc-5.5.0/lib64:/usr/local/mysql-5.7.20/lib:/usr/local/apr-1.6.3/lib:/usr/local/apr-util-1.6.1/lib:/usr/local/pcre-8.40/lib
SHELL=/bin/bash

Signal Handlers:
SIGSEGV: [libjvm.so+0xacfec0], sa_mask[0]=11111111011111111101111111111110, sa_flags=SA_RESTART|SA_SIGINFO
SIGBUS: [libjvm.so+0xacfec0], sa_mask[0]=11111111011111111101111111111110, sa_flags=SA_RESTART|SA_SIGINFO
SIGFPE: [libjvm.so+0x927e60], sa_mask[0]=11111111011111111101111111111110, sa_flags=SA_RESTART|SA_SIGINFO
SIGPIPE: [libjvm.so+0x927e60], sa_mask[0]=11111111011111111101111111111110, sa_flags=SA_RESTART|SA_SIGINFO
SIGXFSZ: [libjvm.so+0x927e60], sa_mask[0]=11111111011111111101111111111110, sa_flags=SA_RESTART|SA_SIGINFO
SIGILL: [libjvm.so+0x927e60], sa_mask[0]=11111111011111111101111111111110, sa_flags=SA_RESTART|SA_SIGINFO
SIGUSR1: SIG_DFL, sa_mask[0]=00000000000000000000000000000000, sa_flags=none
SIGUSR2: [libjvm.so+0x9296a0], sa_mask[0]=00100000000000000000000000000000, sa_flags=SA_RESTART|SA_SIGINFO
SIGHUP: SIG_IGN, sa_mask[0]=00000000000000000000000000000000, sa_flags=none
SIGINT: SIG_IGN, sa_mask[0]=00000000000000000000000000000000, sa_flags=none
SIGTERM: [libjvm.so+0x92aaa0], sa_mask[0]=11111111011111111101111111111110, sa_flags=SA_RESTART|SA_SIGINFO
SIGQUIT: [libjvm.so+0x92aaa0], sa_mask[0]=11111111011111111101111111111110, sa_flags=SA_RESTART|SA_SIGINFO


---------------  S Y S T E M  ---------------

OS:Red Hat Enterprise Linux Server release 6.5 (Santiago)

uname:Linux 2.6.32-431.el6.x86_64 #1 SMP Sun Nov 10 22:19:54 EST 2013 x86_64
libc:glibc 2.12 NPTL 2.12 
rlimit: STACK 10240k, CORE 0k, NPROC 14735, NOFILE 4096, AS infinity
load average:0.16 0.23 0.13

/proc/meminfo:
MemTotal:        1906552 kB
MemFree:          839696 kB
Buffers:           39752 kB
Cached:           258816 kB
SwapCached:            0 kB
Active:           818892 kB
Inactive:         146732 kB
Active(anon):     667276 kB
Inactive(anon):      272 kB
Active(file):     151616 kB
Inactive(file):   146460 kB
Unevictable:           0 kB
Mlocked:               0 kB
SwapTotal:       4194296 kB
SwapFree:        4194296 kB
Dirty:               240 kB
Writeback:             0 kB
AnonPages:        667152 kB
Mapped:            42636 kB
Shmem:               496 kB
Slab:              53584 kB
SReclaimable:      24600 kB
SUnreclaim:        28984 kB
KernelStack:        2872 kB
PageTables:         8432 kB
NFS_Unstable:          0 kB
Bounce:                0 kB
WritebackTmp:          0 kB
CommitLimit:     5147572 kB
Committed_AS:    1653576 kB
VmallocTotal:   34359738367 kB
VmallocUsed:      157988 kB
VmallocChunk:   34359574000 kB
HardwareCorrupted:     0 kB
AnonHugePages:    487424 kB
HugePages_Total:       0
HugePages_Free:        0
HugePages_Rsvd:        0
HugePages_Surp:        0
Hugepagesize:       2048 kB
DirectMap4k:       10240 kB
DirectMap2M:     2086912 kB


CPU:total 4 (initial active 4) (4 cores per cpu, 1 threads per core) family 6 model 58 stepping 9, cmov, cx8, fxsr, mmx, sse, sse2, sse3, ssse3, sse4.1, sse4.2, popcnt, avx, aes, clmul, erms, tsc, tscinvbit, tscinv

/proc/cpuinfo:
processor	: 0
vendor_id	: GenuineIntel
cpu family	: 6
model		: 58
model name	: Intel(R) Core(TM) i5-3210M CPU @ 2.50GHz
stepping	: 9
cpu MHz		: 2494.370
cache size	: 3072 KB
physical id	: 0
siblings	: 4
core id		: 0
cpu cores	: 4
apicid		: 0
initial apicid	: 0
fpu		: yes
fpu_exception	: yes
cpuid level	: 13
wp		: yes
flags		: fpu vme de pse tsc msr pae mce cx8 apic sep mtrr pge mca cmov pat pse36 clflush dts mmx fxsr sse sse2 ss ht syscall nx rdtscp lm constant_tsc arch_perfmon pebs bts xtopology tsc_reliable nonstop_tsc aperfmperf unfair_spinlock pni pclmulqdq ssse3 cx16 pcid sse4_1 sse4_2 x2apic popcnt tsc_deadline_timer aes xsave avx f16c rdrand hypervisor lahf_lm ida arat epb pln pts dts fsgsbase smep
bogomips	: 4988.74
clflush size	: 64
cache_alignment	: 64
address sizes	: 42 bits physical, 48 bits virtual
power management:

processor	: 1
vendor_id	: GenuineIntel
cpu family	: 6
model		: 58
model name	: Intel(R) Core(TM) i5-3210M CPU @ 2.50GHz
stepping	: 9
cpu MHz		: 2494.370
cache size	: 3072 KB
physical id	: 0
siblings	: 4
core id		: 1
cpu cores	: 4
apicid		: 1
initial apicid	: 1
fpu		: yes
fpu_exception	: yes
cpuid level	: 13
wp		: yes
flags		: fpu vme de pse tsc msr pae mce cx8 apic sep mtrr pge mca cmov pat pse36 clflush dts mmx fxsr sse sse2 ss ht syscall nx rdtscp lm constant_tsc arch_perfmon pebs bts xtopology tsc_reliable nonstop_tsc aperfmperf unfair_spinlock pni pclmulqdq ssse3 cx16 pcid sse4_1 sse4_2 x2apic popcnt tsc_deadline_timer aes xsave avx f16c rdrand hypervisor lahf_lm ida arat epb pln pts dts fsgsbase smep
bogomips	: 4988.74
clflush size	: 64
cache_alignment	: 64
address sizes	: 42 bits physical, 48 bits virtual
power management:

processor	: 2
vendor_id	: GenuineIntel
cpu family	: 6
model		: 58
model name	: Intel(R) Core(TM) i5-3210M CPU @ 2.50GHz
stepping	: 9
cpu MHz		: 2494.370
cache size	: 3072 KB
physical id	: 0
siblings	: 4
core id		: 2
cpu cores	: 4
apicid		: 2
initial apicid	: 2
fpu		: yes
fpu_exception	: yes
cpuid level	: 13
wp		: yes
flags		: fpu vme de pse tsc msr pae mce cx8 apic sep mtrr pge mca cmov pat pse36 clflush dts mmx fxsr sse sse2 ss ht syscall nx rdtscp lm constant_tsc arch_perfmon pebs bts xtopology tsc_reliable nonstop_tsc aperfmperf unfair_spinlock pni pclmulqdq ssse3 cx16 pcid sse4_1 sse4_2 x2apic popcnt tsc_deadline_timer aes xsave avx f16c rdrand hypervisor lahf_lm ida arat epb pln pts dts fsgsbase smep
bogomips	: 4988.74
clflush size	: 64
cache_alignment	: 64
address sizes	: 42 bits physical, 48 bits virtual
power management:

processor	: 3
vendor_id	: GenuineIntel
cpu family	: 6
model		: 58
model name	: Intel(R) Core(TM) i5-3210M CPU @ 2.50GHz
stepping	: 9
cpu MHz		: 2494.370
cache size	: 3072 KB
physical id	: 0
siblings	: 4
core id		: 3
cpu cores	: 4
apicid		: 3
initial apicid	: 3
fpu		: yes
fpu_exception	: yes
cpuid level	: 13
wp		: yes
flags		: fpu vme de pse tsc msr pae mce cx8 apic sep mtrr pge mca cmov pat pse36 clflush dts mmx fxsr sse sse2 ss ht syscall nx rdtscp lm constant_tsc arch_perfmon pebs bts xtopology tsc_reliable nonstop_tsc aperfmperf unfair_spinlock pni pclmulqdq ssse3 cx16 pcid sse4_1 sse4_2 x2apic popcnt tsc_deadline_timer aes xsave avx f16c rdrand hypervisor lahf_lm ida arat epb pln pts dts fsgsbase smep
bogomips	: 4988.74
clflush size	: 64
cache_alignment	: 64
address sizes	: 42 bits physical, 48 bits virtual
power management:



Memory: 4k page, physical 1906552k(839696k free), swap 4194296k(4194296k free)

vm_info: Java HotSpot(TM) 64-Bit Server VM (25.152-b16) for linux-amd64 JRE (1.8.0_152-b16), built on Sep 14 2017 02:16:14 by "java_re" with gcc 4.3.0 20080428 (Red Hat 4.3.0-8)

time: Wed Jan 17 18:05:13 2018
elapsed time: 2 seconds (0d 0h 0m 2s)

