#
# A fatal error has been detected by the Java Runtime Environment:
#
#  SIGSEGV (0xb) at pc=0x00007f746cf2bc6d, pid=4325, tid=0x00007f746d88b700
#
# JRE version: Java(TM) SE Runtime Environment (8.0_152-b16) (build 1.8.0_152-b16)
# Java VM: Java HotSpot(TM) 64-Bit Server VM (25.152-b16 mixed mode linux-amd64 compressed oops)
# Problematic frame:
# C  [libzip.so+0x12c6d]  ZIP_GetEntry2+0xed
#
# Failed to write core dump. Core dumps have been disabled. To enable core dumping, try "ulimit -c unlimited" before starting Java again
#
# If you would like to submit a bug report, please visit:
#   http://bugreport.java.com/bugreport/crash.jsp
# The crash happened outside the Java Virtual Machine in native code.
# See problematic frame for where to report the bug.
#

---------------  T H R E A D  ---------------

Current thread (0x00007f7468009800):  JavaThread "main" [_thread_in_native, id=4339, stack(0x00007f746d78b000,0x00007f746d88c000)]

siginfo: si_signo: 11 (SIGSEGV), si_code: 1 (SEGV_MAPERR), si_addr: 0x00007f74700e6d40

Registers:
RAX=0x0000000000000000, RBX=0x00007f74700e6d40, RCX=0x0000000000000047, RDX=0x00007f746d887e00
RSP=0x00007f746d887d90, RBP=0x00007f746d887de0, RSI=0x0000000000000013, RDI=0x00007f74680e6180
R8 =0x0000000000000000, R9 =0x00007f746d887e00, R10=0x31757369735f5f24, R11=0x00000000f65fce78
R12=0x00007f7468102c90, R13=0x00007f74680e62c0, R14=0x0000000079ea4149, R15=0x0000000000000047
RIP=0x00007f746cf2bc6d, EFLAGS=0x0000000000010202, CSGSFS=0x0000000000000033, ERR=0x0000000000000004
  TRAPNO=0x000000000000000e

Top of Stack: (sp=0x00007f746d887d90)
0x00007f746d887d90:   00007f7468009800 01007f746e17281e
0x00007f746d887da0:   00007f746d887e00 00007f746d887e48
0x00007f746d887db0:   00007f746d887e46 00007f746d887e00
0x00007f746d887dc0:   0000000000000047 00007f74680099f8
0x00007f746d887dd0:   00007f746d888258 0000000000000001
0x00007f746d887de0:   00007f746d888240 00007f746cf1cec0
0x00007f746d887df0:   00007f746d887e20 00007f74680e62c0
0x00007f746d887e00:   636170612f67726f 6e6576616d2f6568
0x00007f746d887e10:   636166697472612f 656c646e61682f74
0x00007f746d887e20:   6c75616665442f72 6361666974724174
0x00007f746d887e30:   72656c646e614874 31757369735f5f24
0x00007f746d887e40:   007373616c632e33 00007f746d887e70
0x00007f746d887e50:   00007f746d887f00 00007f7453e83240
0x00007f746d887e60:   000000000000174b 000000000b7c73c1
0x00007f746d887e70:   00007f746d8883e0 00007f7453e83160
0x00007f746d887e80:   00007f746e3bdff9 0000000000002c6e
0x00007f746d887e90:   00007f7453e83220 0000000000000000
0x00007f746d887ea0:   00007f746d88844c 00007f746d888468
0x00007f746d887eb0:   000000006d887fe0 00007f746d888488
0x00007f746d887ec0:   00007f746d888400 00007f746d887f00
0x00007f746d887ed0:   00007f7453e3fa40 0100000153e3fa80
0x00007f746d887ee0:   00007f7400000000 0000003f5167495e
0x00007f746d887ef0:   00007f746d8885f0 00007f746d8885e0
0x00007f746d887f00:   0000000000000054 00007f746d888780
0x00007f746d887f10:   00007f746e3bdffb 0000003f51644467
0x00007f746d887f20:   00007f746e3bdffb 0000000000000000
0x00007f746d887f30:   0000000000000005 00007f746d888720
0x00007f746d887f40:   00007f746e3a894b 0000003f51644467
0x00007f746d887f50:   000000006e3a894b 00000000000009af
0x00007f746d887f60:   00007f746d8884d0 00007f746d8880a0
0x00007f746d887f70:   00007f746e3bdff9 0000000000000000
0x00007f746d887f80:   00007f74680087d0 0000000000000000 

Instructions: (pc=0x00007f746cf2bc6d)
0x00007f746cf2bc4d:   e9 e9 00 00 00 66 0f 1f 44 00 00 8b 5b 04 83 fb
0x00007f746cf2bc5d:   ff 66 90 74 5e 48 63 db 48 c1 e3 04 49 03 5d 70
0x00007f746cf2bc6d:   44 39 33 75 e6 31 d2 48 89 de 4c 89 ef e8 41 f8
0x00007f746cf2bc7d:   ff ff 48 85 c0 49 89 c4 74 d1 8b 70 44 48 8b 55 

Register to memory mapping:

RAX=0x0000000000000000 is an unknown value
RBX=0x00007f74700e6d40 is an unknown value
RCX=0x0000000000000047 is an unknown value
RDX=0x00007f746d887e00 is pointing into the stack for thread: 0x00007f7468009800
RSP=0x00007f746d887d90 is pointing into the stack for thread: 0x00007f7468009800
RBP=0x00007f746d887de0 is pointing into the stack for thread: 0x00007f7468009800
RSI=0x0000000000000013 is an unknown value
RDI=0x00007f74680e6180 is an unknown value
R8 =0x0000000000000000 is an unknown value
R9 =0x00007f746d887e00 is pointing into the stack for thread: 0x00007f7468009800
R10=0x31757369735f5f24 is an unknown value
R11=0x00000000f65fce78 is an oop

[error occurred during error reporting (printing register info), id 0xb]

Stack: [0x00007f746d78b000,0x00007f746d88c000],  sp=0x00007f746d887d90,  free space=1011k
Native frames: (J=compiled Java code, j=interpreted, Vv=VM code, C=native code)
C  [libzip.so+0x12c6d]  ZIP_GetEntry2+0xed
C  [libzip.so+0x3ec0]  Java_java_util_zip_ZipFile_getEntry+0xf0
J 118  java.util.zip.ZipFile.getEntry(J[BZ)J (0 bytes) @ 0x00007f745914930e [0x00007f7459149240+0xce]
J 335 C2 sun.misc.URLClassPath$JarLoader.getResource(Ljava/lang/String;Z)Lsun/misc/Resource; (85 bytes) @ 0x00007f74592047b4 [0x00007f7459204340+0x474]
J 729 C2 sun.misc.URLClassPath.getResource(Ljava/lang/String;Z)Lsun/misc/Resource; (83 bytes) @ 0x00007f745932dfac [0x00007f745932dec0+0xec]
J 299 C1 java.net.URLClassLoader$1.run()Ljava/lang/Class; (63 bytes) @ 0x00007f74591bdbac [0x00007f74591bd9a0+0x20c]
J 298 C1 java.net.URLClassLoader$1.run()Ljava/lang/Object; (5 bytes) @ 0x00007f74591ba4cc [0x00007f74591ba440+0x8c]
v  ~StubRoutines::call_stub
V  [libjvm.so+0x695e06]  JavaCalls::call_helper(JavaValue*, methodHandle*, JavaCallArguments*, Thread*)+0x1056
V  [libjvm.so+0x72f4ac]  JVM_DoPrivileged+0x27c
J 166  java.security.AccessController.doPrivileged(Ljava/security/PrivilegedExceptionAction;Ljava/security/AccessControlContext;)Ljava/lang/Object; (0 bytes) @ 0x00007f7459165015 [0x00007f7459164f40+0xd5]
J 210 C1 java.net.URLClassLoader.findClass(Ljava/lang/String;)Ljava/lang/Class; (47 bytes) @ 0x00007f745917fd44 [0x00007f745917fbc0+0x184]
J 142 C1 java.lang.ClassLoader.loadClass(Ljava/lang/String;Z)Ljava/lang/Class; (122 bytes) @ 0x00007f7459158524 [0x00007f7459157e00+0x724]
J 142 C1 java.lang.ClassLoader.loadClass(Ljava/lang/String;Z)Ljava/lang/Class; (122 bytes) @ 0x00007f74591582cc [0x00007f7459157e00+0x4cc]
J 269 C1 sun.misc.Launcher$AppClassLoader.loadClass(Ljava/lang/String;Z)Ljava/lang/Class; (85 bytes) @ 0x00007f74591aa84c [0x00007f74591a9ec0+0x98c]
J 142 C1 java.lang.ClassLoader.loadClass(Ljava/lang/String;Z)Ljava/lang/Class; (122 bytes) @ 0x00007f74591582cc [0x00007f7459157e00+0x4cc]
j  org.eclipse.sisu.space.CloningClassSpace$CloningClassLoader.loadClass(Ljava/lang/String;Z)Ljava/lang/Class;+33
j  java.lang.ClassLoader.loadClass(Ljava/lang/String;)Ljava/lang/Class;+3
j  org.eclipse.sisu.space.URLClassSpace.loadClass(Ljava/lang/String;)Ljava/lang/Class;+5
j  org.eclipse.sisu.space.NamedClass.load()Ljava/lang/Class;+8
j  org.eclipse.sisu.wire.DependencyAnalyzer.visit(Lcom/google/inject/spi/ProviderInstanceBinding;)Ljava/lang/Boolean;+21
j  org.eclipse.sisu.wire.DependencyAnalyzer.visit(Lcom/google/inject/spi/ProviderInstanceBinding;)Ljava/lang/Object;+5
j  com.google.inject.internal.ProviderInstanceBindingImpl.acceptTargetVisitor(Lcom/google/inject/spi/BindingTargetVisitor;)Ljava/lang/Object;+27
j  org.eclipse.sisu.wire.ElementAnalyzer.visit(Lcom/google/inject/Binding;)Ljava/lang/Void;+43
j  org.eclipse.sisu.wire.ElementAnalyzer.visit(Lcom/google/inject/Binding;)Ljava/lang/Object;+5
j  com.google.inject.internal.BindingImpl.acceptVisitor(Lcom/google/inject/spi/ElementVisitor;)Ljava/lang/Object;+2
j  org.eclipse.sisu.wire.WireModule.configure(Lcom/google/inject/Binder;)V+39
j  com.google.inject.spi.Elements$RecordingBinder.install(Lcom/google/inject/Module;)V+161
j  com.google.inject.spi.Elements.getElements(Lcom/google/inject/Stage;Ljava/lang/Iterable;)Ljava/util/List;+40
j  com.google.inject.internal.InjectorShell$Builder.build(Lcom/google/inject/internal/Initializer;Lcom/google/inject/internal/ProcessedBindingData;Lcom/google/inject/internal/util/Stopwatch;Lcom/google/inject/internal/Errors;)Ljava/util/List;+122
j  com.google.inject.internal.InternalInjectorCreator.build()Lcom/google/inject/Injector;+48
j  com.google.inject.Guice.createInjector(Lcom/google/inject/Stage;Ljava/lang/Iterable;)Lcom/google/inject/Injector;+15
j  com.google.inject.Guice.createInjector(Ljava/lang/Iterable;)Lcom/google/inject/Injector;+4
j  com.google.inject.Guice.createInjector([Lcom/google/inject/Module;)Lcom/google/inject/Injector;+4
j  org.codehaus.plexus.DefaultPlexusContainer.addPlexusInjector(Ljava/util/List;[Lcom/google/inject/Module;)Lcom/google/inject/Injector;+88
j  org.codehaus.plexus.DefaultPlexusContainer.<init>(Lorg/codehaus/plexus/ContainerConfiguration;[Lcom/google/inject/Module;)V+396
j  org.apache.maven.cli.MavenCli.container(Lorg/apache/maven/cli/CliRequest;)Lorg/codehaus/plexus/PlexusContainer;+275
j  org.apache.maven.cli.MavenCli.doMain(Lorg/apache/maven/cli/CliRequest;)I+29
j  org.apache.maven.cli.MavenCli.main([Ljava/lang/String;Lorg/codehaus/plexus/classworlds/ClassWorld;)I+21
v  ~StubRoutines::call_stub
V  [libjvm.so+0x695e06]  JavaCalls::call_helper(JavaValue*, methodHandle*, JavaCallArguments*, Thread*)+0x1056
V  [libjvm.so+0x9a3de7]  Reflection::invoke(instanceKlassHandle, methodHandle, Handle, bool, objArrayHandle, BasicType, objArrayHandle, bool, Thread*)+0x5d7
V  [libjvm.so+0x9a74f7]  Reflection::invoke_method(oopDesc*, Handle, objArrayHandle, Thread*)+0x147
V  [libjvm.so+0x72988b]  JVM_InvokeMethod+0x26b
j  sun.reflect.NativeMethodAccessorImpl.invoke0(Ljava/lang/reflect/Method;Ljava/lang/Object;[Ljava/lang/Object;)Ljava/lang/Object;+0
j  sun.reflect.NativeMethodAccessorImpl.invoke(Ljava/lang/Object;[Ljava/lang/Object;)Ljava/lang/Object;+100
j  sun.reflect.DelegatingMethodAccessorImpl.invoke(Ljava/lang/Object;[Ljava/lang/Object;)Ljava/lang/Object;+6
j  java.lang.reflect.Method.invoke(Ljava/lang/Object;[Ljava/lang/Object;)Ljava/lang/Object;+56
j  org.codehaus.plexus.classworlds.launcher.Launcher.launchEnhanced([Ljava/lang/String;)V+45
j  org.codehaus.plexus.classworlds.launcher.Launcher.launch([Ljava/lang/String;)V+2
j  org.codehaus.plexus.classworlds.launcher.Launcher.mainWithExitCode([Ljava/lang/String;)I+101
j  org.codehaus.plexus.classworlds.launcher.Launcher.main([Ljava/lang/String;)V+1
v  ~StubRoutines::call_stub
V  [libjvm.so+0x695e06]  JavaCalls::call_helper(JavaValue*, methodHandle*, JavaCallArguments*, Thread*)+0x1056
V  [libjvm.so+0x6d7312]  jni_invoke_static(JNIEnv_*, JavaValue*, _jobject*, JNICallType, _jmethodID*, JNI_ArgumentPusher*, Thread*)+0x362
V  [libjvm.so+0x6f3b7a]  jni_CallStaticVoidMethod+0x17a
C  [libjli.so+0x80ff]  JavaMain+0x81f
C  [libpthread.so.0+0x79d1]

Java frames: (J=compiled Java code, j=interpreted, Vv=VM code)
J 118  java.util.zip.ZipFile.getEntry(J[BZ)J (0 bytes) @ 0x00007f7459149298 [0x00007f7459149240+0x58]
J 335 C2 sun.misc.URLClassPath$JarLoader.getResource(Ljava/lang/String;Z)Lsun/misc/Resource; (85 bytes) @ 0x00007f74592047b4 [0x00007f7459204340+0x474]
J 729 C2 sun.misc.URLClassPath.getResource(Ljava/lang/String;Z)Lsun/misc/Resource; (83 bytes) @ 0x00007f745932dfac [0x00007f745932dec0+0xec]
J 299 C1 java.net.URLClassLoader$1.run()Ljava/lang/Class; (63 bytes) @ 0x00007f74591bdbac [0x00007f74591bd9a0+0x20c]
J 298 C1 java.net.URLClassLoader$1.run()Ljava/lang/Object; (5 bytes) @ 0x00007f74591ba4cc [0x00007f74591ba440+0x8c]
v  ~StubRoutines::call_stub
J 166  java.security.AccessController.doPrivileged(Ljava/security/PrivilegedExceptionAction;Ljava/security/AccessControlContext;)Ljava/lang/Object; (0 bytes) @ 0x00007f7459164fa3 [0x00007f7459164f40+0x63]
J 210 C1 java.net.URLClassLoader.findClass(Ljava/lang/String;)Ljava/lang/Class; (47 bytes) @ 0x00007f745917fd44 [0x00007f745917fbc0+0x184]
J 142 C1 java.lang.ClassLoader.loadClass(Ljava/lang/String;Z)Ljava/lang/Class; (122 bytes) @ 0x00007f7459158524 [0x00007f7459157e00+0x724]
J 142 C1 java.lang.ClassLoader.loadClass(Ljava/lang/String;Z)Ljava/lang/Class; (122 bytes) @ 0x00007f74591582cc [0x00007f7459157e00+0x4cc]
J 269 C1 sun.misc.Launcher$AppClassLoader.loadClass(Ljava/lang/String;Z)Ljava/lang/Class; (85 bytes) @ 0x00007f74591aa84c [0x00007f74591a9ec0+0x98c]
J 142 C1 java.lang.ClassLoader.loadClass(Ljava/lang/String;Z)Ljava/lang/Class; (122 bytes) @ 0x00007f74591582cc [0x00007f7459157e00+0x4cc]
j  org.eclipse.sisu.space.CloningClassSpace$CloningClassLoader.loadClass(Ljava/lang/String;Z)Ljava/lang/Class;+33
j  java.lang.ClassLoader.loadClass(Ljava/lang/String;)Ljava/lang/Class;+3
j  org.eclipse.sisu.space.URLClassSpace.loadClass(Ljava/lang/String;)Ljava/lang/Class;+5
j  org.eclipse.sisu.space.NamedClass.load()Ljava/lang/Class;+8
j  org.eclipse.sisu.wire.DependencyAnalyzer.visit(Lcom/google/inject/spi/ProviderInstanceBinding;)Ljava/lang/Boolean;+21
j  org.eclipse.sisu.wire.DependencyAnalyzer.visit(Lcom/google/inject/spi/ProviderInstanceBinding;)Ljava/lang/Object;+5
j  com.google.inject.internal.ProviderInstanceBindingImpl.acceptTargetVisitor(Lcom/google/inject/spi/BindingTargetVisitor;)Ljava/lang/Object;+27
j  org.eclipse.sisu.wire.ElementAnalyzer.visit(Lcom/google/inject/Binding;)Ljava/lang/Void;+43
j  org.eclipse.sisu.wire.ElementAnalyzer.visit(Lcom/google/inject/Binding;)Ljava/lang/Object;+5
j  com.google.inject.internal.BindingImpl.acceptVisitor(Lcom/google/inject/spi/ElementVisitor;)Ljava/lang/Object;+2
j  org.eclipse.sisu.wire.WireModule.configure(Lcom/google/inject/Binder;)V+39
j  com.google.inject.spi.Elements$RecordingBinder.install(Lcom/google/inject/Module;)V+161
j  com.google.inject.spi.Elements.getElements(Lcom/google/inject/Stage;Ljava/lang/Iterable;)Ljava/util/List;+40
j  com.google.inject.internal.InjectorShell$Builder.build(Lcom/google/inject/internal/Initializer;Lcom/google/inject/internal/ProcessedBindingData;Lcom/google/inject/internal/util/Stopwatch;Lcom/google/inject/internal/Errors;)Ljava/util/List;+122
j  com.google.inject.internal.InternalInjectorCreator.build()Lcom/google/inject/Injector;+48
j  com.google.inject.Guice.createInjector(Lcom/google/inject/Stage;Ljava/lang/Iterable;)Lcom/google/inject/Injector;+15
j  com.google.inject.Guice.createInjector(Ljava/lang/Iterable;)Lcom/google/inject/Injector;+4
j  com.google.inject.Guice.createInjector([Lcom/google/inject/Module;)Lcom/google/inject/Injector;+4
j  org.codehaus.plexus.DefaultPlexusContainer.addPlexusInjector(Ljava/util/List;[Lcom/google/inject/Module;)Lcom/google/inject/Injector;+88
j  org.codehaus.plexus.DefaultPlexusContainer.<init>(Lorg/codehaus/plexus/ContainerConfiguration;[Lcom/google/inject/Module;)V+396
j  org.apache.maven.cli.MavenCli.container(Lorg/apache/maven/cli/CliRequest;)Lorg/codehaus/plexus/PlexusContainer;+275
j  org.apache.maven.cli.MavenCli.doMain(Lorg/apache/maven/cli/CliRequest;)I+29
j  org.apache.maven.cli.MavenCli.main([Ljava/lang/String;Lorg/codehaus/plexus/classworlds/ClassWorld;)I+21
v  ~StubRoutines::call_stub
j  sun.reflect.NativeMethodAccessorImpl.invoke0(Ljava/lang/reflect/Method;Ljava/lang/Object;[Ljava/lang/Object;)Ljava/lang/Object;+0
j  sun.reflect.NativeMethodAccessorImpl.invoke(Ljava/lang/Object;[Ljava/lang/Object;)Ljava/lang/Object;+100
j  sun.reflect.DelegatingMethodAccessorImpl.invoke(Ljava/lang/Object;[Ljava/lang/Object;)Ljava/lang/Object;+6
j  java.lang.reflect.Method.invoke(Ljava/lang/Object;[Ljava/lang/Object;)Ljava/lang/Object;+56
j  org.codehaus.plexus.classworlds.launcher.Launcher.launchEnhanced([Ljava/lang/String;)V+45
j  org.codehaus.plexus.classworlds.launcher.Launcher.launch([Ljava/lang/String;)V+2
j  org.codehaus.plexus.classworlds.launcher.Launcher.mainWithExitCode([Ljava/lang/String;)I+101
j  org.codehaus.plexus.classworlds.launcher.Launcher.main([Ljava/lang/String;)V+1
v  ~StubRoutines::call_stub

---------------  P R O C E S S  ---------------

Java Threads: ( => current thread )
  0x00007f74680da800 JavaThread "Service Thread" daemon [_thread_blocked, id=4351, stack(0x00007f7452246000,0x00007f7452347000)]
  0x00007f74680bd800 JavaThread "C1 CompilerThread2" daemon [_thread_blocked, id=4350, stack(0x00007f7452347000,0x00007f7452448000)]
  0x00007f74680bb800 JavaThread "C2 CompilerThread1" daemon [_thread_blocked, id=4349, stack(0x00007f7452448000,0x00007f7452549000)]
  0x00007f74680b8800 JavaThread "C2 CompilerThread0" daemon [_thread_blocked, id=4348, stack(0x00007f7452549000,0x00007f745264a000)]
  0x00007f74680b7000 JavaThread "Signal Dispatcher" daemon [_thread_blocked, id=4347, stack(0x00007f745264a000,0x00007f745274b000)]
  0x00007f7468083800 JavaThread "Finalizer" daemon [_thread_blocked, id=4346, stack(0x00007f745274b000,0x00007f745284c000)]
  0x00007f746807f000 JavaThread "Reference Handler" daemon [_thread_blocked, id=4345, stack(0x00007f745284c000,0x00007f745294d000)]
=>0x00007f7468009800 JavaThread "main" [_thread_in_native, id=4339, stack(0x00007f746d78b000,0x00007f746d88c000)]

Other Threads:
  0x00007f7468077800 VMThread [stack: 0x00007f745294d000,0x00007f7452a4e000] [id=4344]
  0x00007f74680df800 WatcherThread [stack: 0x00007f7452145000,0x00007f7452246000] [id=4352]

VM state:not at safepoint (normal execution)

VM Mutex/Monitor currently owned by a thread: None

Heap:
 PSYoungGen      total 17408K, used 2347K [0x00000000f6500000, 0x00000000f8c00000, 0x0000000100000000)
  eden space 16384K, 8% used [0x00000000f6500000,0x00000000f664af40,0x00000000f7500000)
  from space 1024K, 100% used [0x00000000f7500000,0x00000000f7600000,0x00000000f7600000)
  to   space 3584K, 0% used [0x00000000f8880000,0x00000000f8880000,0x00000000f8c00000)
 ParOldGen       total 20480K, used 6887K [0x00000000e2e00000, 0x00000000e4200000, 0x00000000f6500000)
  object space 20480K, 33% used [0x00000000e2e00000,0x00000000e34b9f30,0x00000000e4200000)
 Metaspace       used 10267K, capacity 10452K, committed 10624K, reserved 1058816K
  class space    used 1262K, capacity 1309K, committed 1408K, reserved 1048576K

Card table byte_map: [0x00007f746ca6f000,0x00007f746cb59000] byte_map_base: 0x00007f746c358000

Marking Bits: (ParMarkBitMap*) 0x00007f746e85b1a0
 Begin Bits: [0x00007f7458170000, 0x00007f74588b8000)
 End Bits:   [0x00007f74588b8000, 0x00007f7459000000)

Polling page: 0x00007f746eaaf000

CodeCache: size=245760Kb used=3636Kb max_used=3642Kb free=242123Kb
 bounds [0x00007f7459000000, 0x00007f74593a0000, 0x00007f7468000000]
 total_blobs=1198 nmethods=893 adapters=219
 compilation: enabled

Compilation events (10 events):
Event: 1.896 Thread 0x00007f74680bd800 nmethod 888 0x00007f745938a7d0 code [0x00007f745938a9a0, 0x00007f745938b098]
Event: 1.896 Thread 0x00007f74680bd800  889       1       java.lang.reflect.WeakCache$CacheKey::hashCode (5 bytes)
Event: 1.897 Thread 0x00007f74680bd800 nmethod 889 0x00007f74593852d0 code [0x00007f7459385420, 0x00007f7459385530]
Event: 1.898 Thread 0x00007f74680bd800  890       3       com.google.inject.internal.AbstractBindingBuilder::checkNotTargetted (26 bytes)
Event: 1.898 Thread 0x00007f74680bd800 nmethod 890 0x00007f745938a150 code [0x00007f745938a2e0, 0x00007f745938a6c8]
Event: 1.903 Thread 0x00007f74680bb800  891       4       java.util.HashMap::getNode (148 bytes)
Event: 1.907 Thread 0x00007f74680bb800 nmethod 891 0x00007f7459385d10 code [0x00007f7459385e80, 0x00007f74593860d8]
Event: 1.911 Thread 0x00007f74680bd800  892       3       com.google.inject.spi.InjectionPoint::forInstanceMethodsAndFields (40 bytes)
Event: 1.912 Thread 0x00007f74680bd800 nmethod 892 0x00007f74593901d0 code [0x00007f74593903c0, 0x00007f7459390c68]
Event: 1.914 Thread 0x00007f74680bd800  893       3       com.google.inject.spi.Elements$RecordingBinder::bind (6 bytes)

GC Heap History (10 events):
Event: 0.583 GC heap before
{Heap before GC invocations=1 (full 0):
 PSYoungGen      total 9216K, used 8192K [0x00000000f6500000, 0x00000000f6f00000, 0x0000000100000000)
  eden space 8192K, 100% used [0x00000000f6500000,0x00000000f6d00000,0x00000000f6d00000)
  from space 1024K, 0% used [0x00000000f6e00000,0x00000000f6e00000,0x00000000f6f00000)
  to   space 1024K, 0% used [0x00000000f6d00000,0x00000000f6d00000,0x00000000f6e00000)
 ParOldGen       total 20480K, used 0K [0x00000000e2e00000, 0x00000000e4200000, 0x00000000f6500000)
  object space 20480K, 0% used [0x00000000e2e00000,0x00000000e2e00000,0x00000000e4200000)
 Metaspace       used 5499K, capacity 5868K, committed 6144K, reserved 1056768K
  class space    used 598K, capacity 664K, committed 768K, reserved 1048576K
Event: 0.586 GC heap after
Heap after GC invocations=1 (full 0):
 PSYoungGen      total 9216K, used 1024K [0x00000000f6500000, 0x00000000f6f00000, 0x0000000100000000)
  eden space 8192K, 0% used [0x00000000f6500000,0x00000000f6500000,0x00000000f6d00000)
  from space 1024K, 100% used [0x00000000f6d00000,0x00000000f6e00000,0x00000000f6e00000)
  to   space 1024K, 0% used [0x00000000f6e00000,0x00000000f6e00000,0x00000000f6f00000)
 ParOldGen       total 20480K, used 1138K [0x00000000e2e00000, 0x00000000e4200000, 0x00000000f6500000)
  object space 20480K, 5% used [0x00000000e2e00000,0x00000000e2f1cbe0,0x00000000e4200000)
 Metaspace       used 5499K, capacity 5868K, committed 6144K, reserved 1056768K
  class space    used 598K, capacity 664K, committed 768K, reserved 1048576K
}
Event: 0.908 GC heap before
{Heap before GC invocations=2 (full 0):
 PSYoungGen      total 9216K, used 9216K [0x00000000f6500000, 0x00000000f6f00000, 0x0000000100000000)
  eden space 8192K, 100% used [0x00000000f6500000,0x00000000f6d00000,0x00000000f6d00000)
  from space 1024K, 100% used [0x00000000f6d00000,0x00000000f6e00000,0x00000000f6e00000)
  to   space 1024K, 0% used [0x00000000f6e00000,0x00000000f6e00000,0x00000000f6f00000)
 ParOldGen       total 20480K, used 1138K [0x00000000e2e00000, 0x00000000e4200000, 0x00000000f6500000)
  object space 20480K, 5% used [0x00000000e2e00000,0x00000000e2f1cbe0,0x00000000e4200000)
 Metaspace       used 7054K, capacity 7196K, committed 7296K, reserved 1056768K
  class space    used 823K, capacity 888K, committed 896K, reserved 1048576K
Event: 0.913 GC heap after
Heap after GC invocations=2 (full 0):
 PSYoungGen      total 9216K, used 992K [0x00000000f6500000, 0x00000000f6f00000, 0x0000000100000000)
  eden space 8192K, 0% used [0x00000000f6500000,0x00000000f6500000,0x00000000f6d00000)
  from space 1024K, 96% used [0x00000000f6e00000,0x00000000f6ef8020,0x00000000f6f00000)
  to   space 1024K, 0% used [0x00000000f6d00000,0x00000000f6d00000,0x00000000f6e00000)
 ParOldGen       total 20480K, used 2631K [0x00000000e2e00000, 0x00000000e4200000, 0x00000000f6500000)
  object space 20480K, 12% used [0x00000000e2e00000,0x00000000e3091fb8,0x00000000e4200000)
 Metaspace       used 7054K, capacity 7196K, committed 7296K, reserved 1056768K
  class space    used 823K, capacity 888K, committed 896K, reserved 1048576K
}
Event: 1.164 GC heap before
{Heap before GC invocations=3 (full 0):
 PSYoungGen      total 9216K, used 9184K [0x00000000f6500000, 0x00000000f6f00000, 0x0000000100000000)
  eden space 8192K, 100% used [0x00000000f6500000,0x00000000f6d00000,0x00000000f6d00000)
  from space 1024K, 96% used [0x00000000f6e00000,0x00000000f6ef8020,0x00000000f6f00000)
  to   space 1024K, 0% used [0x00000000f6d00000,0x00000000f6d00000,0x00000000f6e00000)
 ParOldGen       total 20480K, used 2631K [0x00000000e2e00000, 0x00000000e4200000, 0x00000000f6500000)
  object space 20480K, 12% used [0x00000000e2e00000,0x00000000e3091fb8,0x00000000e4200000)
 Metaspace       used 7950K, capacity 8092K, committed 8192K, reserved 1056768K
  class space    used 960K, capacity 1016K, committed 1024K, reserved 1048576K
Event: 1.168 GC heap after
Heap after GC invocations=3 (full 0):
 PSYoungGen      total 9216K, used 1020K [0x00000000f6500000, 0x00000000f7700000, 0x0000000100000000)
  eden space 8192K, 0% used [0x00000000f6500000,0x00000000f6500000,0x00000000f6d00000)
  from space 1024K, 99% used [0x00000000f6d00000,0x00000000f6dff238,0x00000000f6e00000)
  to   space 1024K, 0% used [0x00000000f7600000,0x00000000f7600000,0x00000000f7700000)
 ParOldGen       total 20480K, used 3555K [0x00000000e2e00000, 0x00000000e4200000, 0x00000000f6500000)
  object space 20480K, 17% used [0x00000000e2e00000,0x00000000e3178cb8,0x00000000e4200000)
 Metaspace       used 7950K, capacity 8092K, committed 8192K, reserved 1056768K
  class space    used 960K, capacity 1016K, committed 1024K, reserved 1048576K
}
Event: 1.380 GC heap before
{Heap before GC invocations=4 (full 0):
 PSYoungGen      total 9216K, used 9212K [0x00000000f6500000, 0x00000000f7700000, 0x0000000100000000)
  eden space 8192K, 100% used [0x00000000f6500000,0x00000000f6d00000,0x00000000f6d00000)
  from space 1024K, 99% used [0x00000000f6d00000,0x00000000f6dff238,0x00000000f6e00000)
  to   space 1024K, 0% used [0x00000000f7600000,0x00000000f7600000,0x00000000f7700000)
 ParOldGen       total 20480K, used 3555K [0x00000000e2e00000, 0x00000000e4200000, 0x00000000f6500000)
  object space 20480K, 17% used [0x00000000e2e00000,0x00000000e3178cb8,0x00000000e4200000)
 Metaspace       used 8271K, capacity 8412K, committed 8576K, reserved 1056768K
  class space    used 1017K, capacity 1080K, committed 1152K, reserved 1048576K
Event: 1.386 GC heap after
Heap after GC invocations=4 (full 0):
 PSYoungGen      total 17408K, used 1016K [0x00000000f6500000, 0x00000000f7700000, 0x0000000100000000)
  eden space 16384K, 0% used [0x00000000f6500000,0x00000000f6500000,0x00000000f7500000)
  from space 1024K, 99% used [0x00000000f7600000,0x00000000f76fe0d8,0x00000000f7700000)
  to   space 1024K, 0% used [0x00000000f7500000,0x00000000f7500000,0x00000000f7600000)
 ParOldGen       total 20480K, used 4310K [0x00000000e2e00000, 0x00000000e4200000, 0x00000000f6500000)
  object space 20480K, 21% used [0x00000000e2e00000,0x00000000e3235870,0x00000000e4200000)
 Metaspace       used 8271K, capacity 8412K, committed 8576K, reserved 1056768K
  class space    used 1017K, capacity 1080K, committed 1152K, reserved 1048576K
}
Event: 1.867 GC heap before
{Heap before GC invocations=5 (full 0):
 PSYoungGen      total 17408K, used 17400K [0x00000000f6500000, 0x00000000f7700000, 0x0000000100000000)
  eden space 16384K, 100% used [0x00000000f6500000,0x00000000f7500000,0x00000000f7500000)
  from space 1024K, 99% used [0x00000000f7600000,0x00000000f76fe0d8,0x00000000f7700000)
  to   space 1024K, 0% used [0x00000000f7500000,0x00000000f7500000,0x00000000f7600000)
 ParOldGen       total 20480K, used 4310K [0x00000000e2e00000, 0x00000000e4200000, 0x00000000f6500000)
  object space 20480K, 21% used [0x00000000e2e00000,0x00000000e3235870,0x00000000e4200000)
 Metaspace       used 10142K, capacity 10260K, committed 10368K, reserved 1058816K
  class space    used 1245K, capacity 1309K, committed 1408K, reserved 1048576K
Event: 1.886 GC heap after
Heap after GC invocations=5 (full 0):
 PSYoungGen      total 17408K, used 1024K [0x00000000f6500000, 0x00000000f8c00000, 0x0000000100000000)
  eden space 16384K, 0% used [0x00000000f6500000,0x00000000f6500000,0x00000000f7500000)
  from space 1024K, 100% used [0x00000000f7500000,0x00000000f7600000,0x00000000f7600000)
  to   space 3584K, 0% used [0x00000000f8880000,0x00000000f8880000,0x00000000f8c00000)
 ParOldGen       total 20480K, used 6887K [0x00000000e2e00000, 0x00000000e4200000, 0x00000000f6500000)
  object space 20480K, 33% used [0x00000000e2e00000,0x00000000e34b9f30,0x00000000e4200000)
 Metaspace       used 10142K, capacity 10260K, committed 10368K, reserved 1058816K
  class space    used 1245K, capacity 1309K, committed 1408K, reserved 1048576K
}

Deoptimization events (9 events):
Event: 0.738 Thread 0x00007f7468009800 Uncommon trap: reason=unstable_if action=reinterpret pc=0x00007f74591b239c method=java.lang.String.indexOf([CII[CIII)I @ 3
Event: 1.038 Thread 0x00007f7468009800 Uncommon trap: reason=unstable_if action=reinterpret pc=0x00007f74591ae308 method=org.codehaus.plexus.util.xml.pull.MXParser.more()C @ 8
Event: 1.156 Thread 0x00007f7468009800 Uncommon trap: reason=unstable_if action=reinterpret pc=0x00007f74592ac5d8 method=java.nio.charset.CoderResult.isOverflow()Z @ 5
Event: 1.185 Thread 0x00007f7468009800 Uncommon trap: reason=unstable_if action=reinterpret pc=0x00007f74592b6eec method=sun.nio.cs.StreamDecoder.implRead([CII)I @ 197
Event: 1.236 Thread 0x00007f7468009800 Uncommon trap: reason=unstable_if action=reinterpret pc=0x00007f74592c4ce4 method=sun.nio.cs.StreamDecoder.implRead([CII)I @ 197
Event: 1.285 Thread 0x00007f7468009800 Uncommon trap: reason=range_check action=make_not_entrant pc=0x00007f745926bd80 method=sun.reflect.generics.parser.SignatureParser.current()C @ 34
Event: 1.488 Thread 0x00007f7468009800 Uncommon trap: reason=unstable_if action=reinterpret pc=0x00007f74592513e4 method=java.util.HashMap.getNode(ILjava/lang/Object;)Ljava/util/HashMap$Node; @ 129
Event: 1.528 Thread 0x00007f7468009800 Uncommon trap: reason=unstable_if action=reinterpret pc=0x00007f745924f7a8 method=java.util.HashMap.getNode(ILjava/lang/Object;)Ljava/util/HashMap$Node; @ 129
Event: 1.667 Thread 0x00007f7468009800 Uncommon trap: reason=unstable_if action=reinterpret pc=0x00007f745931225c method=java.lang.String.lastIndexOf([CII[CIII)I @ 118

Classes redefined (0 events):
No events

Internal exceptions (10 events):
Event: 1.023 Thread 0x00007f7468009800 Exception <a 'java/lang/ArrayIndexOutOfBoundsException'> (0x00000000f67af4d8) thrown at [/HUDSON/workspace/8-2-build-linux-amd64/jdk8u152/9742/hotspot/src/share/vm/runtime/sharedRuntime.cpp, line 605]
Event: 1.023 Thread 0x00007f7468009800 Exception <a 'java/lang/ArrayIndexOutOfBoundsException'> (0x00000000f67b0cf8) thrown at [/HUDSON/workspace/8-2-build-linux-amd64/jdk8u152/9742/hotspot/src/share/vm/runtime/sharedRuntime.cpp, line 605]
Event: 1.023 Thread 0x00007f7468009800 Exception <a 'java/lang/ArrayIndexOutOfBoundsException'> (0x00000000f67b1a98) thrown at [/HUDSON/workspace/8-2-build-linux-amd64/jdk8u152/9742/hotspot/src/share/vm/runtime/sharedRuntime.cpp, line 605]
Event: 1.023 Thread 0x00007f7468009800 Exception <a 'java/lang/ArrayIndexOutOfBoundsException'> (0x00000000f67b3670) thrown at [/HUDSON/workspace/8-2-build-linux-amd64/jdk8u152/9742/hotspot/src/share/vm/runtime/sharedRuntime.cpp, line 605]
Event: 1.023 Thread 0x00007f7468009800 Exception <a 'java/lang/ArrayIndexOutOfBoundsException'> (0x00000000f67b5448) thrown at [/HUDSON/workspace/8-2-build-linux-amd64/jdk8u152/9742/hotspot/src/share/vm/runtime/sharedRuntime.cpp, line 605]
Event: 1.023 Thread 0x00007f7468009800 Exception <a 'java/lang/ArrayIndexOutOfBoundsException'> (0x00000000f67b6c08) thrown at [/HUDSON/workspace/8-2-build-linux-amd64/jdk8u152/9742/hotspot/src/share/vm/runtime/sharedRuntime.cpp, line 605]
Event: 1.024 Thread 0x00007f7468009800 Exception <a 'java/lang/ArrayIndexOutOfBoundsException'> (0x00000000f67b8948) thrown at [/HUDSON/workspace/8-2-build-linux-amd64/jdk8u152/9742/hotspot/src/share/vm/runtime/sharedRuntime.cpp, line 605]
Event: 1.024 Thread 0x00007f7468009800 Exception <a 'java/lang/ArrayIndexOutOfBoundsException'> (0x00000000f67b9ea0) thrown at [/HUDSON/workspace/8-2-build-linux-amd64/jdk8u152/9742/hotspot/src/share/vm/runtime/sharedRuntime.cpp, line 605]
Event: 1.285 Thread 0x00007f7468009800 Exception <a 'java/lang/ArrayIndexOutOfBoundsException': 73> (0x00000000f6ae0f28) thrown at [/HUDSON/workspace/8-2-build-linux-amd64/jdk8u152/9742/hotspot/src/share/vm/interpreter/interpreterRuntime.cpp, line 366]
Event: 1.285 Thread 0x00007f7468009800 Exception <a 'java/lang/ArrayIndexOutOfBoundsException': 131> (0x00000000f6ae28d0) thrown at [/HUDSON/workspace/8-2-build-linux-amd64/jdk8u152/9742/hotspot/src/share/vm/interpreter/interpreterRuntime.cpp, line 366]

Events (10 events):
Event: 1.909 loading class org/apache/maven/artifact/repository/layout/DefaultRepositoryLayout
Event: 1.909 loading class org/apache/maven/artifact/repository/layout/DefaultRepositoryLayout done
Event: 1.910 loading class org/codehaus/plexus/component/configurator/MapOrientedComponentConfigurator
Event: 1.910 loading class org/codehaus/plexus/component/configurator/MapOrientedComponentConfigurator done
Event: 1.911 loading class org/eclipse/aether/internal/transport/wagon/PlexusWagonProvider
Event: 1.911 loading class org/eclipse/aether/internal/transport/wagon/PlexusWagonProvider done
Event: 1.913 loading class org/apache/maven/repository/legacy/resolver/conflict/NewestConflictResolver
Event: 1.913 loading class org/apache/maven/repository/legacy/resolver/conflict/NewestConflictResolver done
Event: 1.914 loading class org/apache/maven/artifact/handler/DefaultArtifactHandler$__sisu13
Event: 1.914 loading class org/apache/maven/artifact/handler/DefaultArtifactHandler$__sisu13 done


Dynamic libraries:
00400000-00401000 r-xp 00000000 08:02 941553                             /usr/local/jdk1.8.0_152/bin/java
00600000-00601000 rw-p 00000000 08:02 941553                             /usr/local/jdk1.8.0_152/bin/java
00640000-00661000 rw-p 00000000 00:00 0                                  [heap]
e2e00000-e4200000 rw-p 00000000 00:00 0 
e4200000-f6500000 ---p 00000000 00:00 0 
f6500000-f8c00000 rw-p 00000000 00:00 0 
f8c00000-100000000 ---p 00000000 00:00 0 
100000000-100160000 rw-p 00000000 00:00 0 
100160000-140000000 ---p 00000000 00:00 0 
3cfb200000-3cfb207000 r-xp 00000000 08:02 2228679                        /lib64/librt-2.12.so
3cfb207000-3cfb406000 ---p 00007000 08:02 2228679                        /lib64/librt-2.12.so
3cfb406000-3cfb407000 r--p 00006000 08:02 2228679                        /lib64/librt-2.12.so
3cfb407000-3cfb408000 rw-p 00007000 08:02 2228679                        /lib64/librt-2.12.so
3cfd600000-3cfd602000 r-xp 00000000 08:02 2248198                        /lib64/libutil-2.12.so
3cfd602000-3cfd801000 ---p 00002000 08:02 2248198                        /lib64/libutil-2.12.so
3cfd801000-3cfd802000 r--p 00001000 08:02 2248198                        /lib64/libutil-2.12.so
3cfd802000-3cfd803000 rw-p 00002000 08:02 2248198                        /lib64/libutil-2.12.so
3f50e00000-3f50e20000 r-xp 00000000 08:02 2228637                        /lib64/ld-2.12.so
3f5101f000-3f51020000 r--p 0001f000 08:02 2228637                        /lib64/ld-2.12.so
3f51020000-3f51021000 rw-p 00020000 08:02 2228637                        /lib64/ld-2.12.so
3f51021000-3f51022000 rw-p 00000000 00:00 0 
3f51200000-3f51202000 r-xp 00000000 08:02 2228640                        /lib64/libdl-2.12.so
3f51202000-3f51402000 ---p 00002000 08:02 2228640                        /lib64/libdl-2.12.so
3f51402000-3f51403000 r--p 00002000 08:02 2228640                        /lib64/libdl-2.12.so
3f51403000-3f51404000 rw-p 00003000 08:02 2228640                        /lib64/libdl-2.12.so
3f51600000-3f5178b000 r-xp 00000000 08:02 2228638                        /lib64/libc-2.12.so
3f5178b000-3f5198a000 ---p 0018b000 08:02 2228638                        /lib64/libc-2.12.so
3f5198a000-3f5198e000 r--p 0018a000 08:02 2228638                        /lib64/libc-2.12.so
3f5198e000-3f5198f000 rw-p 0018e000 08:02 2228638                        /lib64/libc-2.12.so
3f5198f000-3f51994000 rw-p 00000000 00:00 0 
3f51a00000-3f51a17000 r-xp 00000000 08:02 2228639                        /lib64/libpthread-2.12.so
3f51a17000-3f51c17000 ---p 00017000 08:02 2228639                        /lib64/libpthread-2.12.so
3f51c17000-3f51c18000 r--p 00017000 08:02 2228639                        /lib64/libpthread-2.12.so
3f51c18000-3f51c19000 rw-p 00018000 08:02 2228639                        /lib64/libpthread-2.12.so
3f51c19000-3f51c1d000 rw-p 00000000 00:00 0 
3f52600000-3f52683000 r-xp 00000000 08:02 2228641                        /lib64/libm-2.12.so
3f52683000-3f52882000 ---p 00083000 08:02 2228641                        /lib64/libm-2.12.so
3f52882000-3f52883000 r--p 00082000 08:02 2228641                        /lib64/libm-2.12.so
3f52883000-3f52884000 rw-p 00083000 08:02 2228641                        /lib64/libm-2.12.so
7f7410000000-7f7410021000 rw-p 00000000 00:00 0 
7f7410021000-7f7414000000 ---p 00000000 00:00 0 
7f7418000000-7f7418310000 rw-p 00000000 00:00 0 
7f7418310000-7f741c000000 ---p 00000000 00:00 0 
7f741c000000-7f741c021000 rw-p 00000000 00:00 0 
7f741c021000-7f7420000000 ---p 00000000 00:00 0 
7f7420000000-7f74202b7000 rw-p 00000000 00:00 0 
7f74202b7000-7f7424000000 ---p 00000000 00:00 0 
7f7424000000-7f74242d1000 rw-p 00000000 00:00 0 
7f74242d1000-7f7428000000 ---p 00000000 00:00 0 
7f7428000000-7f7428021000 rw-p 00000000 00:00 0 
7f7428021000-7f742c000000 ---p 00000000 00:00 0 
7f742e16f000-7f7434000000 r--p 00000000 08:02 395394                     /usr/lib/locale/locale-archive
7f7434000000-7f7434021000 rw-p 00000000 00:00 0 
7f7434021000-7f7438000000 ---p 00000000 00:00 0 
7f7438000000-7f7438021000 rw-p 00000000 00:00 0 
7f7438021000-7f743c000000 ---p 00000000 00:00 0 
7f743c000000-7f743c021000 rw-p 00000000 00:00 0 
7f743c021000-7f7440000000 ---p 00000000 00:00 0 
7f7440000000-7f7440021000 rw-p 00000000 00:00 0 
7f7440021000-7f7444000000 ---p 00000000 00:00 0 
7f7444000000-7f7444021000 rw-p 00000000 00:00 0 
7f7444021000-7f7448000000 ---p 00000000 00:00 0 
7f744c000000-7f744c021000 rw-p 00000000 00:00 0 
7f744c021000-7f7450000000 ---p 00000000 00:00 0 
7f7451d05000-7f7451e09000 rw-p 00000000 00:00 0 
7f7451e09000-7f7451f09000 ---p 00000000 00:00 0 
7f7451f09000-7f7451f0b000 r--s 0000c000 08:02 1581100                    /root/.jenkins/tools/hudson.tasks.Maven_MavenInstallation/M3/lib/wagon-provider-api-2.12.jar
7f7451f0b000-7f7451f0f000 r--s 00028000 08:02 1581012                    /root/.jenkins/tools/hudson.tasks.Maven_MavenInstallation/M3/lib/maven-model-builder-3.5.2.jar
7f7451f0f000-7f7451f11000 r--s 00009000 08:02 1581076                    /root/.jenkins/tools/hudson.tasks.Maven_MavenInstallation/M3/lib/maven-resolver-connector-basic-1.1.0.jar
7f7451f11000-7f7451f14000 r-xp 00000000 08:02 1581095                    /root/.jenkins/tools/hudson.tasks.Maven_MavenInstallation/M3/lib/jansi-native/linux64/libjansi.so
7f7451f14000-7f7452113000 ---p 00003000 08:02 1581095                    /root/.jenkins/tools/hudson.tasks.Maven_MavenInstallation/M3/lib/jansi-native/linux64/libjansi.so
7f7452113000-7f7452114000 rw-p 00002000 08:02 1581095                    /root/.jenkins/tools/hudson.tasks.Maven_MavenInstallation/M3/lib/jansi-native/linux64/libjansi.so
7f7452114000-7f7452116000 r--s 0000c000 08:02 1581030                    /root/.jenkins/tools/hudson.tasks.Maven_MavenInstallation/M3/lib/commons-cli-1.4.jar
7f7452116000-7f7452117000 r--s 00002000 08:02 1581069                    /root/.jenkins/tools/hudson.tasks.Maven_MavenInstallation/M3/lib/wagon-file-2.12.jar
7f7452117000-7f7452119000 r--s 0000f000 08:02 1581061                    /root/.jenkins/tools/hudson.tasks.Maven_MavenInstallation/M3/lib/maven-resolver-provider-3.5.2.jar
7f7452119000-7f7452145000 r--s 001e6000 08:02 1581052                    /root/.jenkins/tools/hudson.tasks.Maven_MavenInstallation/M3/lib/wagon-http-2.12-shaded.jar
7f7452145000-7f7452146000 ---p 00000000 00:00 0 
7f7452146000-7f7452246000 rw-p 00000000 00:00 0 
7f7452246000-7f7452249000 ---p 00000000 00:00 0 
7f7452249000-7f7452347000 rw-p 00000000 00:00 0 
7f7452347000-7f745234a000 ---p 00000000 00:00 0 
7f745234a000-7f7452448000 rw-p 00000000 00:00 0 
7f7452448000-7f745244b000 ---p 00000000 00:00 0 
7f745244b000-7f7452549000 rw-p 00000000 00:00 0 
7f7452549000-7f745254c000 ---p 00000000 00:00 0 
7f745254c000-7f745264a000 rw-p 00000000 00:00 0 
7f745264a000-7f745264d000 ---p 00000000 00:00 0 
7f745264d000-7f745274b000 rw-p 00000000 00:00 0 
7f745274b000-7f745274e000 ---p 00000000 00:00 0 
7f745274e000-7f745284c000 rw-p 00000000 00:00 0 
7f745284c000-7f745284f000 ---p 00000000 00:00 0 
7f745284f000-7f745294d000 rw-p 00000000 00:00 0 
7f745294d000-7f745294e000 ---p 00000000 00:00 0 
7f745294e000-7f7454000000 rw-p 00000000 00:00 0 
7f7454000000-7f7454021000 rw-p 00000000 00:00 0 
7f7454021000-7f7458000000 ---p 00000000 00:00 0 
7f7458000000-7f7458004000 r--s 00020000 08:02 1581047                    /root/.jenkins/tools/hudson.tasks.Maven_MavenInstallation/M3/lib/maven-resolver-api-1.1.0.jar
7f7458004000-7f7458007000 r--s 00011000 08:02 1581094                    /root/.jenkins/tools/hudson.tasks.Maven_MavenInstallation/M3/lib/plexus-interpolation-1.24.jar
7f7458007000-7f745800b000 r--s 0003c000 08:02 1580991                    /root/.jenkins/tools/hudson.tasks.Maven_MavenInstallation/M3/lib/plexus-utils-3.1.0.jar
7f745800b000-7f7458011000 r--s 0002d000 08:02 1581080                    /root/.jenkins/tools/hudson.tasks.Maven_MavenInstallation/M3/lib/org.eclipse.sisu.plexus-0.3.3.jar
7f7458011000-7f7458012000 r--s 00006000 08:02 1581101                    /root/.jenkins/tools/hudson.tasks.Maven_MavenInstallation/M3/lib/plexus-sec-dispatcher-1.4.jar
7f7458012000-7f7458015000 r--s 00026000 08:02 1580994                    /root/.jenkins/tools/hudson.tasks.Maven_MavenInstallation/M3/lib/maven-model-3.5.2.jar
7f7458015000-7f7458017000 r--s 0000a000 08:02 1581044                    /root/.jenkins/tools/hudson.tasks.Maven_MavenInstallation/M3/lib/maven-plugin-api-3.5.2.jar
7f7458017000-7f7458024000 r--s 0008d000 08:02 1581087                    /root/.jenkins/tools/hudson.tasks.Maven_MavenInstallation/M3/lib/maven-core-3.5.2.jar
7f7458024000-7f7458028000 r--s 0002a000 08:02 1581014                    /root/.jenkins/tools/hudson.tasks.Maven_MavenInstallation/M3/lib/maven-resolver-impl-1.1.0.jar
7f7458028000-7f745802f000 r--s 00056000 08:02 1580996                    /root/.jenkins/tools/hudson.tasks.Maven_MavenInstallation/M3/lib/org.eclipse.sisu.inject-0.3.3.jar
7f745802f000-7f7458038000 r--s 0005f000 08:02 1581099                    /root/.jenkins/tools/hudson.tasks.Maven_MavenInstallation/M3/lib/guice-4.0-no_aop.jar
7f7458038000-7f7458039000 r--s 00006000 08:02 1581029                    /root/.jenkins/tools/hudson.tasks.Maven_MavenInstallation/M3/lib/maven-repository-metadata-3.5.2.jar
7f7458039000-7f745803b000 r--s 00000000 08:02 1581075                    /root/.jenkins/tools/hudson.tasks.Maven_MavenInstallation/M3/lib/plexus-component-annotations-1.7.1.jar
7f745803b000-7f745803c000 r--s 00000000 08:02 1581041                    /root/.jenkins/tools/hudson.tasks.Maven_MavenInstallation/M3/lib/javax.inject-1.jar
7f745803c000-7f7458040000 r--s 0002f000 08:02 1581083                    /root/.jenkins/tools/hudson.tasks.Maven_MavenInstallation/M3/lib/commons-io-2.5.jar
7f7458040000-7f745806f000 r--s 00226000 08:02 1581009                    /root/.jenkins/tools/hudson.tasks.Maven_MavenInstallation/M3/lib/guava-20.0.jar
7f745806f000-7f7459000000 rw-p 00000000 00:00 0 
7f7459000000-7f74593a0000 rwxp 00000000 00:00 0 
7f74593a0000-7f7468000000 ---p 00000000 00:00 0 
7f7468000000-7f746891c000 rw-p 00000000 00:00 0 
7f746891c000-7f746c000000 ---p 00000000 00:00 0 
7f746c000000-7f746c001000 r--s 00003000 08:02 1581023                    /root/.jenkins/tools/hudson.tasks.Maven_MavenInstallation/M3/lib/maven-builder-support-3.5.2.jar
7f746c001000-7f746c002000 r--s 00001000 08:02 1581046                    /root/.jenkins/tools/hudson.tasks.Maven_MavenInstallation/M3/lib/jsr250-api-1.0.jar
7f746c002000-7f746c006000 r--s 00023000 08:02 1581035                    /root/.jenkins/tools/hudson.tasks.Maven_MavenInstallation/M3/lib/maven-resolver-util-1.1.0.jar
7f746c006000-7f746c008000 r--s 00000000 08:02 1581040                    /root/.jenkins/tools/hudson.tasks.Maven_MavenInstallation/M3/lib/aopalliance-1.0.jar
7f746c008000-7f746c00a000 r--s 00002000 08:02 1581018                    /root/.jenkins/tools/hudson.tasks.Maven_MavenInstallation/M3/lib/plexus-cipher-1.7.jar
7f746c00a000-7f746c00c000 r--s 0000c000 08:02 1581064                    /root/.jenkins/tools/hudson.tasks.Maven_MavenInstallation/M3/lib/maven-artifact-3.5.2.jar
7f746c00c000-7f746c00f000 r--s 00025000 08:02 1581019                    /root/.jenkins/tools/hudson.tasks.Maven_MavenInstallation/M3/lib/maven-shared-utils-3.1.0.jar
7f746c00f000-7f746c012000 r--s 00008000 08:02 1581057                    /root/.jenkins/tools/hudson.tasks.Maven_MavenInstallation/M3/lib/cdi-api-1.0.jar
7f746c012000-7f746c015000 r--s 00015000 08:02 1581092                    /root/.jenkins/tools/hudson.tasks.Maven_MavenInstallation/M3/lib/maven-embedder-3.5.2.jar
7f746c015000-7f746c017000 r--s 00006000 08:02 1581105                    /root/.jenkins/tools/hudson.tasks.Maven_MavenInstallation/M3/lib/maven-resolver-transport-wagon-1.1.0.jar
7f746c017000-7f746c01d000 r--s 00041000 08:02 1581070                    /root/.jenkins/tools/hudson.tasks.Maven_MavenInstallation/M3/lib/maven-compat-3.5.2.jar
7f746c01d000-7f746c025000 r--s 0006e000 08:02 1581045                    /root/.jenkins/tools/hudson.tasks.Maven_MavenInstallation/M3/lib/commons-lang3-3.5.jar
7f746c025000-7f746c026000 r--s 0000a000 08:02 1581049                    /root/.jenkins/tools/hudson.tasks.Maven_MavenInstallation/M3/lib/maven-settings-3.5.2.jar
7f746c026000-7f746c028000 r--s 00007000 08:02 1581056                    /root/.jenkins/tools/hudson.tasks.Maven_MavenInstallation/M3/lib/maven-resolver-spi-1.1.0.jar
7f746c028000-7f746c02a000 r--s 00009000 08:02 1581032                    /root/.jenkins/tools/hudson.tasks.Maven_MavenInstallation/M3/lib/slf4j-api-1.7.25.jar
7f746c02a000-7f746c02c000 r--s 00003000 08:02 1581068                    /root/.jenkins/tools/hudson.tasks.Maven_MavenInstallation/M3/lib/jcl-over-slf4j-1.7.25.jar
7f746c02c000-7f746c02e000 r--s 0000b000 08:02 1581084                    /root/.jenkins/tools/hudson.tasks.Maven_MavenInstallation/M3/boot/plexus-classworlds-2.5.2.jar
7f746c02e000-7f746c0c3000 r--s 01113000 08:02 1347970                    /usr/local/jdk1.8.0_152/jre/lib/ext/jfxrt.jar
7f746c0c3000-7f746c213000 rw-p 00000000 00:00 0 
7f746c213000-7f746c3ed000 r--s 03d5f000 08:02 1219351                    /usr/local/jdk1.8.0_152/jre/lib/rt.jar
7f746c3ed000-7f746c5cf000 rw-p 00000000 00:00 0 
7f746c5cf000-7f746c5d0000 ---p 00000000 00:00 0 
7f746c5d0000-7f746c6d0000 rw-p 00000000 00:00 0 
7f746c6d0000-7f746c6d1000 ---p 00000000 00:00 0 
7f746c6d1000-7f746c7d1000 rw-p 00000000 00:00 0 
7f746c7d1000-7f746c7d2000 ---p 00000000 00:00 0 
7f746c7d2000-7f746c8d2000 rw-p 00000000 00:00 0 
7f746c8d2000-7f746c8d3000 ---p 00000000 00:00 0 
7f746c8d3000-7f746c9dd000 rw-p 00000000 00:00 0 
7f746c9dd000-7f746ca6f000 ---p 00000000 00:00 0 
7f746ca6f000-7f746ca79000 rw-p 00000000 00:00 0 
7f746ca79000-7f746cb0a000 ---p 00000000 00:00 0 
7f746cb0a000-7f746cb1e000 rw-p 00000000 00:00 0 
7f746cb1e000-7f746cb58000 ---p 00000000 00:00 0 
7f746cb58000-7f746cb68000 rw-p 00000000 00:00 0 
7f746cb68000-7f746cf19000 ---p 00000000 00:00 0 
7f746cf19000-7f746cf34000 r-xp 00000000 08:02 1861611                    /usr/local/jdk1.8.0_152/jre/lib/amd64/libzip.so
7f746cf34000-7f746d134000 ---p 0001b000 08:02 1861611                    /usr/local/jdk1.8.0_152/jre/lib/amd64/libzip.so
7f746d134000-7f746d135000 rw-p 0001b000 08:02 1861611                    /usr/local/jdk1.8.0_152/jre/lib/amd64/libzip.so
7f746d135000-7f746d141000 r-xp 00000000 08:02 2228254                    /lib64/libnss_files-2.12.so
7f746d141000-7f746d341000 ---p 0000c000 08:02 2228254                    /lib64/libnss_files-2.12.so
7f746d341000-7f746d342000 r--p 0000c000 08:02 2228254                    /lib64/libnss_files-2.12.so
7f746d342000-7f746d343000 rw-p 0000d000 08:02 2228254                    /lib64/libnss_files-2.12.so
7f746d343000-7f746d344000 r--s 00005000 08:02 1581106                    /root/.jenkins/tools/hudson.tasks.Maven_MavenInstallation/M3/lib/maven-slf4j-provider-3.5.2.jar
7f746d344000-7f746d346000 r--s 00009000 08:02 1581097                    /root/.jenkins/tools/hudson.tasks.Maven_MavenInstallation/M3/lib/maven-settings-builder-3.5.2.jar
7f746d346000-7f746d350000 rw-p 00000000 00:00 0 
7f746d350000-7f746d37b000 r-xp 00000000 08:02 1861605                    /usr/local/jdk1.8.0_152/jre/lib/amd64/libjava.so
7f746d37b000-7f746d57a000 ---p 0002b000 08:02 1861605                    /usr/local/jdk1.8.0_152/jre/lib/amd64/libjava.so
7f746d57a000-7f746d57c000 rw-p 0002a000 08:02 1861605                    /usr/local/jdk1.8.0_152/jre/lib/amd64/libjava.so
7f746d57c000-7f746d589000 r-xp 00000000 08:02 1861610                    /usr/local/jdk1.8.0_152/jre/lib/amd64/libverify.so
7f746d589000-7f746d789000 ---p 0000d000 08:02 1861610                    /usr/local/jdk1.8.0_152/jre/lib/amd64/libverify.so
7f746d789000-7f746d78b000 rw-p 0000d000 08:02 1861610                    /usr/local/jdk1.8.0_152/jre/lib/amd64/libverify.so
7f746d78b000-7f746d78e000 ---p 00000000 00:00 0 
7f746d78e000-7f746d88c000 rw-p 00000000 00:00 0 
7f746d88c000-7f746e564000 r-xp 00000000 08:02 2006142                    /usr/local/jdk1.8.0_152/jre/lib/amd64/server/libjvm.so
7f746e564000-7f746e763000 ---p 00cd8000 08:02 2006142                    /usr/local/jdk1.8.0_152/jre/lib/amd64/server/libjvm.so
7f746e763000-7f746e83d000 rw-p 00cd7000 08:02 2006142                    /usr/local/jdk1.8.0_152/jre/lib/amd64/server/libjvm.so
7f746e83d000-7f746e88c000 rw-p 00000000 00:00 0 
7f746e88c000-7f746e8a2000 r-xp 00000000 08:02 942792                     /usr/local/jdk1.8.0_152/lib/amd64/jli/libjli.so
7f746e8a2000-7f746eaa1000 ---p 00016000 08:02 942792                     /usr/local/jdk1.8.0_152/lib/amd64/jli/libjli.so
7f746eaa1000-7f746eaa2000 rw-p 00015000 08:02 942792                     /usr/local/jdk1.8.0_152/lib/amd64/jli/libjli.so
7f746eaa2000-7f746eaa3000 rw-p 00000000 00:00 0 
7f746eaa3000-7f746eaa6000 r--s 0003c000 08:02 1580995                    /root/.jenkins/tools/hudson.tasks.Maven_MavenInstallation/M3/lib/jansi-1.16.jar
7f746eaa6000-7f746eaae000 rw-s 00000000 08:02 693157                     /tmp/hsperfdata_root/4325
7f746eaae000-7f746eaaf000 rw-p 00000000 00:00 0 
7f746eaaf000-7f746eab0000 r--p 00000000 00:00 0 
7f746eab0000-7f746eab1000 rw-p 00000000 00:00 0 
7fffb4243000-7fffb4259000 rw-p 00000000 00:00 0                          [stack]
7fffb432d000-7fffb432e000 r-xp 00000000 00:00 0                          [vdso]
ffffffffff600000-ffffffffff601000 r-xp 00000000 00:00 0                  [vsyscall]

VM Arguments:
jvm_args: -Dclassworlds.conf=/root/.jenkins/tools/hudson.tasks.Maven_MavenInstallation/M3/bin/m2.conf -Dmaven.home=/root/.jenkins/tools/hudson.tasks.Maven_MavenInstallation/M3 -Dlibrary.jansi.path=/root/.jenkins/tools/hudson.tasks.Maven_MavenInstallation/M3/lib/jansi-native -Dmaven.multiModuleProjectDirectory=/root/autocheck 
java_command: org.codehaus.plexus.classworlds.launcher.Launcher -Dmaven.test.failure.ignore exec:java -Dexec.mainClass=maven.autocheck.AutoCheck
java_class_path (initial): /root/.jenkins/tools/hudson.tasks.Maven_MavenInstallation/M3/boot/plexus-classworlds-2.5.2.jar
Launcher Type: SUN_STANDARD

Environment Variables:
JAVA_HOME=/usr/local/jdk1.8.0_152
PATH=/usr/lib64/qt-3.3/bin:/usr/local/sbin:/usr/local/bin:/sbin:/bin:/usr/sbin:/usr/bin:/usr/local/jdk1.8.0_152/bin:/root/.jenkins/tools/hudson.tasks.Maven_MavenInstallation/M3/bin:/usr/local/mysql-5.7.20/bin:/usr/local/libxml2-2.9.5/bin:/usr/local/httpd-2.4.29/bin
LD_LIBRARY_PATH=/usr/local/libxml2-2.9.5/lib:/usr/local/gmp-4.3.2/lib:/usr/local/mpc-0.8.1/lib:/usr/local/mpfr-2.4.2/lib:/usr/local/isl-0.18/lib:/usr/local/boost_1_65_1/lib:/usr/local/gcc-5.5.0/lib64:/usr/local/mysql-5.7.20/lib:/usr/local/apr-1.6.3/lib:/usr/local/apr-util-1.6.1/lib:/usr/local/pcre-8.40/lib
SHELL=/bin/bash

Signal Handlers:
SIGSEGV: [libjvm.so+0xacfec0], sa_mask[0]=11111111011111111101111111111110, sa_flags=SA_RESTART|SA_SIGINFO
SIGBUS: [libjvm.so+0xacfec0], sa_mask[0]=11111111011111111101111111111110, sa_flags=SA_RESTART|SA_SIGINFO
SIGFPE: [libjvm.so+0x927e60], sa_mask[0]=11111111011111111101111111111110, sa_flags=SA_RESTART|SA_SIGINFO
SIGPIPE: [libjvm.so+0x927e60], sa_mask[0]=11111111011111111101111111111110, sa_flags=SA_RESTART|SA_SIGINFO
SIGXFSZ: [libjvm.so+0x927e60], sa_mask[0]=11111111011111111101111111111110, sa_flags=SA_RESTART|SA_SIGINFO
SIGILL: [libjvm.so+0x927e60], sa_mask[0]=11111111011111111101111111111110, sa_flags=SA_RESTART|SA_SIGINFO
SIGUSR1: SIG_DFL, sa_mask[0]=00000000000000000000000000000000, sa_flags=none
SIGUSR2: [libjvm.so+0x9296a0], sa_mask[0]=00100000000000000000000000000000, sa_flags=SA_RESTART|SA_SIGINFO
SIGHUP: SIG_IGN, sa_mask[0]=00000000000000000000000000000000, sa_flags=none
SIGINT: SIG_IGN, sa_mask[0]=00000000000000000000000000000000, sa_flags=none
SIGTERM: [libjvm.so+0x92aaa0], sa_mask[0]=11111111011111111101111111111110, sa_flags=SA_RESTART|SA_SIGINFO
SIGQUIT: [libjvm.so+0x92aaa0], sa_mask[0]=11111111011111111101111111111110, sa_flags=SA_RESTART|SA_SIGINFO


---------------  S Y S T E M  ---------------

OS:Red Hat Enterprise Linux Server release 6.5 (Santiago)

uname:Linux 2.6.32-431.el6.x86_64 #1 SMP Sun Nov 10 22:19:54 EST 2013 x86_64
libc:glibc 2.12 NPTL 2.12 
rlimit: STACK 10240k, CORE 0k, NPROC 14735, NOFILE 4096, AS infinity
load average:0.34 0.24 0.25

/proc/meminfo:
MemTotal:        1906552 kB
MemFree:          822500 kB
Buffers:           37288 kB
Cached:           257368 kB
SwapCached:            0 kB
Active:           838652 kB
Inactive:         143180 kB
Active(anon):     687396 kB
Inactive(anon):      272 kB
Active(file):     151256 kB
Inactive(file):   142908 kB
Unevictable:           0 kB
Mlocked:               0 kB
SwapTotal:       4194296 kB
SwapFree:        4194296 kB
Dirty:              2316 kB
Writeback:             0 kB
AnonPages:        678996 kB
Mapped:            46024 kB
Shmem:               496 kB
Slab:              53596 kB
SReclaimable:      24428 kB
SUnreclaim:        29168 kB
KernelStack:        3016 kB
PageTables:         8440 kB
NFS_Unstable:          0 kB
Bounce:                0 kB
WritebackTmp:          0 kB
CommitLimit:     5147572 kB
Committed_AS:    1678264 kB
VmallocTotal:   34359738367 kB
VmallocUsed:      157988 kB
VmallocChunk:   34359574000 kB
HardwareCorrupted:     0 kB
AnonHugePages:    499712 kB
HugePages_Total:       0
HugePages_Free:        0
HugePages_Rsvd:        0
HugePages_Surp:        0
Hugepagesize:       2048 kB
DirectMap4k:       10240 kB
DirectMap2M:     2086912 kB


CPU:total 4 (initial active 4) (4 cores per cpu, 1 threads per core) family 6 model 58 stepping 9, cmov, cx8, fxsr, mmx, sse, sse2, sse3, ssse3, sse4.1, sse4.2, popcnt, avx, aes, clmul, erms, tsc, tscinvbit, tscinv

/proc/cpuinfo:
processor	: 0
vendor_id	: GenuineIntel
cpu family	: 6
model		: 58
model name	: Intel(R) Core(TM) i5-3210M CPU @ 2.50GHz
stepping	: 9
cpu MHz		: 2494.370
cache size	: 3072 KB
physical id	: 0
siblings	: 4
core id		: 0
cpu cores	: 4
apicid		: 0
initial apicid	: 0
fpu		: yes
fpu_exception	: yes
cpuid level	: 13
wp		: yes
flags		: fpu vme de pse tsc msr pae mce cx8 apic sep mtrr pge mca cmov pat pse36 clflush dts mmx fxsr sse sse2 ss ht syscall nx rdtscp lm constant_tsc arch_perfmon pebs bts xtopology tsc_reliable nonstop_tsc aperfmperf unfair_spinlock pni pclmulqdq ssse3 cx16 pcid sse4_1 sse4_2 x2apic popcnt tsc_deadline_timer aes xsave avx f16c rdrand hypervisor lahf_lm ida arat epb pln pts dts fsgsbase smep
bogomips	: 4988.74
clflush size	: 64
cache_alignment	: 64
address sizes	: 42 bits physical, 48 bits virtual
power management:

processor	: 1
vendor_id	: GenuineIntel
cpu family	: 6
model		: 58
model name	: Intel(R) Core(TM) i5-3210M CPU @ 2.50GHz
stepping	: 9
cpu MHz		: 2494.370
cache size	: 3072 KB
physical id	: 0
siblings	: 4
core id		: 1
cpu cores	: 4
apicid		: 1
initial apicid	: 1
fpu		: yes
fpu_exception	: yes
cpuid level	: 13
wp		: yes
flags		: fpu vme de pse tsc msr pae mce cx8 apic sep mtrr pge mca cmov pat pse36 clflush dts mmx fxsr sse sse2 ss ht syscall nx rdtscp lm constant_tsc arch_perfmon pebs bts xtopology tsc_reliable nonstop_tsc aperfmperf unfair_spinlock pni pclmulqdq ssse3 cx16 pcid sse4_1 sse4_2 x2apic popcnt tsc_deadline_timer aes xsave avx f16c rdrand hypervisor lahf_lm ida arat epb pln pts dts fsgsbase smep
bogomips	: 4988.74
clflush size	: 64
cache_alignment	: 64
address sizes	: 42 bits physical, 48 bits virtual
power management:

processor	: 2
vendor_id	: GenuineIntel
cpu family	: 6
model		: 58
model name	: Intel(R) Core(TM) i5-3210M CPU @ 2.50GHz
stepping	: 9
cpu MHz		: 2494.370
cache size	: 3072 KB
physical id	: 0
siblings	: 4
core id		: 2
cpu cores	: 4
apicid		: 2
initial apicid	: 2
fpu		: yes
fpu_exception	: yes
cpuid level	: 13
wp		: yes
flags		: fpu vme de pse tsc msr pae mce cx8 apic sep mtrr pge mca cmov pat pse36 clflush dts mmx fxsr sse sse2 ss ht syscall nx rdtscp lm constant_tsc arch_perfmon pebs bts xtopology tsc_reliable nonstop_tsc aperfmperf unfair_spinlock pni pclmulqdq ssse3 cx16 pcid sse4_1 sse4_2 x2apic popcnt tsc_deadline_timer aes xsave avx f16c rdrand hypervisor lahf_lm ida arat epb pln pts dts fsgsbase smep
bogomips	: 4988.74
clflush size	: 64
cache_alignment	: 64
address sizes	: 42 bits physical, 48 bits virtual
power management:

processor	: 3
vendor_id	: GenuineIntel
cpu family	: 6
model		: 58
model name	: Intel(R) Core(TM) i5-3210M CPU @ 2.50GHz
stepping	: 9
cpu MHz		: 2494.370
cache size	: 3072 KB
physical id	: 0
siblings	: 4
core id		: 3
cpu cores	: 4
apicid		: 3
initial apicid	: 3
fpu		: yes
fpu_exception	: yes
cpuid level	: 13
wp		: yes
flags		: fpu vme de pse tsc msr pae mce cx8 apic sep mtrr pge mca cmov pat pse36 clflush dts mmx fxsr sse sse2 ss ht syscall nx rdtscp lm constant_tsc arch_perfmon pebs bts xtopology tsc_reliable nonstop_tsc aperfmperf unfair_spinlock pni pclmulqdq ssse3 cx16 pcid sse4_1 sse4_2 x2apic popcnt tsc_deadline_timer aes xsave avx f16c rdrand hypervisor lahf_lm ida arat epb pln pts dts fsgsbase smep
bogomips	: 4988.74
clflush size	: 64
cache_alignment	: 64
address sizes	: 42 bits physical, 48 bits virtual
power management:



Memory: 4k page, physical 1906552k(822500k free), swap 4194296k(4194296k free)

vm_info: Java HotSpot(TM) 64-Bit Server VM (25.152-b16) for linux-amd64 JRE (1.8.0_152-b16), built on Sep 14 2017 02:16:14 by "java_re" with gcc 4.3.0 20080428 (Red Hat 4.3.0-8)

time: Wed Jan 17 17:25:26 2018
elapsed time: 1 seconds (0d 0h 0m 1s)

