#
# A fatal error has been detected by the Java Runtime Environment:
#
#  SIGSEGV (0xb) at pc=0x00007fd95dd4eea6, pid=3844, tid=0x00007fd9425ac700
#
# JRE version: Java(TM) SE Runtime Environment (8.0_152-b16) (build 1.8.0_152-b16)
# Java VM: Java HotSpot(TM) 64-Bit Server VM (25.152-b16 mixed mode linux-amd64 compressed oops)
# Problematic frame:
# V  [libjvm.so+0xa38ea6]  SymbolTable::unlink(int*, int*)+0xa6
#
# Failed to write core dump. Core dumps have been disabled. To enable core dumping, try "ulimit -c unlimited" before starting Java again
#
# If you would like to submit a bug report, please visit:
#   http://bugreport.java.com/bugreport/crash.jsp
#

---------------  T H R E A D  ---------------

Current thread (0x00007fd958077800):  VMThread [stack: 0x00007fd9424ac000,0x00007fd9425ad000] [id=3863]

siginfo: si_signo: 11 (SIGSEGV), si_code: 128 (SI_KERNEL), si_addr: 0x0000000000000000

Registers:
RAX=0x00007fd9580fcd70, RBX=0x00007fd9580fcd70, RCX=0x00007fd958000038, RDX=0x00007fd958be14c0
RSP=0x00007fd9425ab520, RBP=0x00007fd9425ab580, RSI=0x00007fd9586cb208, RDI=0x00807fd910050780
R8 =0x00007fd958026450, R9 =0x00007fd95e2e1140, R10=0x0000000000000001, R11=0x000000000000000a
R12=0x00007fd9583014d0, R13=0x0000000000006548, R14=0x00007fd9425ab530, R15=0x0000000000027158
RIP=0x00007fd95dd4eea6, EFLAGS=0x0000000000010206, CSGSFS=0x0000000000000033, ERR=0x0000000000000000
  TRAPNO=0x000000000000000d

Top of Stack: (sp=0x00007fd9425ab520)
0x00007fd9425ab520:   00007fd9425ab6f8 00007fd9425ab6fc
0x00007fd9425ab530:   00000009000028e8 00007fd9586cb208
0x00007fd9425ab540:   00007fd95878c4e8 00007fd9425ab6a0
0x00007fd9425ab550:   00007fd9425ab580 00007fd9425ab6f8
0x00007fd9425ab560:   00007fd9425ab6fc 00007fd9425ab5e0
0x00007fd9425ab570:   0000000000000004 00007fd9425ab6a0
0x00007fd9425ab580:   00007fd9425ab730 00007fd95dca3a7c
0x00007fd9425ab590:   00007fd95e2e5080 00007fff00000009
0x00007fd9425ab5a0:   00007fd9425ab6f0 00007fd9425ab640
0x00007fd9425ab5b0:   00007fd9425ab670 00007fd95e2e5100
0x00007fd9425ab5c0:   0000000000000000 000000000000013a
0x00007fd9425ab5d0:   00000000000001f5 0000000000000000
0x00007fd9425ab5e0:   00007fd95de38a79 00007fd9425a0100
0x00007fd9425ab5f0:   00007fd95e2e5080 00000001486bbfbc
0x00007fd9425ab600:   0000000332bfda47 0000000000000001
0x00007fd9425ab610:   00007fd95de712be 00007fd958070100
0x00007fd9425ab620:   00007fd95e2e5080 0000000148682ace
0x00007fd9425ab630:   0000000332b6eb2e 0000003cfb203e46
0x00007fd9425ab640:   0000000000000000 000000000000013a
0x00007fd9425ab650:   00000000000001f5 0000000000000000
0x00007fd9425ab660:   000000032e45de9b 00000000102413b1
0x00007fd9425ab670:   00007fd95de712a7 00007fff1fd60100
0x00007fd9425ab680:   00007fd95e2e5080 0000000146a038d3
0x00007fd9425ab690:   000000032e45a0a0 00007fff1fd6c952
0x00007fd9425ab6a0:   00007fd95e28adb0 00007fd900000004
0x00007fd9425ab6b0:   00007fd958074140 00007fd900000004
0x00007fd9425ab6c0:   00007fd95e288810 00007fff1fd6ca00
0x00007fd9425ab6d0:   00007fd9580746b0 0000003cfb203e46
0x00007fd9425ab6e0:   00007fd95e288840 00007fd9580746b0
0x00007fd9425ab6f0:   00007fd958073c01 0000000000000000
0x00007fd9425ab700:   00000000000015f7 00007fd958073b50
0x00007fd9425ab710:   00007fd958073c00 0000000000000000 

Instructions: (pc=0x00007fd95dd4eea6)
0x00007fd95dd4ee86:   48 8b 18 48 85 db 74 e8 49 89 c4 0f 1f 80 00 00
0x00007fd95dd4ee96:   00 00 f6 43 08 01 75 c2 48 8b 7b 10 83 45 b0 01
0x00007fd95dd4eea6:   0f b7 47 02 66 85 c0 74 19 4c 8d 63 08 49 8b 04
0x00007fd95dd4eeb6:   24 48 89 c3 48 83 e3 fe 75 d8 eb ad 66 0f 1f 44 

Register to memory mapping:

RAX=0x00007fd9580fcd70 is an unknown value
RBX=0x00007fd9580fcd70 is an unknown value
RCX=0x00007fd958000038 is an unknown value
RDX=0x00007fd958be14c0 is an unknown value
RSP=0x00007fd9425ab520 is an unknown value
RBP=0x00007fd9425ab580 is an unknown value
RSI=0x00007fd9586cb208 is an unknown value
RDI=0x00807fd910050780 is an unknown value
R8 =0x00007fd958026450 is an unknown value
R9 =0x00007fd95e2e1140: <offset 0xfcb140> in /usr/local/jdk1.8.0_152/jre/lib/amd64/server/libjvm.so at 0x00007fd95d316000
R10=0x0000000000000001 is an unknown value
R11=0x000000000000000a is an unknown value
R12=0x00007fd9583014d0 is an unknown value
R13=0x0000000000006548 is an unknown value
R14=0x00007fd9425ab530 is an unknown value
R15=0x0000000000027158 is an unknown value


Stack: [0x00007fd9424ac000,0x00007fd9425ad000],  sp=0x00007fd9425ab520,  free space=1021k
Native frames: (J=compiled Java code, j=interpreted, Vv=VM code, C=native code)
V  [libjvm.so+0xa38ea6]  SymbolTable::unlink(int*, int*)+0xa6
V  [libjvm.so+0x98da7c]  PSParallelCompact::marking_phase(ParCompactionManager*, bool, ParallelOldTracer*)+0x51c
V  [libjvm.so+0x992bde]  PSParallelCompact::invoke_no_policy(bool)+0x40e
V  [libjvm.so+0x993453]  PSParallelCompact::invoke(bool)+0x63
V  [libjvm.so+0x4873c4]  CollectedHeap::collect_as_vm_thread(GCCause::Cause)+0x114
V  [libjvm.so+0xad0ab1]  VM_CollectForMetadataAllocation::doit()+0x161
V  [libjvm.so+0xad8bb5]  VM_Operation::evaluate()+0x55
V  [libjvm.so+0xad6f7a]  VMThread::evaluate_operation(VM_Operation*)+0xba
V  [libjvm.so+0xad72fe]  VMThread::loop()+0x1ce
V  [libjvm.so+0xad7770]  VMThread::run()+0x70
V  [libjvm.so+0x92d8d8]  java_start(Thread*)+0x108

VM_Operation (0x00007fd941fa4680): CollectForMetadataAllocation, mode: safepoint, requested by thread 0x00007fd9580bd800


---------------  P R O C E S S  ---------------

Java Threads: ( => current thread )
  0x00007fd9580d2800 JavaThread "Service Thread" daemon [_thread_blocked, id=3870, stack(0x00007fd941da5000,0x00007fd941ea6000)]
  0x00007fd9580bd800 JavaThread "C1 CompilerThread2" daemon [_thread_blocked, id=3869, stack(0x00007fd941ea6000,0x00007fd941fa7000)]
  0x00007fd9580bb800 JavaThread "C2 CompilerThread1" daemon [_thread_blocked, id=3868, stack(0x00007fd941fa7000,0x00007fd9420a8000)]
  0x00007fd9580b8800 JavaThread "C2 CompilerThread0" daemon [_thread_in_native, id=3867, stack(0x00007fd9420a8000,0x00007fd9421a9000)]
  0x00007fd9580b7000 JavaThread "Signal Dispatcher" daemon [_thread_blocked, id=3866, stack(0x00007fd9421a9000,0x00007fd9422aa000)]
  0x00007fd958083800 JavaThread "Finalizer" daemon [_thread_blocked, id=3865, stack(0x00007fd9422aa000,0x00007fd9423ab000)]
  0x00007fd95807f000 JavaThread "Reference Handler" daemon [_thread_blocked, id=3864, stack(0x00007fd9423ab000,0x00007fd9424ac000)]
  0x00007fd958009800 JavaThread "main" [_thread_blocked, id=3858, stack(0x00007fd95d215000,0x00007fd95d316000)]

Other Threads:
=>0x00007fd958077800 VMThread [stack: 0x00007fd9424ac000,0x00007fd9425ad000] [id=3863]
  0x00007fd9580d7800 WatcherThread [stack: 0x00007fd941ca4000,0x00007fd941da5000] [id=3871]

VM state:at safepoint (normal execution)

VM Mutex/Monitor currently owned by a thread:  ([mutex/lock_event])
[0x00007fd958007100] Threads_lock - owner thread: 0x00007fd958077800
[0x00007fd958007600] Heap_lock - owner thread: 0x00007fd9580bd800
[0x00007fd958007b80] MethodData_lock - owner thread: 0x00007fd9580bd800

Heap:
 PSYoungGen      total 69632K, used 6654K [0x00000000f6500000, 0x00000000fdb80000, 0x0000000100000000)
  eden space 62976K, 0% used [0x00000000f6500000,0x00000000f6500000,0x00000000fa280000)
  from space 6656K, 99% used [0x00000000fa280000,0x00000000fa8ffa90,0x00000000fa900000)
  to   space 10240K, 0% used [0x00000000fd180000,0x00000000fd180000,0x00000000fdb80000)
 ParOldGen       total 20480K, used 14535K [0x00000000e2e00000, 0x00000000e4200000, 0x00000000f6500000)
  object space 20480K, 70% used [0x00000000e2e00000,0x00000000e3c31c18,0x00000000e4200000)
 Metaspace       used 20725K, capacity 21174K, committed 21296K, reserved 1069056K
  class space    used 2529K, capacity 2675K, committed 2688K, reserved 1048576K

Card table byte_map: [0x00007fd95c4f9000,0x00007fd95c5e3000] byte_map_base: 0x00007fd95bde2000

Marking Bits: (ParMarkBitMap*) 0x00007fd95e2e51a0
 Begin Bits: [0x00007fd948170000, 0x00007fd9488b8000)
 End Bits:   [0x00007fd9488b8000, 0x00007fd949000000)

Polling page: 0x00007fd95e539000

CodeCache: size=245760Kb used=8484Kb max_used=8484Kb free=237276Kb
 bounds [0x00007fd949000000, 0x00007fd949850000, 0x00007fd958000000]
 total_blobs=3106 nmethods=2724 adapters=295
 compilation: enabled

Compilation events (10 events):
Event: 5.442 Thread 0x00007fd9580bd800 nmethod 2759 0x00007fd94984d110 code [0x00007fd94984d260, 0x00007fd94984d390]
Event: 5.442 Thread 0x00007fd9580bd800 2762       2       com.sun.tools.javac.file.JavacFileManager::getLocation (14 bytes)
Event: 5.443 Thread 0x00007fd9580bd800 nmethod 2762 0x00007fd94984d450 code [0x00007fd94984d5e0, 0x00007fd94984d828]
Event: 5.443 Thread 0x00007fd9580bd800 2764       2       com.sun.tools.javac.code.Scope::lookup (9 bytes)
Event: 5.443 Thread 0x00007fd9580bd800 nmethod 2764 0x00007fd94984d9d0 code [0x00007fd94984db40, 0x00007fd94984dcc8]
Event: 5.443 Thread 0x00007fd9580bd800 2765       2       com.sun.tools.javac.code.Scope::lookup (67 bytes)
Event: 5.444 Thread 0x00007fd9580bd800 nmethod 2765 0x00007fd94984dd50 code [0x00007fd94984dee0, 0x00007fd94984e198]
Event: 5.444 Thread 0x00007fd9580bd800 2761       2       com.sun.tools.javac.file.Locations$BootClassPathLocationHandler::lazy (19 bytes)
Event: 5.444 Thread 0x00007fd9580bd800 nmethod 2761 0x00007fd94984e390 code [0x00007fd94984e520, 0x00007fd94984e7d8]
Event: 5.444 Thread 0x00007fd9580bd800 2757   !   2       com.sun.tools.javac.file.ZipFileIndex::checkIndex (140 bytes)

GC Heap History (10 events):
Event: 1.717 GC heap after
Heap after GC invocations=5 (full 0):
 PSYoungGen      total 17408K, used 1024K [0x00000000f6500000, 0x00000000f8c00000, 0x0000000100000000)
  eden space 16384K, 0% used [0x00000000f6500000,0x00000000f6500000,0x00000000f7500000)
  from space 1024K, 100% used [0x00000000f7500000,0x00000000f7600000,0x00000000f7600000)
  to   space 3584K, 0% used [0x00000000f8880000,0x00000000f8880000,0x00000000f8c00000)
 ParOldGen       total 20480K, used 6777K [0x00000000e2e00000, 0x00000000e4200000, 0x00000000f6500000)
  object space 20480K, 33% used [0x00000000e2e00000,0x00000000e349e458,0x00000000e4200000)
 Metaspace       used 10088K, capacity 10228K, committed 10240K, reserved 1058816K
  class space    used 1236K, capacity 1277K, committed 1280K, reserved 1048576K
}
Event: 2.190 GC heap before
{Heap before GC invocations=6 (full 0):
 PSYoungGen      total 17408K, used 17408K [0x00000000f6500000, 0x00000000f8c00000, 0x0000000100000000)
  eden space 16384K, 100% used [0x00000000f6500000,0x00000000f7500000,0x00000000f7500000)
  from space 1024K, 100% used [0x00000000f7500000,0x00000000f7600000,0x00000000f7600000)
  to   space 3584K, 0% used [0x00000000f8880000,0x00000000f8880000,0x00000000f8c00000)
 ParOldGen       total 20480K, used 6777K [0x00000000e2e00000, 0x00000000e4200000, 0x00000000f6500000)
  object space 20480K, 33% used [0x00000000e2e00000,0x00000000e349e458,0x00000000e4200000)
 Metaspace       used 11960K, capacity 12136K, committed 12416K, reserved 1060864K
  class space    used 1497K, capacity 1572K, committed 1664K, reserved 1048576K
Event: 2.203 GC heap after
Heap after GC invocations=6 (full 0):
 PSYoungGen      total 35328K, used 3574K [0x00000000f6500000, 0x00000000f8e00000, 0x0000000100000000)
  eden space 31744K, 0% used [0x00000000f6500000,0x00000000f6500000,0x00000000f8400000)
  from space 3584K, 99% used [0x00000000f8880000,0x00000000f8bfd838,0x00000000f8c00000)
  to   space 4608K, 0% used [0x00000000f8400000,0x00000000f8400000,0x00000000f8880000)
 ParOldGen       total 20480K, used 6908K [0x00000000e2e00000, 0x00000000e4200000, 0x00000000f6500000)
  object space 20480K, 33% used [0x00000000e2e00000,0x00000000e34bf378,0x00000000e4200000)
 Metaspace       used 11960K, capacity 12136K, committed 12416K, reserved 1060864K
  class space    used 1497K, capacity 1572K, committed 1664K, reserved 1048576K
}
Event: 3.526 GC heap before
{Heap before GC invocations=7 (full 0):
 PSYoungGen      total 35328K, used 35318K [0x00000000f6500000, 0x00000000f8e00000, 0x0000000100000000)
  eden space 31744K, 100% used [0x00000000f6500000,0x00000000f8400000,0x00000000f8400000)
  from space 3584K, 99% used [0x00000000f8880000,0x00000000f8bfd838,0x00000000f8c00000)
  to   space 4608K, 0% used [0x00000000f8400000,0x00000000f8400000,0x00000000f8880000)
 ParOldGen       total 20480K, used 6908K [0x00000000e2e00000, 0x00000000e4200000, 0x00000000f6500000)
  object space 20480K, 33% used [0x00000000e2e00000,0x00000000e34bf378,0x00000000e4200000)
 Metaspace       used 15335K, capacity 15510K, committed 15872K, reserved 1062912K
  class space    used 1891K, capacity 1975K, committed 2048K, reserved 1048576K
Event: 3.546 GC heap after
Heap after GC invocations=7 (full 0):
 PSYoungGen      total 36352K, used 4601K [0x00000000f6500000, 0x00000000faf00000, 0x0000000100000000)
  eden space 31744K, 0% used [0x00000000f6500000,0x00000000f6500000,0x00000000f8400000)
  from space 4608K, 99% used [0x00000000f8400000,0x00000000f887e530,0x00000000f8880000)
  to   space 6144K, 0% used [0x00000000fa900000,0x00000000fa900000,0x00000000faf00000)
 ParOldGen       total 20480K, used 8545K [0x00000000e2e00000, 0x00000000e4200000, 0x00000000f6500000)
  object space 20480K, 41% used [0x00000000e2e00000,0x00000000e3658640,0x00000000e4200000)
 Metaspace       used 15335K, capacity 15510K, committed 15872K, reserved 1062912K
  class space    used 1891K, capacity 1975K, committed 2048K, reserved 1048576K
}
Event: 4.335 GC heap before
{Heap before GC invocations=8 (full 0):
 PSYoungGen      total 36352K, used 36345K [0x00000000f6500000, 0x00000000faf00000, 0x0000000100000000)
  eden space 31744K, 100% used [0x00000000f6500000,0x00000000f8400000,0x00000000f8400000)
  from space 4608K, 99% used [0x00000000f8400000,0x00000000f887e530,0x00000000f8880000)
  to   space 6144K, 0% used [0x00000000fa900000,0x00000000fa900000,0x00000000faf00000)
 ParOldGen       total 20480K, used 8545K [0x00000000e2e00000, 0x00000000e4200000, 0x00000000f6500000)
  object space 20480K, 41% used [0x00000000e2e00000,0x00000000e3658640,0x00000000e4200000)
 Metaspace       used 16061K, capacity 16370K, committed 16768K, reserved 1064960K
  class space    used 1958K, capacity 2051K, committed 2176K, reserved 1048576K
Event: 4.361 GC heap after
Heap after GC invocations=8 (full 0):
 PSYoungGen      total 69120K, used 5472K [0x00000000f6500000, 0x00000000fb000000, 0x0000000100000000)
  eden space 62976K, 0% used [0x00000000f6500000,0x00000000f6500000,0x00000000fa280000)
  from space 6144K, 89% used [0x00000000fa900000,0x00000000fae58020,0x00000000faf00000)
  to   space 6656K, 0% used [0x00000000fa280000,0x00000000fa280000,0x00000000fa900000)
 ParOldGen       total 20480K, used 8681K [0x00000000e2e00000, 0x00000000e4200000, 0x00000000f6500000)
  object space 20480K, 42% used [0x00000000e2e00000,0x00000000e367a640,0x00000000e4200000)
 Metaspace       used 16061K, capacity 16370K, committed 16768K, reserved 1064960K
  class space    used 1958K, capacity 2051K, committed 2176K, reserved 1048576K
}
Event: 5.450 GC heap before
{Heap before GC invocations=9 (full 0):
 PSYoungGen      total 69120K, used 43781K [0x00000000f6500000, 0x00000000fb000000, 0x0000000100000000)
  eden space 62976K, 60% used [0x00000000f6500000,0x00000000f8a69728,0x00000000fa280000)
  from space 6144K, 89% used [0x00000000fa900000,0x00000000fae58020,0x00000000faf00000)
  to   space 6656K, 0% used [0x00000000fa280000,0x00000000fa280000,0x00000000fa900000)
 ParOldGen       total 20480K, used 8681K [0x00000000e2e00000, 0x00000000e4200000, 0x00000000f6500000)
  object space 20480K, 42% used [0x00000000e2e00000,0x00000000e367a640,0x00000000e4200000)
 Metaspace       used 20725K, capacity 21174K, committed 21296K, reserved 1069056K
  class space    used 2529K, capacity 2675K, committed 2688K, reserved 1048576K
Event: 5.480 GC heap after
Heap after GC invocations=9 (full 0):
 PSYoungGen      total 69632K, used 6654K [0x00000000f6500000, 0x00000000fdb80000, 0x0000000100000000)
  eden space 62976K, 0% used [0x00000000f6500000,0x00000000f6500000,0x00000000fa280000)
  from space 6656K, 99% used [0x00000000fa280000,0x00000000fa8ffa90,0x00000000fa900000)
  to   space 10240K, 0% used [0x00000000fd180000,0x00000000fd180000,0x00000000fdb80000)
 ParOldGen       total 20480K, used 14535K [0x00000000e2e00000, 0x00000000e4200000, 0x00000000f6500000)
  object space 20480K, 70% used [0x00000000e2e00000,0x00000000e3c31c18,0x00000000e4200000)
 Metaspace       used 20725K, capacity 21174K, committed 21296K, reserved 1069056K
  class space    used 2529K, capacity 2675K, committed 2688K, reserved 1048576K
}
Event: 5.480 GC heap before
{Heap before GC invocations=10 (full 1):
 PSYoungGen      total 69632K, used 6654K [0x00000000f6500000, 0x00000000fdb80000, 0x0000000100000000)
  eden space 62976K, 0% used [0x00000000f6500000,0x00000000f6500000,0x00000000fa280000)
  from space 6656K, 99% used [0x00000000fa280000,0x00000000fa8ffa90,0x00000000fa900000)
  to   space 10240K, 0% used [0x00000000fd180000,0x00000000fd180000,0x00000000fdb80000)
 ParOldGen       total 20480K, used 14535K [0x00000000e2e00000, 0x00000000e4200000, 0x00000000f6500000)
  object space 20480K, 70% used [0x00000000e2e00000,0x00000000e3c31c18,0x00000000e4200000)
 Metaspace       used 20725K, capacity 21174K, committed 21296K, reserved 1069056K
  class space    used 2529K, capacity 2675K, committed 2688K, reserved 1048576K

Deoptimization events (10 events):
Event: 3.176 Thread 0x00007fd958009800 Uncommon trap: reason=unstable_if action=reinterpret pc=0x00007fd94939a90c method=java.util.HashMap.hash(Ljava/lang/Object;)I @ 1
Event: 3.176 Thread 0x00007fd958009800 Uncommon trap: reason=unstable_if action=reinterpret pc=0x00007fd949359428 method=java.util.HashMap.hash(Ljava/lang/Object;)I @ 1
Event: 3.427 Thread 0x00007fd958009800 Uncommon trap: reason=unstable_if action=reinterpret pc=0x00007fd949381220 method=java.util.HashMap.getNode(ILjava/lang/Object;)Ljava/util/HashMap$Node; @ 53
Event: 3.504 Thread 0x00007fd958009800 Uncommon trap: reason=unstable_if action=reinterpret pc=0x00007fd9495551ac method=sun.net.www.protocol.jar.Handler.parseURL(Ljava/net/URL;Ljava/lang/String;II)V @ 94
Event: 4.741 Thread 0x00007fd958009800 Uncommon trap: reason=predicate action=maybe_recompile pc=0x00007fd94971b690 method=sun.misc.Resource.getBytes()[B @ 53
Event: 4.816 Thread 0x00007fd958009800 Uncommon trap: reason=predicate action=maybe_recompile pc=0x00007fd9497817e8 method=sun.misc.Resource.getBytes()[B @ 53
Event: 5.103 Thread 0x00007fd958009800 Uncommon trap: reason=class_check action=maybe_recompile pc=0x00007fd9491fb590 method=sun.misc.URLClassPath.getLoader(I)Lsun/misc/URLClassPath$Loader; @ 94
Event: 5.104 Thread 0x00007fd958009800 Uncommon trap: reason=class_check action=maybe_recompile pc=0x00007fd9491fb590 method=sun.misc.URLClassPath.getLoader(I)Lsun/misc/URLClassPath$Loader; @ 94
Event: 5.108 Thread 0x00007fd958009800 Uncommon trap: reason=unstable_if action=reinterpret pc=0x00007fd9492fff68 method=java.nio.charset.CharsetDecoder.decode(Ljava/nio/ByteBuffer;Ljava/nio/CharBuffer;Z)Ljava/nio/charset/CoderResult; @ 1
Event: 5.155 Thread 0x00007fd958009800 Uncommon trap: reason=unstable_if action=reinterpret pc=0x00007fd949156d60 method=java.lang.CharacterData.of(I)Ljava/lang/CharacterData; @ 4

Classes redefined (0 events):
No events

Internal exceptions (10 events):
Event: 2.770 Thread 0x00007fd958009800 Exception <a 'java/lang/NullPointerException'> (0x00000000f7068750) thrown at [/HUDSON/workspace/8-2-build-linux-amd64/jdk8u152/9742/hotspot/src/share/vm/interpreter/linkResolver.cpp, line 1185]
Event: 2.770 Thread 0x00007fd958009800 Exception <a 'java/lang/NullPointerException'> (0x00000000f7068968) thrown at [/HUDSON/workspace/8-2-build-linux-amd64/jdk8u152/9742/hotspot/src/share/vm/interpreter/linkResolver.cpp, line 1185]
Event: 2.773 Thread 0x00007fd958009800 Exception <a 'java/lang/NullPointerException'> (0x00000000f707d208) thrown at [/HUDSON/workspace/8-2-build-linux-amd64/jdk8u152/9742/hotspot/src/share/vm/interpreter/linkResolver.cpp, line 1185]
Event: 2.773 Thread 0x00007fd958009800 Exception <a 'java/lang/NullPointerException'> (0x00000000f707d420) thrown at [/HUDSON/workspace/8-2-build-linux-amd64/jdk8u152/9742/hotspot/src/share/vm/interpreter/linkResolver.cpp, line 1185]
Event: 2.773 Thread 0x00007fd958009800 Exception <a 'java/lang/NullPointerException'> (0x00000000f707d638) thrown at [/HUDSON/workspace/8-2-build-linux-amd64/jdk8u152/9742/hotspot/src/share/vm/interpreter/linkResolver.cpp, line 1185]
Event: 3.171 Thread 0x00007fd958009800 Implicit null exception at 0x00007fd94939a6f5 to 0x00007fd94939a8fd
Event: 3.176 Thread 0x00007fd958009800 Implicit null exception at 0x00007fd9493593af to 0x00007fd949359419
Event: 4.738 Thread 0x00007fd958009800 Exception <a 'java/lang/ClassNotFoundException': com/sun/tools/javac/api/JavacTool> (0x00000000f72813c0) thrown at [/HUDSON/workspace/8-2-build-linux-amd64/jdk8u152/9742/hotspot/src/share/vm/classfile/systemDictionary.cpp, line 210]
Event: 5.381 Thread 0x00007fd958009800 Exception <a 'java/io/FileNotFoundException'> (0x00000000f85765a8) thrown at [/HUDSON/workspace/8-2-build-linux-amd64/jdk8u152/9742/hotspot/src/share/vm/prims/jni.cpp, line 709]
Event: 5.384 Thread 0x00007fd958009800 Exception <a 'java/io/FileNotFoundException'> (0x00000000f85acdf0) thrown at [/HUDSON/workspace/8-2-build-linux-amd64/jdk8u152/9742/hotspot/src/share/vm/prims/jni.cpp, line 709]

Events (10 events):
Event: 5.412 loading class com/sun/tools/javac/code/Scope$ImportScope$1 done
Event: 5.417 loading class com/sun/tools/javac/file/ZipFileIndexArchive$ZipFileIndexFileObject
Event: 5.417 loading class com/sun/tools/javac/file/ZipFileIndexArchive$ZipFileIndexFileObject done
Event: 5.431 loading class com/sun/tools/javac/comp/Attr$15
Event: 5.431 loading class com/sun/tools/javac/comp/Attr$15 done
Event: 5.432 loading class com/sun/source/tree/MemberReferenceTree$ReferenceMode
Event: 5.432 loading class com/sun/source/tree/MemberReferenceTree$ReferenceMode done
Event: 5.435 loading class com/sun/tools/javac/util/JCDiagnostic$DiagnosticType
Event: 5.435 loading class com/sun/tools/javac/util/JCDiagnostic$DiagnosticType done
Event: 5.445 Executing VM operation: CollectForMetadataAllocation


Dynamic libraries:
00400000-00401000 r-xp 00000000 08:02 941553                             /usr/local/jdk1.8.0_152/bin/java
00600000-00601000 rw-p 00000000 08:02 941553                             /usr/local/jdk1.8.0_152/bin/java
007fa000-0081b000 rw-p 00000000 00:00 0                                  [heap]
e2e00000-e4200000 rw-p 00000000 00:00 0 
e4200000-f6500000 ---p 00000000 00:00 0 
f6500000-fdb80000 rw-p 00000000 00:00 0 
fdb80000-100000000 ---p 00000000 00:00 0 
100000000-1002a0000 rw-p 00000000 00:00 0 
1002a0000-140000000 ---p 00000000 00:00 0 
3cfb200000-3cfb207000 r-xp 00000000 08:02 2228679                        /lib64/librt-2.12.so
3cfb207000-3cfb406000 ---p 00007000 08:02 2228679                        /lib64/librt-2.12.so
3cfb406000-3cfb407000 r--p 00006000 08:02 2228679                        /lib64/librt-2.12.so
3cfb407000-3cfb408000 rw-p 00007000 08:02 2228679                        /lib64/librt-2.12.so
3cfd600000-3cfd602000 r-xp 00000000 08:02 2248198                        /lib64/libutil-2.12.so
3cfd602000-3cfd801000 ---p 00002000 08:02 2248198                        /lib64/libutil-2.12.so
3cfd801000-3cfd802000 r--p 00001000 08:02 2248198                        /lib64/libutil-2.12.so
3cfd802000-3cfd803000 rw-p 00002000 08:02 2248198                        /lib64/libutil-2.12.so
3f50e00000-3f50e20000 r-xp 00000000 08:02 2228637                        /lib64/ld-2.12.so
3f5101f000-3f51020000 r--p 0001f000 08:02 2228637                        /lib64/ld-2.12.so
3f51020000-3f51021000 rw-p 00020000 08:02 2228637                        /lib64/ld-2.12.so
3f51021000-3f51022000 rw-p 00000000 00:00 0 
3f51200000-3f51202000 r-xp 00000000 08:02 2228640                        /lib64/libdl-2.12.so
3f51202000-3f51402000 ---p 00002000 08:02 2228640                        /lib64/libdl-2.12.so
3f51402000-3f51403000 r--p 00002000 08:02 2228640                        /lib64/libdl-2.12.so
3f51403000-3f51404000 rw-p 00003000 08:02 2228640                        /lib64/libdl-2.12.so
3f51600000-3f5178b000 r-xp 00000000 08:02 2228638                        /lib64/libc-2.12.so
3f5178b000-3f5198a000 ---p 0018b000 08:02 2228638                        /lib64/libc-2.12.so
3f5198a000-3f5198e000 r--p 0018a000 08:02 2228638                        /lib64/libc-2.12.so
3f5198e000-3f5198f000 rw-p 0018e000 08:02 2228638                        /lib64/libc-2.12.so
3f5198f000-3f51994000 rw-p 00000000 00:00 0 
3f51a00000-3f51a17000 r-xp 00000000 08:02 2228639                        /lib64/libpthread-2.12.so
3f51a17000-3f51c17000 ---p 00017000 08:02 2228639                        /lib64/libpthread-2.12.so
3f51c17000-3f51c18000 r--p 00017000 08:02 2228639                        /lib64/libpthread-2.12.so
3f51c18000-3f51c19000 rw-p 00018000 08:02 2228639                        /lib64/libpthread-2.12.so
3f51c19000-3f51c1d000 rw-p 00000000 00:00 0 
3f52600000-3f52683000 r-xp 00000000 08:02 2228641                        /lib64/libm-2.12.so
3f52683000-3f52882000 ---p 00083000 08:02 2228641                        /lib64/libm-2.12.so
3f52882000-3f52883000 r--p 00082000 08:02 2228641                        /lib64/libm-2.12.so
3f52883000-3f52884000 rw-p 00083000 08:02 2228641                        /lib64/libm-2.12.so
7fd900000000-7fd900021000 rw-p 00000000 00:00 0 
7fd900021000-7fd904000000 ---p 00000000 00:00 0 
7fd904000000-7fd904021000 rw-p 00000000 00:00 0 
7fd904021000-7fd908000000 ---p 00000000 00:00 0 
7fd908000000-7fd9099e8000 rw-p 00000000 00:00 0 
7fd9099e8000-7fd90c000000 ---p 00000000 00:00 0 
7fd90c000000-7fd90d293000 rw-p 00000000 00:00 0 
7fd90d293000-7fd910000000 ---p 00000000 00:00 0 
7fd910000000-7fd9119f8000 rw-p 00000000 00:00 0 
7fd9119f8000-7fd914000000 ---p 00000000 00:00 0 
7fd91616f000-7fd91c000000 r--p 00000000 08:02 395394                     /usr/lib/locale/locale-archive
7fd91c000000-7fd91c021000 rw-p 00000000 00:00 0 
7fd91c021000-7fd920000000 ---p 00000000 00:00 0 
7fd920000000-7fd920021000 rw-p 00000000 00:00 0 
7fd920021000-7fd924000000 ---p 00000000 00:00 0 
7fd924000000-7fd924309000 rw-p 00000000 00:00 0 
7fd924309000-7fd928000000 ---p 00000000 00:00 0 
7fd928000000-7fd928021000 rw-p 00000000 00:00 0 
7fd928021000-7fd92c000000 ---p 00000000 00:00 0 
7fd92c000000-7fd92c021000 rw-p 00000000 00:00 0 
7fd92c021000-7fd930000000 ---p 00000000 00:00 0 
7fd934000000-7fd934021000 rw-p 00000000 00:00 0 
7fd934021000-7fd938000000 ---p 00000000 00:00 0 
7fd93c000000-7fd93c021000 rw-p 00000000 00:00 0 
7fd93c021000-7fd940000000 ---p 00000000 00:00 0 
7fd940718000-7fd940744000 rw-p 00000000 00:00 0 
7fd940744000-7fd940918000 ---p 00000000 00:00 0 
7fd940918000-7fd940b18000 rw-p 00000000 00:00 0 
7fd940c9c000-7fd940c9d000 rw-p 00000000 00:00 0 
7fd940c9d000-7fd940ca1000 r--s 00038000 08:02 2362830                    /root/.m2/repository/ch/ethz/ssh2/ganymed-ssh2/1.0/ganymed-ssh2-1.0.jar
7fd940ca1000-7fd940ea1000 rw-p 00000000 00:00 0 
7fd940ea1000-7fd940f1b000 r--s 010f8000 08:02 941681                     /usr/local/jdk1.8.0_152/lib/tools.jar
7fd940f1b000-7fd940f1e000 r--s 0001b000 08:02 2361650                    /root/.m2/repository/junit/junit/3.8.2/junit-3.8.2.jar
7fd940f1e000-7fd940f2c000 r--s 0008f000 08:02 2249050                    /root/.m2/repository/com/google/collections/google-collections/1.0/google-collections-1.0.jar
7fd940f2c000-7fd940f2d000 r--s 0000a000 08:02 2361647                    /root/.m2/repository/commons-logging/commons-logging-api/1.1/commons-logging-api-1.1.jar
7fd940f2d000-7fd940f34000 r--s 00051000 08:02 2361636                    /root/.m2/repository/log4j/log4j/1.2.12/log4j-1.2.12.jar
7fd940f34000-7fd940f38000 r--s 0001d000 08:02 1860375                    /root/.m2/repository/org/apache/xbean/xbean-reflect/3.4/xbean-reflect-3.4.jar
7fd940f38000-7fd940f39000 r--s 00004000 08:02 2361642                    /root/.m2/repository/org/codehaus/plexus/plexus-compiler-javac/2.2/plexus-compiler-javac-2.2.jar
7fd940f39000-7fd940f3b000 r--s 00000000 08:02 2361641                    /root/.m2/repository/org/codehaus/plexus/plexus-compiler-manager/2.2/plexus-compiler-manager-2.2.jar
7fd940f3b000-7fd940f3d000 r--s 00005000 08:02 2361633                    /root/.m2/repository/org/codehaus/plexus/plexus-compiler-api/2.2/plexus-compiler-api-2.2.jar
7fd940f3d000-7fd940f3f000 r--s 00000000 08:02 2361637                    /root/.m2/repository/org/codehaus/plexus/plexus-component-annotations/1.5.5/plexus-component-annotations-1.5.5.jar
7fd940f3f000-7fd940f41000 r--s 00002000 08:02 2361635                    /root/.m2/repository/org/apache/maven/shared/maven-shared-incremental/1.1/maven-shared-incremental-1.1.jar
7fd940f41000-7fd940f43000 r--s 00006000 08:02 2099684                    /root/.m2/repository/com/google/code/findbugs/jsr305/2.0.1/jsr305-2.0.1.jar
7fd940f43000-7fd940f46000 r--s 00023000 08:02 2249048                    /root/.m2/repository/org/apache/maven/shared/maven-shared-utils/0.1/maven-shared-utils-0.1.jar
7fd940f46000-7fd940f4a000 r--s 00030000 08:02 2005510                    /root/.m2/repository/org/codehaus/plexus/plexus-utils/1.5.1/plexus-utils-1.5.1.jar
7fd940f4a000-7fd940f4c000 r--s 00009000 08:02 2249029                    /root/.m2/repository/org/apache/maven/plugins/maven-compiler-plugin/3.1/maven-compiler-plugin-3.1.jar
7fd940f4c000-7fd940f4e000 r--s 0000d000 08:02 2249002                    /root/.m2/repository/org/codehaus/plexus/plexus-interpolation/1.13/plexus-interpolation-1.13.jar
7fd940f4e000-7fd940f4f000 r--s 00001000 08:02 2361143                    /root/.m2/repository/org/sonatype/plexus/plexus-build-api/0.0.4/plexus-build-api-0.0.4.jar
7fd940f4f000-7fd940f51000 r--s 00009000 08:02 2249000                    /root/.m2/repository/org/apache/maven/shared/maven-filtering/1.1/maven-filtering-1.1.jar
7fd940f51000-7fd940f55000 r--s 00033000 08:02 2005474                    /root/.m2/repository/org/codehaus/plexus/plexus-utils/2.0.5/plexus-utils-2.0.5.jar
7fd940f55000-7fd940f58000 r--s 0001b000 08:02 2361150                    /root/.m2/repository/junit/junit/3.8.1/junit-3.8.1.jar
7fd940f58000-7fd940f5a000 r--s 00002000 08:02 2099840                    /root/.m2/repository/org/codehaus/plexus/plexus-interactivity-api/1.0-alpha-4/plexus-interactivity-api-1.0-alpha-4.jar
7fd940f5a000-7fd940f5c000 r--s 00006000 08:02 2361136                    /root/.m2/repository/commons-cli/commons-cli/1.0/commons-cli-1.0.jar
7fd940f5c000-7fd940f5d000 r--s 00001000 08:02 2361133                    /root/.m2/repository/org/apache/maven/doxia/doxia-sink-api/1.0-alpha-7/doxia-sink-api-1.0-alpha-7.jar
7fd940f5d000-7fd940f5e000 r--s 00002000 08:02 2361130                    /root/.m2/repository/org/apache/maven/reporting/maven-reporting-api/2.0.6/maven-reporting-api-2.0.6.jar
7fd940f5e000-7fd940f60000 r--s 00006000 08:02 2099754                    /root/.m2/repository/org/apache/maven/plugins/maven-resources-plugin/2.6/maven-resources-plugin-2.6.jar
7fd940f60000-7fd940f64000 r--s 00034000 08:02 2004410                    /root/.m2/repository/org/codehaus/plexus/plexus-utils/3.0/plexus-utils-3.0.jar
7fd940f64000-7fd940f66000 r--s 00005000 08:02 1719665                    /root/.m2/repository/org/apache/maven/plugins/maven-clean-plugin/2.5/maven-clean-plugin-2.5.jar
7fd940f66000-7fd940f77000 r-xp 00000000 08:02 1861618                    /usr/local/jdk1.8.0_152/jre/lib/amd64/libnio.so
7fd940f77000-7fd941176000 ---p 00011000 08:02 1861618                    /usr/local/jdk1.8.0_152/jre/lib/amd64/libnio.so
7fd941176000-7fd941177000 rw-p 00010000 08:02 1861618                    /usr/local/jdk1.8.0_152/jre/lib/amd64/libnio.so
7fd941177000-7fd94118d000 r-xp 00000000 08:02 1861615                    /usr/local/jdk1.8.0_152/jre/lib/amd64/libnet.so
7fd94118d000-7fd94138d000 ---p 00016000 08:02 1861615                    /usr/local/jdk1.8.0_152/jre/lib/amd64/libnet.so
7fd94138d000-7fd94138e000 rw-p 00016000 08:02 1861615                    /usr/local/jdk1.8.0_152/jre/lib/amd64/libnet.so
7fd94138e000-7fd94158e000 rw-p 00000000 00:00 0 
7fd94158e000-7fd941593000 r--s 0009a000 08:02 1219390                    /usr/local/jdk1.8.0_152/jre/lib/jsse.jar
7fd941593000-7fd941793000 rw-p 00000000 00:00 0 
7fd941793000-7fd941993000 rw-p 00000000 00:00 0 
7fd941993000-7fd941995000 r--s 0000c000 08:02 1581100                    /root/.jenkins/tools/hudson.tasks.Maven_MavenInstallation/M3/lib/wagon-provider-api-2.12.jar
7fd941995000-7fd941999000 r--s 00028000 08:02 1581012                    /root/.jenkins/tools/hudson.tasks.Maven_MavenInstallation/M3/lib/maven-model-builder-3.5.2.jar
7fd941999000-7fd94199b000 r--s 00009000 08:02 1581076                    /root/.jenkins/tools/hudson.tasks.Maven_MavenInstallation/M3/lib/maven-resolver-connector-basic-1.1.0.jar
7fd94199b000-7fd94199e000 r-xp 00000000 08:02 1581095                    /root/.jenkins/tools/hudson.tasks.Maven_MavenInstallation/M3/lib/jansi-native/linux64/libjansi.so
7fd94199e000-7fd941b9d000 ---p 00003000 08:02 1581095                    /root/.jenkins/tools/hudson.tasks.Maven_MavenInstallation/M3/lib/jansi-native/linux64/libjansi.so
7fd941b9d000-7fd941b9e000 rw-p 00002000 08:02 1581095                    /root/.jenkins/tools/hudson.tasks.Maven_MavenInstallation/M3/lib/jansi-native/linux64/libjansi.so
7fd941b9e000-7fd941ba0000 r--s 0000c000 08:02 1581030                    /root/.jenkins/tools/hudson.tasks.Maven_MavenInstallation/M3/lib/commons-cli-1.4.jar
7fd941ba0000-7fd941ba1000 r--s 00002000 08:02 1581069                    /root/.jenkins/tools/hudson.tasks.Maven_MavenInstallation/M3/lib/wagon-file-2.12.jar
7fd941ba1000-7fd941ba3000 r--s 0000f000 08:02 1581061                    /root/.jenkins/tools/hudson.tasks.Maven_MavenInstallation/M3/lib/maven-resolver-provider-3.5.2.jar
7fd941ba3000-7fd941ba4000 r--s 00003000 08:02 1581023                    /root/.jenkins/tools/hudson.tasks.Maven_MavenInstallation/M3/lib/maven-builder-support-3.5.2.jar
7fd941ba4000-7fd941ba8000 r--s 00020000 08:02 1581047                    /root/.jenkins/tools/hudson.tasks.Maven_MavenInstallation/M3/lib/maven-resolver-api-1.1.0.jar
7fd941ba8000-7fd941bab000 r--s 00011000 08:02 1581094                    /root/.jenkins/tools/hudson.tasks.Maven_MavenInstallation/M3/lib/plexus-interpolation-1.24.jar
7fd941bab000-7fd941bac000 r--s 00001000 08:02 1581046                    /root/.jenkins/tools/hudson.tasks.Maven_MavenInstallation/M3/lib/jsr250-api-1.0.jar
7fd941bac000-7fd941bb0000 r--s 00023000 08:02 1581035                    /root/.jenkins/tools/hudson.tasks.Maven_MavenInstallation/M3/lib/maven-resolver-util-1.1.0.jar
7fd941bb0000-7fd941bdc000 r--s 001e6000 08:02 1581052                    /root/.jenkins/tools/hudson.tasks.Maven_MavenInstallation/M3/lib/wagon-http-2.12-shaded.jar
7fd941bdc000-7fd941bde000 r--s 00000000 08:02 1581040                    /root/.jenkins/tools/hudson.tasks.Maven_MavenInstallation/M3/lib/aopalliance-1.0.jar
7fd941bde000-7fd941c0d000 r--s 00226000 08:02 1581009                    /root/.jenkins/tools/hudson.tasks.Maven_MavenInstallation/M3/lib/guava-20.0.jar
7fd941c0d000-7fd941c0f000 r--s 0000b000 08:02 1581084                    /root/.jenkins/tools/hudson.tasks.Maven_MavenInstallation/M3/boot/plexus-classworlds-2.5.2.jar
7fd941c0f000-7fd941ca4000 r--s 01113000 08:02 1347970                    /usr/local/jdk1.8.0_152/jre/lib/ext/jfxrt.jar
7fd941ca4000-7fd941ca5000 ---p 00000000 00:00 0 
7fd941ca5000-7fd941da5000 rw-p 00000000 00:00 0 
7fd941da5000-7fd941da8000 ---p 00000000 00:00 0 
7fd941da8000-7fd941ea6000 rw-p 00000000 00:00 0 
7fd941ea6000-7fd941ea9000 ---p 00000000 00:00 0 
7fd941ea9000-7fd941fa7000 rw-p 00000000 00:00 0 
7fd941fa7000-7fd941faa000 ---p 00000000 00:00 0 
7fd941faa000-7fd9420a8000 rw-p 00000000 00:00 0 
7fd9420a8000-7fd9420ab000 ---p 00000000 00:00 0 
7fd9420ab000-7fd9421a9000 rw-p 00000000 00:00 0 
7fd9421a9000-7fd9421ac000 ---p 00000000 00:00 0 
7fd9421ac000-7fd9422aa000 rw-p 00000000 00:00 0 
7fd9422aa000-7fd9422ad000 ---p 00000000 00:00 0 
7fd9422ad000-7fd9423ab000 rw-p 00000000 00:00 0 
7fd9423ab000-7fd9423ae000 ---p 00000000 00:00 0 
7fd9423ae000-7fd9424ac000 rw-p 00000000 00:00 0 
7fd9424ac000-7fd9424ad000 ---p 00000000 00:00 0 
7fd9424ad000-7fd9435b0000 rw-p 00000000 00:00 0 
7fd9435b0000-7fd94378a000 r--s 03d5f000 08:02 1219351                    /usr/local/jdk1.8.0_152/jre/lib/rt.jar
7fd94378a000-7fd944000000 rw-p 00000000 00:00 0 
7fd944000000-7fd944021000 rw-p 00000000 00:00 0 
7fd944021000-7fd948000000 ---p 00000000 00:00 0 
7fd948000000-7fd948002000 r--s 00002000 08:02 1581018                    /root/.jenkins/tools/hudson.tasks.Maven_MavenInstallation/M3/lib/plexus-cipher-1.7.jar
7fd948002000-7fd948004000 r--s 0000c000 08:02 1581064                    /root/.jenkins/tools/hudson.tasks.Maven_MavenInstallation/M3/lib/maven-artifact-3.5.2.jar
7fd948004000-7fd948007000 r--s 00025000 08:02 1581019                    /root/.jenkins/tools/hudson.tasks.Maven_MavenInstallation/M3/lib/maven-shared-utils-3.1.0.jar
7fd948007000-7fd94800a000 r--s 00008000 08:02 1581057                    /root/.jenkins/tools/hudson.tasks.Maven_MavenInstallation/M3/lib/cdi-api-1.0.jar
7fd94800a000-7fd94800c000 r--s 00009000 08:02 1581097                    /root/.jenkins/tools/hudson.tasks.Maven_MavenInstallation/M3/lib/maven-settings-builder-3.5.2.jar
7fd94800c000-7fd94800f000 r--s 0003c000 08:02 1580995                    /root/.jenkins/tools/hudson.tasks.Maven_MavenInstallation/M3/lib/jansi-1.16.jar
7fd94800f000-7fd948012000 r--s 00015000 08:02 1581092                    /root/.jenkins/tools/hudson.tasks.Maven_MavenInstallation/M3/lib/maven-embedder-3.5.2.jar
7fd948012000-7fd948014000 r--s 00006000 08:02 1581105                    /root/.jenkins/tools/hudson.tasks.Maven_MavenInstallation/M3/lib/maven-resolver-transport-wagon-1.1.0.jar
7fd948014000-7fd94801a000 r--s 00041000 08:02 1581070                    /root/.jenkins/tools/hudson.tasks.Maven_MavenInstallation/M3/lib/maven-compat-3.5.2.jar
7fd94801a000-7fd948022000 r--s 0006e000 08:02 1581045                    /root/.jenkins/tools/hudson.tasks.Maven_MavenInstallation/M3/lib/commons-lang3-3.5.jar
7fd948022000-7fd948026000 r--s 0003c000 08:02 1580991                    /root/.jenkins/tools/hudson.tasks.Maven_MavenInstallation/M3/lib/plexus-utils-3.1.0.jar
7fd948026000-7fd94802c000 r--s 0002d000 08:02 1581080                    /root/.jenkins/tools/hudson.tasks.Maven_MavenInstallation/M3/lib/org.eclipse.sisu.plexus-0.3.3.jar
7fd94802c000-7fd949000000 rw-p 00000000 00:00 0 
7fd949000000-7fd949850000 rwxp 00000000 00:00 0 
7fd949850000-7fd958000000 ---p 00000000 00:00 0 
7fd958000000-7fd958e51000 rw-p 00000000 00:00 0 
7fd958e51000-7fd95c000000 ---p 00000000 00:00 0 
7fd95c000000-7fd95c001000 r--s 00006000 08:02 1581101                    /root/.jenkins/tools/hudson.tasks.Maven_MavenInstallation/M3/lib/plexus-sec-dispatcher-1.4.jar
7fd95c001000-7fd95c004000 r--s 00026000 08:02 1580994                    /root/.jenkins/tools/hudson.tasks.Maven_MavenInstallation/M3/lib/maven-model-3.5.2.jar
7fd95c004000-7fd95c006000 r--s 0000a000 08:02 1581044                    /root/.jenkins/tools/hudson.tasks.Maven_MavenInstallation/M3/lib/maven-plugin-api-3.5.2.jar
7fd95c006000-7fd95c013000 r--s 0008d000 08:02 1581087                    /root/.jenkins/tools/hudson.tasks.Maven_MavenInstallation/M3/lib/maven-core-3.5.2.jar
7fd95c013000-7fd95c017000 r--s 0002a000 08:02 1581014                    /root/.jenkins/tools/hudson.tasks.Maven_MavenInstallation/M3/lib/maven-resolver-impl-1.1.0.jar
7fd95c017000-7fd95c01e000 r--s 00056000 08:02 1580996                    /root/.jenkins/tools/hudson.tasks.Maven_MavenInstallation/M3/lib/org.eclipse.sisu.inject-0.3.3.jar
7fd95c01e000-7fd95c027000 r--s 0005f000 08:02 1581099                    /root/.jenkins/tools/hudson.tasks.Maven_MavenInstallation/M3/lib/guice-4.0-no_aop.jar
7fd95c027000-7fd95c028000 r--s 00006000 08:02 1581029                    /root/.jenkins/tools/hudson.tasks.Maven_MavenInstallation/M3/lib/maven-repository-metadata-3.5.2.jar
7fd95c028000-7fd95c02a000 r--s 00000000 08:02 1581075                    /root/.jenkins/tools/hudson.tasks.Maven_MavenInstallation/M3/lib/plexus-component-annotations-1.7.1.jar
7fd95c02a000-7fd95c02e000 r--s 0002f000 08:02 1581083                    /root/.jenkins/tools/hudson.tasks.Maven_MavenInstallation/M3/lib/commons-io-2.5.jar
7fd95c02e000-7fd95c02f000 r--s 0000a000 08:02 1581049                    /root/.jenkins/tools/hudson.tasks.Maven_MavenInstallation/M3/lib/maven-settings-3.5.2.jar
7fd95c02f000-7fd95c031000 r--s 00007000 08:02 1581056                    /root/.jenkins/tools/hudson.tasks.Maven_MavenInstallation/M3/lib/maven-resolver-spi-1.1.0.jar
7fd95c031000-7fd95c059000 rw-p 00000000 00:00 0 
7fd95c059000-7fd95c05a000 ---p 00000000 00:00 0 
7fd95c05a000-7fd95c15a000 rw-p 00000000 00:00 0 
7fd95c15a000-7fd95c15b000 ---p 00000000 00:00 0 
7fd95c15b000-7fd95c25b000 rw-p 00000000 00:00 0 
7fd95c25b000-7fd95c25c000 ---p 00000000 00:00 0 
7fd95c25c000-7fd95c35c000 rw-p 00000000 00:00 0 
7fd95c35c000-7fd95c35d000 ---p 00000000 00:00 0 
7fd95c35d000-7fd95c467000 rw-p 00000000 00:00 0 
7fd95c467000-7fd95c4f9000 ---p 00000000 00:00 0 
7fd95c4f9000-7fd95c503000 rw-p 00000000 00:00 0 
7fd95c503000-7fd95c594000 ---p 00000000 00:00 0 
7fd95c594000-7fd95c5d0000 rw-p 00000000 00:00 0 
7fd95c5d0000-7fd95c5e2000 ---p 00000000 00:00 0 
7fd95c5e2000-7fd95c605000 rw-p 00000000 00:00 0 
7fd95c605000-7fd95c9a3000 ---p 00000000 00:00 0 
7fd95c9a3000-7fd95c9be000 r-xp 00000000 08:02 1861611                    /usr/local/jdk1.8.0_152/jre/lib/amd64/libzip.so
7fd95c9be000-7fd95cbbe000 ---p 0001b000 08:02 1861611                    /usr/local/jdk1.8.0_152/jre/lib/amd64/libzip.so
7fd95cbbe000-7fd95cbbf000 rw-p 0001b000 08:02 1861611                    /usr/local/jdk1.8.0_152/jre/lib/amd64/libzip.so
7fd95cbbf000-7fd95cbcb000 r-xp 00000000 08:02 2228254                    /lib64/libnss_files-2.12.so
7fd95cbcb000-7fd95cdcb000 ---p 0000c000 08:02 2228254                    /lib64/libnss_files-2.12.so
7fd95cdcb000-7fd95cdcc000 r--p 0000c000 08:02 2228254                    /lib64/libnss_files-2.12.so
7fd95cdcc000-7fd95cdcd000 rw-p 0000d000 08:02 2228254                    /lib64/libnss_files-2.12.so
7fd95cdcd000-7fd95cdce000 r--s 00005000 08:02 1581106                    /root/.jenkins/tools/hudson.tasks.Maven_MavenInstallation/M3/lib/maven-slf4j-provider-3.5.2.jar
7fd95cdce000-7fd95cdd0000 r--s 00009000 08:02 1581032                    /root/.jenkins/tools/hudson.tasks.Maven_MavenInstallation/M3/lib/slf4j-api-1.7.25.jar
7fd95cdd0000-7fd95cdda000 rw-p 00000000 00:00 0 
7fd95cdda000-7fd95ce05000 r-xp 00000000 08:02 1861605                    /usr/local/jdk1.8.0_152/jre/lib/amd64/libjava.so
7fd95ce05000-7fd95d004000 ---p 0002b000 08:02 1861605                    /usr/local/jdk1.8.0_152/jre/lib/amd64/libjava.so
7fd95d004000-7fd95d006000 rw-p 0002a000 08:02 1861605                    /usr/local/jdk1.8.0_152/jre/lib/amd64/libjava.so
7fd95d006000-7fd95d013000 r-xp 00000000 08:02 1861610                    /usr/local/jdk1.8.0_152/jre/lib/amd64/libverify.so
7fd95d013000-7fd95d213000 ---p 0000d000 08:02 1861610                    /usr/local/jdk1.8.0_152/jre/lib/amd64/libverify.so
7fd95d213000-7fd95d215000 rw-p 0000d000 08:02 1861610                    /usr/local/jdk1.8.0_152/jre/lib/amd64/libverify.so
7fd95d215000-7fd95d218000 ---p 00000000 00:00 0 
7fd95d218000-7fd95d316000 rw-p 00000000 00:00 0 
7fd95d316000-7fd95dfee000 r-xp 00000000 08:02 2006142                    /usr/local/jdk1.8.0_152/jre/lib/amd64/server/libjvm.so
7fd95dfee000-7fd95e1ed000 ---p 00cd8000 08:02 2006142                    /usr/local/jdk1.8.0_152/jre/lib/amd64/server/libjvm.so
7fd95e1ed000-7fd95e2c7000 rw-p 00cd7000 08:02 2006142                    /usr/local/jdk1.8.0_152/jre/lib/amd64/server/libjvm.so
7fd95e2c7000-7fd95e316000 rw-p 00000000 00:00 0 
7fd95e316000-7fd95e32c000 r-xp 00000000 08:02 942792                     /usr/local/jdk1.8.0_152/lib/amd64/jli/libjli.so
7fd95e32c000-7fd95e52b000 ---p 00016000 08:02 942792                     /usr/local/jdk1.8.0_152/lib/amd64/jli/libjli.so
7fd95e52b000-7fd95e52c000 rw-p 00015000 08:02 942792                     /usr/local/jdk1.8.0_152/lib/amd64/jli/libjli.so
7fd95e52c000-7fd95e52d000 rw-p 00000000 00:00 0 
7fd95e52d000-7fd95e52e000 r--s 00000000 08:02 1581041                    /root/.jenkins/tools/hudson.tasks.Maven_MavenInstallation/M3/lib/javax.inject-1.jar
7fd95e52e000-7fd95e530000 r--s 00003000 08:02 1581068                    /root/.jenkins/tools/hudson.tasks.Maven_MavenInstallation/M3/lib/jcl-over-slf4j-1.7.25.jar
7fd95e530000-7fd95e538000 rw-s 00000000 08:02 693177                     /tmp/hsperfdata_root/3844
7fd95e538000-7fd95e539000 rw-p 00000000 00:00 0 
7fd95e539000-7fd95e53a000 ---p 00000000 00:00 0 
7fd95e53a000-7fd95e53b000 rw-p 00000000 00:00 0 
7fff1fc58000-7fff1fc6e000 rw-p 00000000 00:00 0                          [stack]
7fff1fd6c000-7fff1fd6d000 r-xp 00000000 00:00 0                          [vdso]
ffffffffff600000-ffffffffff601000 r-xp 00000000 00:00 0                  [vsyscall]

VM Arguments:
jvm_args: -Dclassworlds.conf=/root/.jenkins/tools/hudson.tasks.Maven_MavenInstallation/M3/bin/m2.conf -Dmaven.home=/root/.jenkins/tools/hudson.tasks.Maven_MavenInstallation/M3 -Dlibrary.jansi.path=/root/.jenkins/tools/hudson.tasks.Maven_MavenInstallation/M3/lib/jansi-native -Dmaven.multiModuleProjectDirectory=/root/autocheck 
java_command: org.codehaus.plexus.classworlds.launcher.Launcher -Dmaven.test.failure.ignore clean package
java_class_path (initial): /root/.jenkins/tools/hudson.tasks.Maven_MavenInstallation/M3/boot/plexus-classworlds-2.5.2.jar
Launcher Type: SUN_STANDARD

Environment Variables:
JAVA_HOME=/usr/local/jdk1.8.0_152
PATH=/usr/lib64/qt-3.3/bin:/usr/local/sbin:/usr/local/bin:/sbin:/bin:/usr/sbin:/usr/bin:/usr/local/jdk1.8.0_152/bin:/root/.jenkins/tools/hudson.tasks.Maven_MavenInstallation/M3/bin:/usr/local/mysql-5.7.20/bin:/usr/local/libxml2-2.9.5/bin:/usr/local/httpd-2.4.29/bin
LD_LIBRARY_PATH=/usr/local/libxml2-2.9.5/lib:/usr/local/gmp-4.3.2/lib:/usr/local/mpc-0.8.1/lib:/usr/local/mpfr-2.4.2/lib:/usr/local/isl-0.18/lib:/usr/local/boost_1_65_1/lib:/usr/local/gcc-5.5.0/lib64:/usr/local/mysql-5.7.20/lib:/usr/local/apr-1.6.3/lib:/usr/local/apr-util-1.6.1/lib:/usr/local/pcre-8.40/lib
SHELL=/bin/bash

Signal Handlers:
SIGSEGV: [libjvm.so+0xacfec0], sa_mask[0]=11111111011111111101111111111110, sa_flags=SA_RESTART|SA_SIGINFO
SIGBUS: [libjvm.so+0xacfec0], sa_mask[0]=11111111011111111101111111111110, sa_flags=SA_RESTART|SA_SIGINFO
SIGFPE: [libjvm.so+0x927e60], sa_mask[0]=11111111011111111101111111111110, sa_flags=SA_RESTART|SA_SIGINFO
SIGPIPE: [libjvm.so+0x927e60], sa_mask[0]=11111111011111111101111111111110, sa_flags=SA_RESTART|SA_SIGINFO
SIGXFSZ: [libjvm.so+0x927e60], sa_mask[0]=11111111011111111101111111111110, sa_flags=SA_RESTART|SA_SIGINFO
SIGILL: [libjvm.so+0x927e60], sa_mask[0]=11111111011111111101111111111110, sa_flags=SA_RESTART|SA_SIGINFO
SIGUSR1: SIG_DFL, sa_mask[0]=00000000000000000000000000000000, sa_flags=none
SIGUSR2: [libjvm.so+0x9296a0], sa_mask[0]=00100000000000000000000000000000, sa_flags=SA_RESTART|SA_SIGINFO
SIGHUP: SIG_IGN, sa_mask[0]=00000000000000000000000000000000, sa_flags=none
SIGINT: SIG_IGN, sa_mask[0]=00000000000000000000000000000000, sa_flags=none
SIGTERM: [libjvm.so+0x92aaa0], sa_mask[0]=11111111011111111101111111111110, sa_flags=SA_RESTART|SA_SIGINFO
SIGQUIT: [libjvm.so+0x92aaa0], sa_mask[0]=11111111011111111101111111111110, sa_flags=SA_RESTART|SA_SIGINFO


---------------  S Y S T E M  ---------------

OS:Red Hat Enterprise Linux Server release 6.5 (Santiago)

uname:Linux 2.6.32-431.el6.x86_64 #1 SMP Sun Nov 10 22:19:54 EST 2013 x86_64
libc:glibc 2.12 NPTL 2.12 
rlimit: STACK 10240k, CORE 0k, NPROC 14735, NOFILE 4096, AS infinity
load average:0.24 0.10 0.22

/proc/meminfo:
MemTotal:        1906552 kB
MemFree:          702244 kB
Buffers:           36692 kB
Cached:           255496 kB
SwapCached:            0 kB
Active:           958692 kB
Inactive:         144092 kB
Active(anon):     810816 kB
Inactive(anon):      272 kB
Active(file):     147876 kB
Inactive(file):   143820 kB
Unevictable:           0 kB
Mlocked:               0 kB
SwapTotal:       4194296 kB
SwapFree:        4194296 kB
Dirty:               348 kB
Writeback:             0 kB
AnonPages:        792264 kB
Mapped:            46808 kB
Shmem:               496 kB
Slab:              52460 kB
SReclaimable:      23500 kB
SUnreclaim:        28960 kB
KernelStack:        2928 kB
PageTables:         8680 kB
NFS_Unstable:          0 kB
Bounce:                0 kB
WritebackTmp:          0 kB
CommitLimit:     5147572 kB
Committed_AS:    1775616 kB
VmallocTotal:   34359738367 kB
VmallocUsed:      157988 kB
VmallocChunk:   34359574000 kB
HardwareCorrupted:     0 kB
AnonHugePages:    536576 kB
HugePages_Total:       0
HugePages_Free:        0
HugePages_Rsvd:        0
HugePages_Surp:        0
Hugepagesize:       2048 kB
DirectMap4k:       10240 kB
DirectMap2M:     2086912 kB


CPU:total 4 (initial active 4) (4 cores per cpu, 1 threads per core) family 6 model 58 stepping 9, cmov, cx8, fxsr, mmx, sse, sse2, sse3, ssse3, sse4.1, sse4.2, popcnt, avx, aes, clmul, erms, tsc, tscinvbit, tscinv

/proc/cpuinfo:
processor	: 0
vendor_id	: GenuineIntel
cpu family	: 6
model		: 58
model name	: Intel(R) Core(TM) i5-3210M CPU @ 2.50GHz
stepping	: 9
cpu MHz		: 2494.370
cache size	: 3072 KB
physical id	: 0
siblings	: 4
core id		: 0
cpu cores	: 4
apicid		: 0
initial apicid	: 0
fpu		: yes
fpu_exception	: yes
cpuid level	: 13
wp		: yes
flags		: fpu vme de pse tsc msr pae mce cx8 apic sep mtrr pge mca cmov pat pse36 clflush dts mmx fxsr sse sse2 ss ht syscall nx rdtscp lm constant_tsc arch_perfmon pebs bts xtopology tsc_reliable nonstop_tsc aperfmperf unfair_spinlock pni pclmulqdq ssse3 cx16 pcid sse4_1 sse4_2 x2apic popcnt tsc_deadline_timer aes xsave avx f16c rdrand hypervisor lahf_lm ida arat epb pln pts dts fsgsbase smep
bogomips	: 4988.74
clflush size	: 64
cache_alignment	: 64
address sizes	: 42 bits physical, 48 bits virtual
power management:

processor	: 1
vendor_id	: GenuineIntel
cpu family	: 6
model		: 58
model name	: Intel(R) Core(TM) i5-3210M CPU @ 2.50GHz
stepping	: 9
cpu MHz		: 2494.370
cache size	: 3072 KB
physical id	: 0
siblings	: 4
core id		: 1
cpu cores	: 4
apicid		: 1
initial apicid	: 1
fpu		: yes
fpu_exception	: yes
cpuid level	: 13
wp		: yes
flags		: fpu vme de pse tsc msr pae mce cx8 apic sep mtrr pge mca cmov pat pse36 clflush dts mmx fxsr sse sse2 ss ht syscall nx rdtscp lm constant_tsc arch_perfmon pebs bts xtopology tsc_reliable nonstop_tsc aperfmperf unfair_spinlock pni pclmulqdq ssse3 cx16 pcid sse4_1 sse4_2 x2apic popcnt tsc_deadline_timer aes xsave avx f16c rdrand hypervisor lahf_lm ida arat epb pln pts dts fsgsbase smep
bogomips	: 4988.74
clflush size	: 64
cache_alignment	: 64
address sizes	: 42 bits physical, 48 bits virtual
power management:

processor	: 2
vendor_id	: GenuineIntel
cpu family	: 6
model		: 58
model name	: Intel(R) Core(TM) i5-3210M CPU @ 2.50GHz
stepping	: 9
cpu MHz		: 2494.370
cache size	: 3072 KB
physical id	: 0
siblings	: 4
core id		: 2
cpu cores	: 4
apicid		: 2
initial apicid	: 2
fpu		: yes
fpu_exception	: yes
cpuid level	: 13
wp		: yes
flags		: fpu vme de pse tsc msr pae mce cx8 apic sep mtrr pge mca cmov pat pse36 clflush dts mmx fxsr sse sse2 ss ht syscall nx rdtscp lm constant_tsc arch_perfmon pebs bts xtopology tsc_reliable nonstop_tsc aperfmperf unfair_spinlock pni pclmulqdq ssse3 cx16 pcid sse4_1 sse4_2 x2apic popcnt tsc_deadline_timer aes xsave avx f16c rdrand hypervisor lahf_lm ida arat epb pln pts dts fsgsbase smep
bogomips	: 4988.74
clflush size	: 64
cache_alignment	: 64
address sizes	: 42 bits physical, 48 bits virtual
power management:

processor	: 3
vendor_id	: GenuineIntel
cpu family	: 6
model		: 58
model name	: Intel(R) Core(TM) i5-3210M CPU @ 2.50GHz
stepping	: 9
cpu MHz		: 2494.370
cache size	: 3072 KB
physical id	: 0
siblings	: 4
core id		: 3
cpu cores	: 4
apicid		: 3
initial apicid	: 3
fpu		: yes
fpu_exception	: yes
cpuid level	: 13
wp		: yes
flags		: fpu vme de pse tsc msr pae mce cx8 apic sep mtrr pge mca cmov pat pse36 clflush dts mmx fxsr sse sse2 ss ht syscall nx rdtscp lm constant_tsc arch_perfmon pebs bts xtopology tsc_reliable nonstop_tsc aperfmperf unfair_spinlock pni pclmulqdq ssse3 cx16 pcid sse4_1 sse4_2 x2apic popcnt tsc_deadline_timer aes xsave avx f16c rdrand hypervisor lahf_lm ida arat epb pln pts dts fsgsbase smep
bogomips	: 4988.74
clflush size	: 64
cache_alignment	: 64
address sizes	: 42 bits physical, 48 bits virtual
power management:



Memory: 4k page, physical 1906552k(702244k free), swap 4194296k(4194296k free)

vm_info: Java HotSpot(TM) 64-Bit Server VM (25.152-b16) for linux-amd64 JRE (1.8.0_152-b16), built on Sep 14 2017 02:16:14 by "java_re" with gcc 4.3.0 20080428 (Red Hat 4.3.0-8)

time: Wed Jan 17 17:19:46 2018
elapsed time: 5 seconds (0d 0h 0m 5s)

