#
# A fatal error has been detected by the Java Runtime Environment:
#
#  SIGSEGV (0xb) at pc=0x00007fb593e2ad41, pid=4661, tid=0x00007fb57c672700
#
# JRE version: Java(TM) SE Runtime Environment (8.0_152-b16) (build 1.8.0_152-b16)
# Java VM: Java HotSpot(TM) 64-Bit Server VM (25.152-b16 mixed mode linux-amd64 compressed oops)
# Problematic frame:
# V  [libjvm.so+0xa38d41]  StringTable::unlink_or_oops_do(BoolObjectClosure*, OopClosure*, int*, int*)+0xb1
#
# Failed to write core dump. Core dumps have been disabled. To enable core dumping, try "ulimit -c unlimited" before starting Java again
#
# If you would like to submit a bug report, please visit:
#   http://bugreport.java.com/bugreport/crash.jsp
#

---------------  T H R E A D  ---------------

Current thread (0x00007fb58c077800):  VMThread [stack: 0x00007fb57c572000,0x00007fb57c673000] [id=4680]

siginfo: si_signo: 11 (SIGSEGV), si_code: 128 (SI_KERNEL), si_addr: 0x0000000000000000

Registers:
RAX=0x00007fb594364a80, RBX=0x0080000000000000, RCX=0x00000000f6d15a08, RDX=0x00000000f6d15a0b
RSP=0x00007fb57c671570, RBP=0x00007fb57c6715e0, RSI=0x00000000f6500000, RDI=0x00007fb58c026440
R8 =0x000000001aa82f03, R9 =0x00000000421e73f0, R10=0x0000000000000001, R11=0x00007fb593f6bb31
R12=0x00007fb5908c9d80, R13=0x00007fb5943c14d0, R14=0x00007fb57c671910, R15=0x0000000000006d70
RIP=0x00007fb593e2ad41, EFLAGS=0x0000000000010202, CSGSFS=0x0000000000000033, ERR=0x0000000000000000
  TRAPNO=0x000000000000000d

Top of Stack: (sp=0x00007fb57c671570)
0x00007fb57c671570:   0000000000075368 00007fb57c671590
0x00007fb57c671580:   00007fb57c6719b8 00007fb57c6719bc
0x00007fb57c671590:   0000000000000106 0000000000000000
0x00007fb57c6715a0:   0000000000000000 00007fb58c017850
0x00007fb57c6715b0:   00007fb57c6715e0 00007fb564000b00
0x00007fb57c6715c0:   0000000000000004 00007fb58c026690
0x00007fb57c6715d0:   0000000000000004 00007fb58c017850
0x00007fb57c6715e0:   00007fb57c6719f0 00007fb593d89eb8
0x00007fb57c6715f0:   00007fb5943c1340 0000000000000000
0x00007fb57c671600:   0000000000000001 0000000000000001
0x00007fb57c671610:   0000000000000000 00007fb57c671860
0x00007fb57c671620:   00007fb57c671980 00007fb57c671970
0x00007fb57c671630:   00007fb57c671820 00007fb5943bfbd0
0x00007fb57c671640:   00007fb57c671910 00007fb57c6717e0
0x00007fb57c671650:   00007fb57c6718c0 00007fb57c671890
0x00007fb57c671660:   00007fb5943b22f9 000000000000000e
0x00007fb57c671670:   00007fb58c01a5c0 00007fb58c01a650
0x00007fb57c671680:   00007fb58c01bf80 0000000000800000
0x00007fb57c671690:   0000000000800000 00000000e2e00000
0x00007fb57c6716a0:   00007fb58c074f00 0000000000000000
0x00007fb57c6716b0:   00007fb58c026660 00007fb58c026670
0x00007fb57c6716c0:   00007fb58c026a48 00007fb58c076ce0
0x00007fb57c6716d0:   00000000000003d8 0000000000000000
0x00007fb57c6716e0:   0000000000000000 0000000000000013
0x00007fb57c6716f0:   000000000000025d 0000000000000000
0x00007fb57c671700:   000000001a75ee3b 0000000041a11bae
0x00007fb57c671710:   6f6c6c4128204347 46206e6f69746163
0x00007fb57c671720:   20296572756c6961 0000000000000000
0x00007fb57c671730:   00007fb5933e9d68 00007fb5933e9d6c
0x00007fb57c671740:   00007fb57c671a00 0000000000000000
0x00007fb57c671750:   0000000000000000 0000000000000000
0x00007fb57c671760:   0000000000000000 0000000000000000 

Instructions: (pc=0x00007fb593e2ad41)
0x00007fb593e2ad21:   8b 06 4c 8d 63 08 48 8d 73 10 4c 89 f7 ff 10 83
0x00007fb593e2ad31:   45 b0 01 49 8b 1c 24 48 85 db 74 36 49 8b 45 00
0x00007fb593e2ad41:   48 8b 73 10 4c 89 ef ff 10 84 c0 75 d2 48 8b 43
0x00007fb593e2ad51:   08 48 89 de 48 83 e0 fe 49 89 04 24 48 8b 7d 98 

Register to memory mapping:

RAX=0x00007fb594364a80: <offset 0xf72a80> in /usr/local/jdk1.8.0_152/jre/lib/amd64/server/libjvm.so at 0x00007fb5933f2000
RBX=0x0080000000000000 is an unknown value
RCX=0x00000000f6d15a08 is an oop
java.lang.String 
 - klass: 'java/lang/String'
RDX=0x00000000f6d15a0b is an unknown value
RSP=0x00007fb57c671570 is an unknown value
RBP=0x00007fb57c6715e0 is an unknown value
RSI=0x00000000f6500000 is an oop
[I 
 - klass: {type array int}
 - length: 0
RDI=0x00007fb58c026440 is an unknown value
R8 =0x000000001aa82f03 is an unknown value
R9 =0x00000000421e73f0 is an unknown value
R10=0x0000000000000001 is an unknown value
R11=0x00007fb593f6bb31: <offset 0xb79b31> in /usr/local/jdk1.8.0_152/jre/lib/amd64/server/libjvm.so at 0x00007fb5933f2000
R12=0x00007fb5908c9d80 is an unknown value
R13=0x00007fb5943c14d0: <offset 0xfcf4d0> in /usr/local/jdk1.8.0_152/jre/lib/amd64/server/libjvm.so at 0x00007fb5933f2000
R14=0x00007fb57c671910 is an unknown value
R15=0x0000000000006d70 is an unknown value


Stack: [0x00007fb57c572000,0x00007fb57c673000],  sp=0x00007fb57c671570,  free space=1021k
Native frames: (J=compiled Java code, j=interpreted, Vv=VM code, C=native code)
V  [libjvm.so+0xa38d41]  StringTable::unlink_or_oops_do(BoolObjectClosure*, OopClosure*, int*, int*)+0xb1
V  [libjvm.so+0x997eb8]  PSScavenge::invoke_no_policy()+0xc28
V  [libjvm.so+0x998951]  PSScavenge::invoke()+0x41
V  [libjvm.so+0x94f440]  ParallelScavengeHeap::failed_mem_allocate(unsigned long)+0x70
V  [libjvm.so+0xad10a7]  VM_ParallelGCFailedAllocation::doit()+0x97
V  [libjvm.so+0xad8bb5]  VM_Operation::evaluate()+0x55
V  [libjvm.so+0xad6f7a]  VMThread::evaluate_operation(VM_Operation*)+0xba
V  [libjvm.so+0xad72fe]  VMThread::loop()+0x1ce
V  [libjvm.so+0xad7770]  VMThread::run()+0x70
V  [libjvm.so+0x92d8d8]  java_start(Thread*)+0x108

VM_Operation (0x00007fb5933e9c20): ParallelGCFailedAllocation, mode: safepoint, requested by thread 0x00007fb58c009800


---------------  P R O C E S S  ---------------

Java Threads: ( => current thread )
  0x00007fb58c0da800 JavaThread "Service Thread" daemon [_thread_blocked, id=4687, stack(0x00007fb577dfe000,0x00007fb577eff000)]
  0x00007fb58c0bd800 JavaThread "C1 CompilerThread2" daemon [_thread_blocked, id=4686, stack(0x00007fb577eff000,0x00007fb578000000)]
  0x00007fb58c0bb800 JavaThread "C2 CompilerThread1" daemon [_thread_blocked, id=4685, stack(0x00007fb57c06d000,0x00007fb57c16e000)]
  0x00007fb58c0b8800 JavaThread "C2 CompilerThread0" daemon [_thread_blocked, id=4684, stack(0x00007fb57c16e000,0x00007fb57c26f000)]
  0x00007fb58c0b7000 JavaThread "Signal Dispatcher" daemon [_thread_blocked, id=4683, stack(0x00007fb57c26f000,0x00007fb57c370000)]
  0x00007fb58c083800 JavaThread "Finalizer" daemon [_thread_blocked, id=4682, stack(0x00007fb57c370000,0x00007fb57c471000)]
  0x00007fb58c07f000 JavaThread "Reference Handler" daemon [_thread_blocked, id=4681, stack(0x00007fb57c471000,0x00007fb57c572000)]
  0x00007fb58c009800 JavaThread "main" [_thread_blocked, id=4675, stack(0x00007fb5932f1000,0x00007fb5933f2000)]

Other Threads:
=>0x00007fb58c077800 VMThread [stack: 0x00007fb57c572000,0x00007fb57c673000] [id=4680]
  0x00007fb58c0df800 WatcherThread [stack: 0x00007fb577cfd000,0x00007fb577dfe000] [id=4688]

VM state:at safepoint (normal execution)

VM Mutex/Monitor currently owned by a thread:  ([mutex/lock_event])
[0x00007fb58c007100] Threads_lock - owner thread: 0x00007fb58c077800
[0x00007fb58c007600] Heap_lock - owner thread: 0x00007fb58c009800

Heap:
 PSYoungGen      total 9216K, used 8192K [0x00000000f6500000, 0x00000000f6f00000, 0x0000000100000000)
  eden space 8192K, 100% used [0x00000000f6500000,0x00000000f6d00000,0x00000000f6d00000)
  from space 1024K, 0% used [0x00000000f6e00000,0x00000000f6e00000,0x00000000f6f00000)
  to   space 1024K, 98% used [0x00000000f6d00000,0x00000000f6dfc010,0x00000000f6e00000)
 ParOldGen       total 20480K, used 1198K [0x00000000e2e00000, 0x00000000e4200000, 0x00000000f6500000)
  object space 20480K, 5% used [0x00000000e2e00000,0x00000000e2f2b9e8,0x00000000e4200000)
 Metaspace       used 5501K, capacity 5868K, committed 6144K, reserved 1056768K
  class space    used 598K, capacity 664K, committed 768K, reserved 1048576K

Card table byte_map: [0x00007fb5925d5000,0x00007fb5926bf000] byte_map_base: 0x00007fb591ebe000

Marking Bits: (ParMarkBitMap*) 0x00007fb5943c11a0
 Begin Bits: [0x00007fb5912a5000, 0x00007fb5919ed000)
 End Bits:   [0x00007fb5919ed000, 0x00007fb592135000)

Polling page: 0x00007fb594615000

CodeCache: size=245760Kb used=1837Kb max_used=1837Kb free=243922Kb
 bounds [0x00007fb57d000000, 0x00007fb57d270000, 0x00007fb58c000000]
 total_blobs=607 nmethods=321 adapters=200
 compilation: enabled

Compilation events (10 events):
Event: 0.432 Thread 0x00007fb58c0bd800  318       3       sun.misc.PerfCounter::addElapsedTimeFrom (10 bytes)
Event: 0.433 Thread 0x00007fb58c0bd800 nmethod 318 0x00007fb57d1c9fd0 code [0x00007fb57d1ca180, 0x00007fb57d1ca8b8]
Event: 0.434 Thread 0x00007fb58c0bd800  319       3       org.codehaus.plexus.classworlds.realm.ClassRealm::loadClass (7 bytes)
Event: 0.435 Thread 0x00007fb58c0bd800 nmethod 319 0x00007fb57d1cac10 code [0x00007fb57d1cada0, 0x00007fb57d1cb118]
Event: 0.435 Thread 0x00007fb58c0bd800  320   !   3       org.codehaus.plexus.classworlds.realm.ClassRealm::loadClass (33 bytes)
Event: 0.435 Thread 0x00007fb58c0bd800 nmethod 320 0x00007fb57d1cb310 code [0x00007fb57d1cb4a0, 0x00007fb57d1cb798]
Event: 0.437 Thread 0x00007fb58c0bd800  321       3       sun.net.www.protocol.file.Handler::parseURL (18 bytes)
Event: 0.437 Thread 0x00007fb58c0bd800 nmethod 321 0x00007fb57d1cb910 code [0x00007fb57d1cba80, 0x00007fb57d1cbcf8]
Event: 0.437 Thread 0x00007fb58c0bd800  322       3       java.net.URLStreamHandler::parseURL (1193 bytes)
Event: 0.443 Thread 0x00007fb58c0b8800  326  s    4       sun.misc.URLClassPath::getNextLoader (88 bytes)

GC Heap History (1 events):
Event: 0.444 GC heap before
{Heap before GC invocations=1 (full 0):
 PSYoungGen      total 9216K, used 8192K [0x00000000f6500000, 0x00000000f6f00000, 0x0000000100000000)
  eden space 8192K, 100% used [0x00000000f6500000,0x00000000f6d00000,0x00000000f6d00000)
  from space 1024K, 0% used [0x00000000f6e00000,0x00000000f6e00000,0x00000000f6f00000)
  to   space 1024K, 0% used [0x00000000f6d00000,0x00000000f6d00000,0x00000000f6e00000)
 ParOldGen       total 20480K, used 0K [0x00000000e2e00000, 0x00000000e4200000, 0x00000000f6500000)
  object space 20480K, 0% used [0x00000000e2e00000,0x00000000e2e00000,0x00000000e4200000)
 Metaspace       used 5501K, capacity 5868K, committed 6144K, reserved 1056768K
  class space    used 598K, capacity 664K, committed 768K, reserved 1048576K

Deoptimization events (0 events):
No events

Classes redefined (0 events):
No events

Internal exceptions (6 events):
Event: 0.035 Thread 0x00007fb58c009800 Exception <a 'java/lang/NoSuchMethodError': Method sun.misc.Unsafe.defineClass(Ljava/lang/String;[BII)Ljava/lang/Class; name or signature does not match> (0x00000000f6507ca8) thrown at [/HUDSON/workspace/8-2-build-linux-amd64/jdk8u152/9742/hotspot/src/sha
Event: 0.035 Thread 0x00007fb58c009800 Exception <a 'java/lang/NoSuchMethodError': Method sun.misc.Unsafe.prefetchRead(Ljava/lang/Object;J)V name or signature does not match> (0x00000000f6507f90) thrown at [/HUDSON/workspace/8-2-build-linux-amd64/jdk8u152/9742/hotspot/src/share/vm/prims/jni.cp
Event: 0.273 Thread 0x00007fb58c009800 Exception <a 'java/security/PrivilegedActionException'> (0x00000000f68a0488) thrown at [/HUDSON/workspace/8-2-build-linux-amd64/jdk8u152/9742/hotspot/src/share/vm/prims/jvm.cpp, line 1390]
Event: 0.273 Thread 0x00007fb58c009800 Exception <a 'java/security/PrivilegedActionException'> (0x00000000f68a0880) thrown at [/HUDSON/workspace/8-2-build-linux-amd64/jdk8u152/9742/hotspot/src/share/vm/prims/jvm.cpp, line 1390]
Event: 0.274 Thread 0x00007fb58c009800 Exception <a 'java/security/PrivilegedActionException'> (0x00000000f68a2d90) thrown at [/HUDSON/workspace/8-2-build-linux-amd64/jdk8u152/9742/hotspot/src/share/vm/prims/jvm.cpp, line 1390]
Event: 0.274 Thread 0x00007fb58c009800 Exception <a 'java/security/PrivilegedActionException'> (0x00000000f68a3188) thrown at [/HUDSON/workspace/8-2-build-linux-amd64/jdk8u152/9742/hotspot/src/share/vm/prims/jvm.cpp, line 1390]

Events (10 events):
Event: 0.441 loading class org/codehaus/plexus/context/Context done
Event: 0.441 loading class org/codehaus/plexus/PlexusContainerException
Event: 0.441 loading class org/codehaus/plexus/PlexusContainerException done
Event: 0.442 loading class com/google/inject/Module
Event: 0.442 loading class com/google/inject/Module done
Event: 0.443 loading class org/eclipse/sisu/inject/MutableBeanLocator
Event: 0.443 loading class org/eclipse/sisu/inject/MutableBeanLocator done
Event: 0.443 loading class org/eclipse/sisu/inject/BeanLocator
Event: 0.443 loading class org/eclipse/sisu/inject/BeanLocator done
Event: 0.443 Executing VM operation: ParallelGCFailedAllocation


Dynamic libraries:
00400000-00401000 r-xp 00000000 08:02 941553                             /usr/local/jdk1.8.0_152/bin/java
00600000-00601000 rw-p 00000000 08:02 941553                             /usr/local/jdk1.8.0_152/bin/java
01992000-019b3000 rw-p 00000000 00:00 0                                  [heap]
e2e00000-e4200000 rw-p 00000000 00:00 0 
e4200000-f6500000 ---p 00000000 00:00 0 
f6500000-f6f00000 rw-p 00000000 00:00 0 
f6f00000-100000000 ---p 00000000 00:00 0 
100000000-1000c0000 rw-p 00000000 00:00 0 
1000c0000-140000000 ---p 00000000 00:00 0 
3cfb200000-3cfb207000 r-xp 00000000 08:02 2228679                        /lib64/librt-2.12.so
3cfb207000-3cfb406000 ---p 00007000 08:02 2228679                        /lib64/librt-2.12.so
3cfb406000-3cfb407000 r--p 00006000 08:02 2228679                        /lib64/librt-2.12.so
3cfb407000-3cfb408000 rw-p 00007000 08:02 2228679                        /lib64/librt-2.12.so
3cfd600000-3cfd602000 r-xp 00000000 08:02 2248198                        /lib64/libutil-2.12.so
3cfd602000-3cfd801000 ---p 00002000 08:02 2248198                        /lib64/libutil-2.12.so
3cfd801000-3cfd802000 r--p 00001000 08:02 2248198                        /lib64/libutil-2.12.so
3cfd802000-3cfd803000 rw-p 00002000 08:02 2248198                        /lib64/libutil-2.12.so
3f50e00000-3f50e20000 r-xp 00000000 08:02 2228637                        /lib64/ld-2.12.so
3f5101f000-3f51020000 r--p 0001f000 08:02 2228637                        /lib64/ld-2.12.so
3f51020000-3f51021000 rw-p 00020000 08:02 2228637                        /lib64/ld-2.12.so
3f51021000-3f51022000 rw-p 00000000 00:00 0 
3f51200000-3f51202000 r-xp 00000000 08:02 2228640                        /lib64/libdl-2.12.so
3f51202000-3f51402000 ---p 00002000 08:02 2228640                        /lib64/libdl-2.12.so
3f51402000-3f51403000 r--p 00002000 08:02 2228640                        /lib64/libdl-2.12.so
3f51403000-3f51404000 rw-p 00003000 08:02 2228640                        /lib64/libdl-2.12.so
3f51600000-3f5178b000 r-xp 00000000 08:02 2228638                        /lib64/libc-2.12.so
3f5178b000-3f5198a000 ---p 0018b000 08:02 2228638                        /lib64/libc-2.12.so
3f5198a000-3f5198e000 r--p 0018a000 08:02 2228638                        /lib64/libc-2.12.so
3f5198e000-3f5198f000 rw-p 0018e000 08:02 2228638                        /lib64/libc-2.12.so
3f5198f000-3f51994000 rw-p 00000000 00:00 0 
3f51a00000-3f51a17000 r-xp 00000000 08:02 2228639                        /lib64/libpthread-2.12.so
3f51a17000-3f51c17000 ---p 00017000 08:02 2228639                        /lib64/libpthread-2.12.so
3f51c17000-3f51c18000 r--p 00017000 08:02 2228639                        /lib64/libpthread-2.12.so
3f51c18000-3f51c19000 rw-p 00018000 08:02 2228639                        /lib64/libpthread-2.12.so
3f51c19000-3f51c1d000 rw-p 00000000 00:00 0 
3f52600000-3f52683000 r-xp 00000000 08:02 2228641                        /lib64/libm-2.12.so
3f52683000-3f52882000 ---p 00083000 08:02 2228641                        /lib64/libm-2.12.so
3f52882000-3f52883000 r--p 00082000 08:02 2228641                        /lib64/libm-2.12.so
3f52883000-3f52884000 rw-p 00083000 08:02 2228641                        /lib64/libm-2.12.so
7fb534000000-7fb534021000 rw-p 00000000 00:00 0 
7fb534021000-7fb538000000 ---p 00000000 00:00 0 
7fb53c000000-7fb53c216000 rw-p 00000000 00:00 0 
7fb53c216000-7fb540000000 ---p 00000000 00:00 0 
7fb540000000-7fb540021000 rw-p 00000000 00:00 0 
7fb540021000-7fb544000000 ---p 00000000 00:00 0 
7fb544000000-7fb54404f000 rw-p 00000000 00:00 0 
7fb54404f000-7fb548000000 ---p 00000000 00:00 0 
7fb548000000-7fb54812b000 rw-p 00000000 00:00 0 
7fb54812b000-7fb54c000000 ---p 00000000 00:00 0 
7fb54c000000-7fb54c021000 rw-p 00000000 00:00 0 
7fb54c021000-7fb550000000 ---p 00000000 00:00 0 
7fb55216f000-7fb558000000 r--p 00000000 08:02 395394                     /usr/lib/locale/locale-archive
7fb558000000-7fb558021000 rw-p 00000000 00:00 0 
7fb558021000-7fb55c000000 ---p 00000000 00:00 0 
7fb55c000000-7fb55c021000 rw-p 00000000 00:00 0 
7fb55c021000-7fb560000000 ---p 00000000 00:00 0 
7fb560000000-7fb560021000 rw-p 00000000 00:00 0 
7fb560021000-7fb564000000 ---p 00000000 00:00 0 
7fb564000000-7fb564296000 rw-p 00000000 00:00 0 
7fb564296000-7fb568000000 ---p 00000000 00:00 0 
7fb568000000-7fb568021000 rw-p 00000000 00:00 0 
7fb568021000-7fb56c000000 ---p 00000000 00:00 0 
7fb570000000-7fb570021000 rw-p 00000000 00:00 0 
7fb570021000-7fb574000000 ---p 00000000 00:00 0 
7fb577a65000-7fb577a68000 r-xp 00000000 08:02 1581095                    /root/.jenkins/tools/hudson.tasks.Maven_MavenInstallation/M3/lib/jansi-native/linux64/libjansi.so
7fb577a68000-7fb577c67000 ---p 00003000 08:02 1581095                    /root/.jenkins/tools/hudson.tasks.Maven_MavenInstallation/M3/lib/jansi-native/linux64/libjansi.so
7fb577c67000-7fb577c68000 rw-p 00002000 08:02 1581095                    /root/.jenkins/tools/hudson.tasks.Maven_MavenInstallation/M3/lib/jansi-native/linux64/libjansi.so
7fb577c68000-7fb577cfd000 r--s 01113000 08:02 1347970                    /usr/local/jdk1.8.0_152/jre/lib/ext/jfxrt.jar
7fb577cfd000-7fb577cfe000 ---p 00000000 00:00 0 
7fb577cfe000-7fb577dfe000 rw-p 00000000 00:00 0 
7fb577dfe000-7fb577e01000 ---p 00000000 00:00 0 
7fb577e01000-7fb577eff000 rw-p 00000000 00:00 0 
7fb577eff000-7fb577f02000 ---p 00000000 00:00 0 
7fb577f02000-7fb578000000 rw-p 00000000 00:00 0 
7fb578000000-7fb578021000 rw-p 00000000 00:00 0 
7fb578021000-7fb57c000000 ---p 00000000 00:00 0 
7fb57c008000-7fb57c00a000 r--s 0000c000 08:02 1581100                    /root/.jenkins/tools/hudson.tasks.Maven_MavenInstallation/M3/lib/wagon-provider-api-2.12.jar
7fb57c00a000-7fb57c00e000 r--s 00028000 08:02 1581012                    /root/.jenkins/tools/hudson.tasks.Maven_MavenInstallation/M3/lib/maven-model-builder-3.5.2.jar
7fb57c00e000-7fb57c010000 r--s 00009000 08:02 1581076                    /root/.jenkins/tools/hudson.tasks.Maven_MavenInstallation/M3/lib/maven-resolver-connector-basic-1.1.0.jar
7fb57c010000-7fb57c012000 r--s 0000c000 08:02 1581030                    /root/.jenkins/tools/hudson.tasks.Maven_MavenInstallation/M3/lib/commons-cli-1.4.jar
7fb57c012000-7fb57c013000 r--s 00002000 08:02 1581069                    /root/.jenkins/tools/hudson.tasks.Maven_MavenInstallation/M3/lib/wagon-file-2.12.jar
7fb57c013000-7fb57c015000 r--s 0000f000 08:02 1581061                    /root/.jenkins/tools/hudson.tasks.Maven_MavenInstallation/M3/lib/maven-resolver-provider-3.5.2.jar
7fb57c015000-7fb57c016000 r--s 00003000 08:02 1581023                    /root/.jenkins/tools/hudson.tasks.Maven_MavenInstallation/M3/lib/maven-builder-support-3.5.2.jar
7fb57c016000-7fb57c01a000 r--s 00020000 08:02 1581047                    /root/.jenkins/tools/hudson.tasks.Maven_MavenInstallation/M3/lib/maven-resolver-api-1.1.0.jar
7fb57c01a000-7fb57c01d000 r--s 00011000 08:02 1581094                    /root/.jenkins/tools/hudson.tasks.Maven_MavenInstallation/M3/lib/plexus-interpolation-1.24.jar
7fb57c01d000-7fb57c01e000 r--s 00001000 08:02 1581046                    /root/.jenkins/tools/hudson.tasks.Maven_MavenInstallation/M3/lib/jsr250-api-1.0.jar
7fb57c01e000-7fb57c022000 r--s 00023000 08:02 1581035                    /root/.jenkins/tools/hudson.tasks.Maven_MavenInstallation/M3/lib/maven-resolver-util-1.1.0.jar
7fb57c022000-7fb57c04e000 r--s 001e6000 08:02 1581052                    /root/.jenkins/tools/hudson.tasks.Maven_MavenInstallation/M3/lib/wagon-http-2.12-shaded.jar
7fb57c04e000-7fb57c050000 r--s 00000000 08:02 1581040                    /root/.jenkins/tools/hudson.tasks.Maven_MavenInstallation/M3/lib/aopalliance-1.0.jar
7fb57c050000-7fb57c052000 r--s 00002000 08:02 1581018                    /root/.jenkins/tools/hudson.tasks.Maven_MavenInstallation/M3/lib/plexus-cipher-1.7.jar
7fb57c052000-7fb57c054000 r--s 0000c000 08:02 1581064                    /root/.jenkins/tools/hudson.tasks.Maven_MavenInstallation/M3/lib/maven-artifact-3.5.2.jar
7fb57c054000-7fb57c057000 r--s 00025000 08:02 1581019                    /root/.jenkins/tools/hudson.tasks.Maven_MavenInstallation/M3/lib/maven-shared-utils-3.1.0.jar
7fb57c057000-7fb57c05a000 r--s 00008000 08:02 1581057                    /root/.jenkins/tools/hudson.tasks.Maven_MavenInstallation/M3/lib/cdi-api-1.0.jar
7fb57c05a000-7fb57c05c000 r--s 00009000 08:02 1581097                    /root/.jenkins/tools/hudson.tasks.Maven_MavenInstallation/M3/lib/maven-settings-builder-3.5.2.jar
7fb57c05c000-7fb57c05f000 r--s 0003c000 08:02 1580995                    /root/.jenkins/tools/hudson.tasks.Maven_MavenInstallation/M3/lib/jansi-1.16.jar
7fb57c05f000-7fb57c065000 r--s 00041000 08:02 1581070                    /root/.jenkins/tools/hudson.tasks.Maven_MavenInstallation/M3/lib/maven-compat-3.5.2.jar
7fb57c065000-7fb57c06d000 r--s 0006e000 08:02 1581045                    /root/.jenkins/tools/hudson.tasks.Maven_MavenInstallation/M3/lib/commons-lang3-3.5.jar
7fb57c06d000-7fb57c070000 ---p 00000000 00:00 0 
7fb57c070000-7fb57c16e000 rw-p 00000000 00:00 0 
7fb57c16e000-7fb57c171000 ---p 00000000 00:00 0 
7fb57c171000-7fb57c26f000 rw-p 00000000 00:00 0 
7fb57c26f000-7fb57c272000 ---p 00000000 00:00 0 
7fb57c272000-7fb57c370000 rw-p 00000000 00:00 0 
7fb57c370000-7fb57c373000 ---p 00000000 00:00 0 
7fb57c373000-7fb57c471000 rw-p 00000000 00:00 0 
7fb57c471000-7fb57c474000 ---p 00000000 00:00 0 
7fb57c474000-7fb57c572000 rw-p 00000000 00:00 0 
7fb57c572000-7fb57c573000 ---p 00000000 00:00 0 
7fb57c573000-7fb57d000000 rw-p 00000000 00:00 0 
7fb57d000000-7fb57d270000 rwxp 00000000 00:00 0 
7fb57d270000-7fb58c000000 ---p 00000000 00:00 0 
7fb58c000000-7fb58c4cd000 rw-p 00000000 00:00 0 
7fb58c4cd000-7fb590000000 ---p 00000000 00:00 0 
7fb590001000-7fb590004000 r--s 00015000 08:02 1581092                    /root/.jenkins/tools/hudson.tasks.Maven_MavenInstallation/M3/lib/maven-embedder-3.5.2.jar
7fb590004000-7fb590006000 r--s 00006000 08:02 1581105                    /root/.jenkins/tools/hudson.tasks.Maven_MavenInstallation/M3/lib/maven-resolver-transport-wagon-1.1.0.jar
7fb590006000-7fb59000a000 r--s 0003c000 08:02 1580991                    /root/.jenkins/tools/hudson.tasks.Maven_MavenInstallation/M3/lib/plexus-utils-3.1.0.jar
7fb59000a000-7fb590010000 r--s 0002d000 08:02 1581080                    /root/.jenkins/tools/hudson.tasks.Maven_MavenInstallation/M3/lib/org.eclipse.sisu.plexus-0.3.3.jar
7fb590010000-7fb590011000 r--s 00006000 08:02 1581101                    /root/.jenkins/tools/hudson.tasks.Maven_MavenInstallation/M3/lib/plexus-sec-dispatcher-1.4.jar
7fb590011000-7fb590014000 r--s 00026000 08:02 1580994                    /root/.jenkins/tools/hudson.tasks.Maven_MavenInstallation/M3/lib/maven-model-3.5.2.jar
7fb590014000-7fb590016000 r--s 0000a000 08:02 1581044                    /root/.jenkins/tools/hudson.tasks.Maven_MavenInstallation/M3/lib/maven-plugin-api-3.5.2.jar
7fb590016000-7fb590023000 r--s 0008d000 08:02 1581087                    /root/.jenkins/tools/hudson.tasks.Maven_MavenInstallation/M3/lib/maven-core-3.5.2.jar
7fb590023000-7fb590027000 r--s 0002a000 08:02 1581014                    /root/.jenkins/tools/hudson.tasks.Maven_MavenInstallation/M3/lib/maven-resolver-impl-1.1.0.jar
7fb590027000-7fb59002e000 r--s 00056000 08:02 1580996                    /root/.jenkins/tools/hudson.tasks.Maven_MavenInstallation/M3/lib/org.eclipse.sisu.inject-0.3.3.jar
7fb59002e000-7fb590037000 r--s 0005f000 08:02 1581099                    /root/.jenkins/tools/hudson.tasks.Maven_MavenInstallation/M3/lib/guice-4.0-no_aop.jar
7fb590037000-7fb590038000 r--s 00006000 08:02 1581029                    /root/.jenkins/tools/hudson.tasks.Maven_MavenInstallation/M3/lib/maven-repository-metadata-3.5.2.jar
7fb590038000-7fb59003a000 r--s 00000000 08:02 1581075                    /root/.jenkins/tools/hudson.tasks.Maven_MavenInstallation/M3/lib/plexus-component-annotations-1.7.1.jar
7fb59003a000-7fb59003b000 r--s 00000000 08:02 1581041                    /root/.jenkins/tools/hudson.tasks.Maven_MavenInstallation/M3/lib/javax.inject-1.jar
7fb59003b000-7fb59003f000 r--s 0002f000 08:02 1581083                    /root/.jenkins/tools/hudson.tasks.Maven_MavenInstallation/M3/lib/commons-io-2.5.jar
7fb59003f000-7fb59006e000 r--s 00226000 08:02 1581009                    /root/.jenkins/tools/hudson.tasks.Maven_MavenInstallation/M3/lib/guava-20.0.jar
7fb59006e000-7fb59006f000 r--s 0000a000 08:02 1581049                    /root/.jenkins/tools/hudson.tasks.Maven_MavenInstallation/M3/lib/maven-settings-3.5.2.jar
7fb59006f000-7fb590071000 r--s 00007000 08:02 1581056                    /root/.jenkins/tools/hudson.tasks.Maven_MavenInstallation/M3/lib/maven-resolver-spi-1.1.0.jar
7fb590071000-7fb590073000 r--s 00009000 08:02 1581032                    /root/.jenkins/tools/hudson.tasks.Maven_MavenInstallation/M3/lib/slf4j-api-1.7.25.jar
7fb590073000-7fb5906e9000 rw-p 00000000 00:00 0 
7fb5906e9000-7fb5908c3000 r--s 03d5f000 08:02 1219351                    /usr/local/jdk1.8.0_152/jre/lib/rt.jar
7fb5908c3000-7fb590efc000 rw-p 00000000 00:00 0 
7fb590efc000-7fb5911bc000 ---p 00000000 00:00 0 
7fb5911bc000-7fb592135000 rw-p 00000000 00:00 0 
7fb592135000-7fb592136000 ---p 00000000 00:00 0 
7fb592136000-7fb592236000 rw-p 00000000 00:00 0 
7fb592236000-7fb592237000 ---p 00000000 00:00 0 
7fb592237000-7fb592337000 rw-p 00000000 00:00 0 
7fb592337000-7fb592338000 ---p 00000000 00:00 0 
7fb592338000-7fb592438000 rw-p 00000000 00:00 0 
7fb592438000-7fb592439000 ---p 00000000 00:00 0 
7fb592439000-7fb592543000 rw-p 00000000 00:00 0 
7fb592543000-7fb5925d5000 ---p 00000000 00:00 0 
7fb5925d5000-7fb5925df000 rw-p 00000000 00:00 0 
7fb5925df000-7fb592670000 ---p 00000000 00:00 0 
7fb592670000-7fb592676000 rw-p 00000000 00:00 0 
7fb592676000-7fb5926be000 ---p 00000000 00:00 0 
7fb5926be000-7fb5926c9000 rw-p 00000000 00:00 0 
7fb5926c9000-7fb592a7f000 ---p 00000000 00:00 0 
7fb592a7f000-7fb592a9a000 r-xp 00000000 08:02 1861611                    /usr/local/jdk1.8.0_152/jre/lib/amd64/libzip.so
7fb592a9a000-7fb592c9a000 ---p 0001b000 08:02 1861611                    /usr/local/jdk1.8.0_152/jre/lib/amd64/libzip.so
7fb592c9a000-7fb592c9b000 rw-p 0001b000 08:02 1861611                    /usr/local/jdk1.8.0_152/jre/lib/amd64/libzip.so
7fb592c9b000-7fb592ca7000 r-xp 00000000 08:02 2228254                    /lib64/libnss_files-2.12.so
7fb592ca7000-7fb592ea7000 ---p 0000c000 08:02 2228254                    /lib64/libnss_files-2.12.so
7fb592ea7000-7fb592ea8000 r--p 0000c000 08:02 2228254                    /lib64/libnss_files-2.12.so
7fb592ea8000-7fb592ea9000 rw-p 0000d000 08:02 2228254                    /lib64/libnss_files-2.12.so
7fb592ea9000-7fb592eaa000 rw-p 00000000 00:00 0 
7fb592eaa000-7fb592eac000 r--s 00003000 08:02 1581068                    /root/.jenkins/tools/hudson.tasks.Maven_MavenInstallation/M3/lib/jcl-over-slf4j-1.7.25.jar
7fb592eac000-7fb592eb6000 rw-p 00000000 00:00 0 
7fb592eb6000-7fb592ee1000 r-xp 00000000 08:02 1861605                    /usr/local/jdk1.8.0_152/jre/lib/amd64/libjava.so
7fb592ee1000-7fb5930e0000 ---p 0002b000 08:02 1861605                    /usr/local/jdk1.8.0_152/jre/lib/amd64/libjava.so
7fb5930e0000-7fb5930e2000 rw-p 0002a000 08:02 1861605                    /usr/local/jdk1.8.0_152/jre/lib/amd64/libjava.so
7fb5930e2000-7fb5930ef000 r-xp 00000000 08:02 1861610                    /usr/local/jdk1.8.0_152/jre/lib/amd64/libverify.so
7fb5930ef000-7fb5932ef000 ---p 0000d000 08:02 1861610                    /usr/local/jdk1.8.0_152/jre/lib/amd64/libverify.so
7fb5932ef000-7fb5932f1000 rw-p 0000d000 08:02 1861610                    /usr/local/jdk1.8.0_152/jre/lib/amd64/libverify.so
7fb5932f1000-7fb5932f4000 ---p 00000000 00:00 0 
7fb5932f4000-7fb5933f2000 rw-p 00000000 00:00 0 
7fb5933f2000-7fb5940ca000 r-xp 00000000 08:02 2006142                    /usr/local/jdk1.8.0_152/jre/lib/amd64/server/libjvm.so
7fb5940ca000-7fb5942c9000 ---p 00cd8000 08:02 2006142                    /usr/local/jdk1.8.0_152/jre/lib/amd64/server/libjvm.so
7fb5942c9000-7fb5943a3000 rw-p 00cd7000 08:02 2006142                    /usr/local/jdk1.8.0_152/jre/lib/amd64/server/libjvm.so
7fb5943a3000-7fb5943f2000 rw-p 00000000 00:00 0 
7fb5943f2000-7fb594408000 r-xp 00000000 08:02 942792                     /usr/local/jdk1.8.0_152/lib/amd64/jli/libjli.so
7fb594408000-7fb594607000 ---p 00016000 08:02 942792                     /usr/local/jdk1.8.0_152/lib/amd64/jli/libjli.so
7fb594607000-7fb594608000 rw-p 00015000 08:02 942792                     /usr/local/jdk1.8.0_152/lib/amd64/jli/libjli.so
7fb594608000-7fb594609000 rw-p 00000000 00:00 0 
7fb594609000-7fb59460a000 r--s 00005000 08:02 1581106                    /root/.jenkins/tools/hudson.tasks.Maven_MavenInstallation/M3/lib/maven-slf4j-provider-3.5.2.jar
7fb59460a000-7fb59460c000 r--s 0000b000 08:02 1581084                    /root/.jenkins/tools/hudson.tasks.Maven_MavenInstallation/M3/boot/plexus-classworlds-2.5.2.jar
7fb59460c000-7fb594614000 rw-s 00000000 08:02 693154                     /tmp/hsperfdata_root/4661
7fb594614000-7fb594615000 rw-p 00000000 00:00 0 
7fb594615000-7fb594616000 ---p 00000000 00:00 0 
7fb594616000-7fb594617000 rw-p 00000000 00:00 0 
7fff17f6f000-7fff17f85000 rw-p 00000000 00:00 0                          [stack]
7fff17fa2000-7fff17fa3000 r-xp 00000000 00:00 0                          [vdso]
ffffffffff600000-ffffffffff601000 r-xp 00000000 00:00 0                  [vsyscall]

VM Arguments:
jvm_args: -Dclassworlds.conf=/root/.jenkins/tools/hudson.tasks.Maven_MavenInstallation/M3/bin/m2.conf -Dmaven.home=/root/.jenkins/tools/hudson.tasks.Maven_MavenInstallation/M3 -Dlibrary.jansi.path=/root/.jenkins/tools/hudson.tasks.Maven_MavenInstallation/M3/lib/jansi-native -Dmaven.multiModuleProjectDirectory=/root/autocheck 
java_command: org.codehaus.plexus.classworlds.launcher.Launcher -Dmaven.test.failure.ignore clean package
java_class_path (initial): /root/.jenkins/tools/hudson.tasks.Maven_MavenInstallation/M3/boot/plexus-classworlds-2.5.2.jar
Launcher Type: SUN_STANDARD

Environment Variables:
JAVA_HOME=/usr/local/jdk1.8.0_152
PATH=/usr/lib64/qt-3.3/bin:/usr/local/sbin:/usr/local/bin:/sbin:/bin:/usr/sbin:/usr/bin:/usr/local/jdk1.8.0_152/bin:/root/.jenkins/tools/hudson.tasks.Maven_MavenInstallation/M3/bin:/usr/local/mysql-5.7.20/bin:/usr/local/libxml2-2.9.5/bin:/usr/local/httpd-2.4.29/bin
LD_LIBRARY_PATH=/usr/local/libxml2-2.9.5/lib:/usr/local/gmp-4.3.2/lib:/usr/local/mpc-0.8.1/lib:/usr/local/mpfr-2.4.2/lib:/usr/local/isl-0.18/lib:/usr/local/boost_1_65_1/lib:/usr/local/gcc-5.5.0/lib64:/usr/local/mysql-5.7.20/lib:/usr/local/apr-1.6.3/lib:/usr/local/apr-util-1.6.1/lib:/usr/local/pcre-8.40/lib
SHELL=/bin/bash

Signal Handlers:
SIGSEGV: [libjvm.so+0xacfec0], sa_mask[0]=11111111011111111101111111111110, sa_flags=SA_RESTART|SA_SIGINFO
SIGBUS: [libjvm.so+0xacfec0], sa_mask[0]=11111111011111111101111111111110, sa_flags=SA_RESTART|SA_SIGINFO
SIGFPE: [libjvm.so+0x927e60], sa_mask[0]=11111111011111111101111111111110, sa_flags=SA_RESTART|SA_SIGINFO
SIGPIPE: [libjvm.so+0x927e60], sa_mask[0]=11111111011111111101111111111110, sa_flags=SA_RESTART|SA_SIGINFO
SIGXFSZ: [libjvm.so+0x927e60], sa_mask[0]=11111111011111111101111111111110, sa_flags=SA_RESTART|SA_SIGINFO
SIGILL: [libjvm.so+0x927e60], sa_mask[0]=11111111011111111101111111111110, sa_flags=SA_RESTART|SA_SIGINFO
SIGUSR1: SIG_DFL, sa_mask[0]=00000000000000000000000000000000, sa_flags=none
SIGUSR2: [libjvm.so+0x9296a0], sa_mask[0]=00100000000000000000000000000000, sa_flags=SA_RESTART|SA_SIGINFO
SIGHUP: SIG_IGN, sa_mask[0]=00000000000000000000000000000000, sa_flags=none
SIGINT: SIG_IGN, sa_mask[0]=00000000000000000000000000000000, sa_flags=none
SIGTERM: [libjvm.so+0x92aaa0], sa_mask[0]=11111111011111111101111111111110, sa_flags=SA_RESTART|SA_SIGINFO
SIGQUIT: [libjvm.so+0x92aaa0], sa_mask[0]=11111111011111111101111111111110, sa_flags=SA_RESTART|SA_SIGINFO


---------------  S Y S T E M  ---------------

OS:Red Hat Enterprise Linux Server release 6.5 (Santiago)

uname:Linux 2.6.32-431.el6.x86_64 #1 SMP Sun Nov 10 22:19:54 EST 2013 x86_64
libc:glibc 2.12 NPTL 2.12 
rlimit: STACK 10240k, CORE 0k, NPROC 14735, NOFILE 4096, AS infinity
load average:0.03 0.04 0.08

/proc/meminfo:
MemTotal:        1906552 kB
MemFree:          861712 kB
Buffers:           38524 kB
Cached:           257752 kB
SwapCached:            0 kB
Active:           796292 kB
Inactive:         144788 kB
Active(anon):     645024 kB
Inactive(anon):      272 kB
Active(file):     151268 kB
Inactive(file):   144516 kB
Unevictable:           0 kB
Mlocked:               0 kB
SwapTotal:       4194296 kB
SwapFree:        4194296 kB
Dirty:               104 kB
Writeback:            16 kB
AnonPages:        639040 kB
Mapped:            45964 kB
Shmem:               496 kB
Slab:              53068 kB
SReclaimable:      24196 kB
SUnreclaim:        28872 kB
KernelStack:        2640 kB
PageTables:         8400 kB
NFS_Unstable:          0 kB
Bounce:                0 kB
WritebackTmp:          0 kB
CommitLimit:     5147572 kB
Committed_AS:    1633528 kB
VmallocTotal:   34359738367 kB
VmallocUsed:      157988 kB
VmallocChunk:   34359574000 kB
HardwareCorrupted:     0 kB
AnonHugePages:    481280 kB
HugePages_Total:       0
HugePages_Free:        0
HugePages_Rsvd:        0
HugePages_Surp:        0
Hugepagesize:       2048 kB
DirectMap4k:       10240 kB
DirectMap2M:     2086912 kB


CPU:total 4 (initial active 4) (4 cores per cpu, 1 threads per core) family 6 model 58 stepping 9, cmov, cx8, fxsr, mmx, sse, sse2, sse3, ssse3, sse4.1, sse4.2, popcnt, avx, aes, clmul, erms, tsc, tscinvbit, tscinv

/proc/cpuinfo:
processor	: 0
vendor_id	: GenuineIntel
cpu family	: 6
model		: 58
model name	: Intel(R) Core(TM) i5-3210M CPU @ 2.50GHz
stepping	: 9
cpu MHz		: 2494.370
cache size	: 3072 KB
physical id	: 0
siblings	: 4
core id		: 0
cpu cores	: 4
apicid		: 0
initial apicid	: 0
fpu		: yes
fpu_exception	: yes
cpuid level	: 13
wp		: yes
flags		: fpu vme de pse tsc msr pae mce cx8 apic sep mtrr pge mca cmov pat pse36 clflush dts mmx fxsr sse sse2 ss ht syscall nx rdtscp lm constant_tsc arch_perfmon pebs bts xtopology tsc_reliable nonstop_tsc aperfmperf unfair_spinlock pni pclmulqdq ssse3 cx16 pcid sse4_1 sse4_2 x2apic popcnt tsc_deadline_timer aes xsave avx f16c rdrand hypervisor lahf_lm ida arat epb pln pts dts fsgsbase smep
bogomips	: 4988.74
clflush size	: 64
cache_alignment	: 64
address sizes	: 42 bits physical, 48 bits virtual
power management:

processor	: 1
vendor_id	: GenuineIntel
cpu family	: 6
model		: 58
model name	: Intel(R) Core(TM) i5-3210M CPU @ 2.50GHz
stepping	: 9
cpu MHz		: 2494.370
cache size	: 3072 KB
physical id	: 0
siblings	: 4
core id		: 1
cpu cores	: 4
apicid		: 1
initial apicid	: 1
fpu		: yes
fpu_exception	: yes
cpuid level	: 13
wp		: yes
flags		: fpu vme de pse tsc msr pae mce cx8 apic sep mtrr pge mca cmov pat pse36 clflush dts mmx fxsr sse sse2 ss ht syscall nx rdtscp lm constant_tsc arch_perfmon pebs bts xtopology tsc_reliable nonstop_tsc aperfmperf unfair_spinlock pni pclmulqdq ssse3 cx16 pcid sse4_1 sse4_2 x2apic popcnt tsc_deadline_timer aes xsave avx f16c rdrand hypervisor lahf_lm ida arat epb pln pts dts fsgsbase smep
bogomips	: 4988.74
clflush size	: 64
cache_alignment	: 64
address sizes	: 42 bits physical, 48 bits virtual
power management:

processor	: 2
vendor_id	: GenuineIntel
cpu family	: 6
model		: 58
model name	: Intel(R) Core(TM) i5-3210M CPU @ 2.50GHz
stepping	: 9
cpu MHz		: 2494.370
cache size	: 3072 KB
physical id	: 0
siblings	: 4
core id		: 2
cpu cores	: 4
apicid		: 2
initial apicid	: 2
fpu		: yes
fpu_exception	: yes
cpuid level	: 13
wp		: yes
flags		: fpu vme de pse tsc msr pae mce cx8 apic sep mtrr pge mca cmov pat pse36 clflush dts mmx fxsr sse sse2 ss ht syscall nx rdtscp lm constant_tsc arch_perfmon pebs bts xtopology tsc_reliable nonstop_tsc aperfmperf unfair_spinlock pni pclmulqdq ssse3 cx16 pcid sse4_1 sse4_2 x2apic popcnt tsc_deadline_timer aes xsave avx f16c rdrand hypervisor lahf_lm ida arat epb pln pts dts fsgsbase smep
bogomips	: 4988.74
clflush size	: 64
cache_alignment	: 64
address sizes	: 42 bits physical, 48 bits virtual
power management:

processor	: 3
vendor_id	: GenuineIntel
cpu family	: 6
model		: 58
model name	: Intel(R) Core(TM) i5-3210M CPU @ 2.50GHz
stepping	: 9
cpu MHz		: 2494.370
cache size	: 3072 KB
physical id	: 0
siblings	: 4
core id		: 3
cpu cores	: 4
apicid		: 3
initial apicid	: 3
fpu		: yes
fpu_exception	: yes
cpuid level	: 13
wp		: yes
flags		: fpu vme de pse tsc msr pae mce cx8 apic sep mtrr pge mca cmov pat pse36 clflush dts mmx fxsr sse sse2 ss ht syscall nx rdtscp lm constant_tsc arch_perfmon pebs bts xtopology tsc_reliable nonstop_tsc aperfmperf unfair_spinlock pni pclmulqdq ssse3 cx16 pcid sse4_1 sse4_2 x2apic popcnt tsc_deadline_timer aes xsave avx f16c rdrand hypervisor lahf_lm ida arat epb pln pts dts fsgsbase smep
bogomips	: 4988.74
clflush size	: 64
cache_alignment	: 64
address sizes	: 42 bits physical, 48 bits virtual
power management:



Memory: 4k page, physical 1906552k(861712k free), swap 4194296k(4194296k free)

vm_info: Java HotSpot(TM) 64-Bit Server VM (25.152-b16) for linux-amd64 JRE (1.8.0_152-b16), built on Sep 14 2017 02:16:14 by "java_re" with gcc 4.3.0 20080428 (Red Hat 4.3.0-8)

time: Wed Jan 17 17:45:39 2018
elapsed time: 0 seconds (0d 0h 0m 0s)

