#
# A fatal error has been detected by the Java Runtime Environment:
#
#  SIGSEGV (0xb) at pc=0x00007fd77670221e, pid=4781, tid=0x00007fd75ad69700
#
# JRE version: Java(TM) SE Runtime Environment (8.0_152-b16) (build 1.8.0_152-b16)
# Java VM: Java HotSpot(TM) 64-Bit Server VM (25.152-b16 mixed mode linux-amd64 compressed oops)
# Problematic frame:
# V  [libjvm.so+0x64121e]  IndexSetIterator::advance_and_next()+0x8e
#
# Failed to write core dump. Core dumps have been disabled. To enable core dumping, try "ulimit -c unlimited" before starting Java again
#
# If you would like to submit a bug report, please visit:
#   http://bugreport.java.com/bugreport/crash.jsp
#

---------------  T H R E A D  ---------------

Current thread (0x00007fd7700bb800):  JavaThread "C2 CompilerThread1" daemon [_thread_in_native, id=4807, stack(0x00007fd75ac69000,0x00007fd75ad6a000)]

siginfo: si_signo: 11 (SIGSEGV), si_code: 128 (SI_KERNEL), si_addr: 0x0000000000000000

Registers:
RAX=0x00807fd7770827a0, RBX=0x0000000000000010, RCX=0x00007fd7770827a0, RDX=0x0000000000000032
RSP=0x00007fd75ad65460, RBP=0x00007fd75ad65490, RSI=0x00007fd759625220, RDI=0x00007fd75ad654b0
R8 =0x0000000000000000, R9 =0x0000000000000000, R10=0x0000000000000000, R11=0x0000000000000000
R12=0x0000000000000002, R13=0x00007fd75ad654b0, R14=0x0000000000000006, R15=0x0000000000000002
RIP=0x00007fd77670221e, EFLAGS=0x0000000000010206, CSGSFS=0x0000000000000033, ERR=0x0000000000000000
  TRAPNO=0x000000000000000d

Top of Stack: (sp=0x00007fd75ad65460)
0x00007fd75ad65460:   00007fd75952eba0 0000000000000010
0x00007fd75ad65470:   0000000000002fd0 00007fd75ad65690
0x00007fd75ad65480:   0000000000000006 0000000000010000
0x00007fd75ad65490:   00007fd75ad65520 00007fd7766fc6f9
0x00007fd75ad654a0:   00007fd75ad654b0 0000000000000178
0x00007fd75ad654b0:   0000000000000000 00007fd700000008
0x00007fd75ad654c0:   00807fd7770827a0 0000000000000000
0x00007fd75ad654d0:   00007fd7700dad70 0000000000000032
0x00007fd75ad654e0:   00007fd759625220 00007fd7246e64d0
0x00007fd75ad654f0:   00007fd75ad66eb8 00007fd7770827a0
0x00007fd75ad65500:   0000000000000f3f 0000000000000050
0x00007fd75ad65510:   00007fd75ad66eb8 0000000000000f3f
0x00007fd75ad65520:   00007fd75ad65790 00007fd7764d3376
0x00007fd75ad65530:   0000000000000000 00007fd75ad656d0
0x00007fd75ad65540:   00007fd75ad65690 00007fd75ad65570
0x00007fd75ad65550:   00007fd75ad65630 00007fd75ad65700
0x00007fd75ad65560:   00007fd75ad66dd0 0000000a0000077b
0x00007fd75ad65570:   00007fd777020390 00007fd70000000d
0x00007fd75ad65580:   00007fd75ad67c60 00007fd75ad66dd0
0x00007fd75ad65590:   00007fd70000334c 0000003f5167a991
0x00007fd75ad655a0:   00007fd777054164 00007fd75ad655f0
0x00007fd75ad655b0:   000000000000cd40 00007fd7769e5035
0x00007fd75ad655c0:   0000000c00000008 00007fd776b3fef6
0x00007fd75ad655d0:   000000000000cd40 00007fd776b3fe47
0x00007fd75ad655e0:   00007fd75ad65650 00007fd7763a58c5
0x00007fd75ad655f0:   00007fd75ad65650 00007fd7763a3c04
0x00007fd75ad65600:   0000000000000000 0000000000000000
0x00007fd75ad65610:   0000000000000000 0000000000000000
0x00007fd75ad65620:   00007fd700000000 00007fd77001b9b0
0x00007fd75ad65630:   000000000000000a 00007fd75ad67c60
0x00007fd75ad65640:   00007fd7207c4df0 00007fd720dcec70
0x00007fd75ad65650:   00007fd721225000 00007fd721228e20 

Instructions: (pc=0x00007fd77670221e)
0x00007fd7767021fe:   00 49 8b 45 20 45 89 fc 48 8d 0d 93 05 98 00 4a
0x00007fd77670220e:   8b 04 e0 48 39 c8 0f 84 d5 00 00 00 49 89 45 10
0x00007fd77670221e:   44 8b 08 45 85 c9 0f 85 67 01 00 00 44 8b 40 04
0x00007fd77670222e:   45 85 c0 0f 85 b9 01 00 00 8b 78 08 85 ff 0f 85 

Register to memory mapping:

RAX=0x00807fd7770827a0 is an unknown value
RBX=0x0000000000000010 is an unknown value
RCX=0x00007fd7770827a0: <offset 0xfc17a0> in /usr/local/jdk1.8.0_152/jre/lib/amd64/server/libjvm.so at 0x00007fd7760c1000
RDX=0x0000000000000032 is an unknown value
RSP=0x00007fd75ad65460 is pointing into the stack for thread: 0x00007fd7700bb800
RBP=0x00007fd75ad65490 is pointing into the stack for thread: 0x00007fd7700bb800
RSI=0x00007fd759625220 is an unknown value
RDI=0x00007fd75ad654b0 is pointing into the stack for thread: 0x00007fd7700bb800
R8 =0x0000000000000000 is an unknown value
R9 =0x0000000000000000 is an unknown value
R10=0x0000000000000000 is an unknown value
R11=0x0000000000000000 is an unknown value
R12=0x0000000000000002 is an unknown value
R13=0x00007fd75ad654b0 is pointing into the stack for thread: 0x00007fd7700bb800
R14=0x0000000000000006 is an unknown value
R15=0x0000000000000002 is an unknown value


Stack: [0x00007fd75ac69000,0x00007fd75ad6a000],  sp=0x00007fd75ad65460,  free space=1009k
Native frames: (J=compiled Java code, j=interpreted, Vv=VM code, C=native code)
V  [libjvm.so+0x64121e]  IndexSetIterator::advance_and_next()+0x8e
V  [libjvm.so+0x63b6f9]  PhaseIFG::SquareUp()+0x119
V  [libjvm.so+0x412376]  PhaseChaitin::Register_Allocate()+0x8f6
V  [libjvm.so+0x4a7200]  Compile::Code_Gen()+0x260
V  [libjvm.so+0x4a9a81]  Compile::Compile(ciEnv*, C2Compiler*, ciMethod*, int, bool, bool, bool)+0x14b1
V  [libjvm.so+0x3f5bb5]  C2Compiler::compile_method(ciEnv*, ciMethod*, int)+0x1f5
V  [libjvm.so+0x4b3fda]  CompileBroker::invoke_compiler_on_method(CompileTask*)+0xc9a
V  [libjvm.so+0x4b4f86]  CompileBroker::compiler_thread_loop()+0x5d6
V  [libjvm.so+0xa7da43]  JavaThread::thread_main_inner()+0x103
V  [libjvm.so+0xa7db8c]  JavaThread::run()+0x11c
V  [libjvm.so+0x92d8d8]  java_start(Thread*)+0x108
C  [libpthread.so.0+0x79d1]


Current CompileTask:
C2:   9989 2596   !   4       java.net.URLClassLoader$1::run (63 bytes)


---------------  P R O C E S S  ---------------

Java Threads: ( => current thread )
  0x00007fd7700e2800 JavaThread "Service Thread" daemon [_thread_blocked, id=4809, stack(0x00007fd75aa67000,0x00007fd75ab68000)]
  0x00007fd7700bd800 JavaThread "C1 CompilerThread2" daemon [_thread_blocked, id=4808, stack(0x00007fd75ab68000,0x00007fd75ac69000)]
=>0x00007fd7700bb800 JavaThread "C2 CompilerThread1" daemon [_thread_in_native, id=4807, stack(0x00007fd75ac69000,0x00007fd75ad6a000)]
  0x00007fd7700b8800 JavaThread "C2 CompilerThread0" daemon [_thread_in_native, id=4806, stack(0x00007fd75ad6a000,0x00007fd75ae6b000)]
  0x00007fd7700b7000 JavaThread "Signal Dispatcher" daemon [_thread_blocked, id=4805, stack(0x00007fd75ae6b000,0x00007fd75af6c000)]
  0x00007fd770083800 JavaThread "Finalizer" daemon [_thread_blocked, id=4804, stack(0x00007fd75af6c000,0x00007fd75b06d000)]
  0x00007fd77007f000 JavaThread "Reference Handler" daemon [_thread_blocked, id=4803, stack(0x00007fd75b06d000,0x00007fd75b16e000)]
  0x00007fd770009800 JavaThread "main" [_thread_blocked, id=4797, stack(0x00007fd775fc0000,0x00007fd7760c1000)]

Other Threads:
  0x00007fd770077800 VMThread [stack: 0x00007fd75b16e000,0x00007fd75b26f000] [id=4802]
  0x00007fd7700ef800 WatcherThread [stack: 0x00007fd75a966000,0x00007fd75aa67000] [id=4810]

VM state:at safepoint (normal execution)

VM Mutex/Monitor currently owned by a thread:  ([mutex/lock_event])
[0x00007fd770007100] Threads_lock - owner thread: 0x00007fd770077800
[0x00007fd770007600] Heap_lock - owner thread: 0x00007fd770009800

Heap:
 PSYoungGen      total 71680K, used 6114K [0x00000000f6500000, 0x00000000ff800000, 0x0000000100000000)
  eden space 65536K, 0% used [0x00000000f6500000,0x00000000f6500000,0x00000000fa500000)
  from space 6144K, 99% used [0x00000000fa500000,0x00000000faaf8828,0x00000000fab00000)
  to   space 9728K, 0% used [0x00000000fee80000,0x00000000fee80000,0x00000000ff800000)
 ParOldGen       total 20480K, used 17754K [0x00000000e2e00000, 0x00000000e4200000, 0x00000000f6500000)
  object space 20480K, 86% used [0x00000000e2e00000,0x00000000e3f56b38,0x00000000e4200000)
 Metaspace       used 20776K, capacity 21174K, committed 21296K, reserved 1069056K
  class space    used 2542K, capacity 2675K, committed 2688K, reserved 1048576K

Card table byte_map: [0x00007fd7752a4000,0x00007fd77538e000] byte_map_base: 0x00007fd774b8d000

Marking Bits: (ParMarkBitMap*) 0x00007fd7770901a0
 Begin Bits: [0x00007fd760170000, 0x00007fd7608b8000)
 End Bits:   [0x00007fd7608b8000, 0x00007fd761000000)

Polling page: 0x00007fd7772e4000

CodeCache: size=245760Kb used=9010Kb max_used=9010Kb free=236749Kb
 bounds [0x00007fd761000000, 0x00007fd7618e0000, 0x00007fd770000000]
 total_blobs=3151 nmethods=2769 adapters=295
 compilation: enabled

Compilation events (10 events):
Event: 9.557 Thread 0x00007fd7700bd800 nmethod 2837 0x00007fd7618d31d0 code [0x00007fd7618d3320, 0x00007fd7618d3470]
Event: 9.557 Thread 0x00007fd7700bd800 2783       1       com.sun.tools.javac.code.Type$MethodType::getThrownTypes (5 bytes)
Event: 9.557 Thread 0x00007fd7700bd800 nmethod 2783 0x00007fd7618d3510 code [0x00007fd7618d3660, 0x00007fd7618d3770]
Event: 9.557 Thread 0x00007fd7700bd800 2823   !   2       com.sun.tools.javac.file.ZipFileIndex::checkIndex (140 bytes)
Event: 9.560 Thread 0x00007fd7700bd800 nmethod 2823 0x00007fd7618d37d0 code [0x00007fd7618d39c0, 0x00007fd7618d3fa8]
Event: 9.560 Thread 0x00007fd7700bd800 2824       2       com.sun.tools.javac.file.ZipFileIndex::isUpToDate (39 bytes)
Event: 9.560 Thread 0x00007fd7700bd800 nmethod 2824 0x00007fd7618d4450 code [0x00007fd7618d45a0, 0x00007fd7618d4710]
Event: 9.560 Thread 0x00007fd7700bd800 2789       1       com.sun.tools.javac.code.Type::isPrimitive (2 bytes)
Event: 9.560 Thread 0x00007fd7700bd800 nmethod 2789 0x00007fd7618d4790 code [0x00007fd7618d48e0, 0x00007fd7618d49f0]
Event: 9.568 Thread 0x00007fd7700bd800 2838   !   2       com.sun.tools.javac.jvm.ClassReader$AttributeReader::accepts (244 bytes)

GC Heap History (10 events):
Event: 2.915 GC heap after
Heap after GC invocations=3 (full 0):
 PSYoungGen      total 17408K, used 992K [0x00000000f6500000, 0x00000000f8700000, 0x0000000100000000)
  eden space 16384K, 0% used [0x00000000f6500000,0x00000000f6500000,0x00000000f7500000)
  from space 1024K, 96% used [0x00000000f7500000,0x00000000f75f8020,0x00000000f7600000)
  to   space 1024K, 0% used [0x00000000f8600000,0x00000000f8600000,0x00000000f8700000)
 ParOldGen       total 20480K, used 4182K [0x00000000e2e00000, 0x00000000e4200000, 0x00000000f6500000)
  object space 20480K, 20% used [0x00000000e2e00000,0x00000000e3215940,0x00000000e4200000)
 Metaspace       used 8221K, capacity 8348K, committed 8576K, reserved 1056768K
  class space    used 1011K, capacity 1080K, committed 1152K, reserved 1048576K
}
Event: 3.865 GC heap before
{Heap before GC invocations=4 (full 0):
 PSYoungGen      total 17408K, used 17376K [0x00000000f6500000, 0x00000000f8700000, 0x0000000100000000)
  eden space 16384K, 100% used [0x00000000f6500000,0x00000000f7500000,0x00000000f7500000)
  from space 1024K, 96% used [0x00000000f7500000,0x00000000f75f8020,0x00000000f7600000)
  to   space 1024K, 0% used [0x00000000f8600000,0x00000000f8600000,0x00000000f8700000)
 ParOldGen       total 20480K, used 4182K [0x00000000e2e00000, 0x00000000e4200000, 0x00000000f6500000)
  object space 20480K, 20% used [0x00000000e2e00000,0x00000000e3215940,0x00000000e4200000)
 Metaspace       used 10072K, capacity 10228K, committed 10240K, reserved 1058816K
  class space    used 1234K, capacity 1277K, committed 1280K, reserved 1048576K
Event: 3.891 GC heap after
Heap after GC invocations=4 (full 0):
 PSYoungGen      total 33792K, used 1024K [0x00000000f6500000, 0x00000000f8700000, 0x0000000100000000)
  eden space 32768K, 0% used [0x00000000f6500000,0x00000000f6500000,0x00000000f8500000)
  from space 1024K, 100% used [0x00000000f8600000,0x00000000f8700000,0x00000000f8700000)
  to   space 1024K, 0% used [0x00000000f8500000,0x00000000f8500000,0x00000000f8600000)
 ParOldGen       total 20480K, used 6735K [0x00000000e2e00000, 0x00000000e4200000, 0x00000000f6500000)
  object space 20480K, 32% used [0x00000000e2e00000,0x00000000e3493d30,0x00000000e4200000)
 Metaspace       used 10072K, capacity 10228K, committed 10240K, reserved 1058816K
  class space    used 1234K, capacity 1277K, committed 1280K, reserved 1048576K
}
Event: 5.501 GC heap before
{Heap before GC invocations=5 (full 0):
 PSYoungGen      total 33792K, used 33792K [0x00000000f6500000, 0x00000000f8700000, 0x0000000100000000)
  eden space 32768K, 100% used [0x00000000f6500000,0x00000000f8500000,0x00000000f8500000)
  from space 1024K, 100% used [0x00000000f8600000,0x00000000f8700000,0x00000000f8700000)
  to   space 1024K, 0% used [0x00000000f8500000,0x00000000f8500000,0x00000000f8600000)
 ParOldGen       total 20480K, used 6735K [0x00000000e2e00000, 0x00000000e4200000, 0x00000000f6500000)
  object space 20480K, 32% used [0x00000000e2e00000,0x00000000e3493d30,0x00000000e4200000)
 Metaspace       used 14327K, capacity 14538K, committed 14720K, reserved 1062912K
  class space    used 1778K, capacity 1871K, committed 1920K, reserved 1048576K
Event: 5.520 GC heap after
Heap after GC invocations=5 (full 0):
 PSYoungGen      total 33792K, used 1024K [0x00000000f6500000, 0x00000000fb100000, 0x0000000100000000)
  eden space 32768K, 0% used [0x00000000f6500000,0x00000000f6500000,0x00000000f8500000)
  from space 1024K, 100% used [0x00000000f8500000,0x00000000f8600000,0x00000000f8600000)
  to   space 6144K, 0% used [0x00000000fab00000,0x00000000fab00000,0x00000000fb100000)
 ParOldGen       total 20480K, used 12075K [0x00000000e2e00000, 0x00000000e4200000, 0x00000000f6500000)
  object space 20480K, 58% used [0x00000000e2e00000,0x00000000e39cafb8,0x00000000e4200000)
 Metaspace       used 14327K, capacity 14538K, committed 14720K, reserved 1062912K
  class space    used 1778K, capacity 1871K, committed 1920K, reserved 1048576K
}
Event: 6.805 GC heap before
{Heap before GC invocations=6 (full 0):
 PSYoungGen      total 33792K, used 33792K [0x00000000f6500000, 0x00000000fb100000, 0x0000000100000000)
  eden space 32768K, 100% used [0x00000000f6500000,0x00000000f8500000,0x00000000f8500000)
  from space 1024K, 100% used [0x00000000f8500000,0x00000000f8600000,0x00000000f8600000)
  to   space 6144K, 0% used [0x00000000fab00000,0x00000000fab00000,0x00000000fb100000)
 ParOldGen       total 20480K, used 12075K [0x00000000e2e00000, 0x00000000e4200000, 0x00000000f6500000)
  object space 20480K, 58% used [0x00000000e2e00000,0x00000000e39cafb8,0x00000000e4200000)
 Metaspace       used 15959K, capacity 16306K, committed 16512K, reserved 1062912K
  class space    used 1958K, capacity 2051K, committed 2176K, reserved 1048576K
Event: 6.817 GC heap after
Heap after GC invocations=6 (full 0):
 PSYoungGen      total 71680K, used 4214K [0x00000000f6500000, 0x00000000fb100000, 0x0000000100000000)
  eden space 65536K, 0% used [0x00000000f6500000,0x00000000f6500000,0x00000000fa500000)
  from space 6144K, 68% used [0x00000000fab00000,0x00000000faf1d958,0x00000000fb100000)
  to   space 6144K, 0% used [0x00000000fa500000,0x00000000fa500000,0x00000000fab00000)
 ParOldGen       total 20480K, used 12083K [0x00000000e2e00000, 0x00000000e4200000, 0x00000000f6500000)
  object space 20480K, 59% used [0x00000000e2e00000,0x00000000e39ccfb8,0x00000000e4200000)
 Metaspace       used 15959K, capacity 16306K, committed 16512K, reserved 1062912K
  class space    used 1958K, capacity 2051K, committed 2176K, reserved 1048576K
}
Event: 9.696 GC heap before
{Heap before GC invocations=7 (full 0):
 PSYoungGen      total 71680K, used 62069K [0x00000000f6500000, 0x00000000fb100000, 0x0000000100000000)
  eden space 65536K, 88% used [0x00000000f6500000,0x00000000f9d7fbb0,0x00000000fa500000)
  from space 6144K, 68% used [0x00000000fab00000,0x00000000faf1d958,0x00000000fb100000)
  to   space 6144K, 0% used [0x00000000fa500000,0x00000000fa500000,0x00000000fab00000)
 ParOldGen       total 20480K, used 12083K [0x00000000e2e00000, 0x00000000e4200000, 0x00000000f6500000)
  object space 20480K, 59% used [0x00000000e2e00000,0x00000000e39ccfb8,0x00000000e4200000)
 Metaspace       used 20776K, capacity 21174K, committed 21296K, reserved 1069056K
  class space    used 2542K, capacity 2675K, committed 2688K, reserved 1048576K
Event: 9.969 GC heap after
Heap after GC invocations=7 (full 0):
 PSYoungGen      total 71680K, used 6114K [0x00000000f6500000, 0x00000000ff800000, 0x0000000100000000)
  eden space 65536K, 0% used [0x00000000f6500000,0x00000000f6500000,0x00000000fa500000)
  from space 6144K, 99% used [0x00000000fa500000,0x00000000faaf8828,0x00000000fab00000)
  to   space 9728K, 0% used [0x00000000fee80000,0x00000000fee80000,0x00000000ff800000)
 ParOldGen       total 20480K, used 17754K [0x00000000e2e00000, 0x00000000e4200000, 0x00000000f6500000)
  object space 20480K, 86% used [0x00000000e2e00000,0x00000000e3f56b38,0x00000000e4200000)
 Metaspace       used 20776K, capacity 21174K, committed 21296K, reserved 1069056K
  class space    used 2542K, capacity 2675K, committed 2688K, reserved 1048576K
}
Event: 9.969 GC heap before
{Heap before GC invocations=8 (full 1):
 PSYoungGen      total 71680K, used 6114K [0x00000000f6500000, 0x00000000ff800000, 0x0000000100000000)
  eden space 65536K, 0% used [0x00000000f6500000,0x00000000f6500000,0x00000000fa500000)
  from space 6144K, 99% used [0x00000000fa500000,0x00000000faaf8828,0x00000000fab00000)
  to   space 9728K, 0% used [0x00000000fee80000,0x00000000fee80000,0x00000000ff800000)
 ParOldGen       total 20480K, used 17754K [0x00000000e2e00000, 0x00000000e4200000, 0x00000000f6500000)
  object space 20480K, 86% used [0x00000000e2e00000,0x00000000e3f56b38,0x00000000e4200000)
 Metaspace       used 20776K, capacity 21174K, committed 21296K, reserved 1069056K
  class space    used 2542K, capacity 2675K, committed 2688K, reserved 1048576K

Deoptimization events (10 events):
Event: 7.146 Thread 0x00007fd770009800 Uncommon trap: reason=unstable_if action=reinterpret pc=0x00007fd7616fdfe0 method=org.apache.maven.model.io.xpp3.MavenXpp3Reader.nextTag(Lorg/codehaus/plexus/util/xml/pull/XmlPullParser;)I @ 9
Event: 7.152 Thread 0x00007fd770009800 Uncommon trap: reason=null_check action=make_not_entrant pc=0x00007fd76173120c method=org.eclipse.sisu.inject.LocatedBeans$Itr.hasNext()Z @ 35
Event: 7.267 Thread 0x00007fd770009800 Uncommon trap: reason=unstable_if action=reinterpret pc=0x00007fd7615c3c04 method=java.lang.String.trim()Ljava/lang/String; @ 63
Event: 7.321 Thread 0x00007fd770009800 Uncommon trap: reason=unstable_if action=reinterpret pc=0x00007fd7616ffd10 method=java.lang.String.trim()Ljava/lang/String; @ 63
Event: 7.510 Thread 0x00007fd770009800 Uncommon trap: reason=bimorphic action=maybe_recompile pc=0x00007fd761603120 method=java.util.regex.Pattern$CharProperty.match(Ljava/util/regex/Matcher;ILjava/lang/CharSequence;)Z @ 37
Event: 8.291 Thread 0x00007fd770009800 Uncommon trap: reason=class_check action=maybe_recompile pc=0x00007fd761205c50 method=sun.misc.URLClassPath.getLoader(I)Lsun/misc/URLClassPath$Loader; @ 94
Event: 8.291 Thread 0x00007fd770009800 Uncommon trap: reason=class_check action=maybe_recompile pc=0x00007fd761205c50 method=sun.misc.URLClassPath.getLoader(I)Lsun/misc/URLClassPath$Loader; @ 94
Event: 8.297 Thread 0x00007fd770009800 Uncommon trap: reason=unstable_if action=reinterpret pc=0x00007fd7612b5fb0 method=java.nio.charset.CharsetDecoder.decode(Ljava/nio/ByteBuffer;Ljava/nio/CharBuffer;Z)Ljava/nio/charset/CoderResult; @ 1
Event: 8.713 Thread 0x00007fd770009800 Uncommon trap: reason=unstable_if action=reinterpret pc=0x00007fd7616921d4 method=java.lang.CharacterData.of(I)Ljava/lang/CharacterData; @ 4
Event: 8.898 Thread 0x00007fd770009800 Uncommon trap: reason=unstable_if action=reinterpret pc=0x00007fd7617ea668 method=java.util.jar.Manifest$FastInputStream.readLine([BII)I @ 87

Classes redefined (0 events):
No events

Internal exceptions (10 events):
Event: 5.077 Thread 0x00007fd770009800 Exception <a 'java/lang/NullPointerException'> (0x00000000f80911d0) thrown at [/HUDSON/workspace/8-2-build-linux-amd64/jdk8u152/9742/hotspot/src/share/vm/interpreter/linkResolver.cpp, line 1185]
Event: 5.080 Thread 0x00007fd770009800 Exception <a 'java/lang/NullPointerException'> (0x00000000f80a5a18) thrown at [/HUDSON/workspace/8-2-build-linux-amd64/jdk8u152/9742/hotspot/src/share/vm/interpreter/linkResolver.cpp, line 1185]
Event: 5.080 Thread 0x00007fd770009800 Exception <a 'java/lang/NullPointerException'> (0x00000000f80a5c30) thrown at [/HUDSON/workspace/8-2-build-linux-amd64/jdk8u152/9742/hotspot/src/share/vm/interpreter/linkResolver.cpp, line 1185]
Event: 5.080 Thread 0x00007fd770009800 Exception <a 'java/lang/NullPointerException'> (0x00000000f80a5e48) thrown at [/HUDSON/workspace/8-2-build-linux-amd64/jdk8u152/9742/hotspot/src/share/vm/interpreter/linkResolver.cpp, line 1185]
Event: 5.729 Thread 0x00007fd770009800 Implicit null exception at 0x00007fd7613967f5 to 0x00007fd7613969d9
Event: 5.729 Thread 0x00007fd770009800 Implicit null exception at 0x00007fd7613335ef to 0x00007fd761333659
Event: 5.793 Thread 0x00007fd770009800 Implicit null exception at 0x00007fd7615a6ef9 to 0x00007fd7615a78c9
Event: 7.643 Thread 0x00007fd770009800 Exception <a 'java/lang/ClassNotFoundException': com/sun/tools/javac/api/JavacTool> (0x00000000f8099fd8) thrown at [/HUDSON/workspace/8-2-build-linux-amd64/jdk8u152/9742/hotspot/src/share/vm/classfile/systemDictionary.cpp, line 210]
Event: 9.032 Thread 0x00007fd770009800 Exception <a 'java/io/FileNotFoundException'> (0x00000000f938ec48) thrown at [/HUDSON/workspace/8-2-build-linux-amd64/jdk8u152/9742/hotspot/src/share/vm/prims/jni.cpp, line 709]
Event: 9.037 Thread 0x00007fd770009800 Exception <a 'java/io/FileNotFoundException'> (0x00000000f93c3e30) thrown at [/HUDSON/workspace/8-2-build-linux-amd64/jdk8u152/9742/hotspot/src/share/vm/prims/jni.cpp, line 709]

Events (10 events):
Event: 9.566 loading class com/sun/tools/javac/code/Scope$3$1 done
Event: 9.567 loading class com/sun/tools/javac/code/Types$27
Event: 9.567 loading class com/sun/tools/javac/code/Types$27 done
Event: 9.568 loading class com/sun/tools/javac/comp/Check$ClashFilter
Event: 9.568 loading class com/sun/tools/javac/comp/Check$ClashFilter done
Event: 9.670 loading class com/sun/tools/javac/code/Scope$CompoundScope$2
Event: 9.670 loading class com/sun/tools/javac/code/Scope$CompoundScope$2 done
Event: 9.695 loading class com/sun/tools/javac/code/Scope$CompoundScope$2$1
Event: 9.695 loading class com/sun/tools/javac/code/Scope$CompoundScope$2$1 done
Event: 9.695 Executing VM operation: CollectForMetadataAllocation


Dynamic libraries:
00400000-00401000 r-xp 00000000 08:02 941553                             /usr/local/jdk1.8.0_152/bin/java
00600000-00601000 rw-p 00000000 08:02 941553                             /usr/local/jdk1.8.0_152/bin/java
01f08000-01f29000 rw-p 00000000 00:00 0                                  [heap]
e2e00000-e4200000 rw-p 00000000 00:00 0 
e4200000-f6500000 ---p 00000000 00:00 0 
f6500000-ff800000 rw-p 00000000 00:00 0 
ff800000-100000000 ---p 00000000 00:00 0 
100000000-1002a0000 rw-p 00000000 00:00 0 
1002a0000-140000000 ---p 00000000 00:00 0 
3cfb200000-3cfb207000 r-xp 00000000 08:02 2228679                        /lib64/librt-2.12.so
3cfb207000-3cfb406000 ---p 00007000 08:02 2228679                        /lib64/librt-2.12.so
3cfb406000-3cfb407000 r--p 00006000 08:02 2228679                        /lib64/librt-2.12.so
3cfb407000-3cfb408000 rw-p 00007000 08:02 2228679                        /lib64/librt-2.12.so
3cfd600000-3cfd602000 r-xp 00000000 08:02 2248198                        /lib64/libutil-2.12.so
3cfd602000-3cfd801000 ---p 00002000 08:02 2248198                        /lib64/libutil-2.12.so
3cfd801000-3cfd802000 r--p 00001000 08:02 2248198                        /lib64/libutil-2.12.so
3cfd802000-3cfd803000 rw-p 00002000 08:02 2248198                        /lib64/libutil-2.12.so
3f50e00000-3f50e20000 r-xp 00000000 08:02 2228637                        /lib64/ld-2.12.so
3f5101f000-3f51020000 r--p 0001f000 08:02 2228637                        /lib64/ld-2.12.so
3f51020000-3f51021000 rw-p 00020000 08:02 2228637                        /lib64/ld-2.12.so
3f51021000-3f51022000 rw-p 00000000 00:00 0 
3f51200000-3f51202000 r-xp 00000000 08:02 2228640                        /lib64/libdl-2.12.so
3f51202000-3f51402000 ---p 00002000 08:02 2228640                        /lib64/libdl-2.12.so
3f51402000-3f51403000 r--p 00002000 08:02 2228640                        /lib64/libdl-2.12.so
3f51403000-3f51404000 rw-p 00003000 08:02 2228640                        /lib64/libdl-2.12.so
3f51600000-3f5178b000 r-xp 00000000 08:02 2228638                        /lib64/libc-2.12.so
3f5178b000-3f5198a000 ---p 0018b000 08:02 2228638                        /lib64/libc-2.12.so
3f5198a000-3f5198e000 r--p 0018a000 08:02 2228638                        /lib64/libc-2.12.so
3f5198e000-3f5198f000 rw-p 0018e000 08:02 2228638                        /lib64/libc-2.12.so
3f5198f000-3f51994000 rw-p 00000000 00:00 0 
3f51a00000-3f51a17000 r-xp 00000000 08:02 2228639                        /lib64/libpthread-2.12.so
3f51a17000-3f51c17000 ---p 00017000 08:02 2228639                        /lib64/libpthread-2.12.so
3f51c17000-3f51c18000 r--p 00017000 08:02 2228639                        /lib64/libpthread-2.12.so
3f51c18000-3f51c19000 rw-p 00018000 08:02 2228639                        /lib64/libpthread-2.12.so
3f51c19000-3f51c1d000 rw-p 00000000 00:00 0 
3f52600000-3f52683000 r-xp 00000000 08:02 2228641                        /lib64/libm-2.12.so
3f52683000-3f52882000 ---p 00083000 08:02 2228641                        /lib64/libm-2.12.so
3f52882000-3f52883000 r--p 00082000 08:02 2228641                        /lib64/libm-2.12.so
3f52883000-3f52884000 rw-p 00083000 08:02 2228641                        /lib64/libm-2.12.so
7fd718000000-7fd718021000 rw-p 00000000 00:00 0 
7fd718021000-7fd71c000000 ---p 00000000 00:00 0 
7fd71c000000-7fd71c021000 rw-p 00000000 00:00 0 
7fd71c021000-7fd720000000 ---p 00000000 00:00 0 
7fd720000000-7fd721645000 rw-p 00000000 00:00 0 
7fd721645000-7fd724000000 ---p 00000000 00:00 0 
7fd724000000-7fd724765000 rw-p 00000000 00:00 0 
7fd724765000-7fd728000000 ---p 00000000 00:00 0 
7fd728000000-7fd7293c9000 rw-p 00000000 00:00 0 
7fd7293c9000-7fd72c000000 ---p 00000000 00:00 0 
7fd72e16f000-7fd734000000 r--p 00000000 08:02 395394                     /usr/lib/locale/locale-archive
7fd734000000-7fd734021000 rw-p 00000000 00:00 0 
7fd734021000-7fd738000000 ---p 00000000 00:00 0 
7fd738000000-7fd738021000 rw-p 00000000 00:00 0 
7fd738021000-7fd73c000000 ---p 00000000 00:00 0 
7fd73c000000-7fd73c021000 rw-p 00000000 00:00 0 
7fd73c021000-7fd740000000 ---p 00000000 00:00 0 
7fd740000000-7fd740021000 rw-p 00000000 00:00 0 
7fd740021000-7fd744000000 ---p 00000000 00:00 0 
7fd744000000-7fd744021000 rw-p 00000000 00:00 0 
7fd744021000-7fd748000000 ---p 00000000 00:00 0 
7fd74c000000-7fd74c021000 rw-p 00000000 00:00 0 
7fd74c021000-7fd750000000 ---p 00000000 00:00 0 
7fd754000000-7fd754021000 rw-p 00000000 00:00 0 
7fd754021000-7fd758000000 ---p 00000000 00:00 0 
7fd759008000-7fd759273000 rw-p 00000000 00:00 0 
7fd759273000-7fd759447000 ---p 00000000 00:00 0 
7fd759447000-7fd759637000 rw-p 00000000 00:00 0 
7fd75982a000-7fd759a2a000 rw-p 00000000 00:00 0 
7fd759a2a000-7fd759aa4000 r--s 010f8000 08:02 941681                     /usr/local/jdk1.8.0_152/lib/tools.jar
7fd759aa4000-7fd759ca4000 rw-p 00000000 00:00 0 
7fd759ca4000-7fd759cb5000 r-xp 00000000 08:02 1861618                    /usr/local/jdk1.8.0_152/jre/lib/amd64/libnio.so
7fd759cb5000-7fd759eb4000 ---p 00011000 08:02 1861618                    /usr/local/jdk1.8.0_152/jre/lib/amd64/libnio.so
7fd759eb4000-7fd759eb5000 rw-p 00010000 08:02 1861618                    /usr/local/jdk1.8.0_152/jre/lib/amd64/libnio.so
7fd759eb5000-7fd759ecb000 r-xp 00000000 08:02 1861615                    /usr/local/jdk1.8.0_152/jre/lib/amd64/libnet.so
7fd759ecb000-7fd75a0cb000 ---p 00016000 08:02 1861615                    /usr/local/jdk1.8.0_152/jre/lib/amd64/libnet.so
7fd75a0cb000-7fd75a0cc000 rw-p 00016000 08:02 1861615                    /usr/local/jdk1.8.0_152/jre/lib/amd64/libnet.so
7fd75a0cc000-7fd75a2cc000 rw-p 00000000 00:00 0 
7fd75a2cc000-7fd75a4cc000 rw-p 00000000 00:00 0 
7fd75a4cc000-7fd75a6cc000 rw-p 00000000 00:00 0 
7fd75a6cc000-7fd75a6cf000 r-xp 00000000 08:02 1581095                    /root/.jenkins/tools/hudson.tasks.Maven_MavenInstallation/M3/lib/jansi-native/linux64/libjansi.so
7fd75a6cf000-7fd75a8ce000 ---p 00003000 08:02 1581095                    /root/.jenkins/tools/hudson.tasks.Maven_MavenInstallation/M3/lib/jansi-native/linux64/libjansi.so
7fd75a8ce000-7fd75a8cf000 rw-p 00002000 08:02 1581095                    /root/.jenkins/tools/hudson.tasks.Maven_MavenInstallation/M3/lib/jansi-native/linux64/libjansi.so
7fd75a8cf000-7fd75a8d1000 r--s 0000b000 08:02 1581084                    /root/.jenkins/tools/hudson.tasks.Maven_MavenInstallation/M3/boot/plexus-classworlds-2.5.2.jar
7fd75a8d1000-7fd75a966000 r--s 01113000 08:02 1347970                    /usr/local/jdk1.8.0_152/jre/lib/ext/jfxrt.jar
7fd75a966000-7fd75a967000 ---p 00000000 00:00 0 
7fd75a967000-7fd75aa67000 rw-p 00000000 00:00 0 
7fd75aa67000-7fd75aa6a000 ---p 00000000 00:00 0 
7fd75aa6a000-7fd75ab68000 rw-p 00000000 00:00 0 
7fd75ab68000-7fd75ab6b000 ---p 00000000 00:00 0 
7fd75ab6b000-7fd75ac69000 rw-p 00000000 00:00 0 
7fd75ac69000-7fd75ac6c000 ---p 00000000 00:00 0 
7fd75ac6c000-7fd75ad6a000 rw-p 00000000 00:00 0 
7fd75ad6a000-7fd75ad6d000 ---p 00000000 00:00 0 
7fd75ad6d000-7fd75ae6b000 rw-p 00000000 00:00 0 
7fd75ae6b000-7fd75ae6e000 ---p 00000000 00:00 0 
7fd75ae6e000-7fd75af6c000 rw-p 00000000 00:00 0 
7fd75af6c000-7fd75af6f000 ---p 00000000 00:00 0 
7fd75af6f000-7fd75b06d000 rw-p 00000000 00:00 0 
7fd75b06d000-7fd75b070000 ---p 00000000 00:00 0 
7fd75b070000-7fd75b16e000 rw-p 00000000 00:00 0 
7fd75b16e000-7fd75b16f000 ---p 00000000 00:00 0 
7fd75b16f000-7fd75c000000 rw-p 00000000 00:00 0 
7fd75c000000-7fd75c029000 rw-p 00000000 00:00 0 
7fd75c029000-7fd760000000 ---p 00000000 00:00 0 
7fd76001c000-7fd76001d000 rw-p 00000000 00:00 0 
7fd76001d000-7fd760021000 r--s 00038000 08:02 2362830                    /root/.m2/repository/ch/ethz/ssh2/ganymed-ssh2/1.0/ganymed-ssh2-1.0.jar
7fd760021000-7fd760024000 r--s 0001b000 08:02 2361650                    /root/.m2/repository/junit/junit/3.8.2/junit-3.8.2.jar
7fd760024000-7fd760032000 r--s 0008f000 08:02 2249050                    /root/.m2/repository/com/google/collections/google-collections/1.0/google-collections-1.0.jar
7fd760032000-7fd760033000 r--s 0000a000 08:02 2361647                    /root/.m2/repository/commons-logging/commons-logging-api/1.1/commons-logging-api-1.1.jar
7fd760033000-7fd76003a000 r--s 00051000 08:02 2361636                    /root/.m2/repository/log4j/log4j/1.2.12/log4j-1.2.12.jar
7fd76003a000-7fd76003e000 r--s 0001d000 08:02 1860375                    /root/.m2/repository/org/apache/xbean/xbean-reflect/3.4/xbean-reflect-3.4.jar
7fd76003e000-7fd76003f000 r--s 00004000 08:02 2361642                    /root/.m2/repository/org/codehaus/plexus/plexus-compiler-javac/2.2/plexus-compiler-javac-2.2.jar
7fd76003f000-7fd760041000 r--s 00000000 08:02 2361641                    /root/.m2/repository/org/codehaus/plexus/plexus-compiler-manager/2.2/plexus-compiler-manager-2.2.jar
7fd760041000-7fd760043000 r--s 00005000 08:02 2361633                    /root/.m2/repository/org/codehaus/plexus/plexus-compiler-api/2.2/plexus-compiler-api-2.2.jar
7fd760043000-7fd760045000 r--s 00000000 08:02 2361637                    /root/.m2/repository/org/codehaus/plexus/plexus-component-annotations/1.5.5/plexus-component-annotations-1.5.5.jar
7fd760045000-7fd760047000 r--s 00002000 08:02 2361635                    /root/.m2/repository/org/apache/maven/shared/maven-shared-incremental/1.1/maven-shared-incremental-1.1.jar
7fd760047000-7fd760049000 r--s 00006000 08:02 2099684                    /root/.m2/repository/com/google/code/findbugs/jsr305/2.0.1/jsr305-2.0.1.jar
7fd760049000-7fd76004c000 r--s 00023000 08:02 2249048                    /root/.m2/repository/org/apache/maven/shared/maven-shared-utils/0.1/maven-shared-utils-0.1.jar
7fd76004c000-7fd760050000 r--s 00030000 08:02 2005510                    /root/.m2/repository/org/codehaus/plexus/plexus-utils/1.5.1/plexus-utils-1.5.1.jar
7fd760050000-7fd760052000 r--s 00009000 08:02 2249029                    /root/.m2/repository/org/apache/maven/plugins/maven-compiler-plugin/3.1/maven-compiler-plugin-3.1.jar
7fd760052000-7fd760054000 r--s 0000d000 08:02 2249002                    /root/.m2/repository/org/codehaus/plexus/plexus-interpolation/1.13/plexus-interpolation-1.13.jar
7fd760054000-7fd760055000 r--s 00001000 08:02 2361143                    /root/.m2/repository/org/sonatype/plexus/plexus-build-api/0.0.4/plexus-build-api-0.0.4.jar
7fd760055000-7fd760057000 r--s 00009000 08:02 2249000                    /root/.m2/repository/org/apache/maven/shared/maven-filtering/1.1/maven-filtering-1.1.jar
7fd760057000-7fd76005b000 r--s 00033000 08:02 2005474                    /root/.m2/repository/org/codehaus/plexus/plexus-utils/2.0.5/plexus-utils-2.0.5.jar
7fd76005b000-7fd76005e000 r--s 0001b000 08:02 2361150                    /root/.m2/repository/junit/junit/3.8.1/junit-3.8.1.jar
7fd76005e000-7fd760060000 r--s 00002000 08:02 2099840                    /root/.m2/repository/org/codehaus/plexus/plexus-interactivity-api/1.0-alpha-4/plexus-interactivity-api-1.0-alpha-4.jar
7fd760060000-7fd760062000 r--s 00006000 08:02 2361136                    /root/.m2/repository/commons-cli/commons-cli/1.0/commons-cli-1.0.jar
7fd760062000-7fd760063000 r--s 00001000 08:02 2361133                    /root/.m2/repository/org/apache/maven/doxia/doxia-sink-api/1.0-alpha-7/doxia-sink-api-1.0-alpha-7.jar
7fd760063000-7fd760064000 r--s 00002000 08:02 2361130                    /root/.m2/repository/org/apache/maven/reporting/maven-reporting-api/2.0.6/maven-reporting-api-2.0.6.jar
7fd760064000-7fd760066000 r--s 00006000 08:02 2099754                    /root/.m2/repository/org/apache/maven/plugins/maven-resources-plugin/2.6/maven-resources-plugin-2.6.jar
7fd760066000-7fd76006a000 r--s 00034000 08:02 2004410                    /root/.m2/repository/org/codehaus/plexus/plexus-utils/3.0/plexus-utils-3.0.jar
7fd76006a000-7fd76006f000 r--s 0009a000 08:02 1219390                    /usr/local/jdk1.8.0_152/jre/lib/jsse.jar
7fd76006f000-7fd761000000 rw-p 00000000 00:00 0 
7fd761000000-7fd7618e0000 rwxp 00000000 00:00 0 
7fd7618e0000-7fd770000000 ---p 00000000 00:00 0 
7fd770000000-7fd7713ce000 rw-p 00000000 00:00 0 
7fd7713ce000-7fd774000000 ---p 00000000 00:00 0 
7fd774000000-7fd774002000 r--s 00005000 08:02 1719665                    /root/.m2/repository/org/apache/maven/plugins/maven-clean-plugin/2.5/maven-clean-plugin-2.5.jar
7fd774002000-7fd774004000 r--s 0000c000 08:02 1581100                    /root/.jenkins/tools/hudson.tasks.Maven_MavenInstallation/M3/lib/wagon-provider-api-2.12.jar
7fd774004000-7fd774008000 r--s 00028000 08:02 1581012                    /root/.jenkins/tools/hudson.tasks.Maven_MavenInstallation/M3/lib/maven-model-builder-3.5.2.jar
7fd774008000-7fd77400a000 r--s 00009000 08:02 1581076                    /root/.jenkins/tools/hudson.tasks.Maven_MavenInstallation/M3/lib/maven-resolver-connector-basic-1.1.0.jar
7fd77400a000-7fd77400c000 r--s 0000c000 08:02 1581030                    /root/.jenkins/tools/hudson.tasks.Maven_MavenInstallation/M3/lib/commons-cli-1.4.jar
7fd77400c000-7fd77400d000 r--s 00002000 08:02 1581069                    /root/.jenkins/tools/hudson.tasks.Maven_MavenInstallation/M3/lib/wagon-file-2.12.jar
7fd77400d000-7fd77400f000 r--s 0000f000 08:02 1581061                    /root/.jenkins/tools/hudson.tasks.Maven_MavenInstallation/M3/lib/maven-resolver-provider-3.5.2.jar
7fd77400f000-7fd774010000 r--s 00003000 08:02 1581023                    /root/.jenkins/tools/hudson.tasks.Maven_MavenInstallation/M3/lib/maven-builder-support-3.5.2.jar
7fd774010000-7fd774014000 r--s 00020000 08:02 1581047                    /root/.jenkins/tools/hudson.tasks.Maven_MavenInstallation/M3/lib/maven-resolver-api-1.1.0.jar
7fd774014000-7fd774017000 r--s 00011000 08:02 1581094                    /root/.jenkins/tools/hudson.tasks.Maven_MavenInstallation/M3/lib/plexus-interpolation-1.24.jar
7fd774017000-7fd774018000 r--s 00001000 08:02 1581046                    /root/.jenkins/tools/hudson.tasks.Maven_MavenInstallation/M3/lib/jsr250-api-1.0.jar
7fd774018000-7fd77401c000 r--s 00023000 08:02 1581035                    /root/.jenkins/tools/hudson.tasks.Maven_MavenInstallation/M3/lib/maven-resolver-util-1.1.0.jar
7fd77401c000-7fd774048000 r--s 001e6000 08:02 1581052                    /root/.jenkins/tools/hudson.tasks.Maven_MavenInstallation/M3/lib/wagon-http-2.12-shaded.jar
7fd774048000-7fd77404a000 r--s 00000000 08:02 1581040                    /root/.jenkins/tools/hudson.tasks.Maven_MavenInstallation/M3/lib/aopalliance-1.0.jar
7fd77404a000-7fd77404c000 r--s 00002000 08:02 1581018                    /root/.jenkins/tools/hudson.tasks.Maven_MavenInstallation/M3/lib/plexus-cipher-1.7.jar
7fd77404c000-7fd77404e000 r--s 0000c000 08:02 1581064                    /root/.jenkins/tools/hudson.tasks.Maven_MavenInstallation/M3/lib/maven-artifact-3.5.2.jar
7fd77404e000-7fd774051000 r--s 00025000 08:02 1581019                    /root/.jenkins/tools/hudson.tasks.Maven_MavenInstallation/M3/lib/maven-shared-utils-3.1.0.jar
7fd774051000-7fd774054000 r--s 00008000 08:02 1581057                    /root/.jenkins/tools/hudson.tasks.Maven_MavenInstallation/M3/lib/cdi-api-1.0.jar
7fd774054000-7fd774056000 r--s 00009000 08:02 1581097                    /root/.jenkins/tools/hudson.tasks.Maven_MavenInstallation/M3/lib/maven-settings-builder-3.5.2.jar
7fd774056000-7fd774059000 r--s 0003c000 08:02 1580995                    /root/.jenkins/tools/hudson.tasks.Maven_MavenInstallation/M3/lib/jansi-1.16.jar
7fd774059000-7fd77405c000 r--s 00015000 08:02 1581092                    /root/.jenkins/tools/hudson.tasks.Maven_MavenInstallation/M3/lib/maven-embedder-3.5.2.jar
7fd77405c000-7fd77405e000 r--s 00006000 08:02 1581105                    /root/.jenkins/tools/hudson.tasks.Maven_MavenInstallation/M3/lib/maven-resolver-transport-wagon-1.1.0.jar
7fd77405e000-7fd774064000 r--s 00041000 08:02 1581070                    /root/.jenkins/tools/hudson.tasks.Maven_MavenInstallation/M3/lib/maven-compat-3.5.2.jar
7fd774064000-7fd77406c000 r--s 0006e000 08:02 1581045                    /root/.jenkins/tools/hudson.tasks.Maven_MavenInstallation/M3/lib/commons-lang3-3.5.jar
7fd77406c000-7fd774070000 r--s 0003c000 08:02 1580991                    /root/.jenkins/tools/hudson.tasks.Maven_MavenInstallation/M3/lib/plexus-utils-3.1.0.jar
7fd774070000-7fd774076000 r--s 0002d000 08:02 1581080                    /root/.jenkins/tools/hudson.tasks.Maven_MavenInstallation/M3/lib/org.eclipse.sisu.plexus-0.3.3.jar
7fd774076000-7fd774077000 r--s 00006000 08:02 1581101                    /root/.jenkins/tools/hudson.tasks.Maven_MavenInstallation/M3/lib/plexus-sec-dispatcher-1.4.jar
7fd774077000-7fd77407a000 r--s 00026000 08:02 1580994                    /root/.jenkins/tools/hudson.tasks.Maven_MavenInstallation/M3/lib/maven-model-3.5.2.jar
7fd77407a000-7fd77407c000 r--s 0000a000 08:02 1581044                    /root/.jenkins/tools/hudson.tasks.Maven_MavenInstallation/M3/lib/maven-plugin-api-3.5.2.jar
7fd77407c000-7fd774089000 r--s 0008d000 08:02 1581087                    /root/.jenkins/tools/hudson.tasks.Maven_MavenInstallation/M3/lib/maven-core-3.5.2.jar
7fd774089000-7fd77408d000 r--s 0002a000 08:02 1581014                    /root/.jenkins/tools/hudson.tasks.Maven_MavenInstallation/M3/lib/maven-resolver-impl-1.1.0.jar
7fd77408d000-7fd774094000 r--s 00056000 08:02 1580996                    /root/.jenkins/tools/hudson.tasks.Maven_MavenInstallation/M3/lib/org.eclipse.sisu.inject-0.3.3.jar
7fd774094000-7fd77409d000 r--s 0005f000 08:02 1581099                    /root/.jenkins/tools/hudson.tasks.Maven_MavenInstallation/M3/lib/guice-4.0-no_aop.jar
7fd77409d000-7fd77409e000 r--s 00006000 08:02 1581029                    /root/.jenkins/tools/hudson.tasks.Maven_MavenInstallation/M3/lib/maven-repository-metadata-3.5.2.jar
7fd77409e000-7fd7740a0000 r--s 00000000 08:02 1581075                    /root/.jenkins/tools/hudson.tasks.Maven_MavenInstallation/M3/lib/plexus-component-annotations-1.7.1.jar
7fd7740a0000-7fd7740a1000 r--s 00000000 08:02 1581041                    /root/.jenkins/tools/hudson.tasks.Maven_MavenInstallation/M3/lib/javax.inject-1.jar
7fd7740a1000-7fd7740a5000 r--s 0002f000 08:02 1581083                    /root/.jenkins/tools/hudson.tasks.Maven_MavenInstallation/M3/lib/commons-io-2.5.jar
7fd7740a5000-7fd7740d4000 r--s 00226000 08:02 1581009                    /root/.jenkins/tools/hudson.tasks.Maven_MavenInstallation/M3/lib/guava-20.0.jar
7fd7740d4000-7fd7740d5000 r--s 0000a000 08:02 1581049                    /root/.jenkins/tools/hudson.tasks.Maven_MavenInstallation/M3/lib/maven-settings-3.5.2.jar
7fd7740d5000-7fd7740d7000 r--s 00007000 08:02 1581056                    /root/.jenkins/tools/hudson.tasks.Maven_MavenInstallation/M3/lib/maven-resolver-spi-1.1.0.jar
7fd7740d7000-7fd774248000 rw-p 00000000 00:00 0 
7fd774248000-7fd774422000 r--s 03d5f000 08:02 1219351                    /usr/local/jdk1.8.0_152/jre/lib/rt.jar
7fd774422000-7fd774e04000 rw-p 00000000 00:00 0 
7fd774e04000-7fd774e05000 ---p 00000000 00:00 0 
7fd774e05000-7fd774f05000 rw-p 00000000 00:00 0 
7fd774f05000-7fd774f06000 ---p 00000000 00:00 0 
7fd774f06000-7fd775006000 rw-p 00000000 00:00 0 
7fd775006000-7fd775007000 ---p 00000000 00:00 0 
7fd775007000-7fd775107000 rw-p 00000000 00:00 0 
7fd775107000-7fd775108000 ---p 00000000 00:00 0 
7fd775108000-7fd775212000 rw-p 00000000 00:00 0 
7fd775212000-7fd7752a4000 ---p 00000000 00:00 0 
7fd7752a4000-7fd7752ae000 rw-p 00000000 00:00 0 
7fd7752ae000-7fd77533f000 ---p 00000000 00:00 0 
7fd77533f000-7fd775389000 rw-p 00000000 00:00 0 
7fd775389000-7fd77538d000 ---p 00000000 00:00 0 
7fd77538d000-7fd7753b2000 rw-p 00000000 00:00 0 
7fd7753b2000-7fd77574e000 ---p 00000000 00:00 0 
7fd77574e000-7fd775769000 r-xp 00000000 08:02 1861611                    /usr/local/jdk1.8.0_152/jre/lib/amd64/libzip.so
7fd775769000-7fd775969000 ---p 0001b000 08:02 1861611                    /usr/local/jdk1.8.0_152/jre/lib/amd64/libzip.so
7fd775969000-7fd77596a000 rw-p 0001b000 08:02 1861611                    /usr/local/jdk1.8.0_152/jre/lib/amd64/libzip.so
7fd77596a000-7fd775976000 r-xp 00000000 08:02 2228254                    /lib64/libnss_files-2.12.so
7fd775976000-7fd775b76000 ---p 0000c000 08:02 2228254                    /lib64/libnss_files-2.12.so
7fd775b76000-7fd775b77000 r--p 0000c000 08:02 2228254                    /lib64/libnss_files-2.12.so
7fd775b77000-7fd775b78000 rw-p 0000d000 08:02 2228254                    /lib64/libnss_files-2.12.so
7fd775b78000-7fd775b79000 rw-p 00000000 00:00 0 
7fd775b79000-7fd775b7b000 r--s 00009000 08:02 1581032                    /root/.jenkins/tools/hudson.tasks.Maven_MavenInstallation/M3/lib/slf4j-api-1.7.25.jar
7fd775b7b000-7fd775b85000 rw-p 00000000 00:00 0 
7fd775b85000-7fd775bb0000 r-xp 00000000 08:02 1861605                    /usr/local/jdk1.8.0_152/jre/lib/amd64/libjava.so
7fd775bb0000-7fd775daf000 ---p 0002b000 08:02 1861605                    /usr/local/jdk1.8.0_152/jre/lib/amd64/libjava.so
7fd775daf000-7fd775db1000 rw-p 0002a000 08:02 1861605                    /usr/local/jdk1.8.0_152/jre/lib/amd64/libjava.so
7fd775db1000-7fd775dbe000 r-xp 00000000 08:02 1861610                    /usr/local/jdk1.8.0_152/jre/lib/amd64/libverify.so
7fd775dbe000-7fd775fbe000 ---p 0000d000 08:02 1861610                    /usr/local/jdk1.8.0_152/jre/lib/amd64/libverify.so
7fd775fbe000-7fd775fc0000 rw-p 0000d000 08:02 1861610                    /usr/local/jdk1.8.0_152/jre/lib/amd64/libverify.so
7fd775fc0000-7fd775fc3000 ---p 00000000 00:00 0 
7fd775fc3000-7fd7760c1000 rw-p 00000000 00:00 0 
7fd7760c1000-7fd776d99000 r-xp 00000000 08:02 2006142                    /usr/local/jdk1.8.0_152/jre/lib/amd64/server/libjvm.so
7fd776d99000-7fd776f98000 ---p 00cd8000 08:02 2006142                    /usr/local/jdk1.8.0_152/jre/lib/amd64/server/libjvm.so
7fd776f98000-7fd777072000 rw-p 00cd7000 08:02 2006142                    /usr/local/jdk1.8.0_152/jre/lib/amd64/server/libjvm.so
7fd777072000-7fd7770c1000 rw-p 00000000 00:00 0 
7fd7770c1000-7fd7770d7000 r-xp 00000000 08:02 942792                     /usr/local/jdk1.8.0_152/lib/amd64/jli/libjli.so
7fd7770d7000-7fd7772d6000 ---p 00016000 08:02 942792                     /usr/local/jdk1.8.0_152/lib/amd64/jli/libjli.so
7fd7772d6000-7fd7772d7000 rw-p 00015000 08:02 942792                     /usr/local/jdk1.8.0_152/lib/amd64/jli/libjli.so
7fd7772d7000-7fd7772d8000 rw-p 00000000 00:00 0 
7fd7772d8000-7fd7772d9000 r--s 00005000 08:02 1581106                    /root/.jenkins/tools/hudson.tasks.Maven_MavenInstallation/M3/lib/maven-slf4j-provider-3.5.2.jar
7fd7772d9000-7fd7772db000 r--s 00003000 08:02 1581068                    /root/.jenkins/tools/hudson.tasks.Maven_MavenInstallation/M3/lib/jcl-over-slf4j-1.7.25.jar
7fd7772db000-7fd7772e3000 rw-s 00000000 08:02 693154                     /tmp/hsperfdata_root/4781
7fd7772e3000-7fd7772e4000 rw-p 00000000 00:00 0 
7fd7772e4000-7fd7772e5000 ---p 00000000 00:00 0 
7fd7772e5000-7fd7772e6000 rw-p 00000000 00:00 0 
7fffe28c0000-7fffe28d6000 rw-p 00000000 00:00 0                          [stack]
7fffe2905000-7fffe2906000 r-xp 00000000 00:00 0                          [vdso]
ffffffffff600000-ffffffffff601000 r-xp 00000000 00:00 0                  [vsyscall]

VM Arguments:
jvm_args: -Dclassworlds.conf=/root/.jenkins/tools/hudson.tasks.Maven_MavenInstallation/M3/bin/m2.conf -Dmaven.home=/root/.jenkins/tools/hudson.tasks.Maven_MavenInstallation/M3 -Dlibrary.jansi.path=/root/.jenkins/tools/hudson.tasks.Maven_MavenInstallation/M3/lib/jansi-native -Dmaven.multiModuleProjectDirectory=/root/autocheck 
java_command: org.codehaus.plexus.classworlds.launcher.Launcher -Dmaven.test.failure.ignore clean package
java_class_path (initial): /root/.jenkins/tools/hudson.tasks.Maven_MavenInstallation/M3/boot/plexus-classworlds-2.5.2.jar
Launcher Type: SUN_STANDARD

Environment Variables:
JAVA_HOME=/usr/local/jdk1.8.0_152
PATH=/usr/lib64/qt-3.3/bin:/usr/local/sbin:/usr/local/bin:/sbin:/bin:/usr/sbin:/usr/bin:/usr/local/jdk1.8.0_152/bin:/root/.jenkins/tools/hudson.tasks.Maven_MavenInstallation/M3/bin:/usr/local/mysql-5.7.20/bin:/usr/local/libxml2-2.9.5/bin:/usr/local/httpd-2.4.29/bin
LD_LIBRARY_PATH=/usr/local/libxml2-2.9.5/lib:/usr/local/gmp-4.3.2/lib:/usr/local/mpc-0.8.1/lib:/usr/local/mpfr-2.4.2/lib:/usr/local/isl-0.18/lib:/usr/local/boost_1_65_1/lib:/usr/local/gcc-5.5.0/lib64:/usr/local/mysql-5.7.20/lib:/usr/local/apr-1.6.3/lib:/usr/local/apr-util-1.6.1/lib:/usr/local/pcre-8.40/lib
SHELL=/bin/bash

Signal Handlers:
SIGSEGV: [libjvm.so+0xacfec0], sa_mask[0]=11111111011111111101111111111110, sa_flags=SA_RESTART|SA_SIGINFO
SIGBUS: [libjvm.so+0xacfec0], sa_mask[0]=11111111011111111101111111111110, sa_flags=SA_RESTART|SA_SIGINFO
SIGFPE: [libjvm.so+0x927e60], sa_mask[0]=11111111011111111101111111111110, sa_flags=SA_RESTART|SA_SIGINFO
SIGPIPE: [libjvm.so+0x927e60], sa_mask[0]=11111111011111111101111111111110, sa_flags=SA_RESTART|SA_SIGINFO
SIGXFSZ: [libjvm.so+0x927e60], sa_mask[0]=11111111011111111101111111111110, sa_flags=SA_RESTART|SA_SIGINFO
SIGILL: [libjvm.so+0x927e60], sa_mask[0]=11111111011111111101111111111110, sa_flags=SA_RESTART|SA_SIGINFO
SIGUSR1: SIG_DFL, sa_mask[0]=00000000000000000000000000000000, sa_flags=none
SIGUSR2: [libjvm.so+0x9296a0], sa_mask[0]=00100000000000000000000000000000, sa_flags=SA_RESTART|SA_SIGINFO
SIGHUP: SIG_IGN, sa_mask[0]=00000000000000000000000000000000, sa_flags=none
SIGINT: SIG_IGN, sa_mask[0]=00000000000000000000000000000000, sa_flags=none
SIGTERM: [libjvm.so+0x92aaa0], sa_mask[0]=11111111011111111101111111111110, sa_flags=SA_RESTART|SA_SIGINFO
SIGQUIT: [libjvm.so+0x92aaa0], sa_mask[0]=11111111011111111101111111111110, sa_flags=SA_RESTART|SA_SIGINFO


---------------  S Y S T E M  ---------------

OS:Red Hat Enterprise Linux Server release 6.5 (Santiago)

uname:Linux 2.6.32-431.el6.x86_64 #1 SMP Sun Nov 10 22:19:54 EST 2013 x86_64
libc:glibc 2.12 NPTL 2.12 
rlimit: STACK 10240k, CORE 0k, NPROC 14735, NOFILE 4096, AS infinity
load average:0.24 0.05 0.05

/proc/meminfo:
MemTotal:        1906552 kB
MemFree:          700348 kB
Buffers:           39472 kB
Cached:           258092 kB
SwapCached:            0 kB
Active:           958652 kB
Inactive:         145948 kB
Active(anon):     807256 kB
Inactive(anon):      272 kB
Active(file):     151396 kB
Inactive(file):   145676 kB
Unevictable:           0 kB
Mlocked:               0 kB
SwapTotal:       4194296 kB
SwapFree:        4194296 kB
Dirty:               380 kB
Writeback:             0 kB
AnonPages:        795044 kB
Mapped:            46792 kB
Shmem:               496 kB
Slab:              53388 kB
SReclaimable:      24392 kB
SUnreclaim:        28996 kB
KernelStack:        2992 kB
PageTables:         8696 kB
NFS_Unstable:          0 kB
Bounce:                0 kB
WritebackTmp:          0 kB
CommitLimit:     5147572 kB
Committed_AS:    1791128 kB
VmallocTotal:   34359738367 kB
VmallocUsed:      157988 kB
VmallocChunk:   34359574000 kB
HardwareCorrupted:     0 kB
AnonHugePages:    546816 kB
HugePages_Total:       0
HugePages_Free:        0
HugePages_Rsvd:        0
HugePages_Surp:        0
Hugepagesize:       2048 kB
DirectMap4k:       10240 kB
DirectMap2M:     2086912 kB


CPU:total 4 (initial active 4) (4 cores per cpu, 1 threads per core) family 6 model 58 stepping 9, cmov, cx8, fxsr, mmx, sse, sse2, sse3, ssse3, sse4.1, sse4.2, popcnt, avx, aes, clmul, erms, tsc, tscinvbit, tscinv

/proc/cpuinfo:
processor	: 0
vendor_id	: GenuineIntel
cpu family	: 6
model		: 58
model name	: Intel(R) Core(TM) i5-3210M CPU @ 2.50GHz
stepping	: 9
cpu MHz		: 2494.370
cache size	: 3072 KB
physical id	: 0
siblings	: 4
core id		: 0
cpu cores	: 4
apicid		: 0
initial apicid	: 0
fpu		: yes
fpu_exception	: yes
cpuid level	: 13
wp		: yes
flags		: fpu vme de pse tsc msr pae mce cx8 apic sep mtrr pge mca cmov pat pse36 clflush dts mmx fxsr sse sse2 ss ht syscall nx rdtscp lm constant_tsc arch_perfmon pebs bts xtopology tsc_reliable nonstop_tsc aperfmperf unfair_spinlock pni pclmulqdq ssse3 cx16 pcid sse4_1 sse4_2 x2apic popcnt tsc_deadline_timer aes xsave avx f16c rdrand hypervisor lahf_lm ida arat epb pln pts dts fsgsbase smep
bogomips	: 4988.74
clflush size	: 64
cache_alignment	: 64
address sizes	: 42 bits physical, 48 bits virtual
power management:

processor	: 1
vendor_id	: GenuineIntel
cpu family	: 6
model		: 58
model name	: Intel(R) Core(TM) i5-3210M CPU @ 2.50GHz
stepping	: 9
cpu MHz		: 2494.370
cache size	: 3072 KB
physical id	: 0
siblings	: 4
core id		: 1
cpu cores	: 4
apicid		: 1
initial apicid	: 1
fpu		: yes
fpu_exception	: yes
cpuid level	: 13
wp		: yes
flags		: fpu vme de pse tsc msr pae mce cx8 apic sep mtrr pge mca cmov pat pse36 clflush dts mmx fxsr sse sse2 ss ht syscall nx rdtscp lm constant_tsc arch_perfmon pebs bts xtopology tsc_reliable nonstop_tsc aperfmperf unfair_spinlock pni pclmulqdq ssse3 cx16 pcid sse4_1 sse4_2 x2apic popcnt tsc_deadline_timer aes xsave avx f16c rdrand hypervisor lahf_lm ida arat epb pln pts dts fsgsbase smep
bogomips	: 4988.74
clflush size	: 64
cache_alignment	: 64
address sizes	: 42 bits physical, 48 bits virtual
power management:

processor	: 2
vendor_id	: GenuineIntel
cpu family	: 6
model		: 58
model name	: Intel(R) Core(TM) i5-3210M CPU @ 2.50GHz
stepping	: 9
cpu MHz		: 2494.370
cache size	: 3072 KB
physical id	: 0
siblings	: 4
core id		: 2
cpu cores	: 4
apicid		: 2
initial apicid	: 2
fpu		: yes
fpu_exception	: yes
cpuid level	: 13
wp		: yes
flags		: fpu vme de pse tsc msr pae mce cx8 apic sep mtrr pge mca cmov pat pse36 clflush dts mmx fxsr sse sse2 ss ht syscall nx rdtscp lm constant_tsc arch_perfmon pebs bts xtopology tsc_reliable nonstop_tsc aperfmperf unfair_spinlock pni pclmulqdq ssse3 cx16 pcid sse4_1 sse4_2 x2apic popcnt tsc_deadline_timer aes xsave avx f16c rdrand hypervisor lahf_lm ida arat epb pln pts dts fsgsbase smep
bogomips	: 4988.74
clflush size	: 64
cache_alignment	: 64
address sizes	: 42 bits physical, 48 bits virtual
power management:

processor	: 3
vendor_id	: GenuineIntel
cpu family	: 6
model		: 58
model name	: Intel(R) Core(TM) i5-3210M CPU @ 2.50GHz
stepping	: 9
cpu MHz		: 2494.370
cache size	: 3072 KB
physical id	: 0
siblings	: 4
core id		: 3
cpu cores	: 4
apicid		: 3
initial apicid	: 3
fpu		: yes
fpu_exception	: yes
cpuid level	: 13
wp		: yes
flags		: fpu vme de pse tsc msr pae mce cx8 apic sep mtrr pge mca cmov pat pse36 clflush dts mmx fxsr sse sse2 ss ht syscall nx rdtscp lm constant_tsc arch_perfmon pebs bts xtopology tsc_reliable nonstop_tsc aperfmperf unfair_spinlock pni pclmulqdq ssse3 cx16 pcid sse4_1 sse4_2 x2apic popcnt tsc_deadline_timer aes xsave avx f16c rdrand hypervisor lahf_lm ida arat epb pln pts dts fsgsbase smep
bogomips	: 4988.74
clflush size	: 64
cache_alignment	: 64
address sizes	: 42 bits physical, 48 bits virtual
power management:



Memory: 4k page, physical 1906552k(700348k free), swap 4194296k(4194296k free)

vm_info: Java HotSpot(TM) 64-Bit Server VM (25.152-b16) for linux-amd64 JRE (1.8.0_152-b16), built on Sep 14 2017 02:16:14 by "java_re" with gcc 4.3.0 20080428 (Red Hat 4.3.0-8)

time: Wed Jan 17 18:02:20 2018
elapsed time: 10 seconds (0d 0h 0m 10s)

