#
# A fatal error has been detected by the Java Runtime Environment:
#
#  SIGSEGV (0xb) at pc=0x00007ff94231a1c0, pid=4210, tid=0x00007ff92674a700
#
# JRE version: Java(TM) SE Runtime Environment (8.0_152-b16) (build 1.8.0_152-b16)
# Java VM: Java HotSpot(TM) 64-Bit Server VM (25.152-b16 mixed mode linux-amd64 compressed oops)
# Problematic frame:
# V  [libjvm.so+0x9aa1c0]  PhaseChaitin::Split(unsigned int, ResourceArea*)+0x1200
#
# Failed to write core dump. Core dumps have been disabled. To enable core dumping, try "ulimit -c unlimited" before starting Java again
#
# If you would like to submit a bug report, please visit:
#   http://bugreport.java.com/bugreport/crash.jsp
#

---------------  T H R E A D  ---------------

Current thread (0x00007ff93c0b8800):  JavaThread "C2 CompilerThread0" daemon [_thread_in_native, id=4233, stack(0x00007ff92664a000,0x00007ff92674b000)]

siginfo: si_signo: 11 (SIGSEGV), si_code: 128 (SI_KERNEL), si_addr: 0x0000000000000000

Registers:
RAX=0x00807ff9428cb930, RBX=0x0000000000000001, RCX=0x00007ff926747ed0, RDX=0x00007ff8f415bd80
RSP=0x00007ff926746110, RBP=0x00007ff926746620, RSI=0x00007ff926747ed0, RDI=0x00007ff8f415bd80
R8 =0x00007ff8ec1772f8, R9 =0x0000000000000011, R10=0x0000000000000009, R11=0x0000000000000000
R12=0x000000000000001f, R13=0x00007ff8f539ba90, R14=0x0000000000000063, R15=0x0000000000000009
RIP=0x00007ff94231a1c0, EFLAGS=0x0000000000010293, CSGSFS=0x0000000000000033, ERR=0x0000000000000000
  TRAPNO=0x000000000000000d

Top of Stack: (sp=0x00007ff926746110)
0x00007ff926746110:   00007ff800000009 00007ff8f48fdd10
0x00007ff926746120:   00007ff8ecb05620 0000000000000001
0x00007ff926746130:   00007ff800000009 0000000000000009
0x00007ff926746140:   0101010101010101 0101010101010101
0x00007ff926746150:   0000000000000000 0000000000000000
0x00007ff926746160:   00007ff9267464b0 00007ff926746470
0x00007ff926746170:   00007ff926746490 00007ff926746550
0x00007ff926746180:   00007ff9267464d0 00007ff926746590
0x00007ff926746190:   00007ff9267463dc 00007ff926746570
0x00007ff9267461a0:   00007ff926746530 00007ff926746510
0x00007ff9267461b0:   00007ff9267464f0 00007ff9267467d0
0x00007ff9267461c0:   0000000000007fe8 0000000000000000
0x00007ff9267461d0:   00007ff8f537bbd0 0000000000000000
0x00007ff9267461e0:   00000000000509d8 00007ff926746800
0x00007ff9267461f0:   00007ff926747ed0 0000000000000009
0x00007ff926746200:   0000000000000050 00007ff8ecb05668
0x00007ff926746210:   00007ff8ecb05689 00007ff941c548c5
0x00007ff926746220:   0000000000000130 00007ff9267467d0
0x00007ff926746230:   0000000000007fd8 0000000bf88782a0
0x00007ff926746240:   00007ff93cad1fa0 00007ff93cad1fe0
0x00007ff926746250:   00007ff8ecb04810 00007ff9267467d0
0x00007ff926746260:   00007ff8ec340da0 0000000000000000
0x00007ff926746270:   00007ff8ecb047b0 00000c6700000198
0x00007ff926746280:   00007ff926746200 00007ff941c52b7b
0x00007ff926746290:   00007ff8f414a8c8 0000000100000000
0x00007ff9267462a0:   0000002600000000 0000000000000000
0x00007ff9267462b0:   0000000000000001 00007ff9429218a0
0x00007ff9267462c0:   010100f8f53e9650 000000000000005f
0x00007ff9267462d0:   00007ff800000007 00007ff8f40ef278
0x00007ff9267462e0:   00007ff926746380 00007ff941fab8ac
0x00007ff9267462f0:   0000000000000bf5 00007ff926746310
0x00007ff926746300:   00000000000003d8 00007ff8f408d6f8 

Instructions: (pc=0x00007ff94231a1c0)
0x00007ff94231a1a0:   13 00 00 48 8b 95 a0 fd ff ff 0f b7 42 2c 83 e0
0x00007ff94231a1b0:   7f 83 f8 4a 0f 84 5e 03 00 00 48 8b 02 48 89 d7
0x00007ff94231a1c0:   ff 90 90 00 00 00 8b 9d 7c fc ff ff 48 85 c0 48
0x00007ff94231a1d0:   89 85 88 fc ff ff 89 9d 90 fc ff ff 74 0e 48 89 

Register to memory mapping:

RAX=0x00807ff9428cb930 is an unknown value
RBX=0x0000000000000001 is an unknown value
RCX=0x00007ff926747ed0 is pointing into the stack for thread: 0x00007ff93c0b8800
RDX=0x00007ff8f415bd80 is an unknown value
RSP=0x00007ff926746110 is pointing into the stack for thread: 0x00007ff93c0b8800
RBP=0x00007ff926746620 is pointing into the stack for thread: 0x00007ff93c0b8800
RSI=0x00007ff926747ed0 is pointing into the stack for thread: 0x00007ff93c0b8800
RDI=0x00007ff8f415bd80 is an unknown value
R8 =0x00007ff8ec1772f8 is an unknown value
R9 =0x0000000000000011 is an unknown value
R10=0x0000000000000009 is an unknown value
R11=0x0000000000000000 is an unknown value
R12=0x000000000000001f is an unknown value
R13=0x00007ff8f539ba90 is an unknown value
R14=0x0000000000000063 is an unknown value
R15=0x0000000000000009 is an unknown value


Stack: [0x00007ff92664a000,0x00007ff92674b000],  sp=0x00007ff926746110,  free space=1008k
Native frames: (J=compiled Java code, j=interpreted, Vv=VM code, C=native code)
V  [libjvm.so+0x9aa1c0]  PhaseChaitin::Split(unsigned int, ResourceArea*)+0x1200
V  [libjvm.so+0x4125c4]  PhaseChaitin::Register_Allocate()+0xb44
V  [libjvm.so+0x4a7200]  Compile::Code_Gen()+0x260
V  [libjvm.so+0x4a9a81]  Compile::Compile(ciEnv*, C2Compiler*, ciMethod*, int, bool, bool, bool)+0x14b1
V  [libjvm.so+0x3f5bb5]  C2Compiler::compile_method(ciEnv*, ciMethod*, int)+0x1f5
V  [libjvm.so+0x4b3fda]  CompileBroker::invoke_compiler_on_method(CompileTask*)+0xc9a
V  [libjvm.so+0x4b4f86]  CompileBroker::compiler_thread_loop()+0x5d6
V  [libjvm.so+0xa7da43]  JavaThread::thread_main_inner()+0x103
V  [libjvm.so+0xa7db8c]  JavaThread::run()+0x11c
V  [libjvm.so+0x92d8d8]  java_start(Thread*)+0x108
C  [libpthread.so.0+0x79d1]


Current CompileTask:
C2:   6356 2498   !   4       java.net.URLClassLoader$1::run (63 bytes)


---------------  P R O C E S S  ---------------

Java Threads: ( => current thread )
  0x00007ff93c0d2800 JavaThread "Service Thread" daemon [_thread_blocked, id=4236, stack(0x00007ff926347000,0x00007ff926448000)]
  0x00007ff93c0bd800 JavaThread "C1 CompilerThread2" daemon [_thread_blocked, id=4235, stack(0x00007ff926448000,0x00007ff926549000)]
  0x00007ff93c0bb800 JavaThread "C2 CompilerThread1" daemon [_thread_in_native, id=4234, stack(0x00007ff926549000,0x00007ff92664a000)]
=>0x00007ff93c0b8800 JavaThread "C2 CompilerThread0" daemon [_thread_in_native, id=4233, stack(0x00007ff92664a000,0x00007ff92674b000)]
  0x00007ff93c0b7000 JavaThread "Signal Dispatcher" daemon [_thread_blocked, id=4232, stack(0x00007ff92674b000,0x00007ff92684c000)]
  0x00007ff93c083800 JavaThread "Finalizer" daemon [_thread_blocked, id=4231, stack(0x00007ff92684c000,0x00007ff92694d000)]
  0x00007ff93c07f000 JavaThread "Reference Handler" daemon [_thread_blocked, id=4230, stack(0x00007ff92694d000,0x00007ff926a4e000)]
  0x00007ff93c009800 JavaThread "main" [_thread_in_Java, id=4224, stack(0x00007ff94186f000,0x00007ff941970000)]

Other Threads:
  0x00007ff93c077800 VMThread [stack: 0x00007ff926a4e000,0x00007ff926b4f000] [id=4229]
  0x00007ff93c0d7800 WatcherThread [stack: 0x00007ff926246000,0x00007ff926347000] [id=4237]

VM state:not at safepoint (normal execution)

VM Mutex/Monitor currently owned by a thread: None

Heap:
 PSYoungGen      total 71680K, used 56240K [0x00000000f6500000, 0x00000000fb100000, 0x0000000100000000)
  eden space 65536K, 79% used [0x00000000f6500000,0x00000000f97be7c0,0x00000000fa500000)
  from space 6144K, 69% used [0x00000000fab00000,0x00000000faf2d938,0x00000000fb100000)
  to   space 6144K, 0% used [0x00000000fa500000,0x00000000fa500000,0x00000000fab00000)
 ParOldGen       total 20480K, used 12127K [0x00000000e2e00000, 0x00000000e4200000, 0x00000000f6500000)
  object space 20480K, 59% used [0x00000000e2e00000,0x00000000e39d7c98,0x00000000e4200000)
 Metaspace       used 20547K, capacity 20918K, committed 21120K, reserved 1067008K
  class space    used 2523K, capacity 2675K, committed 2688K, reserved 1048576K

Card table byte_map: [0x00007ff940b53000,0x00007ff940c3d000] byte_map_base: 0x00007ff94043c000

Marking Bits: (ParMarkBitMap*) 0x00007ff94293f1a0
 Begin Bits: [0x00007ff92c170000, 0x00007ff92c8b8000)
 End Bits:   [0x00007ff92c8b8000, 0x00007ff92d000000)

Polling page: 0x00007ff942b93000

CodeCache: size=245760Kb used=8355Kb max_used=8355Kb free=237404Kb
 bounds [0x00007ff92d000000, 0x00007ff92d830000, 0x00007ff93c000000]
 total_blobs=3002 nmethods=2620 adapters=295
 compilation: enabled

Compilation events (10 events):
Event: 6.318 Thread 0x00007ff93c0bd800 2653       2       java.util.ComparableTimSort::mergeAt (356 bytes)
Event: 6.318 Thread 0x00007ff93c0bd800 nmethod 2653 0x00007ff92d826510 code [0x00007ff92d8266e0, 0x00007ff92d826b78]
Event: 6.318 Thread 0x00007ff93c0bd800 2649       2       java.util.ComparableTimSort::pushRun (31 bytes)
Event: 6.319 Thread 0x00007ff93c0bd800 nmethod 2649 0x00007ff92d826fd0 code [0x00007ff92d827140, 0x00007ff92d8272f0]
Event: 6.319 Thread 0x00007ff93c0bd800 2655       2       java.util.ComparableTimSort::ensureCapacity (91 bytes)
Event: 6.319 Thread 0x00007ff93c0bd800 nmethod 2655 0x00007ff92d827450 code [0x00007ff92d8275c0, 0x00007ff92d827810]
Event: 6.320 Thread 0x00007ff93c0bd800 2656       2       java.util.ComparableTimSort::mergeHi (729 bytes)
Event: 6.324 Thread 0x00007ff93c0bd800 nmethod 2656 0x00007ff92d8278d0 code [0x00007ff92d827b80, 0x00007ff92d829318]
Event: 6.336 Thread 0x00007ff93c0bd800 2657 %     3       java.util.ComparableTimSort::mergeLo @ 147 (656 bytes)
Event: 6.339 Thread 0x00007ff93c0bd800 nmethod 2657% 0x00007ff92d82a150 code [0x00007ff92d82a4a0, 0x00007ff92d82c8f8]

GC Heap History (10 events):
Event: 0.943 GC heap before
{Heap before GC invocations=2 (full 0):
 PSYoungGen      total 9216K, used 9216K [0x00000000f6500000, 0x00000000f7700000, 0x0000000100000000)
  eden space 8192K, 100% used [0x00000000f6500000,0x00000000f6d00000,0x00000000f6d00000)
  from space 1024K, 100% used [0x00000000f6d00000,0x00000000f6e00000,0x00000000f6e00000)
  to   space 1024K, 0% used [0x00000000f7600000,0x00000000f7600000,0x00000000f7700000)
 ParOldGen       total 20480K, used 1166K [0x00000000e2e00000, 0x00000000e4200000, 0x00000000f6500000)
  object space 20480K, 5% used [0x00000000e2e00000,0x00000000e2f23bf0,0x00000000e4200000)
 Metaspace       used 7057K, capacity 7196K, committed 7296K, reserved 1056768K
  class space    used 823K, capacity 888K, committed 896K, reserved 1048576K
Event: 0.949 GC heap after
Heap after GC invocations=2 (full 0):
 PSYoungGen      total 17408K, used 1008K [0x00000000f6500000, 0x00000000f7700000, 0x0000000100000000)
  eden space 16384K, 0% used [0x00000000f6500000,0x00000000f6500000,0x00000000f7500000)
  from space 1024K, 98% used [0x00000000f7600000,0x00000000f76fc010,0x00000000f7700000)
  to   space 1024K, 0% used [0x00000000f7500000,0x00000000f7500000,0x00000000f7600000)
 ParOldGen       total 20480K, used 2604K [0x00000000e2e00000, 0x00000000e4200000, 0x00000000f6500000)
  object space 20480K, 12% used [0x00000000e2e00000,0x00000000e308b238,0x00000000e4200000)
 Metaspace       used 7057K, capacity 7196K, committed 7296K, reserved 1056768K
  class space    used 823K, capacity 888K, committed 896K, reserved 1048576K
}
Event: 1.409 GC heap before
{Heap before GC invocations=3 (full 0):
 PSYoungGen      total 17408K, used 17392K [0x00000000f6500000, 0x00000000f7700000, 0x0000000100000000)
  eden space 16384K, 100% used [0x00000000f6500000,0x00000000f7500000,0x00000000f7500000)
  from space 1024K, 98% used [0x00000000f7600000,0x00000000f76fc010,0x00000000f7700000)
  to   space 1024K, 0% used [0x00000000f7500000,0x00000000f7500000,0x00000000f7600000)
 ParOldGen       total 20480K, used 2604K [0x00000000e2e00000, 0x00000000e4200000, 0x00000000f6500000)
  object space 20480K, 12% used [0x00000000e2e00000,0x00000000e308b238,0x00000000e4200000)
 Metaspace       used 8247K, capacity 8348K, committed 8576K, reserved 1056768K
  class space    used 1012K, capacity 1080K, committed 1152K, reserved 1048576K
Event: 1.417 GC heap after
Heap after GC invocations=3 (full 0):
 PSYoungGen      total 17408K, used 1003K [0x00000000f6500000, 0x00000000f8700000, 0x0000000100000000)
  eden space 16384K, 0% used [0x00000000f6500000,0x00000000f6500000,0x00000000f7500000)
  from space 1024K, 98% used [0x00000000f7500000,0x00000000f75faed0,0x00000000f7600000)
  to   space 1024K, 0% used [0x00000000f8600000,0x00000000f8600000,0x00000000f8700000)
 ParOldGen       total 20480K, used 4166K [0x00000000e2e00000, 0x00000000e4200000, 0x00000000f6500000)
  object space 20480K, 20% used [0x00000000e2e00000,0x00000000e3211a78,0x00000000e4200000)
 Metaspace       used 8247K, capacity 8348K, committed 8576K, reserved 1056768K
  class space    used 1012K, capacity 1080K, committed 1152K, reserved 1048576K
}
Event: 1.838 GC heap before
{Heap before GC invocations=4 (full 0):
 PSYoungGen      total 17408K, used 17387K [0x00000000f6500000, 0x00000000f8700000, 0x0000000100000000)
  eden space 16384K, 100% used [0x00000000f6500000,0x00000000f7500000,0x00000000f7500000)
  from space 1024K, 98% used [0x00000000f7500000,0x00000000f75faed0,0x00000000f7600000)
  to   space 1024K, 0% used [0x00000000f8600000,0x00000000f8600000,0x00000000f8700000)
 ParOldGen       total 20480K, used 4166K [0x00000000e2e00000, 0x00000000e4200000, 0x00000000f6500000)
  object space 20480K, 20% used [0x00000000e2e00000,0x00000000e3211a78,0x00000000e4200000)
 Metaspace       used 10091K, capacity 10228K, committed 10240K, reserved 1058816K
  class space    used 1234K, capacity 1277K, committed 1280K, reserved 1048576K
Event: 1.843 GC heap after
Heap after GC invocations=4 (full 0):
 PSYoungGen      total 33792K, used 1019K [0x00000000f6500000, 0x00000000f8700000, 0x0000000100000000)
  eden space 32768K, 0% used [0x00000000f6500000,0x00000000f6500000,0x00000000f8500000)
  from space 1024K, 99% used [0x00000000f8600000,0x00000000f86feec0,0x00000000f8700000)
  to   space 1024K, 0% used [0x00000000f8500000,0x00000000f8500000,0x00000000f8600000)
 ParOldGen       total 20480K, used 6750K [0x00000000e2e00000, 0x00000000e4200000, 0x00000000f6500000)
  object space 20480K, 32% used [0x00000000e2e00000,0x00000000e3497bf8,0x00000000e4200000)
 Metaspace       used 10091K, capacity 10228K, committed 10240K, reserved 1058816K
  class space    used 1234K, capacity 1277K, committed 1280K, reserved 1048576K
}
Event: 3.157 GC heap before
{Heap before GC invocations=5 (full 0):
 PSYoungGen      total 33792K, used 33787K [0x00000000f6500000, 0x00000000f8700000, 0x0000000100000000)
  eden space 32768K, 100% used [0x00000000f6500000,0x00000000f8500000,0x00000000f8500000)
  from space 1024K, 99% used [0x00000000f8600000,0x00000000f86feec0,0x00000000f8700000)
  to   space 1024K, 0% used [0x00000000f8500000,0x00000000f8500000,0x00000000f8600000)
 ParOldGen       total 20480K, used 6750K [0x00000000e2e00000, 0x00000000e4200000, 0x00000000f6500000)
  object space 20480K, 32% used [0x00000000e2e00000,0x00000000e3497bf8,0x00000000e4200000)
 Metaspace       used 14335K, capacity 14538K, committed 14720K, reserved 1062912K
  class space    used 1778K, capacity 1871K, committed 1920K, reserved 1048576K
Event: 3.174 GC heap after
Heap after GC invocations=5 (full 0):
 PSYoungGen      total 33792K, used 992K [0x00000000f6500000, 0x00000000fb100000, 0x0000000100000000)
  eden space 32768K, 0% used [0x00000000f6500000,0x00000000f6500000,0x00000000f8500000)
  from space 1024K, 96% used [0x00000000f8500000,0x00000000f85f8020,0x00000000f8600000)
  to   space 6144K, 0% used [0x00000000fab00000,0x00000000fab00000,0x00000000fb100000)
 ParOldGen       total 20480K, used 12119K [0x00000000e2e00000, 0x00000000e4200000, 0x00000000f6500000)
  object space 20480K, 59% used [0x00000000e2e00000,0x00000000e39d5c98,0x00000000e4200000)
 Metaspace       used 14335K, capacity 14538K, committed 14720K, reserved 1062912K
  class space    used 1778K, capacity 1871K, committed 1920K, reserved 1048576K
}
Event: 4.474 GC heap before
{Heap before GC invocations=6 (full 0):
 PSYoungGen      total 33792K, used 33760K [0x00000000f6500000, 0x00000000fb100000, 0x0000000100000000)
  eden space 32768K, 100% used [0x00000000f6500000,0x00000000f8500000,0x00000000f8500000)
  from space 1024K, 96% used [0x00000000f8500000,0x00000000f85f8020,0x00000000f8600000)
  to   space 6144K, 0% used [0x00000000fab00000,0x00000000fab00000,0x00000000fb100000)
 ParOldGen       total 20480K, used 12119K [0x00000000e2e00000, 0x00000000e4200000, 0x00000000f6500000)
  object space 20480K, 59% used [0x00000000e2e00000,0x00000000e39d5c98,0x00000000e4200000)
 Metaspace       used 15979K, capacity 16306K, committed 16512K, reserved 1062912K
  class space    used 1958K, capacity 2051K, committed 2176K, reserved 1048576K
Event: 4.490 GC heap after
Heap after GC invocations=6 (full 0):
 PSYoungGen      total 71680K, used 4278K [0x00000000f6500000, 0x00000000fb100000, 0x0000000100000000)
  eden space 65536K, 0% used [0x00000000f6500000,0x00000000f6500000,0x00000000fa500000)
  from space 6144K, 69% used [0x00000000fab00000,0x00000000faf2d938,0x00000000fb100000)
  to   space 6144K, 0% used [0x00000000fa500000,0x00000000fa500000,0x00000000fab00000)
 ParOldGen       total 20480K, used 12127K [0x00000000e2e00000, 0x00000000e4200000, 0x00000000f6500000)
  object space 20480K, 59% used [0x00000000e2e00000,0x00000000e39d7c98,0x00000000e4200000)
 Metaspace       used 15979K, capacity 16306K, committed 16512K, reserved 1062912K
  class space    used 1958K, capacity 2051K, committed 2176K, reserved 1048576K
}

Deoptimization events (10 events):
Event: 3.733 Thread 0x00007ff93c009800 Uncommon trap: reason=unstable_if action=reinterpret pc=0x00007ff92d5b1954 method=org.codehaus.plexus.util.xml.pull.MXParser.nextImpl()I @ 972
Event: 3.795 Thread 0x00007ff93c009800 Uncommon trap: reason=unstable_if action=reinterpret pc=0x00007ff92d53556c method=sun.net.www.protocol.jar.Handler.parseURL(Ljava/net/URL;Ljava/lang/String;II)V @ 94
Event: 4.312 Thread 0x00007ff93c009800 Uncommon trap: reason=unstable_if action=reinterpret pc=0x00007ff92d2bd554 method=java.io.Reader.read()I @ 12
Event: 4.321 Thread 0x00007ff93c009800 Uncommon trap: reason=unstable_if action=reinterpret pc=0x00007ff92d2bdee0 method=java.io.Reader.read()I @ 12
Event: 4.907 Thread 0x00007ff93c009800 Uncommon trap: reason=unstable_if action=reinterpret pc=0x00007ff92d5dbd40 method=java.lang.String.trim()Ljava/lang/String; @ 63
Event: 5.291 Thread 0x00007ff93c009800 Uncommon trap: reason=predicate action=maybe_recompile pc=0x00007ff92d7781b8 method=sun.misc.Resource.getBytes()[B @ 53
Event: 5.852 Thread 0x00007ff93c009800 Uncommon trap: reason=class_check action=maybe_recompile pc=0x00007ff92d203c0c method=sun.misc.URLClassPath.getLoader(I)Lsun/misc/URLClassPath$Loader; @ 94
Event: 5.856 Thread 0x00007ff93c009800 Uncommon trap: reason=class_check action=maybe_recompile pc=0x00007ff92d203c0c method=sun.misc.URLClassPath.getLoader(I)Lsun/misc/URLClassPath$Loader; @ 94
Event: 5.918 Thread 0x00007ff93c009800 Uncommon trap: reason=unstable_if action=reinterpret pc=0x00007ff92d2cecf0 method=java.nio.charset.CharsetDecoder.decode(Ljava/nio/ByteBuffer;Ljava/nio/CharBuffer;Z)Ljava/nio/charset/CoderResult; @ 1
Event: 6.002 Thread 0x00007ff93c009800 Uncommon trap: reason=unstable_if action=reinterpret pc=0x00007ff92d6d2794 method=java.lang.CharacterData.of(I)Ljava/lang/CharacterData; @ 4

Classes redefined (0 events):
No events

Internal exceptions (10 events):
Event: 2.972 Thread 0x00007ff93c009800 Exception <a 'java/lang/NullPointerException'> (0x00000000f808f188) thrown at [/HUDSON/workspace/8-2-build-linux-amd64/jdk8u152/9742/hotspot/src/share/vm/interpreter/linkResolver.cpp, line 1185]
Event: 2.972 Thread 0x00007ff93c009800 Exception <a 'java/lang/NullPointerException'> (0x00000000f808f3a0) thrown at [/HUDSON/workspace/8-2-build-linux-amd64/jdk8u152/9742/hotspot/src/share/vm/interpreter/linkResolver.cpp, line 1185]
Event: 2.977 Thread 0x00007ff93c009800 Exception <a 'java/lang/NullPointerException'> (0x00000000f80a3be8) thrown at [/HUDSON/workspace/8-2-build-linux-amd64/jdk8u152/9742/hotspot/src/share/vm/interpreter/linkResolver.cpp, line 1185]
Event: 2.977 Thread 0x00007ff93c009800 Exception <a 'java/lang/NullPointerException'> (0x00000000f80a3e00) thrown at [/HUDSON/workspace/8-2-build-linux-amd64/jdk8u152/9742/hotspot/src/share/vm/interpreter/linkResolver.cpp, line 1185]
Event: 2.977 Thread 0x00007ff93c009800 Exception <a 'java/lang/NullPointerException'> (0x00000000f80a4018) thrown at [/HUDSON/workspace/8-2-build-linux-amd64/jdk8u152/9742/hotspot/src/share/vm/interpreter/linkResolver.cpp, line 1185]
Event: 3.368 Thread 0x00007ff93c009800 Implicit null exception at 0x00007ff92d399af5 to 0x00007ff92d399cd9
Event: 3.711 Thread 0x00007ff93c009800 Implicit null exception at 0x00007ff92d5f8013 to 0x00007ff92d5f895d
Event: 5.288 Thread 0x00007ff93c009800 Exception <a 'java/lang/ClassNotFoundException': com/sun/tools/javac/api/JavacTool> (0x00000000f80f6c20) thrown at [/HUDSON/workspace/8-2-build-linux-amd64/jdk8u152/9742/hotspot/src/share/vm/classfile/systemDictionary.cpp, line 210]
Event: 6.322 Thread 0x00007ff93c009800 Exception <a 'java/io/FileNotFoundException'> (0x00000000f93eb0f0) thrown at [/HUDSON/workspace/8-2-build-linux-amd64/jdk8u152/9742/hotspot/src/share/vm/prims/jni.cpp, line 709]
Event: 6.327 Thread 0x00007ff93c009800 Exception <a 'java/io/FileNotFoundException'> (0x00000000f94202d8) thrown at [/HUDSON/workspace/8-2-build-linux-amd64/jdk8u152/9742/hotspot/src/share/vm/prims/jni.cpp, line 709]

Events (10 events):
Event: 6.261 Thread 0x00007ff93c009800 DEOPT PACKING pc=0x00007ff92d81117a sp=0x00007ff94196c570
Event: 6.261 Thread 0x00007ff93c009800 DEOPT UNPACKING pc=0x00007ff92d047633 sp=0x00007ff94196c3b8 mode 0
Event: 6.261 Thread 0x00007ff93c009800 DEOPT PACKING pc=0x00007ff92d81117a sp=0x00007ff94196c570
Event: 6.261 Thread 0x00007ff93c009800 DEOPT UNPACKING pc=0x00007ff92d047633 sp=0x00007ff94196c3b8 mode 0
Event: 6.262 Thread 0x00007ff93c009800 DEOPT PACKING pc=0x00007ff92d81117a sp=0x00007ff94196c570
Event: 6.262 Thread 0x00007ff93c009800 DEOPT UNPACKING pc=0x00007ff92d047633 sp=0x00007ff94196c3b8 mode 0
Event: 6.303 Thread 0x00007ff93c009800 DEOPT PACKING pc=0x00007ff92d81f4d6 sp=0x00007ff94196c560
Event: 6.303 Thread 0x00007ff93c009800 DEOPT UNPACKING pc=0x00007ff92d047633 sp=0x00007ff94196c2c0 mode 0
Event: 6.322 loading class com/sun/tools/javac/file/JavacFileManager$MissingArchive
Event: 6.322 loading class com/sun/tools/javac/file/JavacFileManager$MissingArchive done


Dynamic libraries:
00400000-00401000 r-xp 00000000 08:02 941553                             /usr/local/jdk1.8.0_152/bin/java
00600000-00601000 rw-p 00000000 08:02 941553                             /usr/local/jdk1.8.0_152/bin/java
013c3000-013e4000 rw-p 00000000 00:00 0                                  [heap]
e2e00000-e4200000 rw-p 00000000 00:00 0 
e4200000-f6500000 ---p 00000000 00:00 0 
f6500000-fb100000 rw-p 00000000 00:00 0 
fb100000-100000000 ---p 00000000 00:00 0 
100000000-1002a0000 rw-p 00000000 00:00 0 
1002a0000-140000000 ---p 00000000 00:00 0 
3cfb200000-3cfb207000 r-xp 00000000 08:02 2228679                        /lib64/librt-2.12.so
3cfb207000-3cfb406000 ---p 00007000 08:02 2228679                        /lib64/librt-2.12.so
3cfb406000-3cfb407000 r--p 00006000 08:02 2228679                        /lib64/librt-2.12.so
3cfb407000-3cfb408000 rw-p 00007000 08:02 2228679                        /lib64/librt-2.12.so
3cfd600000-3cfd602000 r-xp 00000000 08:02 2248198                        /lib64/libutil-2.12.so
3cfd602000-3cfd801000 ---p 00002000 08:02 2248198                        /lib64/libutil-2.12.so
3cfd801000-3cfd802000 r--p 00001000 08:02 2248198                        /lib64/libutil-2.12.so
3cfd802000-3cfd803000 rw-p 00002000 08:02 2248198                        /lib64/libutil-2.12.so
3f50e00000-3f50e20000 r-xp 00000000 08:02 2228637                        /lib64/ld-2.12.so
3f5101f000-3f51020000 r--p 0001f000 08:02 2228637                        /lib64/ld-2.12.so
3f51020000-3f51021000 rw-p 00020000 08:02 2228637                        /lib64/ld-2.12.so
3f51021000-3f51022000 rw-p 00000000 00:00 0 
3f51200000-3f51202000 r-xp 00000000 08:02 2228640                        /lib64/libdl-2.12.so
3f51202000-3f51402000 ---p 00002000 08:02 2228640                        /lib64/libdl-2.12.so
3f51402000-3f51403000 r--p 00002000 08:02 2228640                        /lib64/libdl-2.12.so
3f51403000-3f51404000 rw-p 00003000 08:02 2228640                        /lib64/libdl-2.12.so
3f51600000-3f5178b000 r-xp 00000000 08:02 2228638                        /lib64/libc-2.12.so
3f5178b000-3f5198a000 ---p 0018b000 08:02 2228638                        /lib64/libc-2.12.so
3f5198a000-3f5198e000 r--p 0018a000 08:02 2228638                        /lib64/libc-2.12.so
3f5198e000-3f5198f000 rw-p 0018e000 08:02 2228638                        /lib64/libc-2.12.so
3f5198f000-3f51994000 rw-p 00000000 00:00 0 
3f51a00000-3f51a17000 r-xp 00000000 08:02 2228639                        /lib64/libpthread-2.12.so
3f51a17000-3f51c17000 ---p 00017000 08:02 2228639                        /lib64/libpthread-2.12.so
3f51c17000-3f51c18000 r--p 00017000 08:02 2228639                        /lib64/libpthread-2.12.so
3f51c18000-3f51c19000 rw-p 00018000 08:02 2228639                        /lib64/libpthread-2.12.so
3f51c19000-3f51c1d000 rw-p 00000000 00:00 0 
3f52600000-3f52683000 r-xp 00000000 08:02 2228641                        /lib64/libm-2.12.so
3f52683000-3f52882000 ---p 00083000 08:02 2228641                        /lib64/libm-2.12.so
3f52882000-3f52883000 r--p 00082000 08:02 2228641                        /lib64/libm-2.12.so
3f52883000-3f52884000 rw-p 00083000 08:02 2228641                        /lib64/libm-2.12.so
7ff8e4000000-7ff8e4021000 rw-p 00000000 00:00 0 
7ff8e4021000-7ff8e8000000 ---p 00000000 00:00 0 
7ff8ec000000-7ff8ecb46000 rw-p 00000000 00:00 0 
7ff8ecb46000-7ff8f0000000 ---p 00000000 00:00 0 
7ff8f0000000-7ff8f0021000 rw-p 00000000 00:00 0 
7ff8f0021000-7ff8f4000000 ---p 00000000 00:00 0 
7ff8f4000000-7ff8f576d000 rw-p 00000000 00:00 0 
7ff8f576d000-7ff8f8000000 ---p 00000000 00:00 0 
7ff8f8000000-7ff8f9919000 rw-p 00000000 00:00 0 
7ff8f9919000-7ff8fc000000 ---p 00000000 00:00 0 
7ff8fc000000-7ff8fc021000 rw-p 00000000 00:00 0 
7ff8fc021000-7ff900000000 ---p 00000000 00:00 0 
7ff90216f000-7ff908000000 r--p 00000000 08:02 395394                     /usr/lib/locale/locale-archive
7ff908000000-7ff908021000 rw-p 00000000 00:00 0 
7ff908021000-7ff90c000000 ---p 00000000 00:00 0 
7ff90c000000-7ff90c021000 rw-p 00000000 00:00 0 
7ff90c021000-7ff910000000 ---p 00000000 00:00 0 
7ff910000000-7ff910021000 rw-p 00000000 00:00 0 
7ff910021000-7ff914000000 ---p 00000000 00:00 0 
7ff914000000-7ff9140c1000 rw-p 00000000 00:00 0 
7ff9140c1000-7ff918000000 ---p 00000000 00:00 0 
7ff918000000-7ff918021000 rw-p 00000000 00:00 0 
7ff918021000-7ff91c000000 ---p 00000000 00:00 0 
7ff920000000-7ff920021000 rw-p 00000000 00:00 0 
7ff920021000-7ff924000000 ---p 00000000 00:00 0 
7ff924eea000-7ff9250ea000 rw-p 00000000 00:00 0 
7ff92517b000-7ff92537b000 rw-p 00000000 00:00 0 
7ff92537b000-7ff92537d000 r--s 0000d000 08:02 2249002                    /root/.m2/repository/org/codehaus/plexus/plexus-interpolation/1.13/plexus-interpolation-1.13.jar
7ff92537d000-7ff92537e000 r--s 00001000 08:02 2361143                    /root/.m2/repository/org/sonatype/plexus/plexus-build-api/0.0.4/plexus-build-api-0.0.4.jar
7ff92537e000-7ff925380000 r--s 00009000 08:02 2249000                    /root/.m2/repository/org/apache/maven/shared/maven-filtering/1.1/maven-filtering-1.1.jar
7ff925380000-7ff925384000 r--s 00033000 08:02 2005474                    /root/.m2/repository/org/codehaus/plexus/plexus-utils/2.0.5/plexus-utils-2.0.5.jar
7ff925384000-7ff925387000 r--s 0001b000 08:02 2361150                    /root/.m2/repository/junit/junit/3.8.1/junit-3.8.1.jar
7ff925387000-7ff925389000 r--s 00002000 08:02 2099840                    /root/.m2/repository/org/codehaus/plexus/plexus-interactivity-api/1.0-alpha-4/plexus-interactivity-api-1.0-alpha-4.jar
7ff925389000-7ff92538b000 r--s 00006000 08:02 2361136                    /root/.m2/repository/commons-cli/commons-cli/1.0/commons-cli-1.0.jar
7ff92538b000-7ff92538c000 r--s 00001000 08:02 2361133                    /root/.m2/repository/org/apache/maven/doxia/doxia-sink-api/1.0-alpha-7/doxia-sink-api-1.0-alpha-7.jar
7ff92538c000-7ff92538d000 r--s 00002000 08:02 2361130                    /root/.m2/repository/org/apache/maven/reporting/maven-reporting-api/2.0.6/maven-reporting-api-2.0.6.jar
7ff925507000-7ff92550b000 r--s 00038000 08:02 2362830                    /root/.m2/repository/ch/ethz/ssh2/ganymed-ssh2/1.0/ganymed-ssh2-1.0.jar
7ff92550b000-7ff925585000 r--s 010f8000 08:02 941681                     /usr/local/jdk1.8.0_152/lib/tools.jar
7ff925585000-7ff925588000 r--s 0001b000 08:02 2361650                    /root/.m2/repository/junit/junit/3.8.2/junit-3.8.2.jar
7ff925588000-7ff925596000 r--s 0008f000 08:02 2249050                    /root/.m2/repository/com/google/collections/google-collections/1.0/google-collections-1.0.jar
7ff925596000-7ff925597000 r--s 0000a000 08:02 2361647                    /root/.m2/repository/commons-logging/commons-logging-api/1.1/commons-logging-api-1.1.jar
7ff925597000-7ff92559e000 r--s 00051000 08:02 2361636                    /root/.m2/repository/log4j/log4j/1.2.12/log4j-1.2.12.jar
7ff92559e000-7ff9255a2000 r--s 0001d000 08:02 1860375                    /root/.m2/repository/org/apache/xbean/xbean-reflect/3.4/xbean-reflect-3.4.jar
7ff9255a2000-7ff9255a3000 r--s 00004000 08:02 2361642                    /root/.m2/repository/org/codehaus/plexus/plexus-compiler-javac/2.2/plexus-compiler-javac-2.2.jar
7ff9255a3000-7ff9255a5000 r--s 00000000 08:02 2361641                    /root/.m2/repository/org/codehaus/plexus/plexus-compiler-manager/2.2/plexus-compiler-manager-2.2.jar
7ff9255a5000-7ff9255a7000 r--s 00005000 08:02 2361633                    /root/.m2/repository/org/codehaus/plexus/plexus-compiler-api/2.2/plexus-compiler-api-2.2.jar
7ff9255a7000-7ff9255a9000 r--s 00000000 08:02 2361637                    /root/.m2/repository/org/codehaus/plexus/plexus-component-annotations/1.5.5/plexus-component-annotations-1.5.5.jar
7ff9255a9000-7ff9255ab000 r--s 00002000 08:02 2361635                    /root/.m2/repository/org/apache/maven/shared/maven-shared-incremental/1.1/maven-shared-incremental-1.1.jar
7ff9255ab000-7ff9255ad000 r--s 00006000 08:02 2099684                    /root/.m2/repository/com/google/code/findbugs/jsr305/2.0.1/jsr305-2.0.1.jar
7ff9255ad000-7ff9255b0000 r--s 00023000 08:02 2249048                    /root/.m2/repository/org/apache/maven/shared/maven-shared-utils/0.1/maven-shared-utils-0.1.jar
7ff9255b0000-7ff9255b4000 r--s 00030000 08:02 2005510                    /root/.m2/repository/org/codehaus/plexus/plexus-utils/1.5.1/plexus-utils-1.5.1.jar
7ff9255b4000-7ff9255b6000 r--s 00009000 08:02 2249029                    /root/.m2/repository/org/apache/maven/plugins/maven-compiler-plugin/3.1/maven-compiler-plugin-3.1.jar
7ff9255b6000-7ff9255b8000 r--s 00006000 08:02 2099754                    /root/.m2/repository/org/apache/maven/plugins/maven-resources-plugin/2.6/maven-resources-plugin-2.6.jar
7ff9255b8000-7ff9255bc000 r--s 00034000 08:02 2004410                    /root/.m2/repository/org/codehaus/plexus/plexus-utils/3.0/plexus-utils-3.0.jar
7ff9255bc000-7ff9255be000 r--s 00005000 08:02 1719665                    /root/.m2/repository/org/apache/maven/plugins/maven-clean-plugin/2.5/maven-clean-plugin-2.5.jar
7ff9255be000-7ff9255cf000 r-xp 00000000 08:02 1861618                    /usr/local/jdk1.8.0_152/jre/lib/amd64/libnio.so
7ff9255cf000-7ff9257ce000 ---p 00011000 08:02 1861618                    /usr/local/jdk1.8.0_152/jre/lib/amd64/libnio.so
7ff9257ce000-7ff9257cf000 rw-p 00010000 08:02 1861618                    /usr/local/jdk1.8.0_152/jre/lib/amd64/libnio.so
7ff9257cf000-7ff9257e5000 r-xp 00000000 08:02 1861615                    /usr/local/jdk1.8.0_152/jre/lib/amd64/libnet.so
7ff9257e5000-7ff9259e5000 ---p 00016000 08:02 1861615                    /usr/local/jdk1.8.0_152/jre/lib/amd64/libnet.so
7ff9259e5000-7ff9259e6000 rw-p 00016000 08:02 1861615                    /usr/local/jdk1.8.0_152/jre/lib/amd64/libnet.so
7ff9259e6000-7ff925be6000 rw-p 00000000 00:00 0 
7ff925be6000-7ff925beb000 r--s 0009a000 08:02 1219390                    /usr/local/jdk1.8.0_152/jre/lib/jsse.jar
7ff925beb000-7ff925deb000 rw-p 00000000 00:00 0 
7ff925deb000-7ff925feb000 rw-p 00000000 00:00 0 
7ff925feb000-7ff925fed000 r--s 0000c000 08:02 1581100                    /root/.jenkins/tools/hudson.tasks.Maven_MavenInstallation/M3/lib/wagon-provider-api-2.12.jar
7ff925fed000-7ff925ff1000 r--s 00028000 08:02 1581012                    /root/.jenkins/tools/hudson.tasks.Maven_MavenInstallation/M3/lib/maven-model-builder-3.5.2.jar
7ff925ff1000-7ff925ff3000 r--s 00009000 08:02 1581076                    /root/.jenkins/tools/hudson.tasks.Maven_MavenInstallation/M3/lib/maven-resolver-connector-basic-1.1.0.jar
7ff925ff3000-7ff925ff6000 r-xp 00000000 08:02 1581095                    /root/.jenkins/tools/hudson.tasks.Maven_MavenInstallation/M3/lib/jansi-native/linux64/libjansi.so
7ff925ff6000-7ff9261f5000 ---p 00003000 08:02 1581095                    /root/.jenkins/tools/hudson.tasks.Maven_MavenInstallation/M3/lib/jansi-native/linux64/libjansi.so
7ff9261f5000-7ff9261f6000 rw-p 00002000 08:02 1581095                    /root/.jenkins/tools/hudson.tasks.Maven_MavenInstallation/M3/lib/jansi-native/linux64/libjansi.so
7ff9261f6000-7ff9261f8000 r--s 0000c000 08:02 1581030                    /root/.jenkins/tools/hudson.tasks.Maven_MavenInstallation/M3/lib/commons-cli-1.4.jar
7ff9261f8000-7ff9261f9000 r--s 00002000 08:02 1581069                    /root/.jenkins/tools/hudson.tasks.Maven_MavenInstallation/M3/lib/wagon-file-2.12.jar
7ff9261f9000-7ff9261fb000 r--s 0000f000 08:02 1581061                    /root/.jenkins/tools/hudson.tasks.Maven_MavenInstallation/M3/lib/maven-resolver-provider-3.5.2.jar
7ff9261fb000-7ff9261fc000 r--s 00003000 08:02 1581023                    /root/.jenkins/tools/hudson.tasks.Maven_MavenInstallation/M3/lib/maven-builder-support-3.5.2.jar
7ff9261fc000-7ff926200000 r--s 00020000 08:02 1581047                    /root/.jenkins/tools/hudson.tasks.Maven_MavenInstallation/M3/lib/maven-resolver-api-1.1.0.jar
7ff926200000-7ff926203000 r--s 00011000 08:02 1581094                    /root/.jenkins/tools/hudson.tasks.Maven_MavenInstallation/M3/lib/plexus-interpolation-1.24.jar
7ff926203000-7ff926204000 r--s 00001000 08:02 1581046                    /root/.jenkins/tools/hudson.tasks.Maven_MavenInstallation/M3/lib/jsr250-api-1.0.jar
7ff926204000-7ff926208000 r--s 00023000 08:02 1581035                    /root/.jenkins/tools/hudson.tasks.Maven_MavenInstallation/M3/lib/maven-resolver-util-1.1.0.jar
7ff926208000-7ff926234000 r--s 001e6000 08:02 1581052                    /root/.jenkins/tools/hudson.tasks.Maven_MavenInstallation/M3/lib/wagon-http-2.12-shaded.jar
7ff926234000-7ff926235000 r--s 00005000 08:02 1581106                    /root/.jenkins/tools/hudson.tasks.Maven_MavenInstallation/M3/lib/maven-slf4j-provider-3.5.2.jar
7ff926235000-7ff926237000 r--s 00000000 08:02 1581040                    /root/.jenkins/tools/hudson.tasks.Maven_MavenInstallation/M3/lib/aopalliance-1.0.jar
7ff926237000-7ff926239000 r--s 00002000 08:02 1581018                    /root/.jenkins/tools/hudson.tasks.Maven_MavenInstallation/M3/lib/plexus-cipher-1.7.jar
7ff926239000-7ff92623b000 r--s 0000c000 08:02 1581064                    /root/.jenkins/tools/hudson.tasks.Maven_MavenInstallation/M3/lib/maven-artifact-3.5.2.jar
7ff92623b000-7ff92623e000 r--s 00025000 08:02 1581019                    /root/.jenkins/tools/hudson.tasks.Maven_MavenInstallation/M3/lib/maven-shared-utils-3.1.0.jar
7ff92623e000-7ff926241000 r--s 00008000 08:02 1581057                    /root/.jenkins/tools/hudson.tasks.Maven_MavenInstallation/M3/lib/cdi-api-1.0.jar
7ff926241000-7ff926243000 r--s 00009000 08:02 1581097                    /root/.jenkins/tools/hudson.tasks.Maven_MavenInstallation/M3/lib/maven-settings-builder-3.5.2.jar
7ff926243000-7ff926246000 r--s 0003c000 08:02 1580995                    /root/.jenkins/tools/hudson.tasks.Maven_MavenInstallation/M3/lib/jansi-1.16.jar
7ff926246000-7ff926247000 ---p 00000000 00:00 0 
7ff926247000-7ff926347000 rw-p 00000000 00:00 0 
7ff926347000-7ff92634a000 ---p 00000000 00:00 0 
7ff92634a000-7ff926448000 rw-p 00000000 00:00 0 
7ff926448000-7ff92644b000 ---p 00000000 00:00 0 
7ff92644b000-7ff926549000 rw-p 00000000 00:00 0 
7ff926549000-7ff92654c000 ---p 00000000 00:00 0 
7ff92654c000-7ff92664a000 rw-p 00000000 00:00 0 
7ff92664a000-7ff92664d000 ---p 00000000 00:00 0 
7ff92664d000-7ff92674b000 rw-p 00000000 00:00 0 
7ff92674b000-7ff92674e000 ---p 00000000 00:00 0 
7ff92674e000-7ff92684c000 rw-p 00000000 00:00 0 
7ff92684c000-7ff92684f000 ---p 00000000 00:00 0 
7ff92684f000-7ff92694d000 rw-p 00000000 00:00 0 
7ff92694d000-7ff926950000 ---p 00000000 00:00 0 
7ff926950000-7ff926a4e000 rw-p 00000000 00:00 0 
7ff926a4e000-7ff926a4f000 ---p 00000000 00:00 0 
7ff926a4f000-7ff928000000 rw-p 00000000 00:00 0 
7ff928000000-7ff928021000 rw-p 00000000 00:00 0 
7ff928021000-7ff92c000000 ---p 00000000 00:00 0 
7ff92c000000-7ff92c001000 rw-p 00000000 00:00 0 
7ff92c001000-7ff92c007000 r--s 00041000 08:02 1581070                    /root/.jenkins/tools/hudson.tasks.Maven_MavenInstallation/M3/lib/maven-compat-3.5.2.jar
7ff92c007000-7ff92c00b000 r--s 0003c000 08:02 1580991                    /root/.jenkins/tools/hudson.tasks.Maven_MavenInstallation/M3/lib/plexus-utils-3.1.0.jar
7ff92c00b000-7ff92c011000 r--s 0002d000 08:02 1581080                    /root/.jenkins/tools/hudson.tasks.Maven_MavenInstallation/M3/lib/org.eclipse.sisu.plexus-0.3.3.jar
7ff92c011000-7ff92c012000 r--s 00006000 08:02 1581101                    /root/.jenkins/tools/hudson.tasks.Maven_MavenInstallation/M3/lib/plexus-sec-dispatcher-1.4.jar
7ff92c012000-7ff92c015000 r--s 00026000 08:02 1580994                    /root/.jenkins/tools/hudson.tasks.Maven_MavenInstallation/M3/lib/maven-model-3.5.2.jar
7ff92c015000-7ff92c017000 r--s 0000a000 08:02 1581044                    /root/.jenkins/tools/hudson.tasks.Maven_MavenInstallation/M3/lib/maven-plugin-api-3.5.2.jar
7ff92c017000-7ff92c024000 r--s 0008d000 08:02 1581087                    /root/.jenkins/tools/hudson.tasks.Maven_MavenInstallation/M3/lib/maven-core-3.5.2.jar
7ff92c024000-7ff92c028000 r--s 0002a000 08:02 1581014                    /root/.jenkins/tools/hudson.tasks.Maven_MavenInstallation/M3/lib/maven-resolver-impl-1.1.0.jar
7ff92c028000-7ff92c02f000 r--s 00056000 08:02 1580996                    /root/.jenkins/tools/hudson.tasks.Maven_MavenInstallation/M3/lib/org.eclipse.sisu.inject-0.3.3.jar
7ff92c02f000-7ff92c038000 r--s 0005f000 08:02 1581099                    /root/.jenkins/tools/hudson.tasks.Maven_MavenInstallation/M3/lib/guice-4.0-no_aop.jar
7ff92c038000-7ff92c039000 r--s 00006000 08:02 1581029                    /root/.jenkins/tools/hudson.tasks.Maven_MavenInstallation/M3/lib/maven-repository-metadata-3.5.2.jar
7ff92c039000-7ff92c03b000 r--s 00000000 08:02 1581075                    /root/.jenkins/tools/hudson.tasks.Maven_MavenInstallation/M3/lib/plexus-component-annotations-1.7.1.jar
7ff92c03b000-7ff92c03c000 r--s 00000000 08:02 1581041                    /root/.jenkins/tools/hudson.tasks.Maven_MavenInstallation/M3/lib/javax.inject-1.jar
7ff92c03c000-7ff92c040000 r--s 0002f000 08:02 1581083                    /root/.jenkins/tools/hudson.tasks.Maven_MavenInstallation/M3/lib/commons-io-2.5.jar
7ff92c040000-7ff92c06f000 r--s 00226000 08:02 1581009                    /root/.jenkins/tools/hudson.tasks.Maven_MavenInstallation/M3/lib/guava-20.0.jar
7ff92c06f000-7ff92d000000 rw-p 00000000 00:00 0 
7ff92d000000-7ff92d830000 rwxp 00000000 00:00 0 
7ff92d830000-7ff93c000000 ---p 00000000 00:00 0 
7ff93c000000-7ff93ccb8000 rw-p 00000000 00:00 0 
7ff93ccb8000-7ff940000000 ---p 00000000 00:00 0 
7ff940000000-7ff940008000 r--s 0006e000 08:02 1581045                    /root/.jenkins/tools/hudson.tasks.Maven_MavenInstallation/M3/lib/commons-lang3-3.5.jar
7ff940008000-7ff940009000 r--s 0000a000 08:02 1581049                    /root/.jenkins/tools/hudson.tasks.Maven_MavenInstallation/M3/lib/maven-settings-3.5.2.jar
7ff940009000-7ff94000b000 r--s 00007000 08:02 1581056                    /root/.jenkins/tools/hudson.tasks.Maven_MavenInstallation/M3/lib/maven-resolver-spi-1.1.0.jar
7ff94000b000-7ff94000d000 r--s 00009000 08:02 1581032                    /root/.jenkins/tools/hudson.tasks.Maven_MavenInstallation/M3/lib/slf4j-api-1.7.25.jar
7ff94000d000-7ff94000f000 r--s 00003000 08:02 1581068                    /root/.jenkins/tools/hudson.tasks.Maven_MavenInstallation/M3/lib/jcl-over-slf4j-1.7.25.jar
7ff94000f000-7ff940011000 r--s 0000b000 08:02 1581084                    /root/.jenkins/tools/hudson.tasks.Maven_MavenInstallation/M3/boot/plexus-classworlds-2.5.2.jar
7ff940011000-7ff9400a6000 r--s 01113000 08:02 1347970                    /usr/local/jdk1.8.0_152/jre/lib/ext/jfxrt.jar
7ff9400a6000-7ff9402f7000 rw-p 00000000 00:00 0 
7ff9402f7000-7ff9404d1000 r--s 03d5f000 08:02 1219351                    /usr/local/jdk1.8.0_152/jre/lib/rt.jar
7ff9404d1000-7ff9406b3000 rw-p 00000000 00:00 0 
7ff9406b3000-7ff9406b4000 ---p 00000000 00:00 0 
7ff9406b4000-7ff9407b4000 rw-p 00000000 00:00 0 
7ff9407b4000-7ff9407b5000 ---p 00000000 00:00 0 
7ff9407b5000-7ff9408b5000 rw-p 00000000 00:00 0 
7ff9408b5000-7ff9408b6000 ---p 00000000 00:00 0 
7ff9408b6000-7ff9409b6000 rw-p 00000000 00:00 0 
7ff9409b6000-7ff9409b7000 ---p 00000000 00:00 0 
7ff9409b7000-7ff940ac1000 rw-p 00000000 00:00 0 
7ff940ac1000-7ff940b53000 ---p 00000000 00:00 0 
7ff940b53000-7ff940b5d000 rw-p 00000000 00:00 0 
7ff940b5d000-7ff940bee000 ---p 00000000 00:00 0 
7ff940bee000-7ff940c15000 rw-p 00000000 00:00 0 
7ff940c15000-7ff940c3c000 ---p 00000000 00:00 0 
7ff940c3c000-7ff940c5e000 rw-p 00000000 00:00 0 
7ff940c5e000-7ff940ffd000 ---p 00000000 00:00 0 
7ff940ffd000-7ff941018000 r-xp 00000000 08:02 1861611                    /usr/local/jdk1.8.0_152/jre/lib/amd64/libzip.so
7ff941018000-7ff941218000 ---p 0001b000 08:02 1861611                    /usr/local/jdk1.8.0_152/jre/lib/amd64/libzip.so
7ff941218000-7ff941219000 rw-p 0001b000 08:02 1861611                    /usr/local/jdk1.8.0_152/jre/lib/amd64/libzip.so
7ff941219000-7ff941225000 r-xp 00000000 08:02 2228254                    /lib64/libnss_files-2.12.so
7ff941225000-7ff941425000 ---p 0000c000 08:02 2228254                    /lib64/libnss_files-2.12.so
7ff941425000-7ff941426000 r--p 0000c000 08:02 2228254                    /lib64/libnss_files-2.12.so
7ff941426000-7ff941427000 rw-p 0000d000 08:02 2228254                    /lib64/libnss_files-2.12.so
7ff941427000-7ff94142a000 r--s 00015000 08:02 1581092                    /root/.jenkins/tools/hudson.tasks.Maven_MavenInstallation/M3/lib/maven-embedder-3.5.2.jar
7ff94142a000-7ff941434000 rw-p 00000000 00:00 0 
7ff941434000-7ff94145f000 r-xp 00000000 08:02 1861605                    /usr/local/jdk1.8.0_152/jre/lib/amd64/libjava.so
7ff94145f000-7ff94165e000 ---p 0002b000 08:02 1861605                    /usr/local/jdk1.8.0_152/jre/lib/amd64/libjava.so
7ff94165e000-7ff941660000 rw-p 0002a000 08:02 1861605                    /usr/local/jdk1.8.0_152/jre/lib/amd64/libjava.so
7ff941660000-7ff94166d000 r-xp 00000000 08:02 1861610                    /usr/local/jdk1.8.0_152/jre/lib/amd64/libverify.so
7ff94166d000-7ff94186d000 ---p 0000d000 08:02 1861610                    /usr/local/jdk1.8.0_152/jre/lib/amd64/libverify.so
7ff94186d000-7ff94186f000 rw-p 0000d000 08:02 1861610                    /usr/local/jdk1.8.0_152/jre/lib/amd64/libverify.so
7ff94186f000-7ff941872000 ---p 00000000 00:00 0 
7ff941872000-7ff941970000 rw-p 00000000 00:00 0 
7ff941970000-7ff942648000 r-xp 00000000 08:02 2006142                    /usr/local/jdk1.8.0_152/jre/lib/amd64/server/libjvm.so
7ff942648000-7ff942847000 ---p 00cd8000 08:02 2006142                    /usr/local/jdk1.8.0_152/jre/lib/amd64/server/libjvm.so
7ff942847000-7ff942921000 rw-p 00cd7000 08:02 2006142                    /usr/local/jdk1.8.0_152/jre/lib/amd64/server/libjvm.so
7ff942921000-7ff942970000 rw-p 00000000 00:00 0 
7ff942970000-7ff942986000 r-xp 00000000 08:02 942792                     /usr/local/jdk1.8.0_152/lib/amd64/jli/libjli.so
7ff942986000-7ff942b85000 ---p 00016000 08:02 942792                     /usr/local/jdk1.8.0_152/lib/amd64/jli/libjli.so
7ff942b85000-7ff942b86000 rw-p 00015000 08:02 942792                     /usr/local/jdk1.8.0_152/lib/amd64/jli/libjli.so
7ff942b86000-7ff942b88000 rw-p 00000000 00:00 0 
7ff942b88000-7ff942b8a000 r--s 00006000 08:02 1581105                    /root/.jenkins/tools/hudson.tasks.Maven_MavenInstallation/M3/lib/maven-resolver-transport-wagon-1.1.0.jar
7ff942b8a000-7ff942b92000 rw-s 00000000 08:02 693157                     /tmp/hsperfdata_root/4210
7ff942b92000-7ff942b93000 rw-p 00000000 00:00 0 
7ff942b93000-7ff942b94000 r--p 00000000 00:00 0 
7ff942b94000-7ff942b95000 rw-p 00000000 00:00 0 
7ffffb8d8000-7ffffb8ee000 rw-p 00000000 00:00 0                          [stack]
7ffffb9ff000-7ffffba00000 r-xp 00000000 00:00 0                          [vdso]
ffffffffff600000-ffffffffff601000 r-xp 00000000 00:00 0                  [vsyscall]

VM Arguments:
jvm_args: -Dclassworlds.conf=/root/.jenkins/tools/hudson.tasks.Maven_MavenInstallation/M3/bin/m2.conf -Dmaven.home=/root/.jenkins/tools/hudson.tasks.Maven_MavenInstallation/M3 -Dlibrary.jansi.path=/root/.jenkins/tools/hudson.tasks.Maven_MavenInstallation/M3/lib/jansi-native -Dmaven.multiModuleProjectDirectory=/root/autocheck 
java_command: org.codehaus.plexus.classworlds.launcher.Launcher -Dmaven.test.failure.ignore clean package
java_class_path (initial): /root/.jenkins/tools/hudson.tasks.Maven_MavenInstallation/M3/boot/plexus-classworlds-2.5.2.jar
Launcher Type: SUN_STANDARD

Environment Variables:
JAVA_HOME=/usr/local/jdk1.8.0_152
PATH=/usr/lib64/qt-3.3/bin:/usr/local/sbin:/usr/local/bin:/sbin:/bin:/usr/sbin:/usr/bin:/usr/local/jdk1.8.0_152/bin:/root/.jenkins/tools/hudson.tasks.Maven_MavenInstallation/M3/bin:/usr/local/mysql-5.7.20/bin:/usr/local/libxml2-2.9.5/bin:/usr/local/httpd-2.4.29/bin
LD_LIBRARY_PATH=/usr/local/libxml2-2.9.5/lib:/usr/local/gmp-4.3.2/lib:/usr/local/mpc-0.8.1/lib:/usr/local/mpfr-2.4.2/lib:/usr/local/isl-0.18/lib:/usr/local/boost_1_65_1/lib:/usr/local/gcc-5.5.0/lib64:/usr/local/mysql-5.7.20/lib:/usr/local/apr-1.6.3/lib:/usr/local/apr-util-1.6.1/lib:/usr/local/pcre-8.40/lib
SHELL=/bin/bash

Signal Handlers:
SIGSEGV: [libjvm.so+0xacfec0], sa_mask[0]=11111111011111111101111111111110, sa_flags=SA_RESTART|SA_SIGINFO
SIGBUS: [libjvm.so+0xacfec0], sa_mask[0]=11111111011111111101111111111110, sa_flags=SA_RESTART|SA_SIGINFO
SIGFPE: [libjvm.so+0x927e60], sa_mask[0]=11111111011111111101111111111110, sa_flags=SA_RESTART|SA_SIGINFO
SIGPIPE: [libjvm.so+0x927e60], sa_mask[0]=11111111011111111101111111111110, sa_flags=SA_RESTART|SA_SIGINFO
SIGXFSZ: [libjvm.so+0x927e60], sa_mask[0]=11111111011111111101111111111110, sa_flags=SA_RESTART|SA_SIGINFO
SIGILL: [libjvm.so+0x927e60], sa_mask[0]=11111111011111111101111111111110, sa_flags=SA_RESTART|SA_SIGINFO
SIGUSR1: SIG_DFL, sa_mask[0]=00000000000000000000000000000000, sa_flags=none
SIGUSR2: [libjvm.so+0x9296a0], sa_mask[0]=00100000000000000000000000000000, sa_flags=SA_RESTART|SA_SIGINFO
SIGHUP: SIG_IGN, sa_mask[0]=00000000000000000000000000000000, sa_flags=none
SIGINT: SIG_IGN, sa_mask[0]=00000000000000000000000000000000, sa_flags=none
SIGTERM: [libjvm.so+0x92aaa0], sa_mask[0]=11111111011111111101111111111110, sa_flags=SA_RESTART|SA_SIGINFO
SIGQUIT: [libjvm.so+0x92aaa0], sa_mask[0]=11111111011111111101111111111110, sa_flags=SA_RESTART|SA_SIGINFO


---------------  S Y S T E M  ---------------

OS:Red Hat Enterprise Linux Server release 6.5 (Santiago)

uname:Linux 2.6.32-431.el6.x86_64 #1 SMP Sun Nov 10 22:19:54 EST 2013 x86_64
libc:glibc 2.12 NPTL 2.12 
rlimit: STACK 10240k, CORE 0k, NPROC 14735, NOFILE 4096, AS infinity
load average:0.38 0.24 0.25

/proc/meminfo:
MemTotal:        1906552 kB
MemFree:          712700 kB
Buffers:           37208 kB
Cached:           256692 kB
SwapCached:            0 kB
Active:           949848 kB
Inactive:         142592 kB
Active(anon):     798760 kB
Inactive(anon):      272 kB
Active(file):     151088 kB
Inactive(file):   142320 kB
Unevictable:           0 kB
Mlocked:               0 kB
SwapTotal:       4194296 kB
SwapFree:        4194296 kB
Dirty:               340 kB
Writeback:             0 kB
AnonPages:        782388 kB
Mapped:            46808 kB
Shmem:               496 kB
Slab:              52852 kB
SReclaimable:      23912 kB
SUnreclaim:        28940 kB
KernelStack:        2928 kB
PageTables:         8640 kB
NFS_Unstable:          0 kB
Bounce:                0 kB
WritebackTmp:          0 kB
CommitLimit:     5147572 kB
Committed_AS:    1731588 kB
VmallocTotal:   34359738367 kB
VmallocUsed:      157988 kB
VmallocChunk:   34359574000 kB
HardwareCorrupted:     0 kB
AnonHugePages:    528384 kB
HugePages_Total:       0
HugePages_Free:        0
HugePages_Rsvd:        0
HugePages_Surp:        0
Hugepagesize:       2048 kB
DirectMap4k:       10240 kB
DirectMap2M:     2086912 kB


CPU:total 4 (initial active 4) (4 cores per cpu, 1 threads per core) family 6 model 58 stepping 9, cmov, cx8, fxsr, mmx, sse, sse2, sse3, ssse3, sse4.1, sse4.2, popcnt, avx, aes, clmul, erms, tsc, tscinvbit, tscinv

/proc/cpuinfo:
processor	: 0
vendor_id	: GenuineIntel
cpu family	: 6
model		: 58
model name	: Intel(R) Core(TM) i5-3210M CPU @ 2.50GHz
stepping	: 9
cpu MHz		: 2494.370
cache size	: 3072 KB
physical id	: 0
siblings	: 4
core id		: 0
cpu cores	: 4
apicid		: 0
initial apicid	: 0
fpu		: yes
fpu_exception	: yes
cpuid level	: 13
wp		: yes
flags		: fpu vme de pse tsc msr pae mce cx8 apic sep mtrr pge mca cmov pat pse36 clflush dts mmx fxsr sse sse2 ss ht syscall nx rdtscp lm constant_tsc arch_perfmon pebs bts xtopology tsc_reliable nonstop_tsc aperfmperf unfair_spinlock pni pclmulqdq ssse3 cx16 pcid sse4_1 sse4_2 x2apic popcnt tsc_deadline_timer aes xsave avx f16c rdrand hypervisor lahf_lm ida arat epb pln pts dts fsgsbase smep
bogomips	: 4988.74
clflush size	: 64
cache_alignment	: 64
address sizes	: 42 bits physical, 48 bits virtual
power management:

processor	: 1
vendor_id	: GenuineIntel
cpu family	: 6
model		: 58
model name	: Intel(R) Core(TM) i5-3210M CPU @ 2.50GHz
stepping	: 9
cpu MHz		: 2494.370
cache size	: 3072 KB
physical id	: 0
siblings	: 4
core id		: 1
cpu cores	: 4
apicid		: 1
initial apicid	: 1
fpu		: yes
fpu_exception	: yes
cpuid level	: 13
wp		: yes
flags		: fpu vme de pse tsc msr pae mce cx8 apic sep mtrr pge mca cmov pat pse36 clflush dts mmx fxsr sse sse2 ss ht syscall nx rdtscp lm constant_tsc arch_perfmon pebs bts xtopology tsc_reliable nonstop_tsc aperfmperf unfair_spinlock pni pclmulqdq ssse3 cx16 pcid sse4_1 sse4_2 x2apic popcnt tsc_deadline_timer aes xsave avx f16c rdrand hypervisor lahf_lm ida arat epb pln pts dts fsgsbase smep
bogomips	: 4988.74
clflush size	: 64
cache_alignment	: 64
address sizes	: 42 bits physical, 48 bits virtual
power management:

processor	: 2
vendor_id	: GenuineIntel
cpu family	: 6
model		: 58
model name	: Intel(R) Core(TM) i5-3210M CPU @ 2.50GHz
stepping	: 9
cpu MHz		: 2494.370
cache size	: 3072 KB
physical id	: 0
siblings	: 4
core id		: 2
cpu cores	: 4
apicid		: 2
initial apicid	: 2
fpu		: yes
fpu_exception	: yes
cpuid level	: 13
wp		: yes
flags		: fpu vme de pse tsc msr pae mce cx8 apic sep mtrr pge mca cmov pat pse36 clflush dts mmx fxsr sse sse2 ss ht syscall nx rdtscp lm constant_tsc arch_perfmon pebs bts xtopology tsc_reliable nonstop_tsc aperfmperf unfair_spinlock pni pclmulqdq ssse3 cx16 pcid sse4_1 sse4_2 x2apic popcnt tsc_deadline_timer aes xsave avx f16c rdrand hypervisor lahf_lm ida arat epb pln pts dts fsgsbase smep
bogomips	: 4988.74
clflush size	: 64
cache_alignment	: 64
address sizes	: 42 bits physical, 48 bits virtual
power management:

processor	: 3
vendor_id	: GenuineIntel
cpu family	: 6
model		: 58
model name	: Intel(R) Core(TM) i5-3210M CPU @ 2.50GHz
stepping	: 9
cpu MHz		: 2494.370
cache size	: 3072 KB
physical id	: 0
siblings	: 4
core id		: 3
cpu cores	: 4
apicid		: 3
initial apicid	: 3
fpu		: yes
fpu_exception	: yes
cpuid level	: 13
wp		: yes
flags		: fpu vme de pse tsc msr pae mce cx8 apic sep mtrr pge mca cmov pat pse36 clflush dts mmx fxsr sse sse2 ss ht syscall nx rdtscp lm constant_tsc arch_perfmon pebs bts xtopology tsc_reliable nonstop_tsc aperfmperf unfair_spinlock pni pclmulqdq ssse3 cx16 pcid sse4_1 sse4_2 x2apic popcnt tsc_deadline_timer aes xsave avx f16c rdrand hypervisor lahf_lm ida arat epb pln pts dts fsgsbase smep
bogomips	: 4988.74
clflush size	: 64
cache_alignment	: 64
address sizes	: 42 bits physical, 48 bits virtual
power management:



Memory: 4k page, physical 1906552k(712700k free), swap 4194296k(4194296k free)

vm_info: Java HotSpot(TM) 64-Bit Server VM (25.152-b16) for linux-amd64 JRE (1.8.0_152-b16), built on Sep 14 2017 02:16:14 by "java_re" with gcc 4.3.0 20080428 (Red Hat 4.3.0-8)

time: Wed Jan 17 17:24:56 2018
elapsed time: 6 seconds (0d 0h 0m 6s)

